[0.015s] Invoking command in '/home/minis/ws_moveit2/build/moveit_resources': AMENT_PREFIX_PATH=/home/minis/ws_moveit2/install/moveit_resources_panda_moveit_config:/home/minis/ws_moveit2/install/moveit_resources_fanuc_moveit_config:/home/minis/ws_moveit2/install/moveit_resources_pr2_description:/home/minis/ws_moveit2/install/moveit_resources_panda_description:/home/minis/ws_moveit2/install/moveit_resources_fanuc_description CMAKE_PREFIX_PATH=/home/minis/ws_moveit2/install/moveit_resources_panda_moveit_config:/home/minis/ws_moveit2/install/moveit_resources_fanuc_moveit_config:/home/minis/ws_moveit2/install/moveit_resources_pr2_description:/home/minis/ws_moveit2/install/moveit_resources_panda_description:/home/minis/ws_moveit2/install/moveit_resources_fanuc_description /usr/bin/cmake --build /home/minis/ws_moveit2/build/moveit_resources -- -j16 -l16
[0.044s] Invoked command in '/home/minis/ws_moveit2/build/moveit_resources' returned '0': AMENT_PREFIX_PATH=/home/minis/ws_moveit2/install/moveit_resources_panda_moveit_config:/home/minis/ws_moveit2/install/moveit_resources_fanuc_moveit_config:/home/minis/ws_moveit2/install/moveit_resources_pr2_description:/home/minis/ws_moveit2/install/moveit_resources_panda_description:/home/minis/ws_moveit2/install/moveit_resources_fanuc_description CMAKE_PREFIX_PATH=/home/minis/ws_moveit2/install/moveit_resources_panda_moveit_config:/home/minis/ws_moveit2/install/moveit_resources_fanuc_moveit_config:/home/minis/ws_moveit2/install/moveit_resources_pr2_description:/home/minis/ws_moveit2/install/moveit_resources_panda_description:/home/minis/ws_moveit2/install/moveit_resources_fanuc_description /usr/bin/cmake --build /home/minis/ws_moveit2/build/moveit_resources -- -j16 -l16
[0.051s] Invoking command in '/home/minis/ws_moveit2/build/moveit_resources': AMENT_PREFIX_PATH=/home/minis/ws_moveit2/install/moveit_resources_panda_moveit_config:/home/minis/ws_moveit2/install/moveit_resources_fanuc_moveit_config:/home/minis/ws_moveit2/install/moveit_resources_pr2_description:/home/minis/ws_moveit2/install/moveit_resources_panda_description:/home/minis/ws_moveit2/install/moveit_resources_fanuc_description CMAKE_PREFIX_PATH=/home/minis/ws_moveit2/install/moveit_resources_panda_moveit_config:/home/minis/ws_moveit2/install/moveit_resources_fanuc_moveit_config:/home/minis/ws_moveit2/install/moveit_resources_pr2_description:/home/minis/ws_moveit2/install/moveit_resources_panda_description:/home/minis/ws_moveit2/install/moveit_resources_fanuc_description /usr/bin/cmake --install /home/minis/ws_moveit2/build/moveit_resources
[0.059s] -- Install configuration: "Release"
[0.059s] -- Up-to-date: /home/minis/ws_moveit2/install/moveit_resources/share/ament_index/resource_index/package_run_dependencies/moveit_resources
[0.059s] -- Up-to-date: /home/minis/ws_moveit2/install/moveit_resources/share/ament_index/resource_index/parent_prefix_path/moveit_resources
[0.060s] -- Up-to-date: /home/minis/ws_moveit2/install/moveit_resources/share/moveit_resources/environment/ament_prefix_path.sh
[0.060s] -- Up-to-date: /home/minis/ws_moveit2/install/moveit_resources/share/moveit_resources/environment/ament_prefix_path.dsv
[0.060s] -- Up-to-date: /home/minis/ws_moveit2/install/moveit_resources/share/moveit_resources/environment/path.sh
[0.060s] -- Up-to-date: /home/minis/ws_moveit2/install/moveit_resources/share/moveit_resources/environment/path.dsv
[0.060s] -- Up-to-date: /home/minis/ws_moveit2/install/moveit_resources/share/moveit_resources/local_setup.bash
[0.060s] -- Up-to-date: /home/minis/ws_moveit2/install/moveit_resources/share/moveit_resources/local_setup.sh
[0.061s] -- Up-to-date: /home/minis/ws_moveit2/install/moveit_resources/share/moveit_resources/local_setup.zsh
[0.062s] -- Up-to-date: /home/minis/ws_moveit2/install/moveit_resources/share/moveit_resources/local_setup.dsv
[0.062s] -- Up-to-date: /home/minis/ws_moveit2/install/moveit_resources/share/moveit_resources/package.dsv
[0.063s] -- Up-to-date: /home/minis/ws_moveit2/install/moveit_resources/share/ament_index/resource_index/packages/moveit_resources
[0.063s] -- Up-to-date: /home/minis/ws_moveit2/install/moveit_resources/share/moveit_resources/cmake/moveit_resourcesConfig.cmake
[0.063s] -- Up-to-date: /home/minis/ws_moveit2/install/moveit_resources/share/moveit_resources/cmake/moveit_resourcesConfig-version.cmake
[0.063s] -- Up-to-date: /home/minis/ws_moveit2/install/moveit_resources/share/moveit_resources/package.xml
[0.065s] Invoked command in '/home/minis/ws_moveit2/build/moveit_resources' returned '0': AMENT_PREFIX_PATH=/home/minis/ws_moveit2/install/moveit_resources_panda_moveit_config:/home/minis/ws_moveit2/install/moveit_resources_fanuc_moveit_config:/home/minis/ws_moveit2/install/moveit_resources_pr2_description:/home/minis/ws_moveit2/install/moveit_resources_panda_description:/home/minis/ws_moveit2/install/moveit_resources_fanuc_description CMAKE_PREFIX_PATH=/home/minis/ws_moveit2/install/moveit_resources_panda_moveit_config:/home/minis/ws_moveit2/install/moveit_resources_fanuc_moveit_config:/home/minis/ws_moveit2/install/moveit_resources_pr2_description:/home/minis/ws_moveit2/install/moveit_resources_panda_description:/home/minis/ws_moveit2/install/moveit_resources_fanuc_description /usr/bin/cmake --install /home/minis/ws_moveit2/build/moveit_resources
