[0.014s] Invoking command in '/home/minis/ws_moveit2/build/moveit_core': CMAKE_PREFIX_PATH=/home/minis/ws_moveit2/install/moveit_resources_panda_moveit_config:/home/minis/ws_moveit2/install/srdfdom:/home/minis/ws_moveit2/install/moveit_resources_pr2_description:/home/minis/ws_moveit2/install/moveit_resources_panda_description:/home/minis/ws_moveit2/install/moveit_common:/home/minis/ws_moveit2/install/panda_moveit_config:/home/minis/ws_moveit2/install/pilz_industrial_motion_planner_testutils:/home/minis/ws_moveit2/install/panda_moveit:/home/minis/ws_moveit2/install/moveit_runtime:/home/minis/ws_moveit2/install/moveit2_tutorials:/home/minis/ws_moveit2/install/moveit:/home/minis/ws_moveit2/install/moveit_planners:/home/minis/ws_moveit2/install/pilz_industrial_motion_planner:/home/minis/ws_moveit2/install/moveit_visual_tools:/home/minis/ws_moveit2/install/moveit_task_constructor_visualization:/home/minis/ws_moveit2/install/moveit_task_constructor_demo:/home/minis/ws_moveit2/install/moveit_task_constructor_capabilities:/home/minis/ws_moveit2/install/moveit_task_constructor_core:/home/minis/ws_moveit2/install/moveit_ros_control_interface:/home/minis/ws_moveit2/install/moveit_plugins:/home/minis/ws_moveit2/install/moveit_simple_controller_manager:/home/minis/ws_moveit2/install/moveit_setup_assistant:/home/minis/ws_moveit2/install/moveit_setup_srdf_plugins:/home/minis/ws_moveit2/install/moveit_setup_core_plugins:/home/minis/ws_moveit2/install/moveit_setup_controllers:/home/minis/ws_moveit2/install/moveit_setup_app_plugins:/home/minis/ws_moveit2/install/moveit_setup_framework:/home/minis/ws_moveit2/install/moveit_servo:/home/minis/ws_moveit2/install/moveit_ros:/home/minis/ws_moveit2/install/moveit_ros_visualization:/home/minis/ws_moveit2/install/moveit_py:/home/minis/ws_moveit2/install/moveit_hybrid_planning:/home/minis/ws_moveit2/install/moveit_ros_planning_interface:/home/minis/ws_moveit2/install/moveit_ros_benchmarks:/home/minis/ws_moveit2/install/moveit_ros_warehouse:/home/minis/ws_moveit2/install/moveit_ros_robot_interaction:/home/minis/ws_moveit2/install/moveit_ros_perception:/home/minis/ws_moveit2/install/moveit_resources_prbt_pg70_support:/home/minis/ws_moveit2/install/moveit_resources_prbt_moveit_config:/home/minis/ws_moveit2/install/moveit_ros_move_group:/home/minis/ws_moveit2/install/moveit_planners_ompl:/home/minis/ws_moveit2/install/moveit_ros_planning:/home/minis/ws_moveit2/install/moveit_ros_occupancy_map_monitor:/home/minis/ws_moveit2/install/moveit_resources_prbt_ikfast_manipulator_plugin:/home/minis/ws_moveit2/install/moveit_planners_chomp:/home/minis/ws_moveit2/install/moveit_kinematics:/home/minis/ws_moveit2/install/moveit_chomp_optimizer_adapter:/home/minis/ws_moveit2/install/chomp_motion_planner:/home/minis/ws_moveit2/install/moveit_core:/home/minis/ws_moveit2/install/rviz_marker_tools:/home/minis/ws_moveit2/install/rosparam_shortcuts:/home/minis/ws_moveit2/install/panda_gazebo:/home/minis/ws_moveit2/install/panda_description:/home/minis/ws_moveit2/install/moveit_task_constructor_msgs:/home/minis/ws_moveit2/install/moveit_resources_prbt_support:/home/minis/ws_moveit2/install/moveit_resources:/home/minis/ws_moveit2/install/moveit_resources_fanuc_moveit_config:/home/minis/ws_moveit2/install/moveit_resources_fanuc_description:/home/minis/panda_humble/install/panda_moveit:/home/minis/panda_humble/install/panda_gazebo:/home/minis/panda_humble/install/panda_description:/home/minis/ws_moveit2/install/moveit_configs_utils:/home/minis/ws_moveit2/install/launch_param_builder:/opt/ros/humble LD_LIBRARY_PATH=/home/minis/ws_moveit2/install/srdfdom/lib:/home/minis/ws_moveit2/install/pilz_industrial_motion_planner_testutils/lib:/home/minis/ws_moveit2/install/pilz_industrial_motion_planner/lib:/home/minis/ws_moveit2/install/moveit_visual_tools/lib:/home/minis/ws_moveit2/install/moveit_task_constructor_visualization/lib:/home/minis/ws_moveit2/install/moveit_task_constructor_demo/lib:/home/minis/ws_moveit2/install/moveit_task_constructor_capabilities/lib:/home/minis/ws_moveit2/install/moveit_task_constructor_core/lib:/home/minis/ws_moveit2/install/moveit_ros_control_interface/lib:/home/minis/ws_moveit2/install/moveit_simple_controller_manager/lib:/home/minis/ws_moveit2/install/moveit_setup_assistant/lib:/home/minis/ws_moveit2/install/moveit_setup_srdf_plugins/lib:/home/minis/ws_moveit2/install/moveit_setup_core_plugins/lib:/home/minis/ws_moveit2/install/moveit_setup_controllers/lib:/home/minis/ws_moveit2/install/moveit_setup_app_plugins/lib:/home/minis/ws_moveit2/install/moveit_setup_framework/lib:/home/minis/ws_moveit2/install/moveit_servo/lib:/home/minis/ws_moveit2/install/moveit_ros_visualization/lib:/home/minis/ws_moveit2/install/moveit_py/lib:/home/minis/ws_moveit2/install/moveit_hybrid_planning/lib:/home/minis/ws_moveit2/install/moveit_ros_planning_interface/lib:/home/minis/ws_moveit2/install/moveit_ros_benchmarks/lib:/home/minis/ws_moveit2/install/moveit_ros_warehouse/lib:/home/minis/ws_moveit2/install/moveit_ros_robot_interaction/lib:/home/minis/ws_moveit2/install/moveit_ros_perception/lib:/home/minis/ws_moveit2/install/moveit_ros_move_group/lib:/home/minis/ws_moveit2/install/moveit_planners_ompl/lib:/home/minis/ws_moveit2/install/moveit_ros_planning/lib:/home/minis/ws_moveit2/install/moveit_ros_occupancy_map_monitor/lib:/home/minis/ws_moveit2/install/moveit_resources_prbt_ikfast_manipulator_plugin/lib:/home/minis/ws_moveit2/install/moveit_planners_chomp/lib:/home/minis/ws_moveit2/install/moveit_kinematics/lib:/home/minis/ws_moveit2/install/moveit_chomp_optimizer_adapter/lib:/home/minis/ws_moveit2/install/chomp_motion_planner/lib:/home/minis/ws_moveit2/install/moveit_core/lib:/home/minis/ws_moveit2/install/rviz_marker_tools/lib:/home/minis/ws_moveit2/install/rosparam_shortcuts/lib:/home/minis/ws_moveit2/install/moveit_task_constructor_msgs/lib:/usr/lib/x86_64-linux-gnu/gazebo-11/plugins:/opt/ros/humble/opt/rviz_ogre_vendor/lib:/opt/ros/humble/lib/x86_64-linux-gnu:/opt/ros/humble/lib /usr/bin/cmake /home/minis/ws_moveit2/src/moveit2/moveit_core -DCMAKE_INSTALL_PREFIX=/home/minis/ws_moveit2/install/moveit_core
[0.026s] -- Found moveit_common: 2.5.9 (/home/minis/ws_moveit2/install/moveit_common/share/moveit_common/cmake)
[0.026s] -- Found ament_cmake: 1.3.12 (/opt/ros/humble/share/ament_cmake/cmake)
[0.146s] -- Found angles: 1.15.0 (/opt/ros/humble/share/angles/cmake)
[0.166s] -- Found common_interfaces: 4.9.0 (/opt/ros/humble/share/common_interfaces/cmake)
[0.166s] -- Found eigen_stl_containers: 1.1.0 (/opt/ros/humble/share/eigen_stl_containers/cmake)
[0.167s] -- Found eigen3_cmake_module: 0.1.1 (/opt/ros/humble/share/eigen3_cmake_module/cmake)
[0.169s] -- Found generate_parameter_library: 0.6.0 (/opt/ros/humble/share/generate_parameter_library/cmake)
[0.169s] -- Found parameter_traits: 0.6.0 (/opt/ros/humble/share/parameter_traits/cmake)
[0.183s] -- Found rosidl_generator_c: 3.1.8 (/opt/ros/humble/share/rosidl_generator_c/cmake)
[0.185s] -- Found rosidl_adapter: 3.1.8 (/opt/ros/humble/share/rosidl_adapter/cmake)
[0.188s] -- Found rosidl_generator_cpp: 3.1.8 (/opt/ros/humble/share/rosidl_generator_cpp/cmake)
[0.194s] -- Using all available rosidl_typesupport_c: rosidl_typesupport_fastrtps_c;rosidl_typesupport_introspection_c
[0.202s] -- Using all available rosidl_typesupport_cpp: rosidl_typesupport_fastrtps_cpp;rosidl_typesupport_introspection_cpp
[0.220s] -- Found rmw_implementation_cmake: 6.1.2 (/opt/ros/humble/share/rmw_implementation_cmake/cmake)
[0.222s] -- Found rmw_fastrtps_cpp: 6.2.9 (/opt/ros/humble/share/rmw_fastrtps_cpp/cmake)
[0.321s] -- Using RMW implementation 'rmw_fastrtps_cpp' as default
[0.350s] -- Found rclcpp_lifecycle: 16.0.17 (/opt/ros/humble/share/rclcpp_lifecycle/cmake)
[0.360s] -- Found geometric_shapes: 2.3.2 (/opt/ros/humble/share/geometric_shapes/cmake)
[0.364s] -- Found Boost: /usr/lib/x86_64-linux-gnu/cmake/Boost-1.74.0/BoostConfig.cmake (found version "1.74.0") found components: filesystem 
[0.404s] -- library: /usr/lib/x86_64-linux-gnu/libcurl.so
[0.431s] -- Found kdl_parser: 2.6.4 (/opt/ros/humble/share/kdl_parser/cmake)
[0.433s] -- Ensuring Eigen3 include directory is part of orocos-kdl CMake target
[0.434s] -- Found moveit_msgs: 2.2.1 (/opt/ros/humble/share/moveit_msgs/cmake)
[0.491s] -- Found pluginlib: 5.1.3 (/opt/ros/humble/share/pluginlib/cmake)
[0.506s] -- Found srdfdom: 2.0.8 (/home/minis/ws_moveit2/install/srdfdom/share/srdfdom/cmake)
[0.510s] -- Found tf2_eigen: 0.25.18 (/opt/ros/humble/share/tf2_eigen/cmake)
[0.542s] -- Found tf2_geometry_msgs: 0.25.18 (/opt/ros/humble/share/tf2_geometry_msgs/cmake)
[0.543s] -- Found tf2_kdl: 0.25.18 (/opt/ros/humble/share/tf2_kdl/cmake)
[0.554s] -- Found Boost: /usr/lib/x86_64-linux-gnu/cmake/Boost-1.74.0/BoostConfig.cmake (found version "1.74.0") found components: chrono date_time filesystem iostreams program_options regex serialization system thread 
[0.554s] --  *** Building MoveIt 2.5.9-Alpha ***
[0.565s] -- Found ament_cmake_gtest: 1.3.12 (/opt/ros/humble/share/ament_cmake_gtest/cmake)
[0.566s] -- Found gtest sources under '/opt/ros/humble/src/gtest_vendor': C++ tests using 'Google Test' will be built
[0.581s] -- Found ament_cmake_gmock: 1.3.12 (/opt/ros/humble/share/ament_cmake_gmock/cmake)
[0.582s] -- Found gmock sources under '/opt/ros/humble/src/gmock_vendor': C++ tests using 'Google Mock' will be built
[0.584s] -- Found ament_cmake_gtest: 1.3.12 (/opt/ros/humble/share/ament_cmake_gtest/cmake)
[0.585s] -- Found gtest sources under '/opt/ros/humble/src/gtest_vendor': C++ tests using 'Google Test' will be built
[0.598s] -- Found ament_cmake_gtest: 1.3.12 (/opt/ros/humble/share/ament_cmake_gtest/cmake)
[0.599s] -- Found gtest sources under '/opt/ros/humble/src/gtest_vendor': C++ tests using 'Google Test' will be built
[0.631s] -- Found ament_cmake_gtest: 1.3.12 (/opt/ros/humble/share/ament_cmake_gtest/cmake)
[0.632s] -- Found gtest sources under '/opt/ros/humble/src/gtest_vendor': C++ tests using 'Google Test' will be built
[0.644s] -- Found ament_lint_auto: 0.12.14 (/opt/ros/humble/share/ament_lint_auto/cmake)
[0.644s] -- Found ament_cmake_gtest: 1.3.12 (/opt/ros/humble/share/ament_cmake_gtest/cmake)
[0.645s] -- Found gtest sources under '/opt/ros/humble/src/gtest_vendor': C++ tests using 'Google Test' will be built
[0.668s] -- Found ament_cmake_gtest: 1.3.12 (/opt/ros/humble/share/ament_cmake_gtest/cmake)
[0.669s] -- Found gtest sources under '/opt/ros/humble/src/gtest_vendor': C++ tests using 'Google Test' will be built
[0.687s] -- Found ament_cmake_gtest: 1.3.12 (/opt/ros/humble/share/ament_cmake_gtest/cmake)
[0.687s] -- Found gtest sources under '/opt/ros/humble/src/gtest_vendor': C++ tests using 'Google Test' will be built
[0.700s] -- Found ament_cmake_gtest: 1.3.12 (/opt/ros/humble/share/ament_cmake_gtest/cmake)
[0.700s] -- Found gmock sources under '/opt/ros/humble/src/gmock_vendor': C++ tests using 'Google Mock' will be built
[0.700s] -- Found gtest sources under '/opt/ros/humble/src/gtest_vendor': C++ tests using 'Google Test' will be built
[0.710s] -- Found gtest sources under '/opt/ros/humble/src/gtest_vendor': C++ tests using 'Google Test' will be built
[0.720s] -- Found gtest sources under '/opt/ros/humble/src/gtest_vendor': C++ tests using 'Google Test' will be built
[0.733s] -- Found ament_cmake_gtest: 1.3.12 (/opt/ros/humble/share/ament_cmake_gtest/cmake)
[0.734s] -- Found gtest sources under '/opt/ros/humble/src/gtest_vendor': C++ tests using 'Google Test' will be built
[0.763s] -- Found gtest sources under '/opt/ros/humble/src/gtest_vendor': C++ tests using 'Google Test' will be built
[0.785s] -- Found gtest sources under '/opt/ros/humble/src/gtest_vendor': C++ tests using 'Google Test' will be built
[0.800s] -- Found gtest sources under '/opt/ros/humble/src/gtest_vendor': C++ tests using 'Google Test' will be built
[0.805s] -- Found ament_lint_auto: 0.12.14 (/opt/ros/humble/share/ament_lint_auto/cmake)
[0.826s] -- Added test 'cppcheck' to perform static code analysis on C / C++ code
[0.827s] -- Configured cppcheck include dirs: /home/minis/ws_moveit2/src/moveit2/moveit_core/exceptions/include;/home/minis/ws_moveit2/src/moveit2/moveit_core/collision_detection/include;/home/minis/ws_moveit2/src/moveit2/moveit_core/collision_detection_fcl/include;/home/minis/ws_moveit2/src/moveit2/moveit_core/collision_detection_bullet/include;/home/minis/ws_moveit2/src/moveit2/moveit_core/constraint_samplers/include;/home/minis/ws_moveit2/src/moveit2/moveit_core/controller_manager/include;/home/minis/ws_moveit2/src/moveit2/moveit_core/distance_field/include;/home/minis/ws_moveit2/src/moveit2/moveit_core/collision_distance_field/include;/home/minis/ws_moveit2/src/moveit2/moveit_core/dynamics_solver/include;/home/minis/ws_moveit2/src/moveit2/moveit_core/kinematics_base/include;/home/minis/ws_moveit2/src/moveit2/moveit_core/kinematics_metrics/include;/home/minis/ws_moveit2/src/moveit2/moveit_core/robot_model/include;/home/minis/ws_moveit2/src/moveit2/moveit_core/transforms/include;/home/minis/ws_moveit2/src/moveit2/moveit_core/robot_state/include;/home/minis/ws_moveit2/src/moveit2/moveit_core/robot_trajectory/include;/home/minis/ws_moveit2/src/moveit2/moveit_core/kinematic_constraints/include;/home/minis/ws_moveit2/src/moveit2/moveit_core/macros/include;/home/minis/ws_moveit2/src/moveit2/moveit_core/online_signal_smoothing/include;/home/minis/ws_moveit2/src/moveit2/moveit_core/planning_interface/include;/home/minis/ws_moveit2/src/moveit2/moveit_core/planning_request_adapter/include;/home/minis/ws_moveit2/src/moveit2/moveit_core/planning_scene/include;/home/minis/ws_moveit2/src/moveit2/moveit_core/sensor_manager/include;/home/minis/ws_moveit2/src/moveit2/moveit_core/trajectory_processing/include;/home/minis/ws_moveit2/src/moveit2/moveit_core/utils/include
[0.827s] -- Configured cppcheck exclude dirs and/or files: 
[0.829s] -- Added test 'pep257' to check Python code against some of the docstring style conventions in PEP 257
[0.831s] -- Added test 'xmllint' to check XML markup files
[0.833s] -- Configuring done
[1.271s] -- Generating done
[1.366s] -- Build files have been written to: /home/minis/ws_moveit2/build/moveit_core
[1.396s] Invoked command in '/home/minis/ws_moveit2/build/moveit_core' returned '0': CMAKE_PREFIX_PATH=/home/minis/ws_moveit2/install/moveit_resources_panda_moveit_config:/home/minis/ws_moveit2/install/srdfdom:/home/minis/ws_moveit2/install/moveit_resources_pr2_description:/home/minis/ws_moveit2/install/moveit_resources_panda_description:/home/minis/ws_moveit2/install/moveit_common:/home/minis/ws_moveit2/install/panda_moveit_config:/home/minis/ws_moveit2/install/pilz_industrial_motion_planner_testutils:/home/minis/ws_moveit2/install/panda_moveit:/home/minis/ws_moveit2/install/moveit_runtime:/home/minis/ws_moveit2/install/moveit2_tutorials:/home/minis/ws_moveit2/install/moveit:/home/minis/ws_moveit2/install/moveit_planners:/home/minis/ws_moveit2/install/pilz_industrial_motion_planner:/home/minis/ws_moveit2/install/moveit_visual_tools:/home/minis/ws_moveit2/install/moveit_task_constructor_visualization:/home/minis/ws_moveit2/install/moveit_task_constructor_demo:/home/minis/ws_moveit2/install/moveit_task_constructor_capabilities:/home/minis/ws_moveit2/install/moveit_task_constructor_core:/home/minis/ws_moveit2/install/moveit_ros_control_interface:/home/minis/ws_moveit2/install/moveit_plugins:/home/minis/ws_moveit2/install/moveit_simple_controller_manager:/home/minis/ws_moveit2/install/moveit_setup_assistant:/home/minis/ws_moveit2/install/moveit_setup_srdf_plugins:/home/minis/ws_moveit2/install/moveit_setup_core_plugins:/home/minis/ws_moveit2/install/moveit_setup_controllers:/home/minis/ws_moveit2/install/moveit_setup_app_plugins:/home/minis/ws_moveit2/install/moveit_setup_framework:/home/minis/ws_moveit2/install/moveit_servo:/home/minis/ws_moveit2/install/moveit_ros:/home/minis/ws_moveit2/install/moveit_ros_visualization:/home/minis/ws_moveit2/install/moveit_py:/home/minis/ws_moveit2/install/moveit_hybrid_planning:/home/minis/ws_moveit2/install/moveit_ros_planning_interface:/home/minis/ws_moveit2/install/moveit_ros_benchmarks:/home/minis/ws_moveit2/install/moveit_ros_warehouse:/home/minis/ws_moveit2/install/moveit_ros_robot_interaction:/home/minis/ws_moveit2/install/moveit_ros_perception:/home/minis/ws_moveit2/install/moveit_resources_prbt_pg70_support:/home/minis/ws_moveit2/install/moveit_resources_prbt_moveit_config:/home/minis/ws_moveit2/install/moveit_ros_move_group:/home/minis/ws_moveit2/install/moveit_planners_ompl:/home/minis/ws_moveit2/install/moveit_ros_planning:/home/minis/ws_moveit2/install/moveit_ros_occupancy_map_monitor:/home/minis/ws_moveit2/install/moveit_resources_prbt_ikfast_manipulator_plugin:/home/minis/ws_moveit2/install/moveit_planners_chomp:/home/minis/ws_moveit2/install/moveit_kinematics:/home/minis/ws_moveit2/install/moveit_chomp_optimizer_adapter:/home/minis/ws_moveit2/install/chomp_motion_planner:/home/minis/ws_moveit2/install/moveit_core:/home/minis/ws_moveit2/install/rviz_marker_tools:/home/minis/ws_moveit2/install/rosparam_shortcuts:/home/minis/ws_moveit2/install/panda_gazebo:/home/minis/ws_moveit2/install/panda_description:/home/minis/ws_moveit2/install/moveit_task_constructor_msgs:/home/minis/ws_moveit2/install/moveit_resources_prbt_support:/home/minis/ws_moveit2/install/moveit_resources:/home/minis/ws_moveit2/install/moveit_resources_fanuc_moveit_config:/home/minis/ws_moveit2/install/moveit_resources_fanuc_description:/home/minis/panda_humble/install/panda_moveit:/home/minis/panda_humble/install/panda_gazebo:/home/minis/panda_humble/install/panda_description:/home/minis/ws_moveit2/install/moveit_configs_utils:/home/minis/ws_moveit2/install/launch_param_builder:/opt/ros/humble LD_LIBRARY_PATH=/home/minis/ws_moveit2/install/srdfdom/lib:/home/minis/ws_moveit2/install/pilz_industrial_motion_planner_testutils/lib:/home/minis/ws_moveit2/install/pilz_industrial_motion_planner/lib:/home/minis/ws_moveit2/install/moveit_visual_tools/lib:/home/minis/ws_moveit2/install/moveit_task_constructor_visualization/lib:/home/minis/ws_moveit2/install/moveit_task_constructor_demo/lib:/home/minis/ws_moveit2/install/moveit_task_constructor_capabilities/lib:/home/minis/ws_moveit2/install/moveit_task_constructor_core/lib:/home/minis/ws_moveit2/install/moveit_ros_control_interface/lib:/home/minis/ws_moveit2/install/moveit_simple_controller_manager/lib:/home/minis/ws_moveit2/install/moveit_setup_assistant/lib:/home/minis/ws_moveit2/install/moveit_setup_srdf_plugins/lib:/home/minis/ws_moveit2/install/moveit_setup_core_plugins/lib:/home/minis/ws_moveit2/install/moveit_setup_controllers/lib:/home/minis/ws_moveit2/install/moveit_setup_app_plugins/lib:/home/minis/ws_moveit2/install/moveit_setup_framework/lib:/home/minis/ws_moveit2/install/moveit_servo/lib:/home/minis/ws_moveit2/install/moveit_ros_visualization/lib:/home/minis/ws_moveit2/install/moveit_py/lib:/home/minis/ws_moveit2/install/moveit_hybrid_planning/lib:/home/minis/ws_moveit2/install/moveit_ros_planning_interface/lib:/home/minis/ws_moveit2/install/moveit_ros_benchmarks/lib:/home/minis/ws_moveit2/install/moveit_ros_warehouse/lib:/home/minis/ws_moveit2/install/moveit_ros_robot_interaction/lib:/home/minis/ws_moveit2/install/moveit_ros_perception/lib:/home/minis/ws_moveit2/install/moveit_ros_move_group/lib:/home/minis/ws_moveit2/install/moveit_planners_ompl/lib:/home/minis/ws_moveit2/install/moveit_ros_planning/lib:/home/minis/ws_moveit2/install/moveit_ros_occupancy_map_monitor/lib:/home/minis/ws_moveit2/install/moveit_resources_prbt_ikfast_manipulator_plugin/lib:/home/minis/ws_moveit2/install/moveit_planners_chomp/lib:/home/minis/ws_moveit2/install/moveit_kinematics/lib:/home/minis/ws_moveit2/install/moveit_chomp_optimizer_adapter/lib:/home/minis/ws_moveit2/install/chomp_motion_planner/lib:/home/minis/ws_moveit2/install/moveit_core/lib:/home/minis/ws_moveit2/install/rviz_marker_tools/lib:/home/minis/ws_moveit2/install/rosparam_shortcuts/lib:/home/minis/ws_moveit2/install/moveit_task_constructor_msgs/lib:/usr/lib/x86_64-linux-gnu/gazebo-11/plugins:/opt/ros/humble/opt/rviz_ogre_vendor/lib:/opt/ros/humble/lib/x86_64-linux-gnu:/opt/ros/humble/lib /usr/bin/cmake /home/minis/ws_moveit2/src/moveit2/moveit_core -DCMAKE_INSTALL_PREFIX=/home/minis/ws_moveit2/install/moveit_core
[1.397s] Invoking command in '/home/minis/ws_moveit2/build/moveit_core': CMAKE_PREFIX_PATH=/home/minis/ws_moveit2/install/moveit_resources_panda_moveit_config:/home/minis/ws_moveit2/install/srdfdom:/home/minis/ws_moveit2/install/moveit_resources_pr2_description:/home/minis/ws_moveit2/install/moveit_resources_panda_description:/home/minis/ws_moveit2/install/moveit_common:/home/minis/ws_moveit2/install/panda_moveit_config:/home/minis/ws_moveit2/install/pilz_industrial_motion_planner_testutils:/home/minis/ws_moveit2/install/panda_moveit:/home/minis/ws_moveit2/install/moveit_runtime:/home/minis/ws_moveit2/install/moveit2_tutorials:/home/minis/ws_moveit2/install/moveit:/home/minis/ws_moveit2/install/moveit_planners:/home/minis/ws_moveit2/install/pilz_industrial_motion_planner:/home/minis/ws_moveit2/install/moveit_visual_tools:/home/minis/ws_moveit2/install/moveit_task_constructor_visualization:/home/minis/ws_moveit2/install/moveit_task_constructor_demo:/home/minis/ws_moveit2/install/moveit_task_constructor_capabilities:/home/minis/ws_moveit2/install/moveit_task_constructor_core:/home/minis/ws_moveit2/install/moveit_ros_control_interface:/home/minis/ws_moveit2/install/moveit_plugins:/home/minis/ws_moveit2/install/moveit_simple_controller_manager:/home/minis/ws_moveit2/install/moveit_setup_assistant:/home/minis/ws_moveit2/install/moveit_setup_srdf_plugins:/home/minis/ws_moveit2/install/moveit_setup_core_plugins:/home/minis/ws_moveit2/install/moveit_setup_controllers:/home/minis/ws_moveit2/install/moveit_setup_app_plugins:/home/minis/ws_moveit2/install/moveit_setup_framework:/home/minis/ws_moveit2/install/moveit_servo:/home/minis/ws_moveit2/install/moveit_ros:/home/minis/ws_moveit2/install/moveit_ros_visualization:/home/minis/ws_moveit2/install/moveit_py:/home/minis/ws_moveit2/install/moveit_hybrid_planning:/home/minis/ws_moveit2/install/moveit_ros_planning_interface:/home/minis/ws_moveit2/install/moveit_ros_benchmarks:/home/minis/ws_moveit2/install/moveit_ros_warehouse:/home/minis/ws_moveit2/install/moveit_ros_robot_interaction:/home/minis/ws_moveit2/install/moveit_ros_perception:/home/minis/ws_moveit2/install/moveit_resources_prbt_pg70_support:/home/minis/ws_moveit2/install/moveit_resources_prbt_moveit_config:/home/minis/ws_moveit2/install/moveit_ros_move_group:/home/minis/ws_moveit2/install/moveit_planners_ompl:/home/minis/ws_moveit2/install/moveit_ros_planning:/home/minis/ws_moveit2/install/moveit_ros_occupancy_map_monitor:/home/minis/ws_moveit2/install/moveit_resources_prbt_ikfast_manipulator_plugin:/home/minis/ws_moveit2/install/moveit_planners_chomp:/home/minis/ws_moveit2/install/moveit_kinematics:/home/minis/ws_moveit2/install/moveit_chomp_optimizer_adapter:/home/minis/ws_moveit2/install/chomp_motion_planner:/home/minis/ws_moveit2/install/moveit_core:/home/minis/ws_moveit2/install/rviz_marker_tools:/home/minis/ws_moveit2/install/rosparam_shortcuts:/home/minis/ws_moveit2/install/panda_gazebo:/home/minis/ws_moveit2/install/panda_description:/home/minis/ws_moveit2/install/moveit_task_constructor_msgs:/home/minis/ws_moveit2/install/moveit_resources_prbt_support:/home/minis/ws_moveit2/install/moveit_resources:/home/minis/ws_moveit2/install/moveit_resources_fanuc_moveit_config:/home/minis/ws_moveit2/install/moveit_resources_fanuc_description:/home/minis/panda_humble/install/panda_moveit:/home/minis/panda_humble/install/panda_gazebo:/home/minis/panda_humble/install/panda_description:/home/minis/ws_moveit2/install/moveit_configs_utils:/home/minis/ws_moveit2/install/launch_param_builder:/opt/ros/humble LD_LIBRARY_PATH=/home/minis/ws_moveit2/install/srdfdom/lib:/home/minis/ws_moveit2/install/pilz_industrial_motion_planner_testutils/lib:/home/minis/ws_moveit2/install/pilz_industrial_motion_planner/lib:/home/minis/ws_moveit2/install/moveit_visual_tools/lib:/home/minis/ws_moveit2/install/moveit_task_constructor_visualization/lib:/home/minis/ws_moveit2/install/moveit_task_constructor_demo/lib:/home/minis/ws_moveit2/install/moveit_task_constructor_capabilities/lib:/home/minis/ws_moveit2/install/moveit_task_constructor_core/lib:/home/minis/ws_moveit2/install/moveit_ros_control_interface/lib:/home/minis/ws_moveit2/install/moveit_simple_controller_manager/lib:/home/minis/ws_moveit2/install/moveit_setup_assistant/lib:/home/minis/ws_moveit2/install/moveit_setup_srdf_plugins/lib:/home/minis/ws_moveit2/install/moveit_setup_core_plugins/lib:/home/minis/ws_moveit2/install/moveit_setup_controllers/lib:/home/minis/ws_moveit2/install/moveit_setup_app_plugins/lib:/home/minis/ws_moveit2/install/moveit_setup_framework/lib:/home/minis/ws_moveit2/install/moveit_servo/lib:/home/minis/ws_moveit2/install/moveit_ros_visualization/lib:/home/minis/ws_moveit2/install/moveit_py/lib:/home/minis/ws_moveit2/install/moveit_hybrid_planning/lib:/home/minis/ws_moveit2/install/moveit_ros_planning_interface/lib:/home/minis/ws_moveit2/install/moveit_ros_benchmarks/lib:/home/minis/ws_moveit2/install/moveit_ros_warehouse/lib:/home/minis/ws_moveit2/install/moveit_ros_robot_interaction/lib:/home/minis/ws_moveit2/install/moveit_ros_perception/lib:/home/minis/ws_moveit2/install/moveit_ros_move_group/lib:/home/minis/ws_moveit2/install/moveit_planners_ompl/lib:/home/minis/ws_moveit2/install/moveit_ros_planning/lib:/home/minis/ws_moveit2/install/moveit_ros_occupancy_map_monitor/lib:/home/minis/ws_moveit2/install/moveit_resources_prbt_ikfast_manipulator_plugin/lib:/home/minis/ws_moveit2/install/moveit_planners_chomp/lib:/home/minis/ws_moveit2/install/moveit_kinematics/lib:/home/minis/ws_moveit2/install/moveit_chomp_optimizer_adapter/lib:/home/minis/ws_moveit2/install/chomp_motion_planner/lib:/home/minis/ws_moveit2/install/moveit_core/lib:/home/minis/ws_moveit2/install/rviz_marker_tools/lib:/home/minis/ws_moveit2/install/rosparam_shortcuts/lib:/home/minis/ws_moveit2/install/moveit_task_constructor_msgs/lib:/usr/lib/x86_64-linux-gnu/gazebo-11/plugins:/opt/ros/humble/opt/rviz_ogre_vendor/lib:/opt/ros/humble/lib/x86_64-linux-gnu:/opt/ros/humble/lib /usr/bin/cmake --build /home/minis/ws_moveit2/build/moveit_core -- -j16 -l16
[1.455s] [35m[1mConsolidate compiler generated dependencies of target moveit_version[0m
[1.456s] [35m[1mConsolidate compiler generated dependencies of target gtest_main[0m
[1.456s] [35m[1mConsolidate compiler generated dependencies of target gmock_main[0m
[1.456s] [35m[1mConsolidate compiler generated dependencies of target moveit_kinematics_base[0m
[1.456s] [35m[1mConsolidate compiler generated dependencies of target moveit_smoothing_base[0m
[1.456s] [35m[1mConsolidate compiler generated dependencies of target moveit_exceptions[0m
[1.456s] [35m[1mConsolidate compiler generated dependencies of target gtest[0m
[1.456s] [35m[1mConsolidate compiler generated dependencies of target moveit_utils[0m
[1.456s] [35m[1mConsolidate compiler generated dependencies of target gmock[0m
[1.456s] [35m[1mConsolidate compiler generated dependencies of target moveit_transforms[0m
[1.458s] [35m[1mConsolidate compiler generated dependencies of target moveit_distance_field[0m
[1.467s] [  2%] Built target moveit_butterworth_parameters
[1.471s] [  3%] Built target moveit_version
[1.474s] [  6%] Built target gmock_main
[1.475s] [  6%] Built target gtest_main
[1.475s] [  6%] Built target moveit_exceptions
[1.475s] [ 10%] Built target gtest
[1.475s] [ 10%] Built target moveit_utils
[1.476s] [ 12%] Built target gmock
[1.478s] [ 13%] Built target moveit_smoothing_base
[1.480s] [ 14%] Built target moveit_kinematics_base
[1.484s] [ 15%] Built target moveit_transforms
[1.493s] [ 18%] Built target moveit_distance_field
[1.496s] [35m[1mConsolidate compiler generated dependencies of target test_transforms[0m
[1.496s] [35m[1mConsolidate compiler generated dependencies of target moveit_robot_model[0m
[1.505s] [35m[1mConsolidate compiler generated dependencies of target test_voxel_grid[0m
[1.505s] [35m[1mConsolidate compiler generated dependencies of target test_distance_field[0m
[1.514s] [ 19%] Built target test_transforms
[1.524s] [ 20%] Built target test_voxel_grid
[1.530s] [ 21%] Built target test_distance_field
[1.532s] [ 27%] Built target moveit_robot_model
[1.545s] [35m[1mConsolidate compiler generated dependencies of target moveit_test_utils[0m
[1.545s] [35m[1mConsolidate compiler generated dependencies of target moveit_butterworth_filter[0m
[1.547s] [35m[1mConsolidate compiler generated dependencies of target moveit_robot_state[0m
[1.569s] [ 29%] Built target moveit_butterworth_filter
[1.570s] [ 30%] Built target moveit_test_utils
[1.578s] [ 33%] Built target moveit_robot_state
[1.583s] [35m[1mConsolidate compiler generated dependencies of target test_robot_model[0m
[1.583s] [35m[1mConsolidate compiler generated dependencies of target test_butterworth_filter[0m
[1.592s] [35m[1mConsolidate compiler generated dependencies of target test_robot_state_complex[0m
[1.592s] [35m[1mConsolidate compiler generated dependencies of target moveit_kinematics_metrics[0m
[1.592s] [35m[1mConsolidate compiler generated dependencies of target moveit_robot_trajectory[0m
[1.593s] [35m[1mConsolidate compiler generated dependencies of target test_robot_state[0m
[1.593s] [35m[1mConsolidate compiler generated dependencies of target test_robot_state_benchmark[0m
[1.593s] [35m[1mConsolidate compiler generated dependencies of target moveit_dynamics_solver[0m
[1.595s] [35m[1mConsolidate compiler generated dependencies of target test_aabb[0m
[1.595s] [35m[1mConsolidate compiler generated dependencies of target test_cartesian_interpolator[0m
[1.599s] [35m[1mConsolidate compiler generated dependencies of target moveit_collision_detection[0m
[1.604s] [ 34%] Built target test_robot_model
[1.607s] [ 35%] Built target test_butterworth_filter
[1.615s] [ 37%] Built target moveit_robot_trajectory
[1.615s] [ 38%] Built target test_robot_state_complex
[1.615s] [ 38%] Built target test_robot_state_benchmark
[1.615s] [ 39%] Built target moveit_dynamics_solver
[1.615s] [ 40%] Built target moveit_kinematics_metrics
[1.616s] [ 42%] Built target test_robot_state
[1.617s] [ 43%] Built target test_cartesian_interpolator
[1.617s] [ 44%] Built target test_aabb
[1.628s] [35m[1mConsolidate compiler generated dependencies of target test_robot_trajectory[0m
[1.629s] [35m[1mConsolidate compiler generated dependencies of target moveit_planning_interface[0m
[1.630s] [35m[1mConsolidate compiler generated dependencies of target moveit_trajectory_processing[0m
[1.645s] [ 49%] Built target moveit_collision_detection
[1.648s] [ 50%] Built target test_robot_trajectory
[1.651s] [ 52%] Built target moveit_planning_interface
[1.657s] [35m[1mConsolidate compiler generated dependencies of target test_world_diff[0m
[1.658s] [35m[1mConsolidate compiler generated dependencies of target test_world[0m
[1.658s] [35m[1mConsolidate compiler generated dependencies of target test_all_valid[0m
[1.658s] [ 55%] Built target moveit_trajectory_processing
[1.659s] [35m[1mConsolidate compiler generated dependencies of target moveit_collision_detection_fcl[0m
[1.665s] [35m[1mConsolidate compiler generated dependencies of target moveit_collision_detection_bullet[0m
[1.673s] [35m[1mConsolidate compiler generated dependencies of target test_time_optimal_trajectory_generation[0m
[1.673s] [35m[1mConsolidate compiler generated dependencies of target test_time_parameterization[0m
[1.673s] [35m[1mConsolidate compiler generated dependencies of target test_ruckig_traj_smoothing[0m
[1.675s] [ 57%] Built target test_world
[1.675s] [ 58%] Built target test_world_diff
[1.681s] [ 59%] Built target test_all_valid
[1.687s] [ 61%] Built target moveit_collision_detection_fcl
[1.695s] [ 65%] Built target test_ruckig_traj_smoothing
[1.695s] [ 65%] Built target test_time_parameterization
[1.695s] [ 65%] Built target test_time_optimal_trajectory_generation
[1.699s] [35m[1mConsolidate compiler generated dependencies of target test_fcl_collision_detection[0m
[1.699s] [35m[1mConsolidate compiler generated dependencies of target test_fcl_collision_env[0m
[1.700s] [35m[1mConsolidate compiler generated dependencies of target moveit_kinematic_constraints[0m
[1.700s] [35m[1mConsolidate compiler generated dependencies of target test_fcl_collision_detection_panda[0m
[1.704s] [ 70%] Built target moveit_collision_detection_bullet
[1.718s] [35m[1mConsolidate compiler generated dependencies of target test_bullet_collision_detection[0m
[1.718s] [35m[1mConsolidate compiler generated dependencies of target test_bullet_collision_detection_panda[0m
[1.718s] [35m[1mConsolidate compiler generated dependencies of target test_bullet_continuous_collision_checking[0m
[1.724s] [ 72%] Built target test_fcl_collision_detection
[1.724s] [ 72%] Built target test_fcl_collision_env
[1.724s] [ 74%] Built target test_fcl_collision_detection_panda
[1.728s] [ 76%] Built target moveit_kinematic_constraints
[1.740s] [ 79%] Built target test_bullet_continuous_collision_checking
[1.740s] [ 79%] Built target test_bullet_collision_detection
[1.741s] [ 80%] Built target test_bullet_collision_detection_panda
[1.741s] [35m[1mConsolidate compiler generated dependencies of target test_orientation_constraints[0m
[1.742s] [35m[1mConsolidate compiler generated dependencies of target moveit_planning_scene[0m
[1.742s] [35m[1mConsolidate compiler generated dependencies of target test_constraints[0m
[1.765s] [ 82%] Built target test_constraints
[1.765s] [ 82%] Built target test_orientation_constraints
[1.770s] [ 84%] Built target moveit_planning_scene
[1.783s] [35m[1mConsolidate compiler generated dependencies of target test_multi_threaded[0m
[1.783s] [35m[1mConsolidate compiler generated dependencies of target collision_detector_fcl_plugin[0m
[1.783s] [35m[1mConsolidate compiler generated dependencies of target collision_detector_bullet_plugin[0m
[1.783s] [35m[1mConsolidate compiler generated dependencies of target test_collision_objects[0m
[1.783s] [35m[1mConsolidate compiler generated dependencies of target moveit_planning_request_adapter[0m
[1.784s] [35m[1mConsolidate compiler generated dependencies of target test_planning_scene[0m
[1.786s] [35m[1mConsolidate compiler generated dependencies of target moveit_collision_distance_field[0m
[1.789s] [35m[1mConsolidate compiler generated dependencies of target moveit_constraint_samplers[0m
[1.806s] [ 88%] Built target test_multi_threaded
[1.806s] [ 88%] Built target collision_detector_fcl_plugin
[1.806s] [ 88%] Built target collision_detector_bullet_plugin
[1.806s] [ 88%] Built target test_collision_objects
[1.806s] [ 89%] Built target moveit_planning_request_adapter
[1.814s] [ 90%] Built target test_planning_scene
[1.820s] [ 93%] Built target moveit_collision_distance_field
[1.823s] [ 96%] Built target moveit_constraint_samplers
[1.833s] [35m[1mConsolidate compiler generated dependencies of target test_collision_distance_field[0m
[1.840s] [35m[1mConsolidate compiler generated dependencies of target test_constraint_samplers[0m
[1.859s] [ 97%] Built target test_collision_distance_field
[1.873s] [100%] Built target test_constraint_samplers
[1.886s] Invoked command in '/home/minis/ws_moveit2/build/moveit_core' returned '0': CMAKE_PREFIX_PATH=/home/minis/ws_moveit2/install/moveit_resources_panda_moveit_config:/home/minis/ws_moveit2/install/srdfdom:/home/minis/ws_moveit2/install/moveit_resources_pr2_description:/home/minis/ws_moveit2/install/moveit_resources_panda_description:/home/minis/ws_moveit2/install/moveit_common:/home/minis/ws_moveit2/install/panda_moveit_config:/home/minis/ws_moveit2/install/pilz_industrial_motion_planner_testutils:/home/minis/ws_moveit2/install/panda_moveit:/home/minis/ws_moveit2/install/moveit_runtime:/home/minis/ws_moveit2/install/moveit2_tutorials:/home/minis/ws_moveit2/install/moveit:/home/minis/ws_moveit2/install/moveit_planners:/home/minis/ws_moveit2/install/pilz_industrial_motion_planner:/home/minis/ws_moveit2/install/moveit_visual_tools:/home/minis/ws_moveit2/install/moveit_task_constructor_visualization:/home/minis/ws_moveit2/install/moveit_task_constructor_demo:/home/minis/ws_moveit2/install/moveit_task_constructor_capabilities:/home/minis/ws_moveit2/install/moveit_task_constructor_core:/home/minis/ws_moveit2/install/moveit_ros_control_interface:/home/minis/ws_moveit2/install/moveit_plugins:/home/minis/ws_moveit2/install/moveit_simple_controller_manager:/home/minis/ws_moveit2/install/moveit_setup_assistant:/home/minis/ws_moveit2/install/moveit_setup_srdf_plugins:/home/minis/ws_moveit2/install/moveit_setup_core_plugins:/home/minis/ws_moveit2/install/moveit_setup_controllers:/home/minis/ws_moveit2/install/moveit_setup_app_plugins:/home/minis/ws_moveit2/install/moveit_setup_framework:/home/minis/ws_moveit2/install/moveit_servo:/home/minis/ws_moveit2/install/moveit_ros:/home/minis/ws_moveit2/install/moveit_ros_visualization:/home/minis/ws_moveit2/install/moveit_py:/home/minis/ws_moveit2/install/moveit_hybrid_planning:/home/minis/ws_moveit2/install/moveit_ros_planning_interface:/home/minis/ws_moveit2/install/moveit_ros_benchmarks:/home/minis/ws_moveit2/install/moveit_ros_warehouse:/home/minis/ws_moveit2/install/moveit_ros_robot_interaction:/home/minis/ws_moveit2/install/moveit_ros_perception:/home/minis/ws_moveit2/install/moveit_resources_prbt_pg70_support:/home/minis/ws_moveit2/install/moveit_resources_prbt_moveit_config:/home/minis/ws_moveit2/install/moveit_ros_move_group:/home/minis/ws_moveit2/install/moveit_planners_ompl:/home/minis/ws_moveit2/install/moveit_ros_planning:/home/minis/ws_moveit2/install/moveit_ros_occupancy_map_monitor:/home/minis/ws_moveit2/install/moveit_resources_prbt_ikfast_manipulator_plugin:/home/minis/ws_moveit2/install/moveit_planners_chomp:/home/minis/ws_moveit2/install/moveit_kinematics:/home/minis/ws_moveit2/install/moveit_chomp_optimizer_adapter:/home/minis/ws_moveit2/install/chomp_motion_planner:/home/minis/ws_moveit2/install/moveit_core:/home/minis/ws_moveit2/install/rviz_marker_tools:/home/minis/ws_moveit2/install/rosparam_shortcuts:/home/minis/ws_moveit2/install/panda_gazebo:/home/minis/ws_moveit2/install/panda_description:/home/minis/ws_moveit2/install/moveit_task_constructor_msgs:/home/minis/ws_moveit2/install/moveit_resources_prbt_support:/home/minis/ws_moveit2/install/moveit_resources:/home/minis/ws_moveit2/install/moveit_resources_fanuc_moveit_config:/home/minis/ws_moveit2/install/moveit_resources_fanuc_description:/home/minis/panda_humble/install/panda_moveit:/home/minis/panda_humble/install/panda_gazebo:/home/minis/panda_humble/install/panda_description:/home/minis/ws_moveit2/install/moveit_configs_utils:/home/minis/ws_moveit2/install/launch_param_builder:/opt/ros/humble LD_LIBRARY_PATH=/home/minis/ws_moveit2/install/srdfdom/lib:/home/minis/ws_moveit2/install/pilz_industrial_motion_planner_testutils/lib:/home/minis/ws_moveit2/install/pilz_industrial_motion_planner/lib:/home/minis/ws_moveit2/install/moveit_visual_tools/lib:/home/minis/ws_moveit2/install/moveit_task_constructor_visualization/lib:/home/minis/ws_moveit2/install/moveit_task_constructor_demo/lib:/home/minis/ws_moveit2/install/moveit_task_constructor_capabilities/lib:/home/minis/ws_moveit2/install/moveit_task_constructor_core/lib:/home/minis/ws_moveit2/install/moveit_ros_control_interface/lib:/home/minis/ws_moveit2/install/moveit_simple_controller_manager/lib:/home/minis/ws_moveit2/install/moveit_setup_assistant/lib:/home/minis/ws_moveit2/install/moveit_setup_srdf_plugins/lib:/home/minis/ws_moveit2/install/moveit_setup_core_plugins/lib:/home/minis/ws_moveit2/install/moveit_setup_controllers/lib:/home/minis/ws_moveit2/install/moveit_setup_app_plugins/lib:/home/minis/ws_moveit2/install/moveit_setup_framework/lib:/home/minis/ws_moveit2/install/moveit_servo/lib:/home/minis/ws_moveit2/install/moveit_ros_visualization/lib:/home/minis/ws_moveit2/install/moveit_py/lib:/home/minis/ws_moveit2/install/moveit_hybrid_planning/lib:/home/minis/ws_moveit2/install/moveit_ros_planning_interface/lib:/home/minis/ws_moveit2/install/moveit_ros_benchmarks/lib:/home/minis/ws_moveit2/install/moveit_ros_warehouse/lib:/home/minis/ws_moveit2/install/moveit_ros_robot_interaction/lib:/home/minis/ws_moveit2/install/moveit_ros_perception/lib:/home/minis/ws_moveit2/install/moveit_ros_move_group/lib:/home/minis/ws_moveit2/install/moveit_planners_ompl/lib:/home/minis/ws_moveit2/install/moveit_ros_planning/lib:/home/minis/ws_moveit2/install/moveit_ros_occupancy_map_monitor/lib:/home/minis/ws_moveit2/install/moveit_resources_prbt_ikfast_manipulator_plugin/lib:/home/minis/ws_moveit2/install/moveit_planners_chomp/lib:/home/minis/ws_moveit2/install/moveit_kinematics/lib:/home/minis/ws_moveit2/install/moveit_chomp_optimizer_adapter/lib:/home/minis/ws_moveit2/install/chomp_motion_planner/lib:/home/minis/ws_moveit2/install/moveit_core/lib:/home/minis/ws_moveit2/install/rviz_marker_tools/lib:/home/minis/ws_moveit2/install/rosparam_shortcuts/lib:/home/minis/ws_moveit2/install/moveit_task_constructor_msgs/lib:/usr/lib/x86_64-linux-gnu/gazebo-11/plugins:/opt/ros/humble/opt/rviz_ogre_vendor/lib:/opt/ros/humble/lib/x86_64-linux-gnu:/opt/ros/humble/lib /usr/bin/cmake --build /home/minis/ws_moveit2/build/moveit_core -- -j16 -l16
[1.887s] Invoking command in '/home/minis/ws_moveit2/build/moveit_core': CMAKE_PREFIX_PATH=/home/minis/ws_moveit2/install/moveit_resources_panda_moveit_config:/home/minis/ws_moveit2/install/srdfdom:/home/minis/ws_moveit2/install/moveit_resources_pr2_description:/home/minis/ws_moveit2/install/moveit_resources_panda_description:/home/minis/ws_moveit2/install/moveit_common:/home/minis/ws_moveit2/install/panda_moveit_config:/home/minis/ws_moveit2/install/pilz_industrial_motion_planner_testutils:/home/minis/ws_moveit2/install/panda_moveit:/home/minis/ws_moveit2/install/moveit_runtime:/home/minis/ws_moveit2/install/moveit2_tutorials:/home/minis/ws_moveit2/install/moveit:/home/minis/ws_moveit2/install/moveit_planners:/home/minis/ws_moveit2/install/pilz_industrial_motion_planner:/home/minis/ws_moveit2/install/moveit_visual_tools:/home/minis/ws_moveit2/install/moveit_task_constructor_visualization:/home/minis/ws_moveit2/install/moveit_task_constructor_demo:/home/minis/ws_moveit2/install/moveit_task_constructor_capabilities:/home/minis/ws_moveit2/install/moveit_task_constructor_core:/home/minis/ws_moveit2/install/moveit_ros_control_interface:/home/minis/ws_moveit2/install/moveit_plugins:/home/minis/ws_moveit2/install/moveit_simple_controller_manager:/home/minis/ws_moveit2/install/moveit_setup_assistant:/home/minis/ws_moveit2/install/moveit_setup_srdf_plugins:/home/minis/ws_moveit2/install/moveit_setup_core_plugins:/home/minis/ws_moveit2/install/moveit_setup_controllers:/home/minis/ws_moveit2/install/moveit_setup_app_plugins:/home/minis/ws_moveit2/install/moveit_setup_framework:/home/minis/ws_moveit2/install/moveit_servo:/home/minis/ws_moveit2/install/moveit_ros:/home/minis/ws_moveit2/install/moveit_ros_visualization:/home/minis/ws_moveit2/install/moveit_py:/home/minis/ws_moveit2/install/moveit_hybrid_planning:/home/minis/ws_moveit2/install/moveit_ros_planning_interface:/home/minis/ws_moveit2/install/moveit_ros_benchmarks:/home/minis/ws_moveit2/install/moveit_ros_warehouse:/home/minis/ws_moveit2/install/moveit_ros_robot_interaction:/home/minis/ws_moveit2/install/moveit_ros_perception:/home/minis/ws_moveit2/install/moveit_resources_prbt_pg70_support:/home/minis/ws_moveit2/install/moveit_resources_prbt_moveit_config:/home/minis/ws_moveit2/install/moveit_ros_move_group:/home/minis/ws_moveit2/install/moveit_planners_ompl:/home/minis/ws_moveit2/install/moveit_ros_planning:/home/minis/ws_moveit2/install/moveit_ros_occupancy_map_monitor:/home/minis/ws_moveit2/install/moveit_resources_prbt_ikfast_manipulator_plugin:/home/minis/ws_moveit2/install/moveit_planners_chomp:/home/minis/ws_moveit2/install/moveit_kinematics:/home/minis/ws_moveit2/install/moveit_chomp_optimizer_adapter:/home/minis/ws_moveit2/install/chomp_motion_planner:/home/minis/ws_moveit2/install/moveit_core:/home/minis/ws_moveit2/install/rviz_marker_tools:/home/minis/ws_moveit2/install/rosparam_shortcuts:/home/minis/ws_moveit2/install/panda_gazebo:/home/minis/ws_moveit2/install/panda_description:/home/minis/ws_moveit2/install/moveit_task_constructor_msgs:/home/minis/ws_moveit2/install/moveit_resources_prbt_support:/home/minis/ws_moveit2/install/moveit_resources:/home/minis/ws_moveit2/install/moveit_resources_fanuc_moveit_config:/home/minis/ws_moveit2/install/moveit_resources_fanuc_description:/home/minis/panda_humble/install/panda_moveit:/home/minis/panda_humble/install/panda_gazebo:/home/minis/panda_humble/install/panda_description:/home/minis/ws_moveit2/install/moveit_configs_utils:/home/minis/ws_moveit2/install/launch_param_builder:/opt/ros/humble LD_LIBRARY_PATH=/home/minis/ws_moveit2/install/srdfdom/lib:/home/minis/ws_moveit2/install/pilz_industrial_motion_planner_testutils/lib:/home/minis/ws_moveit2/install/pilz_industrial_motion_planner/lib:/home/minis/ws_moveit2/install/moveit_visual_tools/lib:/home/minis/ws_moveit2/install/moveit_task_constructor_visualization/lib:/home/minis/ws_moveit2/install/moveit_task_constructor_demo/lib:/home/minis/ws_moveit2/install/moveit_task_constructor_capabilities/lib:/home/minis/ws_moveit2/install/moveit_task_constructor_core/lib:/home/minis/ws_moveit2/install/moveit_ros_control_interface/lib:/home/minis/ws_moveit2/install/moveit_simple_controller_manager/lib:/home/minis/ws_moveit2/install/moveit_setup_assistant/lib:/home/minis/ws_moveit2/install/moveit_setup_srdf_plugins/lib:/home/minis/ws_moveit2/install/moveit_setup_core_plugins/lib:/home/minis/ws_moveit2/install/moveit_setup_controllers/lib:/home/minis/ws_moveit2/install/moveit_setup_app_plugins/lib:/home/minis/ws_moveit2/install/moveit_setup_framework/lib:/home/minis/ws_moveit2/install/moveit_servo/lib:/home/minis/ws_moveit2/install/moveit_ros_visualization/lib:/home/minis/ws_moveit2/install/moveit_py/lib:/home/minis/ws_moveit2/install/moveit_hybrid_planning/lib:/home/minis/ws_moveit2/install/moveit_ros_planning_interface/lib:/home/minis/ws_moveit2/install/moveit_ros_benchmarks/lib:/home/minis/ws_moveit2/install/moveit_ros_warehouse/lib:/home/minis/ws_moveit2/install/moveit_ros_robot_interaction/lib:/home/minis/ws_moveit2/install/moveit_ros_perception/lib:/home/minis/ws_moveit2/install/moveit_ros_move_group/lib:/home/minis/ws_moveit2/install/moveit_planners_ompl/lib:/home/minis/ws_moveit2/install/moveit_ros_planning/lib:/home/minis/ws_moveit2/install/moveit_ros_occupancy_map_monitor/lib:/home/minis/ws_moveit2/install/moveit_resources_prbt_ikfast_manipulator_plugin/lib:/home/minis/ws_moveit2/install/moveit_planners_chomp/lib:/home/minis/ws_moveit2/install/moveit_kinematics/lib:/home/minis/ws_moveit2/install/moveit_chomp_optimizer_adapter/lib:/home/minis/ws_moveit2/install/chomp_motion_planner/lib:/home/minis/ws_moveit2/install/moveit_core/lib:/home/minis/ws_moveit2/install/rviz_marker_tools/lib:/home/minis/ws_moveit2/install/rosparam_shortcuts/lib:/home/minis/ws_moveit2/install/moveit_task_constructor_msgs/lib:/usr/lib/x86_64-linux-gnu/gazebo-11/plugins:/opt/ros/humble/opt/rviz_ogre_vendor/lib:/opt/ros/humble/lib/x86_64-linux-gnu:/opt/ros/humble/lib /usr/bin/cmake --install /home/minis/ws_moveit2/build/moveit_core
[1.897s] -- Install configuration: "Release"
[1.897s] -- Up-to-date: /home/minis/ws_moveit2/install/moveit_core/include/moveit/version.h
[1.897s] -- Up-to-date: /home/minis/ws_moveit2/install/moveit_core/include
[1.897s] -- Up-to-date: /home/minis/ws_moveit2/install/moveit_core/include/moveit
[1.897s] -- Up-to-date: /home/minis/ws_moveit2/install/moveit_core/include/moveit/collision_distance_field
[1.897s] -- Up-to-date: /home/minis/ws_moveit2/install/moveit_core/include/moveit/collision_distance_field/collision_common_distance_field.h
[1.897s] -- Up-to-date: /home/minis/ws_moveit2/install/moveit_core/include/moveit/collision_distance_field/collision_distance_field_types.h
[1.897s] -- Up-to-date: /home/minis/ws_moveit2/install/moveit_core/include/moveit/collision_distance_field/collision_env_hybrid.h
[1.897s] -- Up-to-date: /home/minis/ws_moveit2/install/moveit_core/include/moveit/collision_distance_field/collision_detector_allocator_distance_field.h
[1.897s] -- Up-to-date: /home/minis/ws_moveit2/install/moveit_core/include/moveit/collision_distance_field/collision_env_distance_field.h
[1.897s] -- Up-to-date: /home/minis/ws_moveit2/install/moveit_core/include/moveit/collision_distance_field/collision_detector_allocator_hybrid.h
[1.897s] -- Up-to-date: /home/minis/ws_moveit2/install/moveit_core/include/moveit_collision_distance_field_export.h
[1.897s] -- Up-to-date: /home/minis/ws_moveit2/install/moveit_core/include
[1.897s] -- Up-to-date: /home/minis/ws_moveit2/install/moveit_core/include/moveit
[1.898s] -- Up-to-date: /home/minis/ws_moveit2/install/moveit_core/include/moveit/constraint_samplers
[1.898s] -- Up-to-date: /home/minis/ws_moveit2/install/moveit_core/include/moveit/constraint_samplers/constraint_sampler.h
[1.898s] -- Up-to-date: /home/minis/ws_moveit2/install/moveit_core/include/moveit/constraint_samplers/constraint_sampler_tools.h
[1.898s] -- Up-to-date: /home/minis/ws_moveit2/install/moveit_core/include/moveit/constraint_samplers/constraint_sampler_allocator.h
[1.898s] -- Up-to-date: /home/minis/ws_moveit2/install/moveit_core/include/moveit/constraint_samplers/union_constraint_sampler.h
[1.898s] -- Up-to-date: /home/minis/ws_moveit2/install/moveit_core/include/moveit/constraint_samplers/constraint_sampler_manager.h
[1.898s] -- Up-to-date: /home/minis/ws_moveit2/install/moveit_core/include/moveit/constraint_samplers/default_constraint_samplers.h
[1.898s] -- Up-to-date: /home/minis/ws_moveit2/install/moveit_core/include
[1.898s] -- Up-to-date: /home/minis/ws_moveit2/install/moveit_core/include/moveit
[1.898s] -- Up-to-date: /home/minis/ws_moveit2/install/moveit_core/include/moveit/controller_manager
[1.898s] -- Up-to-date: /home/minis/ws_moveit2/install/moveit_core/include/moveit/controller_manager/controller_manager.h
[1.898s] -- Up-to-date: /home/minis/ws_moveit2/install/moveit_core/include
[1.898s] -- Up-to-date: /home/minis/ws_moveit2/install/moveit_core/include/moveit
[1.898s] -- Up-to-date: /home/minis/ws_moveit2/install/moveit_core/include/moveit/distance_field
[1.898s] -- Up-to-date: /home/minis/ws_moveit2/install/moveit_core/include/moveit/distance_field/find_internal_points.h
[1.898s] -- Up-to-date: /home/minis/ws_moveit2/install/moveit_core/include/moveit/distance_field/propagation_distance_field.h
[1.898s] -- Up-to-date: /home/minis/ws_moveit2/install/moveit_core/include/moveit/distance_field/voxel_grid.h
[1.898s] -- Up-to-date: /home/minis/ws_moveit2/install/moveit_core/include/moveit/distance_field/distance_field.h
[1.898s] -- Up-to-date: /home/minis/ws_moveit2/install/moveit_core/include
[1.899s] -- Up-to-date: /home/minis/ws_moveit2/install/moveit_core/include/moveit
[1.899s] -- Up-to-date: /home/minis/ws_moveit2/install/moveit_core/include/moveit/dynamics_solver
[1.899s] -- Up-to-date: /home/minis/ws_moveit2/install/moveit_core/include/moveit/dynamics_solver/dynamics_solver.h
[1.899s] -- Up-to-date: /home/minis/ws_moveit2/install/moveit_core/include
[1.899s] -- Up-to-date: /home/minis/ws_moveit2/install/moveit_core/include/moveit
[1.899s] -- Up-to-date: /home/minis/ws_moveit2/install/moveit_core/include/moveit/exceptions
[1.899s] -- Up-to-date: /home/minis/ws_moveit2/install/moveit_core/include/moveit/exceptions/exceptions.h
[1.899s] -- Up-to-date: /home/minis/ws_moveit2/install/moveit_core/include
[1.899s] -- Up-to-date: /home/minis/ws_moveit2/install/moveit_core/include/moveit
[1.899s] -- Up-to-date: /home/minis/ws_moveit2/install/moveit_core/include/moveit/kinematics_base
[1.899s] -- Up-to-date: /home/minis/ws_moveit2/install/moveit_core/include/moveit/kinematics_base/kinematics_base.h
[1.899s] -- Up-to-date: /home/minis/ws_moveit2/install/moveit_core/include/moveit_kinematics_base_export.h
[1.899s] -- Up-to-date: /home/minis/ws_moveit2/install/moveit_core/include
[1.899s] -- Up-to-date: /home/minis/ws_moveit2/install/moveit_core/include/moveit
[1.899s] -- Up-to-date: /home/minis/ws_moveit2/install/moveit_core/include/moveit/kinematic_constraints
[1.899s] -- Up-to-date: /home/minis/ws_moveit2/install/moveit_core/include/moveit/kinematic_constraints/utils.h
[1.899s] -- Up-to-date: /home/minis/ws_moveit2/install/moveit_core/include/moveit/kinematic_constraints/kinematic_constraint.h
[1.899s] -- Up-to-date: /home/minis/ws_moveit2/install/moveit_core/include
[1.899s] -- Up-to-date: /home/minis/ws_moveit2/install/moveit_core/include/moveit
[1.899s] -- Up-to-date: /home/minis/ws_moveit2/install/moveit_core/include/moveit/kinematics_metrics
[1.899s] -- Up-to-date: /home/minis/ws_moveit2/install/moveit_core/include/moveit/kinematics_metrics/kinematics_metrics.h
[1.899s] -- Up-to-date: /home/minis/ws_moveit2/install/moveit_core/include
[1.899s] -- Up-to-date: /home/minis/ws_moveit2/install/moveit_core/include/moveit
[1.899s] -- Up-to-date: /home/minis/ws_moveit2/install/moveit_core/include/moveit/macros
[1.899s] -- Up-to-date: /home/minis/ws_moveit2/install/moveit_core/include/moveit/macros/console_colors.h
[1.899s] -- Up-to-date: /home/minis/ws_moveit2/install/moveit_core/include/moveit/macros/class_forward.h
[1.899s] -- Up-to-date: /home/minis/ws_moveit2/install/moveit_core/include/moveit/macros/declare_ptr.h
[1.899s] -- Up-to-date: /home/minis/ws_moveit2/install/moveit_core/include/moveit/macros/deprecation.h
[1.899s] -- Up-to-date: /home/minis/ws_moveit2/install/moveit_core/include/moveit_core
[1.899s] -- Up-to-date: /home/minis/ws_moveit2/install/moveit_core/include/moveit_core/moveit_butterworth_parameters.hpp
[1.899s] -- Up-to-date: /home/minis/ws_moveit2/install/moveit_core/include
[1.899s] -- Up-to-date: /home/minis/ws_moveit2/install/moveit_core/include/moveit
[1.900s] -- Up-to-date: /home/minis/ws_moveit2/install/moveit_core/include/moveit/online_signal_smoothing
[1.900s] -- Up-to-date: /home/minis/ws_moveit2/install/moveit_core/include/moveit/online_signal_smoothing/butterworth_filter.h
[1.900s] -- Up-to-date: /home/minis/ws_moveit2/install/moveit_core/include/moveit/online_signal_smoothing/smoothing_base_class.h
[1.900s] -- Up-to-date: /home/minis/ws_moveit2/install/moveit_core/include/moveit_smoothing_base_export.h
[1.900s] -- Up-to-date: /home/minis/ws_moveit2/install/moveit_core/include/moveit_butterworth_filter_export.h
[1.900s] -- Up-to-date: /home/minis/ws_moveit2/install/moveit_core/include
[1.900s] -- Up-to-date: /home/minis/ws_moveit2/install/moveit_core/include/moveit
[1.900s] -- Up-to-date: /home/minis/ws_moveit2/install/moveit_core/include/moveit/planning_interface
[1.900s] -- Up-to-date: /home/minis/ws_moveit2/install/moveit_core/include/moveit/planning_interface/planning_request.h
[1.900s] -- Up-to-date: /home/minis/ws_moveit2/install/moveit_core/include/moveit/planning_interface/planning_interface.h
[1.900s] -- Up-to-date: /home/minis/ws_moveit2/install/moveit_core/include/moveit/planning_interface/planning_response.h
[1.900s] -- Up-to-date: /home/minis/ws_moveit2/install/moveit_core/include
[1.900s] -- Up-to-date: /home/minis/ws_moveit2/install/moveit_core/include/moveit
[1.900s] -- Up-to-date: /home/minis/ws_moveit2/install/moveit_core/include/moveit/planning_request_adapter
[1.900s] -- Up-to-date: /home/minis/ws_moveit2/install/moveit_core/include/moveit/planning_request_adapter/planning_request_adapter.h
[1.900s] -- Up-to-date: /home/minis/ws_moveit2/install/moveit_core/include
[1.900s] -- Up-to-date: /home/minis/ws_moveit2/install/moveit_core/include/moveit
[1.900s] -- Up-to-date: /home/minis/ws_moveit2/install/moveit_core/include/moveit/planning_scene
[1.900s] -- Up-to-date: /home/minis/ws_moveit2/install/moveit_core/include/moveit/planning_scene/planning_scene.h
[1.900s] -- Up-to-date: /home/minis/ws_moveit2/install/moveit_core/include/moveit_planning_scene_export.h
[1.900s] -- Up-to-date: /home/minis/ws_moveit2/install/moveit_core/include
[1.900s] -- Up-to-date: /home/minis/ws_moveit2/install/moveit_core/include/moveit
[1.900s] -- Up-to-date: /home/minis/ws_moveit2/install/moveit_core/include/moveit/robot_model
[1.900s] -- Up-to-date: /home/minis/ws_moveit2/install/moveit_core/include/moveit/robot_model/joint_model_group.h
[1.900s] -- Up-to-date: /home/minis/ws_moveit2/install/moveit_core/include/moveit/robot_model/floating_joint_model.h
[1.900s] -- Up-to-date: /home/minis/ws_moveit2/install/moveit_core/include/moveit/robot_model/link_model.h
[1.900s] -- Up-to-date: /home/minis/ws_moveit2/install/moveit_core/include/moveit/robot_model/robot_model.h
[1.900s] -- Up-to-date: /home/minis/ws_moveit2/install/moveit_core/include/moveit/robot_model/aabb.h
[1.900s] -- Up-to-date: /home/minis/ws_moveit2/install/moveit_core/include/moveit/robot_model/revolute_joint_model.h
[1.900s] -- Up-to-date: /home/minis/ws_moveit2/install/moveit_core/include/moveit/robot_model/planar_joint_model.h
[1.900s] -- Up-to-date: /home/minis/ws_moveit2/install/moveit_core/include/moveit/robot_model/prismatic_joint_model.h
[1.900s] -- Up-to-date: /home/minis/ws_moveit2/install/moveit_core/include/moveit/robot_model/fixed_joint_model.h
[1.900s] -- Up-to-date: /home/minis/ws_moveit2/install/moveit_core/include/moveit/robot_model/joint_model.h
[1.900s] -- Up-to-date: /home/minis/ws_moveit2/install/moveit_core/include
[1.900s] -- Up-to-date: /home/minis/ws_moveit2/install/moveit_core/include/moveit
[1.901s] -- Up-to-date: /home/minis/ws_moveit2/install/moveit_core/include/moveit/robot_state
[1.901s] -- Up-to-date: /home/minis/ws_moveit2/install/moveit_core/include/moveit/robot_state/robot_state.h
[1.901s] -- Up-to-date: /home/minis/ws_moveit2/install/moveit_core/include/moveit/robot_state/cartesian_interpolator.h
[1.901s] -- Up-to-date: /home/minis/ws_moveit2/install/moveit_core/include/moveit/robot_state/attached_body.h
[1.901s] -- Up-to-date: /home/minis/ws_moveit2/install/moveit_core/include/moveit/robot_state/conversions.h
[1.901s] -- Up-to-date: /home/minis/ws_moveit2/install/moveit_core/include
[1.901s] -- Up-to-date: /home/minis/ws_moveit2/install/moveit_core/include/moveit
[1.901s] -- Up-to-date: /home/minis/ws_moveit2/install/moveit_core/include/moveit/robot_trajectory
[1.901s] -- Up-to-date: /home/minis/ws_moveit2/install/moveit_core/include/moveit/robot_trajectory/robot_trajectory.h
[1.901s] -- Up-to-date: /home/minis/ws_moveit2/install/moveit_core/include
[1.901s] -- Up-to-date: /home/minis/ws_moveit2/install/moveit_core/include/moveit
[1.901s] -- Up-to-date: /home/minis/ws_moveit2/install/moveit_core/include/moveit/sensor_manager
[1.901s] -- Up-to-date: /home/minis/ws_moveit2/install/moveit_core/include/moveit/sensor_manager/sensor_manager.h
[1.901s] -- Up-to-date: /home/minis/ws_moveit2/install/moveit_core/include
[1.901s] -- Up-to-date: /home/minis/ws_moveit2/install/moveit_core/include/moveit
[1.901s] -- Up-to-date: /home/minis/ws_moveit2/install/moveit_core/include/moveit/trajectory_processing
[1.901s] -- Up-to-date: /home/minis/ws_moveit2/install/moveit_core/include/moveit/trajectory_processing/time_parameterization.h
[1.901s] -- Up-to-date: /home/minis/ws_moveit2/install/moveit_core/include/moveit/trajectory_processing/iterative_spline_parameterization.h
[1.901s] -- Up-to-date: /home/minis/ws_moveit2/install/moveit_core/include/moveit/trajectory_processing/iterative_time_parameterization.h
[1.901s] -- Up-to-date: /home/minis/ws_moveit2/install/moveit_core/include/moveit/trajectory_processing/time_optimal_trajectory_generation.h
[1.901s] -- Up-to-date: /home/minis/ws_moveit2/install/moveit_core/include/moveit/trajectory_processing/trajectory_tools.h
[1.901s] -- Up-to-date: /home/minis/ws_moveit2/install/moveit_core/include/moveit/trajectory_processing/ruckig_traj_smoothing.h
[1.901s] -- Up-to-date: /home/minis/ws_moveit2/install/moveit_core/include
[1.901s] -- Up-to-date: /home/minis/ws_moveit2/install/moveit_core/include/moveit
[1.901s] -- Up-to-date: /home/minis/ws_moveit2/install/moveit_core/include/moveit/transforms
[1.901s] -- Up-to-date: /home/minis/ws_moveit2/install/moveit_core/include/moveit/transforms/transforms.h
[1.901s] -- Up-to-date: /home/minis/ws_moveit2/install/moveit_core/include
[1.901s] -- Up-to-date: /home/minis/ws_moveit2/install/moveit_core/include/moveit
[1.901s] -- Up-to-date: /home/minis/ws_moveit2/install/moveit_core/include/moveit/utils
[1.901s] -- Up-to-date: /home/minis/ws_moveit2/install/moveit_core/include/moveit/utils/rclcpp_utils.h
[1.901s] -- Up-to-date: /home/minis/ws_moveit2/install/moveit_core/include/moveit/utils/moveit_error_code.h
[1.901s] -- Up-to-date: /home/minis/ws_moveit2/install/moveit_core/include/moveit/utils/message_checks.h
[1.901s] -- Up-to-date: /home/minis/ws_moveit2/install/moveit_core/include/moveit/utils/robot_model_test_utils.h
[1.901s] -- Up-to-date: /home/minis/ws_moveit2/install/moveit_core/include/moveit/utils/lexical_casts.h
[1.901s] -- Up-to-date: /home/minis/ws_moveit2/install/moveit_core/bin/moveit_version
[1.902s] -- Up-to-date: /home/minis/ws_moveit2/install/moveit_core/include
[1.902s] -- Up-to-date: /home/minis/ws_moveit2/install/moveit_core/include/moveit
[1.902s] -- Up-to-date: /home/minis/ws_moveit2/install/moveit_core/include/moveit/collision_detection
[1.902s] -- Up-to-date: /home/minis/ws_moveit2/install/moveit_core/include/moveit/collision_detection/collision_tools.h
[1.902s] -- Up-to-date: /home/minis/ws_moveit2/install/moveit_core/include/moveit/collision_detection/test_collision_common_panda.h
[1.902s] -- Up-to-date: /home/minis/ws_moveit2/install/moveit_core/include/moveit/collision_detection/allvalid
[1.902s] -- Up-to-date: /home/minis/ws_moveit2/install/moveit_core/include/moveit/collision_detection/allvalid/collision_env_allvalid.h
[1.902s] -- Up-to-date: /home/minis/ws_moveit2/install/moveit_core/include/moveit/collision_detection/allvalid/collision_detector_allocator_allvalid.h
[1.902s] -- Up-to-date: /home/minis/ws_moveit2/install/moveit_core/include/moveit/collision_detection/collision_plugin_cache.h
[1.902s] -- Up-to-date: /home/minis/ws_moveit2/install/moveit_core/include/moveit/collision_detection/collision_octomap_filter.h
[1.902s] -- Up-to-date: /home/minis/ws_moveit2/install/moveit_core/include/moveit/collision_detection/occupancy_map.h
[1.902s] -- Up-to-date: /home/minis/ws_moveit2/install/moveit_core/include/moveit/collision_detection/collision_env.h
[1.902s] -- Up-to-date: /home/minis/ws_moveit2/install/moveit_core/include/moveit/collision_detection/collision_detector_allocator.h
[1.902s] -- Up-to-date: /home/minis/ws_moveit2/install/moveit_core/include/moveit/collision_detection/collision_common.h
[1.902s] -- Up-to-date: /home/minis/ws_moveit2/install/moveit_core/include/moveit/collision_detection/world.h
[1.902s] -- Up-to-date: /home/minis/ws_moveit2/install/moveit_core/include/moveit/collision_detection/collision_matrix.h
[1.902s] -- Up-to-date: /home/minis/ws_moveit2/install/moveit_core/include/moveit/collision_detection/test_collision_common_pr2.h
[1.902s] -- Up-to-date: /home/minis/ws_moveit2/install/moveit_core/include/moveit/collision_detection/world_diff.h
[1.902s] -- Up-to-date: /home/minis/ws_moveit2/install/moveit_core/include/moveit/collision_detection/collision_plugin.h
[1.902s] -- Up-to-date: /home/minis/ws_moveit2/install/moveit_core/include/moveit_collision_detection_export.h
[1.902s] -- Up-to-date: /home/minis/ws_moveit2/install/moveit_core/include
[1.902s] -- Up-to-date: /home/minis/ws_moveit2/install/moveit_core/include/moveit
[1.902s] -- Up-to-date: /home/minis/ws_moveit2/install/moveit_core/include/moveit/collision_detection_bullet
[1.902s] -- Up-to-date: /home/minis/ws_moveit2/install/moveit_core/include/moveit/collision_detection_bullet/collision_detector_allocator_bullet.h
[1.902s] -- Up-to-date: /home/minis/ws_moveit2/install/moveit_core/include/moveit/collision_detection_bullet/bullet_integration
[1.902s] -- Up-to-date: /home/minis/ws_moveit2/install/moveit_core/include/moveit/collision_detection_bullet/bullet_integration/bullet_bvh_manager.h
[1.902s] -- Up-to-date: /home/minis/ws_moveit2/install/moveit_core/include/moveit/collision_detection_bullet/bullet_integration/bullet_utils.h
[1.902s] -- Up-to-date: /home/minis/ws_moveit2/install/moveit_core/include/moveit/collision_detection_bullet/bullet_integration/bullet_cast_bvh_manager.h
[1.902s] -- Up-to-date: /home/minis/ws_moveit2/install/moveit_core/include/moveit/collision_detection_bullet/bullet_integration/ros_bullet_utils.h
[1.903s] -- Up-to-date: /home/minis/ws_moveit2/install/moveit_core/include/moveit/collision_detection_bullet/bullet_integration/contact_checker_common.h
[1.903s] -- Up-to-date: /home/minis/ws_moveit2/install/moveit_core/include/moveit/collision_detection_bullet/bullet_integration/bullet_discrete_bvh_manager.h
[1.903s] -- Up-to-date: /home/minis/ws_moveit2/install/moveit_core/include/moveit/collision_detection_bullet/bullet_integration/basic_types.h
[1.903s] -- Up-to-date: /home/minis/ws_moveit2/install/moveit_core/include/moveit/collision_detection_bullet/collision_env_bullet.h
[1.903s] -- Up-to-date: /home/minis/ws_moveit2/install/moveit_core/include/moveit/collision_detection_bullet/collision_detector_bullet_plugin_loader.h
[1.903s] -- Up-to-date: /home/minis/ws_moveit2/install/moveit_core/include/moveit_collision_detection_bullet_export.h
[1.903s] -- Up-to-date: /home/minis/ws_moveit2/install/moveit_core/include
[1.903s] -- Up-to-date: /home/minis/ws_moveit2/install/moveit_core/include/moveit
[1.903s] -- Up-to-date: /home/minis/ws_moveit2/install/moveit_core/include/moveit/collision_detection_fcl
[1.903s] -- Up-to-date: /home/minis/ws_moveit2/install/moveit_core/include/moveit/collision_detection_fcl/collision_detector_fcl_plugin_loader.h
[1.903s] -- Up-to-date: /home/minis/ws_moveit2/install/moveit_core/include/moveit/collision_detection_fcl/collision_detector_allocator_fcl.h
[1.903s] -- Up-to-date: /home/minis/ws_moveit2/install/moveit_core/include/moveit/collision_detection_fcl/collision_common.h
[1.903s] -- Up-to-date: /home/minis/ws_moveit2/install/moveit_core/include/moveit/collision_detection_fcl/collision_env_fcl.h
[1.903s] -- Up-to-date: /home/minis/ws_moveit2/install/moveit_core/include/moveit/collision_detection_fcl/fcl_compat.h
[1.903s] -- Up-to-date: /home/minis/ws_moveit2/install/moveit_core/include/moveit_collision_detection_fcl_export.h
[1.903s] -- Up-to-date: /home/minis/ws_moveit2/install/moveit_core/lib/libcollision_detector_bullet_plugin.so.2.5.9
[1.903s] -- Up-to-date: /home/minis/ws_moveit2/install/moveit_core/lib/libcollision_detector_bullet_plugin.so
[1.904s] -- Up-to-date: /home/minis/ws_moveit2/install/moveit_core/lib/libmoveit_butterworth_filter.so.2.5.9
[1.904s] -- Up-to-date: /home/minis/ws_moveit2/install/moveit_core/lib/libmoveit_butterworth_filter.so
[1.904s] -- Up-to-date: /home/minis/ws_moveit2/install/moveit_core/lib/libmoveit_collision_distance_field.so.2.5.9
[1.904s] -- Up-to-date: /home/minis/ws_moveit2/install/moveit_core/lib/libmoveit_collision_distance_field.so
[1.904s] -- Up-to-date: /home/minis/ws_moveit2/install/moveit_core/lib/libmoveit_collision_detection.so.2.5.9
[1.904s] -- Up-to-date: /home/minis/ws_moveit2/install/moveit_core/lib/libmoveit_collision_detection.so
[1.904s] -- Up-to-date: /home/minis/ws_moveit2/install/moveit_core/lib/libmoveit_collision_detection_fcl.so.2.5.9
[1.904s] -- Up-to-date: /home/minis/ws_moveit2/install/moveit_core/lib/libmoveit_collision_detection_fcl.so
[1.904s] -- Up-to-date: /home/minis/ws_moveit2/install/moveit_core/lib/libmoveit_collision_detection_bullet.so.2.5.9
[1.904s] -- Up-to-date: /home/minis/ws_moveit2/install/moveit_core/lib/libmoveit_collision_detection_bullet.so
[1.904s] -- Up-to-date: /home/minis/ws_moveit2/install/moveit_core/lib/libmoveit_dynamics_solver.so.2.5.9
[1.904s] -- Up-to-date: /home/minis/ws_moveit2/install/moveit_core/lib/libmoveit_dynamics_solver.so
[1.904s] -- Up-to-date: /home/minis/ws_moveit2/install/moveit_core/lib/libmoveit_constraint_samplers.so.2.5.9
[1.904s] -- Up-to-date: /home/minis/ws_moveit2/install/moveit_core/lib/libmoveit_constraint_samplers.so
[1.904s] -- Up-to-date: /home/minis/ws_moveit2/install/moveit_core/lib/libmoveit_distance_field.so.2.5.9
[1.904s] -- Up-to-date: /home/minis/ws_moveit2/install/moveit_core/lib/libmoveit_distance_field.so
[1.904s] -- Up-to-date: /home/minis/ws_moveit2/install/moveit_core/lib/libmoveit_exceptions.so.2.5.9
[1.904s] -- Up-to-date: /home/minis/ws_moveit2/install/moveit_core/lib/libmoveit_exceptions.so
[1.904s] -- Up-to-date: /home/minis/ws_moveit2/install/moveit_core/lib/libmoveit_kinematics_base.so
[1.904s] -- Up-to-date: /home/minis/ws_moveit2/install/moveit_core/lib/libmoveit_kinematic_constraints.so.2.5.9
[1.904s] -- Up-to-date: /home/minis/ws_moveit2/install/moveit_core/lib/libmoveit_kinematic_constraints.so
[1.904s] -- Up-to-date: /home/minis/ws_moveit2/install/moveit_core/lib/libmoveit_kinematics_metrics.so.2.5.9
[1.904s] -- Up-to-date: /home/minis/ws_moveit2/install/moveit_core/lib/libmoveit_kinematics_metrics.so
[1.904s] -- Up-to-date: /home/minis/ws_moveit2/install/moveit_core/lib/libmoveit_planning_interface.so.2.5.9
[1.904s] -- Up-to-date: /home/minis/ws_moveit2/install/moveit_core/lib/libmoveit_planning_interface.so
[1.905s] -- Up-to-date: /home/minis/ws_moveit2/install/moveit_core/lib/libmoveit_planning_scene.so.2.5.9
[1.905s] -- Up-to-date: /home/minis/ws_moveit2/install/moveit_core/lib/libmoveit_planning_scene.so
[1.905s] -- Up-to-date: /home/minis/ws_moveit2/install/moveit_core/lib/libmoveit_planning_request_adapter.so.2.5.9
[1.905s] -- Up-to-date: /home/minis/ws_moveit2/install/moveit_core/lib/libmoveit_planning_request_adapter.so
[1.905s] -- Up-to-date: /home/minis/ws_moveit2/install/moveit_core/lib/libmoveit_robot_model.so.2.5.9
[1.905s] -- Up-to-date: /home/minis/ws_moveit2/install/moveit_core/lib/libmoveit_robot_model.so
[1.905s] -- Up-to-date: /home/minis/ws_moveit2/install/moveit_core/lib/libmoveit_robot_state.so.2.5.9
[1.905s] -- Up-to-date: /home/minis/ws_moveit2/install/moveit_core/lib/libmoveit_robot_state.so
[1.905s] -- Up-to-date: /home/minis/ws_moveit2/install/moveit_core/lib/libmoveit_robot_trajectory.so.2.5.9
[1.905s] -- Up-to-date: /home/minis/ws_moveit2/install/moveit_core/lib/libmoveit_robot_trajectory.so
[1.906s] -- Up-to-date: /home/minis/ws_moveit2/install/moveit_core/lib/libmoveit_smoothing_base.so.2.5.9
[1.906s] -- Up-to-date: /home/minis/ws_moveit2/install/moveit_core/lib/libmoveit_smoothing_base.so
[1.906s] -- Up-to-date: /home/minis/ws_moveit2/install/moveit_core/lib/libmoveit_test_utils.so.2.5.9
[1.906s] -- Up-to-date: /home/minis/ws_moveit2/install/moveit_core/lib/libmoveit_test_utils.so
[1.906s] -- Up-to-date: /home/minis/ws_moveit2/install/moveit_core/lib/libmoveit_trajectory_processing.so.2.5.9
[1.906s] -- Up-to-date: /home/minis/ws_moveit2/install/moveit_core/lib/libmoveit_trajectory_processing.so
[1.906s] -- Up-to-date: /home/minis/ws_moveit2/install/moveit_core/lib/libmoveit_transforms.so.2.5.9
[1.906s] -- Up-to-date: /home/minis/ws_moveit2/install/moveit_core/lib/libmoveit_transforms.so
[1.906s] -- Up-to-date: /home/minis/ws_moveit2/install/moveit_core/lib/libmoveit_utils.so.2.5.9
[1.907s] -- Up-to-date: /home/minis/ws_moveit2/install/moveit_core/lib/libmoveit_utils.so
[1.907s] -- Up-to-date: /home/minis/ws_moveit2/install/moveit_core/share/moveit_core/environment/library_path.sh
[1.907s] -- Installing: /home/minis/ws_moveit2/install/moveit_core/share/moveit_core/environment/library_path.dsv
[1.907s] -- Up-to-date: /home/minis/ws_moveit2/install/moveit_core/share/moveit_core/collision_detector_fcl_description.xml
[1.907s] -- Up-to-date: /home/minis/ws_moveit2/install/moveit_core/share/moveit_core/collision_detector_bullet_description.xml
[1.907s] -- Up-to-date: /home/minis/ws_moveit2/install/moveit_core/share/moveit_core/filter_plugin_butterworth.xml
[1.907s] -- Up-to-date: /home/minis/ws_moveit2/install/moveit_core/share/ament_index/resource_index/package_run_dependencies/moveit_core
[1.907s] -- Installing: /home/minis/ws_moveit2/install/moveit_core/share/ament_index/resource_index/parent_prefix_path/moveit_core
[1.907s] -- Up-to-date: /home/minis/ws_moveit2/install/moveit_core/share/moveit_core/environment/ament_prefix_path.sh
[1.907s] -- Installing: /home/minis/ws_moveit2/install/moveit_core/share/moveit_core/environment/ament_prefix_path.dsv
[1.907s] -- Up-to-date: /home/minis/ws_moveit2/install/moveit_core/share/moveit_core/environment/path.sh
[1.907s] -- Installing: /home/minis/ws_moveit2/install/moveit_core/share/moveit_core/environment/path.dsv
[1.907s] -- Up-to-date: /home/minis/ws_moveit2/install/moveit_core/share/moveit_core/local_setup.bash
[1.907s] -- Up-to-date: /home/minis/ws_moveit2/install/moveit_core/share/moveit_core/local_setup.sh
[1.907s] -- Up-to-date: /home/minis/ws_moveit2/install/moveit_core/share/moveit_core/local_setup.zsh
[1.907s] -- Installing: /home/minis/ws_moveit2/install/moveit_core/share/moveit_core/local_setup.dsv
[1.907s] -- Installing: /home/minis/ws_moveit2/install/moveit_core/share/moveit_core/package.dsv
[1.907s] -- Up-to-date: /home/minis/ws_moveit2/install/moveit_core/share/ament_index/resource_index/packages/moveit_core
[1.908s] -- Up-to-date: /home/minis/ws_moveit2/install/moveit_core/share/ament_index/resource_index/moveit_core__pluginlib__plugin/moveit_core
[1.908s] -- Up-to-date: /home/minis/ws_moveit2/install/moveit_core/share/moveit_core/cmake/export_moveit_coreExport.cmake
[1.908s] -- Up-to-date: /home/minis/ws_moveit2/install/moveit_core/share/moveit_core/cmake/export_moveit_coreExport-release.cmake
[1.908s] -- Up-to-date: /home/minis/ws_moveit2/install/moveit_core/share/moveit_core/cmake/ConfigExtras.cmake
[1.908s] -- Up-to-date: /home/minis/ws_moveit2/install/moveit_core/share/moveit_core/cmake/ament_cmake_export_targets-extras.cmake
[1.908s] -- Up-to-date: /home/minis/ws_moveit2/install/moveit_core/share/moveit_core/cmake/ament_cmake_export_dependencies-extras.cmake
[1.908s] -- Up-to-date: /home/minis/ws_moveit2/install/moveit_core/share/moveit_core/cmake/moveit_coreConfig.cmake
[1.908s] -- Up-to-date: /home/minis/ws_moveit2/install/moveit_core/share/moveit_core/cmake/moveit_coreConfig-version.cmake
[1.908s] -- Up-to-date: /home/minis/ws_moveit2/install/moveit_core/share/moveit_core/package.xml
[1.909s] Invoked command in '/home/minis/ws_moveit2/build/moveit_core' returned '0': CMAKE_PREFIX_PATH=/home/minis/ws_moveit2/install/moveit_resources_panda_moveit_config:/home/minis/ws_moveit2/install/srdfdom:/home/minis/ws_moveit2/install/moveit_resources_pr2_description:/home/minis/ws_moveit2/install/moveit_resources_panda_description:/home/minis/ws_moveit2/install/moveit_common:/home/minis/ws_moveit2/install/panda_moveit_config:/home/minis/ws_moveit2/install/pilz_industrial_motion_planner_testutils:/home/minis/ws_moveit2/install/panda_moveit:/home/minis/ws_moveit2/install/moveit_runtime:/home/minis/ws_moveit2/install/moveit2_tutorials:/home/minis/ws_moveit2/install/moveit:/home/minis/ws_moveit2/install/moveit_planners:/home/minis/ws_moveit2/install/pilz_industrial_motion_planner:/home/minis/ws_moveit2/install/moveit_visual_tools:/home/minis/ws_moveit2/install/moveit_task_constructor_visualization:/home/minis/ws_moveit2/install/moveit_task_constructor_demo:/home/minis/ws_moveit2/install/moveit_task_constructor_capabilities:/home/minis/ws_moveit2/install/moveit_task_constructor_core:/home/minis/ws_moveit2/install/moveit_ros_control_interface:/home/minis/ws_moveit2/install/moveit_plugins:/home/minis/ws_moveit2/install/moveit_simple_controller_manager:/home/minis/ws_moveit2/install/moveit_setup_assistant:/home/minis/ws_moveit2/install/moveit_setup_srdf_plugins:/home/minis/ws_moveit2/install/moveit_setup_core_plugins:/home/minis/ws_moveit2/install/moveit_setup_controllers:/home/minis/ws_moveit2/install/moveit_setup_app_plugins:/home/minis/ws_moveit2/install/moveit_setup_framework:/home/minis/ws_moveit2/install/moveit_servo:/home/minis/ws_moveit2/install/moveit_ros:/home/minis/ws_moveit2/install/moveit_ros_visualization:/home/minis/ws_moveit2/install/moveit_py:/home/minis/ws_moveit2/install/moveit_hybrid_planning:/home/minis/ws_moveit2/install/moveit_ros_planning_interface:/home/minis/ws_moveit2/install/moveit_ros_benchmarks:/home/minis/ws_moveit2/install/moveit_ros_warehouse:/home/minis/ws_moveit2/install/moveit_ros_robot_interaction:/home/minis/ws_moveit2/install/moveit_ros_perception:/home/minis/ws_moveit2/install/moveit_resources_prbt_pg70_support:/home/minis/ws_moveit2/install/moveit_resources_prbt_moveit_config:/home/minis/ws_moveit2/install/moveit_ros_move_group:/home/minis/ws_moveit2/install/moveit_planners_ompl:/home/minis/ws_moveit2/install/moveit_ros_planning:/home/minis/ws_moveit2/install/moveit_ros_occupancy_map_monitor:/home/minis/ws_moveit2/install/moveit_resources_prbt_ikfast_manipulator_plugin:/home/minis/ws_moveit2/install/moveit_planners_chomp:/home/minis/ws_moveit2/install/moveit_kinematics:/home/minis/ws_moveit2/install/moveit_chomp_optimizer_adapter:/home/minis/ws_moveit2/install/chomp_motion_planner:/home/minis/ws_moveit2/install/moveit_core:/home/minis/ws_moveit2/install/rviz_marker_tools:/home/minis/ws_moveit2/install/rosparam_shortcuts:/home/minis/ws_moveit2/install/panda_gazebo:/home/minis/ws_moveit2/install/panda_description:/home/minis/ws_moveit2/install/moveit_task_constructor_msgs:/home/minis/ws_moveit2/install/moveit_resources_prbt_support:/home/minis/ws_moveit2/install/moveit_resources:/home/minis/ws_moveit2/install/moveit_resources_fanuc_moveit_config:/home/minis/ws_moveit2/install/moveit_resources_fanuc_description:/home/minis/panda_humble/install/panda_moveit:/home/minis/panda_humble/install/panda_gazebo:/home/minis/panda_humble/install/panda_description:/home/minis/ws_moveit2/install/moveit_configs_utils:/home/minis/ws_moveit2/install/launch_param_builder:/opt/ros/humble LD_LIBRARY_PATH=/home/minis/ws_moveit2/install/srdfdom/lib:/home/minis/ws_moveit2/install/pilz_industrial_motion_planner_testutils/lib:/home/minis/ws_moveit2/install/pilz_industrial_motion_planner/lib:/home/minis/ws_moveit2/install/moveit_visual_tools/lib:/home/minis/ws_moveit2/install/moveit_task_constructor_visualization/lib:/home/minis/ws_moveit2/install/moveit_task_constructor_demo/lib:/home/minis/ws_moveit2/install/moveit_task_constructor_capabilities/lib:/home/minis/ws_moveit2/install/moveit_task_constructor_core/lib:/home/minis/ws_moveit2/install/moveit_ros_control_interface/lib:/home/minis/ws_moveit2/install/moveit_simple_controller_manager/lib:/home/minis/ws_moveit2/install/moveit_setup_assistant/lib:/home/minis/ws_moveit2/install/moveit_setup_srdf_plugins/lib:/home/minis/ws_moveit2/install/moveit_setup_core_plugins/lib:/home/minis/ws_moveit2/install/moveit_setup_controllers/lib:/home/minis/ws_moveit2/install/moveit_setup_app_plugins/lib:/home/minis/ws_moveit2/install/moveit_setup_framework/lib:/home/minis/ws_moveit2/install/moveit_servo/lib:/home/minis/ws_moveit2/install/moveit_ros_visualization/lib:/home/minis/ws_moveit2/install/moveit_py/lib:/home/minis/ws_moveit2/install/moveit_hybrid_planning/lib:/home/minis/ws_moveit2/install/moveit_ros_planning_interface/lib:/home/minis/ws_moveit2/install/moveit_ros_benchmarks/lib:/home/minis/ws_moveit2/install/moveit_ros_warehouse/lib:/home/minis/ws_moveit2/install/moveit_ros_robot_interaction/lib:/home/minis/ws_moveit2/install/moveit_ros_perception/lib:/home/minis/ws_moveit2/install/moveit_ros_move_group/lib:/home/minis/ws_moveit2/install/moveit_planners_ompl/lib:/home/minis/ws_moveit2/install/moveit_ros_planning/lib:/home/minis/ws_moveit2/install/moveit_ros_occupancy_map_monitor/lib:/home/minis/ws_moveit2/install/moveit_resources_prbt_ikfast_manipulator_plugin/lib:/home/minis/ws_moveit2/install/moveit_planners_chomp/lib:/home/minis/ws_moveit2/install/moveit_kinematics/lib:/home/minis/ws_moveit2/install/moveit_chomp_optimizer_adapter/lib:/home/minis/ws_moveit2/install/chomp_motion_planner/lib:/home/minis/ws_moveit2/install/moveit_core/lib:/home/minis/ws_moveit2/install/rviz_marker_tools/lib:/home/minis/ws_moveit2/install/rosparam_shortcuts/lib:/home/minis/ws_moveit2/install/moveit_task_constructor_msgs/lib:/usr/lib/x86_64-linux-gnu/gazebo-11/plugins:/opt/ros/humble/opt/rviz_ogre_vendor/lib:/opt/ros/humble/lib/x86_64-linux-gnu:/opt/ros/humble/lib /usr/bin/cmake --install /home/minis/ws_moveit2/build/moveit_core
