[0.015s] Invoking command in '/home/minis/ws_moveit2/build/moveit_ros_warehouse': AMENT_PREFIX_PATH=/home/minis/ws_moveit2/install/moveit_ros_planning:/home/minis/ws_moveit2/install/moveit_ros_occupancy_map_monitor:/home/minis/ws_moveit2/install/moveit_core:/home/minis/ws_moveit2/install/moveit_resources_panda_moveit_config:/home/minis/ws_moveit2/install/moveit_configs_utils:/home/minis/ws_moveit2/install/srdfdom:/home/minis/ws_moveit2/install/moveit_resources_pr2_description:/home/minis/ws_moveit2/install/moveit_resources_panda_description:/home/minis/ws_moveit2/install/moveit_common:/home/minis/ws_moveit2/install/launch_param_builder CMAKE_PREFIX_PATH=/home/minis/ws_moveit2/install/moveit_ros_planning:/home/minis/ws_moveit2/install/moveit_ros_occupancy_map_monitor:/home/minis/ws_moveit2/install/moveit_core:/home/minis/ws_moveit2/install/moveit_resources_panda_moveit_config:/home/minis/ws_moveit2/install/srdfdom:/home/minis/ws_moveit2/install/moveit_resources_pr2_description:/home/minis/ws_moveit2/install/moveit_resources_panda_description:/home/minis/ws_moveit2/install/moveit_common LD_LIBRARY_PATH=/home/minis/ws_moveit2/install/moveit_ros_planning/lib:/home/minis/ws_moveit2/install/moveit_ros_occupancy_map_monitor/lib:/home/minis/ws_moveit2/install/moveit_core/lib:/home/minis/ws_moveit2/install/srdfdom/lib PATH=/home/minis/ws_moveit2/install/moveit_core/bin:${PATH} PYTHONPATH=/home/minis/ws_moveit2/install/moveit_configs_utils/lib/python3.10/site-packages:/home/minis/ws_moveit2/install/srdfdom/local/lib/python3.10/dist-packages:/home/minis/ws_moveit2/install/launch_param_builder/lib/python3.10/site-packages /usr/bin/cmake --build /home/minis/ws_moveit2/build/moveit_ros_warehouse -- -j16 -l16
[0.056s] [35m[1mConsolidate compiler generated dependencies of target moveit_warehouse[0m
[0.087s] [ 40%] Built target moveit_warehouse
[0.098s] [35m[1mConsolidate compiler generated dependencies of target moveit_warehouse_services[0m
[0.098s] [35m[1mConsolidate compiler generated dependencies of target moveit_warehouse_broadcast[0m
[0.098s] [35m[1mConsolidate compiler generated dependencies of target moveit_init_demo_warehouse[0m
[0.098s] [35m[1mConsolidate compiler generated dependencies of target moveit_warehouse_import_from_text[0m
[0.098s] [35m[1mConsolidate compiler generated dependencies of target moveit_warehouse_save_as_text[0m
[0.099s] [35m[1mConsolidate compiler generated dependencies of target moveit_save_to_warehouse[0m
[0.115s] [ 50%] Built target moveit_warehouse_services
[0.118s] [ 60%] Built target moveit_warehouse_broadcast
[0.120s] [ 70%] Built target moveit_save_to_warehouse
[0.121s] [ 80%] Built target moveit_init_demo_warehouse
[0.121s] [ 90%] Built target moveit_warehouse_import_from_text
[0.123s] [100%] Built target moveit_warehouse_save_as_text
[0.130s] Invoked command in '/home/minis/ws_moveit2/build/moveit_ros_warehouse' returned '0': AMENT_PREFIX_PATH=/home/minis/ws_moveit2/install/moveit_ros_planning:/home/minis/ws_moveit2/install/moveit_ros_occupancy_map_monitor:/home/minis/ws_moveit2/install/moveit_core:/home/minis/ws_moveit2/install/moveit_resources_panda_moveit_config:/home/minis/ws_moveit2/install/moveit_configs_utils:/home/minis/ws_moveit2/install/srdfdom:/home/minis/ws_moveit2/install/moveit_resources_pr2_description:/home/minis/ws_moveit2/install/moveit_resources_panda_description:/home/minis/ws_moveit2/install/moveit_common:/home/minis/ws_moveit2/install/launch_param_builder CMAKE_PREFIX_PATH=/home/minis/ws_moveit2/install/moveit_ros_planning:/home/minis/ws_moveit2/install/moveit_ros_occupancy_map_monitor:/home/minis/ws_moveit2/install/moveit_core:/home/minis/ws_moveit2/install/moveit_resources_panda_moveit_config:/home/minis/ws_moveit2/install/srdfdom:/home/minis/ws_moveit2/install/moveit_resources_pr2_description:/home/minis/ws_moveit2/install/moveit_resources_panda_description:/home/minis/ws_moveit2/install/moveit_common LD_LIBRARY_PATH=/home/minis/ws_moveit2/install/moveit_ros_planning/lib:/home/minis/ws_moveit2/install/moveit_ros_occupancy_map_monitor/lib:/home/minis/ws_moveit2/install/moveit_core/lib:/home/minis/ws_moveit2/install/srdfdom/lib PATH=/home/minis/ws_moveit2/install/moveit_core/bin:${PATH} PYTHONPATH=/home/minis/ws_moveit2/install/moveit_configs_utils/lib/python3.10/site-packages:/home/minis/ws_moveit2/install/srdfdom/local/lib/python3.10/dist-packages:/home/minis/ws_moveit2/install/launch_param_builder/lib/python3.10/site-packages /usr/bin/cmake --build /home/minis/ws_moveit2/build/moveit_ros_warehouse -- -j16 -l16
[0.133s] Invoking command in '/home/minis/ws_moveit2/build/moveit_ros_warehouse': AMENT_PREFIX_PATH=/home/minis/ws_moveit2/install/moveit_ros_planning:/home/minis/ws_moveit2/install/moveit_ros_occupancy_map_monitor:/home/minis/ws_moveit2/install/moveit_core:/home/minis/ws_moveit2/install/moveit_resources_panda_moveit_config:/home/minis/ws_moveit2/install/moveit_configs_utils:/home/minis/ws_moveit2/install/srdfdom:/home/minis/ws_moveit2/install/moveit_resources_pr2_description:/home/minis/ws_moveit2/install/moveit_resources_panda_description:/home/minis/ws_moveit2/install/moveit_common:/home/minis/ws_moveit2/install/launch_param_builder CMAKE_PREFIX_PATH=/home/minis/ws_moveit2/install/moveit_ros_planning:/home/minis/ws_moveit2/install/moveit_ros_occupancy_map_monitor:/home/minis/ws_moveit2/install/moveit_core:/home/minis/ws_moveit2/install/moveit_resources_panda_moveit_config:/home/minis/ws_moveit2/install/srdfdom:/home/minis/ws_moveit2/install/moveit_resources_pr2_description:/home/minis/ws_moveit2/install/moveit_resources_panda_description:/home/minis/ws_moveit2/install/moveit_common LD_LIBRARY_PATH=/home/minis/ws_moveit2/install/moveit_ros_planning/lib:/home/minis/ws_moveit2/install/moveit_ros_occupancy_map_monitor/lib:/home/minis/ws_moveit2/install/moveit_core/lib:/home/minis/ws_moveit2/install/srdfdom/lib PATH=/home/minis/ws_moveit2/install/moveit_core/bin:${PATH} PYTHONPATH=/home/minis/ws_moveit2/install/moveit_configs_utils/lib/python3.10/site-packages:/home/minis/ws_moveit2/install/srdfdom/local/lib/python3.10/dist-packages:/home/minis/ws_moveit2/install/launch_param_builder/lib/python3.10/site-packages /usr/bin/cmake --install /home/minis/ws_moveit2/build/moveit_ros_warehouse
[0.139s] -- Install configuration: "Release"
[0.139s] -- Up-to-date: /home/minis/ws_moveit2/install/moveit_ros_warehouse/lib/moveit_ros_warehouse/moveit_save_to_warehouse
[0.140s] -- Up-to-date: /home/minis/ws_moveit2/install/moveit_ros_warehouse/lib/moveit_ros_warehouse/moveit_warehouse_broadcast
[0.140s] -- Up-to-date: /home/minis/ws_moveit2/install/moveit_ros_warehouse/lib/moveit_ros_warehouse/moveit_warehouse_import_from_text
[0.141s] -- Up-to-date: /home/minis/ws_moveit2/install/moveit_ros_warehouse/lib/moveit_ros_warehouse/moveit_warehouse_save_as_text
[0.141s] -- Up-to-date: /home/minis/ws_moveit2/install/moveit_ros_warehouse/lib/moveit_ros_warehouse/moveit_init_demo_warehouse
[0.141s] -- Up-to-date: /home/minis/ws_moveit2/install/moveit_ros_warehouse/lib/moveit_ros_warehouse/moveit_warehouse_services
[0.141s] -- Up-to-date: /home/minis/ws_moveit2/install/moveit_ros_warehouse/include
[0.142s] -- Up-to-date: /home/minis/ws_moveit2/install/moveit_ros_warehouse/include/moveit
[0.142s] -- Up-to-date: /home/minis/ws_moveit2/install/moveit_ros_warehouse/include/moveit/warehouse
[0.142s] -- Up-to-date: /home/minis/ws_moveit2/install/moveit_ros_warehouse/include/moveit/warehouse/warehouse_connector.h
[0.142s] -- Up-to-date: /home/minis/ws_moveit2/install/moveit_ros_warehouse/include/moveit/warehouse/planning_scene_world_storage.h
[0.142s] -- Up-to-date: /home/minis/ws_moveit2/install/moveit_ros_warehouse/include/moveit/warehouse/state_storage.h
[0.142s] -- Up-to-date: /home/minis/ws_moveit2/install/moveit_ros_warehouse/include/moveit/warehouse/trajectory_constraints_storage.h
[0.142s] -- Up-to-date: /home/minis/ws_moveit2/install/moveit_ros_warehouse/include/moveit/warehouse/planning_scene_storage.h
[0.142s] -- Up-to-date: /home/minis/ws_moveit2/install/moveit_ros_warehouse/include/moveit/warehouse/moveit_message_storage.h
[0.142s] -- Up-to-date: /home/minis/ws_moveit2/install/moveit_ros_warehouse/include/moveit/warehouse/constraints_storage.h
[0.144s] -- Up-to-date: /home/minis/ws_moveit2/install/moveit_ros_warehouse/include/moveit_warehouse_export.h
[0.144s] -- Up-to-date: /home/minis/ws_moveit2/install/moveit_ros_warehouse/lib/libmoveit_warehouse.so.2.5.9
[0.144s] -- Up-to-date: /home/minis/ws_moveit2/install/moveit_ros_warehouse/lib/libmoveit_warehouse.so
[0.144s] -- Up-to-date: /home/minis/ws_moveit2/install/moveit_ros_warehouse/share/moveit_ros_warehouse/environment/library_path.sh
[0.144s] -- Up-to-date: /home/minis/ws_moveit2/install/moveit_ros_warehouse/share/moveit_ros_warehouse/environment/library_path.dsv
[0.144s] -- Up-to-date: /home/minis/ws_moveit2/install/moveit_ros_warehouse/share/ament_index/resource_index/package_run_dependencies/moveit_ros_warehouse
[0.144s] -- Up-to-date: /home/minis/ws_moveit2/install/moveit_ros_warehouse/share/ament_index/resource_index/parent_prefix_path/moveit_ros_warehouse
[0.144s] -- Up-to-date: /home/minis/ws_moveit2/install/moveit_ros_warehouse/share/moveit_ros_warehouse/environment/ament_prefix_path.sh
[0.144s] -- Up-to-date: /home/minis/ws_moveit2/install/moveit_ros_warehouse/share/moveit_ros_warehouse/environment/ament_prefix_path.dsv
[0.144s] -- Up-to-date: /home/minis/ws_moveit2/install/moveit_ros_warehouse/share/moveit_ros_warehouse/environment/path.sh
[0.144s] -- Up-to-date: /home/minis/ws_moveit2/install/moveit_ros_warehouse/share/moveit_ros_warehouse/environment/path.dsv
[0.144s] -- Up-to-date: /home/minis/ws_moveit2/install/moveit_ros_warehouse/share/moveit_ros_warehouse/local_setup.bash
[0.144s] -- Up-to-date: /home/minis/ws_moveit2/install/moveit_ros_warehouse/share/moveit_ros_warehouse/local_setup.sh
[0.144s] -- Up-to-date: /home/minis/ws_moveit2/install/moveit_ros_warehouse/share/moveit_ros_warehouse/local_setup.zsh
[0.144s] -- Up-to-date: /home/minis/ws_moveit2/install/moveit_ros_warehouse/share/moveit_ros_warehouse/local_setup.dsv
[0.145s] -- Installing: /home/minis/ws_moveit2/install/moveit_ros_warehouse/share/moveit_ros_warehouse/package.dsv
[0.145s] -- Up-to-date: /home/minis/ws_moveit2/install/moveit_ros_warehouse/share/ament_index/resource_index/packages/moveit_ros_warehouse
[0.145s] -- Up-to-date: /home/minis/ws_moveit2/install/moveit_ros_warehouse/share/moveit_ros_warehouse/cmake/export_moveit_ros_warehouseExport.cmake
[0.145s] -- Up-to-date: /home/minis/ws_moveit2/install/moveit_ros_warehouse/share/moveit_ros_warehouse/cmake/export_moveit_ros_warehouseExport-release.cmake
[0.145s] -- Up-to-date: /home/minis/ws_moveit2/install/moveit_ros_warehouse/share/moveit_ros_warehouse/cmake/ConfigExtras.cmake
[0.145s] -- Up-to-date: /home/minis/ws_moveit2/install/moveit_ros_warehouse/share/moveit_ros_warehouse/cmake/ament_cmake_export_targets-extras.cmake
[0.145s] -- Up-to-date: /home/minis/ws_moveit2/install/moveit_ros_warehouse/share/moveit_ros_warehouse/cmake/ament_cmake_export_dependencies-extras.cmake
[0.145s] -- Up-to-date: /home/minis/ws_moveit2/install/moveit_ros_warehouse/share/moveit_ros_warehouse/cmake/moveit_ros_warehouseConfig.cmake
[0.145s] -- Up-to-date: /home/minis/ws_moveit2/install/moveit_ros_warehouse/share/moveit_ros_warehouse/cmake/moveit_ros_warehouseConfig-version.cmake
[0.145s] -- Up-to-date: /home/minis/ws_moveit2/install/moveit_ros_warehouse/share/moveit_ros_warehouse/package.xml
[0.161s] Invoked command in '/home/minis/ws_moveit2/build/moveit_ros_warehouse' returned '0': AMENT_PREFIX_PATH=/home/minis/ws_moveit2/install/moveit_ros_planning:/home/minis/ws_moveit2/install/moveit_ros_occupancy_map_monitor:/home/minis/ws_moveit2/install/moveit_core:/home/minis/ws_moveit2/install/moveit_resources_panda_moveit_config:/home/minis/ws_moveit2/install/moveit_configs_utils:/home/minis/ws_moveit2/install/srdfdom:/home/minis/ws_moveit2/install/moveit_resources_pr2_description:/home/minis/ws_moveit2/install/moveit_resources_panda_description:/home/minis/ws_moveit2/install/moveit_common:/home/minis/ws_moveit2/install/launch_param_builder CMAKE_PREFIX_PATH=/home/minis/ws_moveit2/install/moveit_ros_planning:/home/minis/ws_moveit2/install/moveit_ros_occupancy_map_monitor:/home/minis/ws_moveit2/install/moveit_core:/home/minis/ws_moveit2/install/moveit_resources_panda_moveit_config:/home/minis/ws_moveit2/install/srdfdom:/home/minis/ws_moveit2/install/moveit_resources_pr2_description:/home/minis/ws_moveit2/install/moveit_resources_panda_description:/home/minis/ws_moveit2/install/moveit_common LD_LIBRARY_PATH=/home/minis/ws_moveit2/install/moveit_ros_planning/lib:/home/minis/ws_moveit2/install/moveit_ros_occupancy_map_monitor/lib:/home/minis/ws_moveit2/install/moveit_core/lib:/home/minis/ws_moveit2/install/srdfdom/lib PATH=/home/minis/ws_moveit2/install/moveit_core/bin:${PATH} PYTHONPATH=/home/minis/ws_moveit2/install/moveit_configs_utils/lib/python3.10/site-packages:/home/minis/ws_moveit2/install/srdfdom/local/lib/python3.10/dist-packages:/home/minis/ws_moveit2/install/launch_param_builder/lib/python3.10/site-packages /usr/bin/cmake --install /home/minis/ws_moveit2/build/moveit_ros_warehouse
