[0.047s] Invoking command in '/home/minis/ws_moveit2/build/srdfdom': CMAKE_PREFIX_PATH=${CMAKE_PREFIX_PATH}:/home/minis/ws_moveit2/install/moveit_configs_utils:/home/minis/ws_moveit2/install/launch_param_builder:/opt/ros/humble /usr/bin/cmake /home/minis/ws_moveit2/src/srdfdom -DCMAKE_INSTALL_PREFIX=/home/minis/ws_moveit2/install/srdfdom
[0.207s] -- Found ament_cmake: 1.3.12 (/opt/ros/humble/share/ament_cmake/cmake)
[0.207s] -- Found urdf: 2.6.1 (/opt/ros/humble/share/urdf/cmake)
[0.207s] -- Found TinyXML2 via Config file: TinyXML2_DIR-NOTFOUND
[0.215s] -- Found ament_cmake_gtest: 1.3.12 (/opt/ros/humble/share/ament_cmake_gtest/cmake)
[0.216s] -- Found ament_cmake_pytest: 1.3.12 (/opt/ros/humble/share/ament_cmake_pytest/cmake)
[0.510s] -- Found gtest sources under '/opt/ros/humble/src/gtest_vendor': C++ tests using 'Google Test' will be built
[0.514s] -- Found ament_lint_auto: 0.12.14 (/opt/ros/humble/share/ament_lint_auto/cmake)
[0.532s] -- Configuring done
[0.545s] -- Generating done
[0.549s] -- Build files have been written to: /home/minis/ws_moveit2/build/srdfdom
[0.553s] Invoked command in '/home/minis/ws_moveit2/build/srdfdom' returned '0': CMAKE_PREFIX_PATH=${CMAKE_PREFIX_PATH}:/home/minis/ws_moveit2/install/moveit_configs_utils:/home/minis/ws_moveit2/install/launch_param_builder:/opt/ros/humble /usr/bin/cmake /home/minis/ws_moveit2/src/srdfdom -DCMAKE_INSTALL_PREFIX=/home/minis/ws_moveit2/install/srdfdom
[0.554s] Invoking command in '/home/minis/ws_moveit2/build/srdfdom': CMAKE_PREFIX_PATH=${CMAKE_PREFIX_PATH}:/home/minis/ws_moveit2/install/moveit_configs_utils:/home/minis/ws_moveit2/install/launch_param_builder:/opt/ros/humble /usr/bin/cmake --build /home/minis/ws_moveit2/build/srdfdom -- -j16 -l16
[0.603s] [35m[1mConsolidate compiler generated dependencies of target gtest_main[0m
[0.603s] [35m[1mConsolidate compiler generated dependencies of target gtest[0m
[0.603s] [35m[1mConsolidate compiler generated dependencies of target srdfdom[0m
[0.619s] [ 36%] Built target gtest
[0.619s] [ 36%] Built target gtest_main
[0.624s] [ 36%] Built target ament_cmake_python_copy_srdfdom
[0.624s] [ 63%] Built target srdfdom
[0.636s] [35m[1mConsolidate compiler generated dependencies of target test_cpp_C[0m
[0.637s] [35m[1mConsolidate compiler generated dependencies of target test_cpp_nl_NL.UTF-8[0m
[0.652s] [ 81%] Built target test_cpp_C
[0.653s] [100%] Built target test_cpp_nl_NL.UTF-8
[0.767s] running egg_info
[0.767s] writing srdfdom.egg-info/PKG-INFO
[0.767s] writing dependency_links to srdfdom.egg-info/dependency_links.txt
[0.767s] writing top-level names to srdfdom.egg-info/top_level.txt
[0.768s] reading manifest file 'srdfdom.egg-info/SOURCES.txt'
[0.769s] writing manifest file 'srdfdom.egg-info/SOURCES.txt'
[0.791s] [100%] Built target ament_cmake_python_build_srdfdom_egg
[0.803s] Invoked command in '/home/minis/ws_moveit2/build/srdfdom' returned '0': CMAKE_PREFIX_PATH=${CMAKE_PREFIX_PATH}:/home/minis/ws_moveit2/install/moveit_configs_utils:/home/minis/ws_moveit2/install/launch_param_builder:/opt/ros/humble /usr/bin/cmake --build /home/minis/ws_moveit2/build/srdfdom -- -j16 -l16
[0.804s] Invoking command in '/home/minis/ws_moveit2/build/srdfdom': CMAKE_PREFIX_PATH=${CMAKE_PREFIX_PATH}:/home/minis/ws_moveit2/install/moveit_configs_utils:/home/minis/ws_moveit2/install/launch_param_builder:/opt/ros/humble /usr/bin/cmake --install /home/minis/ws_moveit2/build/srdfdom
[0.814s] -- Install configuration: "Release"
[0.814s] -- Up-to-date: /home/minis/ws_moveit2/install/srdfdom/lib/libsrdfdom.so.2.0.8
[0.814s] -- Up-to-date: /home/minis/ws_moveit2/install/srdfdom/lib/libsrdfdom.so
[0.814s] -- Up-to-date: /home/minis/ws_moveit2/install/srdfdom/include/srdfdom
[0.814s] -- Up-to-date: /home/minis/ws_moveit2/install/srdfdom/include/srdfdom/srdfdom
[0.814s] -- Up-to-date: /home/minis/ws_moveit2/install/srdfdom/include/srdfdom/srdfdom/visibility_control.h
[0.814s] -- Up-to-date: /home/minis/ws_moveit2/install/srdfdom/include/srdfdom/srdfdom/model.h
[0.814s] -- Up-to-date: /home/minis/ws_moveit2/install/srdfdom/include/srdfdom/srdfdom/srdf_writer.h
[0.814s] -- Up-to-date: /home/minis/ws_moveit2/install/srdfdom/lib/srdfdom/display_srdf
[0.814s] -- Up-to-date: /home/minis/ws_moveit2/install/srdfdom/share/srdfdom/environment/pythonpath.sh
[0.814s] -- Installing: /home/minis/ws_moveit2/install/srdfdom/share/srdfdom/environment/pythonpath.dsv
[0.814s] -- Up-to-date: /home/minis/ws_moveit2/install/srdfdom/local/lib/python3.10/dist-packages/srdfdom-2.0.8-py3.10.egg-info
[0.814s] -- Installing: /home/minis/ws_moveit2/install/srdfdom/local/lib/python3.10/dist-packages/srdfdom-2.0.8-py3.10.egg-info/dependency_links.txt
[0.814s] -- Installing: /home/minis/ws_moveit2/install/srdfdom/local/lib/python3.10/dist-packages/srdfdom-2.0.8-py3.10.egg-info/top_level.txt
[0.815s] -- Installing: /home/minis/ws_moveit2/install/srdfdom/local/lib/python3.10/dist-packages/srdfdom-2.0.8-py3.10.egg-info/SOURCES.txt
[0.815s] -- Installing: /home/minis/ws_moveit2/install/srdfdom/local/lib/python3.10/dist-packages/srdfdom-2.0.8-py3.10.egg-info/PKG-INFO
[0.815s] -- Up-to-date: /home/minis/ws_moveit2/install/srdfdom/local/lib/python3.10/dist-packages/srdfdom
[0.815s] -- Up-to-date: /home/minis/ws_moveit2/install/srdfdom/local/lib/python3.10/dist-packages/srdfdom/srdf.py
[0.815s] -- Up-to-date: /home/minis/ws_moveit2/install/srdfdom/local/lib/python3.10/dist-packages/srdfdom/__init__.py
[0.836s] Listing '/home/minis/ws_moveit2/install/srdfdom/local/lib/python3.10/dist-packages/srdfdom'...
[0.840s] -- Up-to-date: /home/minis/ws_moveit2/install/srdfdom/share/srdfdom/environment/library_path.sh
[0.841s] -- Installing: /home/minis/ws_moveit2/install/srdfdom/share/srdfdom/environment/library_path.dsv
[0.841s] -- Up-to-date: /home/minis/ws_moveit2/install/srdfdom/share/ament_index/resource_index/package_run_dependencies/srdfdom
[0.841s] -- Installing: /home/minis/ws_moveit2/install/srdfdom/share/ament_index/resource_index/parent_prefix_path/srdfdom
[0.841s] -- Up-to-date: /home/minis/ws_moveit2/install/srdfdom/share/srdfdom/environment/ament_prefix_path.sh
[0.842s] -- Installing: /home/minis/ws_moveit2/install/srdfdom/share/srdfdom/environment/ament_prefix_path.dsv
[0.842s] -- Up-to-date: /home/minis/ws_moveit2/install/srdfdom/share/srdfdom/environment/path.sh
[0.842s] -- Installing: /home/minis/ws_moveit2/install/srdfdom/share/srdfdom/environment/path.dsv
[0.842s] -- Up-to-date: /home/minis/ws_moveit2/install/srdfdom/share/srdfdom/local_setup.bash
[0.842s] -- Up-to-date: /home/minis/ws_moveit2/install/srdfdom/share/srdfdom/local_setup.sh
[0.842s] -- Up-to-date: /home/minis/ws_moveit2/install/srdfdom/share/srdfdom/local_setup.zsh
[0.842s] -- Installing: /home/minis/ws_moveit2/install/srdfdom/share/srdfdom/local_setup.dsv
[0.842s] -- Installing: /home/minis/ws_moveit2/install/srdfdom/share/srdfdom/package.dsv
[0.842s] -- Up-to-date: /home/minis/ws_moveit2/install/srdfdom/share/ament_index/resource_index/packages/srdfdom
[0.842s] -- Up-to-date: /home/minis/ws_moveit2/install/srdfdom/share/srdfdom/cmake/srdfdomTargetsExport.cmake
[0.842s] -- Up-to-date: /home/minis/ws_moveit2/install/srdfdom/share/srdfdom/cmake/srdfdomTargetsExport-release.cmake
[0.842s] -- Up-to-date: /home/minis/ws_moveit2/install/srdfdom/share/srdfdom/cmake/ament_cmake_export_targets-extras.cmake
[0.842s] -- Up-to-date: /home/minis/ws_moveit2/install/srdfdom/share/srdfdom/cmake/ament_cmake_export_dependencies-extras.cmake
[0.842s] -- Up-to-date: /home/minis/ws_moveit2/install/srdfdom/share/srdfdom/cmake/srdfdomConfig.cmake
[0.842s] -- Up-to-date: /home/minis/ws_moveit2/install/srdfdom/share/srdfdom/cmake/srdfdomConfig-version.cmake
[0.842s] -- Up-to-date: /home/minis/ws_moveit2/install/srdfdom/share/srdfdom/package.xml
[0.845s] Invoked command in '/home/minis/ws_moveit2/build/srdfdom' returned '0': CMAKE_PREFIX_PATH=${CMAKE_PREFIX_PATH}:/home/minis/ws_moveit2/install/moveit_configs_utils:/home/minis/ws_moveit2/install/launch_param_builder:/opt/ros/humble /usr/bin/cmake --install /home/minis/ws_moveit2/build/srdfdom
