[0.020s] Invoking command in '/home/minis/ws_moveit2/build/moveit_ros_perception': AMENT_PREFIX_PATH=/home/minis/ws_moveit2/install/moveit_ros_planning:/home/minis/ws_moveit2/install/moveit_ros_occupancy_map_monitor:/home/minis/ws_moveit2/install/moveit_core:/home/minis/ws_moveit2/install/moveit_resources_panda_moveit_config:/home/minis/ws_moveit2/install/moveit_configs_utils:/home/minis/ws_moveit2/install/srdfdom:/home/minis/ws_moveit2/install/moveit_resources_pr2_description:/home/minis/ws_moveit2/install/moveit_resources_panda_description:/home/minis/ws_moveit2/install/moveit_common:/home/minis/ws_moveit2/install/launch_param_builder:${AMENT_PREFIX_PATH} CMAKE_PREFIX_PATH=/home/minis/ws_moveit2/install/moveit_ros_planning:/home/minis/ws_moveit2/install/moveit_ros_occupancy_map_monitor:/home/minis/ws_moveit2/install/moveit_core:/home/minis/ws_moveit2/install/moveit_resources_panda_moveit_config:/home/minis/ws_moveit2/install/srdfdom:/home/minis/ws_moveit2/install/moveit_resources_pr2_description:/home/minis/ws_moveit2/install/moveit_resources_panda_description:/home/minis/ws_moveit2/install/moveit_common:/home/minis/panda_humble/install/panda_moveit:/home/minis/panda_humble/install/panda_gazebo:/home/minis/panda_humble/install/panda_description:/opt/ros/humble LD_LIBRARY_PATH=/home/minis/ws_moveit2/install/moveit_ros_planning/lib:/home/minis/ws_moveit2/install/moveit_ros_occupancy_map_monitor/lib:/home/minis/ws_moveit2/install/moveit_core/lib:/home/minis/ws_moveit2/install/srdfdom/lib:${LD_LIBRARY_PATH} PATH=/home/minis/ws_moveit2/install/moveit_core/bin:${PATH} PYTHONPATH=/home/minis/ws_moveit2/install/moveit_configs_utils/lib/python3.10/site-packages:/home/minis/ws_moveit2/install/srdfdom/local/lib/python3.10/dist-packages:/home/minis/ws_moveit2/install/launch_param_builder/lib/python3.10/site-packages:${PYTHONPATH} /usr/bin/cmake --build /home/minis/ws_moveit2/build/moveit_ros_perception -- -j16 -l16
[0.072s] [ 10%] Built target moveit_lazy_free_space_updater
[0.072s] [ 20%] Built target moveit_point_containment_filter
[0.074s] [ 50%] Built target moveit_mesh_filter
[0.075s] [ 60%] Built target moveit_semantic_world
[0.100s] [ 70%] Built target moveit_depth_image_octomap_updater_core
[0.100s] [ 80%] Built target moveit_pointcloud_octomap_updater_core
[0.123s] [ 90%] Built target moveit_depth_image_octomap_updater
[0.125s] [100%] Built target moveit_pointcloud_octomap_updater
[0.133s] Invoked command in '/home/minis/ws_moveit2/build/moveit_ros_perception' returned '0': AMENT_PREFIX_PATH=/home/minis/ws_moveit2/install/moveit_ros_planning:/home/minis/ws_moveit2/install/moveit_ros_occupancy_map_monitor:/home/minis/ws_moveit2/install/moveit_core:/home/minis/ws_moveit2/install/moveit_resources_panda_moveit_config:/home/minis/ws_moveit2/install/moveit_configs_utils:/home/minis/ws_moveit2/install/srdfdom:/home/minis/ws_moveit2/install/moveit_resources_pr2_description:/home/minis/ws_moveit2/install/moveit_resources_panda_description:/home/minis/ws_moveit2/install/moveit_common:/home/minis/ws_moveit2/install/launch_param_builder:${AMENT_PREFIX_PATH} CMAKE_PREFIX_PATH=/home/minis/ws_moveit2/install/moveit_ros_planning:/home/minis/ws_moveit2/install/moveit_ros_occupancy_map_monitor:/home/minis/ws_moveit2/install/moveit_core:/home/minis/ws_moveit2/install/moveit_resources_panda_moveit_config:/home/minis/ws_moveit2/install/srdfdom:/home/minis/ws_moveit2/install/moveit_resources_pr2_description:/home/minis/ws_moveit2/install/moveit_resources_panda_description:/home/minis/ws_moveit2/install/moveit_common:/home/minis/panda_humble/install/panda_moveit:/home/minis/panda_humble/install/panda_gazebo:/home/minis/panda_humble/install/panda_description:/opt/ros/humble LD_LIBRARY_PATH=/home/minis/ws_moveit2/install/moveit_ros_planning/lib:/home/minis/ws_moveit2/install/moveit_ros_occupancy_map_monitor/lib:/home/minis/ws_moveit2/install/moveit_core/lib:/home/minis/ws_moveit2/install/srdfdom/lib:${LD_LIBRARY_PATH} PATH=/home/minis/ws_moveit2/install/moveit_core/bin:${PATH} PYTHONPATH=/home/minis/ws_moveit2/install/moveit_configs_utils/lib/python3.10/site-packages:/home/minis/ws_moveit2/install/srdfdom/local/lib/python3.10/dist-packages:/home/minis/ws_moveit2/install/launch_param_builder/lib/python3.10/site-packages:${PYTHONPATH} /usr/bin/cmake --build /home/minis/ws_moveit2/build/moveit_ros_perception -- -j16 -l16
[0.134s] Invoking command in '/home/minis/ws_moveit2/build/moveit_ros_perception': AMENT_PREFIX_PATH=/home/minis/ws_moveit2/install/moveit_ros_planning:/home/minis/ws_moveit2/install/moveit_ros_occupancy_map_monitor:/home/minis/ws_moveit2/install/moveit_core:/home/minis/ws_moveit2/install/moveit_resources_panda_moveit_config:/home/minis/ws_moveit2/install/moveit_configs_utils:/home/minis/ws_moveit2/install/srdfdom:/home/minis/ws_moveit2/install/moveit_resources_pr2_description:/home/minis/ws_moveit2/install/moveit_resources_panda_description:/home/minis/ws_moveit2/install/moveit_common:/home/minis/ws_moveit2/install/launch_param_builder:${AMENT_PREFIX_PATH} CMAKE_PREFIX_PATH=/home/minis/ws_moveit2/install/moveit_ros_planning:/home/minis/ws_moveit2/install/moveit_ros_occupancy_map_monitor:/home/minis/ws_moveit2/install/moveit_core:/home/minis/ws_moveit2/install/moveit_resources_panda_moveit_config:/home/minis/ws_moveit2/install/srdfdom:/home/minis/ws_moveit2/install/moveit_resources_pr2_description:/home/minis/ws_moveit2/install/moveit_resources_panda_description:/home/minis/ws_moveit2/install/moveit_common:/home/minis/panda_humble/install/panda_moveit:/home/minis/panda_humble/install/panda_gazebo:/home/minis/panda_humble/install/panda_description:/opt/ros/humble LD_LIBRARY_PATH=/home/minis/ws_moveit2/install/moveit_ros_planning/lib:/home/minis/ws_moveit2/install/moveit_ros_occupancy_map_monitor/lib:/home/minis/ws_moveit2/install/moveit_core/lib:/home/minis/ws_moveit2/install/srdfdom/lib:${LD_LIBRARY_PATH} PATH=/home/minis/ws_moveit2/install/moveit_core/bin:${PATH} PYTHONPATH=/home/minis/ws_moveit2/install/moveit_configs_utils/lib/python3.10/site-packages:/home/minis/ws_moveit2/install/srdfdom/local/lib/python3.10/dist-packages:/home/minis/ws_moveit2/install/launch_param_builder/lib/python3.10/site-packages:${PYTHONPATH} /usr/bin/cmake --install /home/minis/ws_moveit2/build/moveit_ros_perception
[0.140s] -- Install configuration: "Release"
[0.141s] -- Up-to-date: /home/minis/ws_moveit2/install/moveit_ros_perception/include
[0.141s] -- Up-to-date: /home/minis/ws_moveit2/install/moveit_ros_perception/include/moveit
[0.141s] -- Up-to-date: /home/minis/ws_moveit2/install/moveit_ros_perception/include/moveit/lazy_free_space_updater
[0.141s] -- Up-to-date: /home/minis/ws_moveit2/install/moveit_ros_perception/include/moveit/lazy_free_space_updater/lazy_free_space_updater.h
[0.141s] -- Up-to-date: /home/minis/ws_moveit2/install/moveit_ros_perception/include
[0.141s] -- Up-to-date: /home/minis/ws_moveit2/install/moveit_ros_perception/include/moveit
[0.141s] -- Up-to-date: /home/minis/ws_moveit2/install/moveit_ros_perception/include/moveit/point_containment_filter
[0.141s] -- Up-to-date: /home/minis/ws_moveit2/install/moveit_ros_perception/include/moveit/point_containment_filter/shape_mask.h
[0.141s] -- Up-to-date: /home/minis/ws_moveit2/install/moveit_ros_perception/include
[0.141s] -- Up-to-date: /home/minis/ws_moveit2/install/moveit_ros_perception/include/moveit
[0.141s] -- Up-to-date: /home/minis/ws_moveit2/install/moveit_ros_perception/include/moveit/pointcloud_octomap_updater
[0.141s] -- Up-to-date: /home/minis/ws_moveit2/install/moveit_ros_perception/include/moveit/pointcloud_octomap_updater/pointcloud_octomap_updater.h
[0.142s] -- Up-to-date: /home/minis/ws_moveit2/install/moveit_ros_perception/include
[0.142s] -- Up-to-date: /home/minis/ws_moveit2/install/moveit_ros_perception/include/moveit
[0.142s] -- Up-to-date: /home/minis/ws_moveit2/install/moveit_ros_perception/include/moveit/mesh_filter
[0.142s] -- Up-to-date: /home/minis/ws_moveit2/install/moveit_ros_perception/include/moveit/mesh_filter/sensor_model.h
[0.142s] -- Up-to-date: /home/minis/ws_moveit2/install/moveit_ros_perception/include/moveit/mesh_filter/stereo_camera_model.h
[0.142s] -- Up-to-date: /home/minis/ws_moveit2/install/moveit_ros_perception/include/moveit/mesh_filter/mesh_filter_base.h
[0.142s] -- Up-to-date: /home/minis/ws_moveit2/install/moveit_ros_perception/include/moveit/mesh_filter/filter_job.h
[0.142s] -- Up-to-date: /home/minis/ws_moveit2/install/moveit_ros_perception/include/moveit/mesh_filter/mesh_filter.h
[0.142s] -- Up-to-date: /home/minis/ws_moveit2/install/moveit_ros_perception/include/moveit/mesh_filter/gl_renderer.h
[0.142s] -- Up-to-date: /home/minis/ws_moveit2/install/moveit_ros_perception/include/moveit/mesh_filter/gl_mesh.h
[0.142s] -- Up-to-date: /home/minis/ws_moveit2/install/moveit_ros_perception/include/moveit/mesh_filter/depth_self_filter_nodelet.h
[0.142s] -- Up-to-date: /home/minis/ws_moveit2/install/moveit_ros_perception/include/moveit/mesh_filter/transform_provider.h
[0.142s] -- Up-to-date: /home/minis/ws_moveit2/install/moveit_ros_perception/include/moveit_mesh_filter_export.h
[0.142s] -- Up-to-date: /home/minis/ws_moveit2/install/moveit_ros_perception/include
[0.142s] -- Up-to-date: /home/minis/ws_moveit2/install/moveit_ros_perception/include/moveit
[0.142s] -- Up-to-date: /home/minis/ws_moveit2/install/moveit_ros_perception/include/moveit/depth_image_octomap_updater
[0.142s] -- Up-to-date: /home/minis/ws_moveit2/install/moveit_ros_perception/include/moveit/depth_image_octomap_updater/depth_image_octomap_updater.h
[0.142s] -- Up-to-date: /home/minis/ws_moveit2/install/moveit_ros_perception/include
[0.142s] -- Up-to-date: /home/minis/ws_moveit2/install/moveit_ros_perception/include/moveit
[0.142s] -- Up-to-date: /home/minis/ws_moveit2/install/moveit_ros_perception/include/moveit/semantic_world
[0.143s] -- Up-to-date: /home/minis/ws_moveit2/install/moveit_ros_perception/include/moveit/semantic_world/semantic_world.h
[0.143s] -- Up-to-date: /home/minis/ws_moveit2/install/moveit_ros_perception/lib/libmoveit_depth_image_octomap_updater.so.2.5.9
[0.143s] -- Up-to-date: /home/minis/ws_moveit2/install/moveit_ros_perception/lib/libmoveit_depth_image_octomap_updater.so
[0.143s] -- Up-to-date: /home/minis/ws_moveit2/install/moveit_ros_perception/lib/libmoveit_depth_image_octomap_updater_core.so.2.5.9
[0.143s] -- Up-to-date: /home/minis/ws_moveit2/install/moveit_ros_perception/lib/libmoveit_depth_image_octomap_updater_core.so
[0.144s] -- Up-to-date: /home/minis/ws_moveit2/install/moveit_ros_perception/lib/libmoveit_lazy_free_space_updater.so.2.5.9
[0.144s] -- Up-to-date: /home/minis/ws_moveit2/install/moveit_ros_perception/lib/libmoveit_lazy_free_space_updater.so
[0.144s] -- Up-to-date: /home/minis/ws_moveit2/install/moveit_ros_perception/lib/libmoveit_mesh_filter.so.2.5.9
[0.144s] -- Up-to-date: /home/minis/ws_moveit2/install/moveit_ros_perception/lib/libmoveit_mesh_filter.so
[0.145s] -- Up-to-date: /home/minis/ws_moveit2/install/moveit_ros_perception/lib/libmoveit_point_containment_filter.so.2.5.9
[0.145s] -- Up-to-date: /home/minis/ws_moveit2/install/moveit_ros_perception/lib/libmoveit_point_containment_filter.so
[0.145s] -- Up-to-date: /home/minis/ws_moveit2/install/moveit_ros_perception/lib/libmoveit_pointcloud_octomap_updater.so.2.5.9
[0.145s] -- Up-to-date: /home/minis/ws_moveit2/install/moveit_ros_perception/lib/libmoveit_pointcloud_octomap_updater.so
[0.146s] -- Up-to-date: /home/minis/ws_moveit2/install/moveit_ros_perception/lib/libmoveit_pointcloud_octomap_updater_core.so.2.5.9
[0.146s] -- Up-to-date: /home/minis/ws_moveit2/install/moveit_ros_perception/lib/libmoveit_pointcloud_octomap_updater_core.so
[0.146s] -- Up-to-date: /home/minis/ws_moveit2/install/moveit_ros_perception/lib/libmoveit_semantic_world.so.2.5.9
[0.146s] -- Up-to-date: /home/minis/ws_moveit2/install/moveit_ros_perception/lib/libmoveit_semantic_world.so
[0.146s] -- Up-to-date: /home/minis/ws_moveit2/install/moveit_ros_perception/share/moveit_ros_perception/environment/library_path.sh
[0.146s] -- Up-to-date: /home/minis/ws_moveit2/install/moveit_ros_perception/share/moveit_ros_perception/environment/library_path.dsv
[0.146s] -- Up-to-date: /home/minis/ws_moveit2/install/moveit_ros_perception/share/moveit_ros_perception/pointcloud_octomap_updater_plugin_description.xml
[0.146s] -- Up-to-date: /home/minis/ws_moveit2/install/moveit_ros_perception/share/moveit_ros_perception/depth_image_octomap_updater_plugin_description.xml
[0.147s] -- Up-to-date: /home/minis/ws_moveit2/install/moveit_ros_perception/share/ament_index/resource_index/package_run_dependencies/moveit_ros_perception
[0.147s] -- Up-to-date: /home/minis/ws_moveit2/install/moveit_ros_perception/share/ament_index/resource_index/parent_prefix_path/moveit_ros_perception
[0.147s] -- Up-to-date: /home/minis/ws_moveit2/install/moveit_ros_perception/share/moveit_ros_perception/environment/ament_prefix_path.sh
[0.147s] -- Up-to-date: /home/minis/ws_moveit2/install/moveit_ros_perception/share/moveit_ros_perception/environment/ament_prefix_path.dsv
[0.147s] -- Up-to-date: /home/minis/ws_moveit2/install/moveit_ros_perception/share/moveit_ros_perception/environment/path.sh
[0.147s] -- Up-to-date: /home/minis/ws_moveit2/install/moveit_ros_perception/share/moveit_ros_perception/environment/path.dsv
[0.147s] -- Up-to-date: /home/minis/ws_moveit2/install/moveit_ros_perception/share/moveit_ros_perception/local_setup.bash
[0.147s] -- Up-to-date: /home/minis/ws_moveit2/install/moveit_ros_perception/share/moveit_ros_perception/local_setup.sh
[0.147s] -- Up-to-date: /home/minis/ws_moveit2/install/moveit_ros_perception/share/moveit_ros_perception/local_setup.zsh
[0.147s] -- Up-to-date: /home/minis/ws_moveit2/install/moveit_ros_perception/share/moveit_ros_perception/local_setup.dsv
[0.147s] -- Installing: /home/minis/ws_moveit2/install/moveit_ros_perception/share/moveit_ros_perception/package.dsv
[0.147s] -- Up-to-date: /home/minis/ws_moveit2/install/moveit_ros_perception/share/ament_index/resource_index/packages/moveit_ros_perception
[0.147s] -- Up-to-date: /home/minis/ws_moveit2/install/moveit_ros_perception/share/ament_index/resource_index/moveit_ros_occupancy_map_monitor__pluginlib__plugin/moveit_ros_perception
[0.148s] -- Up-to-date: /home/minis/ws_moveit2/install/moveit_ros_perception/share/moveit_ros_perception/cmake/export_moveit_ros_perceptionExport.cmake
[0.148s] -- Up-to-date: /home/minis/ws_moveit2/install/moveit_ros_perception/share/moveit_ros_perception/cmake/export_moveit_ros_perceptionExport-release.cmake
[0.148s] -- Up-to-date: /home/minis/ws_moveit2/install/moveit_ros_perception/share/moveit_ros_perception/cmake/ConfigExtras.cmake
[0.148s] -- Up-to-date: /home/minis/ws_moveit2/install/moveit_ros_perception/share/moveit_ros_perception/cmake/ament_cmake_export_targets-extras.cmake
[0.148s] -- Up-to-date: /home/minis/ws_moveit2/install/moveit_ros_perception/share/moveit_ros_perception/cmake/ament_cmake_export_dependencies-extras.cmake
[0.148s] -- Up-to-date: /home/minis/ws_moveit2/install/moveit_ros_perception/share/moveit_ros_perception/cmake/moveit_ros_perceptionConfig.cmake
[0.148s] -- Up-to-date: /home/minis/ws_moveit2/install/moveit_ros_perception/share/moveit_ros_perception/cmake/moveit_ros_perceptionConfig-version.cmake
[0.148s] -- Up-to-date: /home/minis/ws_moveit2/install/moveit_ros_perception/share/moveit_ros_perception/package.xml
[0.150s] Invoked command in '/home/minis/ws_moveit2/build/moveit_ros_perception' returned '0': AMENT_PREFIX_PATH=/home/minis/ws_moveit2/install/moveit_ros_planning:/home/minis/ws_moveit2/install/moveit_ros_occupancy_map_monitor:/home/minis/ws_moveit2/install/moveit_core:/home/minis/ws_moveit2/install/moveit_resources_panda_moveit_config:/home/minis/ws_moveit2/install/moveit_configs_utils:/home/minis/ws_moveit2/install/srdfdom:/home/minis/ws_moveit2/install/moveit_resources_pr2_description:/home/minis/ws_moveit2/install/moveit_resources_panda_description:/home/minis/ws_moveit2/install/moveit_common:/home/minis/ws_moveit2/install/launch_param_builder:${AMENT_PREFIX_PATH} CMAKE_PREFIX_PATH=/home/minis/ws_moveit2/install/moveit_ros_planning:/home/minis/ws_moveit2/install/moveit_ros_occupancy_map_monitor:/home/minis/ws_moveit2/install/moveit_core:/home/minis/ws_moveit2/install/moveit_resources_panda_moveit_config:/home/minis/ws_moveit2/install/srdfdom:/home/minis/ws_moveit2/install/moveit_resources_pr2_description:/home/minis/ws_moveit2/install/moveit_resources_panda_description:/home/minis/ws_moveit2/install/moveit_common:/home/minis/panda_humble/install/panda_moveit:/home/minis/panda_humble/install/panda_gazebo:/home/minis/panda_humble/install/panda_description:/opt/ros/humble LD_LIBRARY_PATH=/home/minis/ws_moveit2/install/moveit_ros_planning/lib:/home/minis/ws_moveit2/install/moveit_ros_occupancy_map_monitor/lib:/home/minis/ws_moveit2/install/moveit_core/lib:/home/minis/ws_moveit2/install/srdfdom/lib:${LD_LIBRARY_PATH} PATH=/home/minis/ws_moveit2/install/moveit_core/bin:${PATH} PYTHONPATH=/home/minis/ws_moveit2/install/moveit_configs_utils/lib/python3.10/site-packages:/home/minis/ws_moveit2/install/srdfdom/local/lib/python3.10/dist-packages:/home/minis/ws_moveit2/install/launch_param_builder/lib/python3.10/site-packages:${PYTHONPATH} /usr/bin/cmake --install /home/minis/ws_moveit2/build/moveit_ros_perception
