[0.025s] Invoking command in '/home/minis/ws_moveit2/build/moveit_servo': AMENT_PREFIX_PATH=/home/minis/ws_moveit2/install/moveit_ros_planning_interface:/home/minis/ws_moveit2/install/moveit_ros_move_group:/home/minis/ws_moveit2/install/moveit_ros_warehouse:/home/minis/ws_moveit2/install/moveit_planners_ompl:/home/minis/ws_moveit2/install/moveit_kinematics:/home/minis/ws_moveit2/install/moveit_ros_planning:/home/minis/ws_moveit2/install/moveit_simple_controller_manager:/home/minis/ws_moveit2/install/moveit_ros_occupancy_map_monitor:/home/minis/ws_moveit2/install/moveit_core:/home/minis/ws_moveit2/install/moveit_resources_panda_moveit_config:/home/minis/ws_moveit2/install/moveit_resources_fanuc_moveit_config:/home/minis/ws_moveit2/install/moveit_configs_utils:/home/minis/ws_moveit2/install/srdfdom:/home/minis/ws_moveit2/install/moveit_resources_pr2_description:/home/minis/ws_moveit2/install/moveit_resources_panda_description:/home/minis/ws_moveit2/install/moveit_resources_fanuc_description:/home/minis/ws_moveit2/install/moveit_common:/home/minis/ws_moveit2/install/launch_param_builder CMAKE_PREFIX_PATH=/home/minis/ws_moveit2/install/moveit_ros_planning_interface:/home/minis/ws_moveit2/install/moveit_ros_move_group:/home/minis/ws_moveit2/install/moveit_ros_warehouse:/home/minis/ws_moveit2/install/moveit_planners_ompl:/home/minis/ws_moveit2/install/moveit_kinematics:/home/minis/ws_moveit2/install/moveit_ros_planning:/home/minis/ws_moveit2/install/moveit_simple_controller_manager:/home/minis/ws_moveit2/install/moveit_ros_occupancy_map_monitor:/home/minis/ws_moveit2/install/moveit_core:/home/minis/ws_moveit2/install/moveit_resources_panda_moveit_config:/home/minis/ws_moveit2/install/moveit_resources_fanuc_moveit_config:/home/minis/ws_moveit2/install/srdfdom:/home/minis/ws_moveit2/install/moveit_resources_pr2_description:/home/minis/ws_moveit2/install/moveit_resources_panda_description:/home/minis/ws_moveit2/install/moveit_resources_fanuc_description:/home/minis/ws_moveit2/install/moveit_common LD_LIBRARY_PATH=/home/minis/ws_moveit2/install/moveit_ros_planning_interface/lib:/home/minis/ws_moveit2/install/moveit_ros_move_group/lib:/home/minis/ws_moveit2/install/moveit_ros_warehouse/lib:/home/minis/ws_moveit2/install/moveit_planners_ompl/lib:/home/minis/ws_moveit2/install/moveit_kinematics/lib:/home/minis/ws_moveit2/install/moveit_ros_planning/lib:/home/minis/ws_moveit2/install/moveit_simple_controller_manager/lib:/home/minis/ws_moveit2/install/moveit_ros_occupancy_map_monitor/lib:/home/minis/ws_moveit2/install/moveit_core/lib:/home/minis/ws_moveit2/install/srdfdom/lib PATH=/home/minis/ws_moveit2/install/moveit_core/bin:${PATH} PYTHONPATH=/home/minis/ws_moveit2/install/moveit_configs_utils/lib/python3.10/site-packages:/home/minis/ws_moveit2/install/srdfdom/local/lib/python3.10/dist-packages:/home/minis/ws_moveit2/install/launch_param_builder/lib/python3.10/site-packages /usr/bin/cmake --build /home/minis/ws_moveit2/build/moveit_servo -- -j16 -l16
[0.062s] [35m[1mConsolidate compiler generated dependencies of target gtest_main[0m
[0.062s] [35m[1mConsolidate compiler generated dependencies of target gtest[0m
[0.062s] [35m[1mConsolidate compiler generated dependencies of target fake_command_publisher[0m
[0.062s] [35m[1mConsolidate compiler generated dependencies of target servo_controller_input[0m
[0.064s] [35m[1mConsolidate compiler generated dependencies of target moveit_servo_lib_parameters[0m
[0.081s] [  6%] Built target gtest_main
[0.083s] [ 12%] Built target gtest
[0.086s] [ 18%] Built target fake_command_publisher
[0.089s] [ 24%] Built target servo_controller_input
[0.096s] [ 33%] Built target moveit_servo_lib_parameters
[0.106s] [35m[1mConsolidate compiler generated dependencies of target test_servo_collision[0m
[0.106s] [35m[1mConsolidate compiler generated dependencies of target test_servo_integration[0m
[0.111s] [35m[1mConsolidate compiler generated dependencies of target moveit_servo_lib[0m
[0.134s] [ 45%] Built target test_servo_collision
[0.134s] [ 45%] Built target test_servo_integration
[0.158s] [ 63%] Built target moveit_servo_lib
[0.174s] [35m[1mConsolidate compiler generated dependencies of target servo_node[0m
[0.174s] [35m[1mConsolidate compiler generated dependencies of target servo_calcs_unit_tests[0m
[0.174s] [35m[1mConsolidate compiler generated dependencies of target pose_tracking[0m
[0.203s] [ 69%] Built target servo_node
[0.206s] [ 75%] Built target servo_calcs_unit_tests
[0.211s] [ 81%] Built target pose_tracking
[0.215s] [35m[1mConsolidate compiler generated dependencies of target servo_node_main[0m
[0.222s] [35m[1mConsolidate compiler generated dependencies of target test_servo_pose_tracking[0m
[0.222s] [35m[1mConsolidate compiler generated dependencies of target servo_pose_tracking_demo[0m
[0.238s] [ 87%] Built target servo_node_main
[0.242s] [100%] Built target test_servo_pose_tracking
[0.242s] [100%] Built target servo_pose_tracking_demo
[0.252s] Invoked command in '/home/minis/ws_moveit2/build/moveit_servo' returned '0': AMENT_PREFIX_PATH=/home/minis/ws_moveit2/install/moveit_ros_planning_interface:/home/minis/ws_moveit2/install/moveit_ros_move_group:/home/minis/ws_moveit2/install/moveit_ros_warehouse:/home/minis/ws_moveit2/install/moveit_planners_ompl:/home/minis/ws_moveit2/install/moveit_kinematics:/home/minis/ws_moveit2/install/moveit_ros_planning:/home/minis/ws_moveit2/install/moveit_simple_controller_manager:/home/minis/ws_moveit2/install/moveit_ros_occupancy_map_monitor:/home/minis/ws_moveit2/install/moveit_core:/home/minis/ws_moveit2/install/moveit_resources_panda_moveit_config:/home/minis/ws_moveit2/install/moveit_resources_fanuc_moveit_config:/home/minis/ws_moveit2/install/moveit_configs_utils:/home/minis/ws_moveit2/install/srdfdom:/home/minis/ws_moveit2/install/moveit_resources_pr2_description:/home/minis/ws_moveit2/install/moveit_resources_panda_description:/home/minis/ws_moveit2/install/moveit_resources_fanuc_description:/home/minis/ws_moveit2/install/moveit_common:/home/minis/ws_moveit2/install/launch_param_builder CMAKE_PREFIX_PATH=/home/minis/ws_moveit2/install/moveit_ros_planning_interface:/home/minis/ws_moveit2/install/moveit_ros_move_group:/home/minis/ws_moveit2/install/moveit_ros_warehouse:/home/minis/ws_moveit2/install/moveit_planners_ompl:/home/minis/ws_moveit2/install/moveit_kinematics:/home/minis/ws_moveit2/install/moveit_ros_planning:/home/minis/ws_moveit2/install/moveit_simple_controller_manager:/home/minis/ws_moveit2/install/moveit_ros_occupancy_map_monitor:/home/minis/ws_moveit2/install/moveit_core:/home/minis/ws_moveit2/install/moveit_resources_panda_moveit_config:/home/minis/ws_moveit2/install/moveit_resources_fanuc_moveit_config:/home/minis/ws_moveit2/install/srdfdom:/home/minis/ws_moveit2/install/moveit_resources_pr2_description:/home/minis/ws_moveit2/install/moveit_resources_panda_description:/home/minis/ws_moveit2/install/moveit_resources_fanuc_description:/home/minis/ws_moveit2/install/moveit_common LD_LIBRARY_PATH=/home/minis/ws_moveit2/install/moveit_ros_planning_interface/lib:/home/minis/ws_moveit2/install/moveit_ros_move_group/lib:/home/minis/ws_moveit2/install/moveit_ros_warehouse/lib:/home/minis/ws_moveit2/install/moveit_planners_ompl/lib:/home/minis/ws_moveit2/install/moveit_kinematics/lib:/home/minis/ws_moveit2/install/moveit_ros_planning/lib:/home/minis/ws_moveit2/install/moveit_simple_controller_manager/lib:/home/minis/ws_moveit2/install/moveit_ros_occupancy_map_monitor/lib:/home/minis/ws_moveit2/install/moveit_core/lib:/home/minis/ws_moveit2/install/srdfdom/lib PATH=/home/minis/ws_moveit2/install/moveit_core/bin:${PATH} PYTHONPATH=/home/minis/ws_moveit2/install/moveit_configs_utils/lib/python3.10/site-packages:/home/minis/ws_moveit2/install/srdfdom/local/lib/python3.10/dist-packages:/home/minis/ws_moveit2/install/launch_param_builder/lib/python3.10/site-packages /usr/bin/cmake --build /home/minis/ws_moveit2/build/moveit_servo -- -j16 -l16
[0.254s] Invoking command in '/home/minis/ws_moveit2/build/moveit_servo': AMENT_PREFIX_PATH=/home/minis/ws_moveit2/install/moveit_ros_planning_interface:/home/minis/ws_moveit2/install/moveit_ros_move_group:/home/minis/ws_moveit2/install/moveit_ros_warehouse:/home/minis/ws_moveit2/install/moveit_planners_ompl:/home/minis/ws_moveit2/install/moveit_kinematics:/home/minis/ws_moveit2/install/moveit_ros_planning:/home/minis/ws_moveit2/install/moveit_simple_controller_manager:/home/minis/ws_moveit2/install/moveit_ros_occupancy_map_monitor:/home/minis/ws_moveit2/install/moveit_core:/home/minis/ws_moveit2/install/moveit_resources_panda_moveit_config:/home/minis/ws_moveit2/install/moveit_resources_fanuc_moveit_config:/home/minis/ws_moveit2/install/moveit_configs_utils:/home/minis/ws_moveit2/install/srdfdom:/home/minis/ws_moveit2/install/moveit_resources_pr2_description:/home/minis/ws_moveit2/install/moveit_resources_panda_description:/home/minis/ws_moveit2/install/moveit_resources_fanuc_description:/home/minis/ws_moveit2/install/moveit_common:/home/minis/ws_moveit2/install/launch_param_builder CMAKE_PREFIX_PATH=/home/minis/ws_moveit2/install/moveit_ros_planning_interface:/home/minis/ws_moveit2/install/moveit_ros_move_group:/home/minis/ws_moveit2/install/moveit_ros_warehouse:/home/minis/ws_moveit2/install/moveit_planners_ompl:/home/minis/ws_moveit2/install/moveit_kinematics:/home/minis/ws_moveit2/install/moveit_ros_planning:/home/minis/ws_moveit2/install/moveit_simple_controller_manager:/home/minis/ws_moveit2/install/moveit_ros_occupancy_map_monitor:/home/minis/ws_moveit2/install/moveit_core:/home/minis/ws_moveit2/install/moveit_resources_panda_moveit_config:/home/minis/ws_moveit2/install/moveit_resources_fanuc_moveit_config:/home/minis/ws_moveit2/install/srdfdom:/home/minis/ws_moveit2/install/moveit_resources_pr2_description:/home/minis/ws_moveit2/install/moveit_resources_panda_description:/home/minis/ws_moveit2/install/moveit_resources_fanuc_description:/home/minis/ws_moveit2/install/moveit_common LD_LIBRARY_PATH=/home/minis/ws_moveit2/install/moveit_ros_planning_interface/lib:/home/minis/ws_moveit2/install/moveit_ros_move_group/lib:/home/minis/ws_moveit2/install/moveit_ros_warehouse/lib:/home/minis/ws_moveit2/install/moveit_planners_ompl/lib:/home/minis/ws_moveit2/install/moveit_kinematics/lib:/home/minis/ws_moveit2/install/moveit_ros_planning/lib:/home/minis/ws_moveit2/install/moveit_simple_controller_manager/lib:/home/minis/ws_moveit2/install/moveit_ros_occupancy_map_monitor/lib:/home/minis/ws_moveit2/install/moveit_core/lib:/home/minis/ws_moveit2/install/srdfdom/lib PATH=/home/minis/ws_moveit2/install/moveit_core/bin:${PATH} PYTHONPATH=/home/minis/ws_moveit2/install/moveit_configs_utils/lib/python3.10/site-packages:/home/minis/ws_moveit2/install/srdfdom/local/lib/python3.10/dist-packages:/home/minis/ws_moveit2/install/launch_param_builder/lib/python3.10/site-packages /usr/bin/cmake --install /home/minis/ws_moveit2/build/moveit_servo
[0.261s] -- Install configuration: "Release"
[0.261s] -- Up-to-date: /home/minis/ws_moveit2/install/moveit_servo/lib/libmoveit_servo_lib.so.2.5.9
[0.262s] -- Up-to-date: /home/minis/ws_moveit2/install/moveit_servo/lib/libmoveit_servo_lib.so
[0.262s] -- Up-to-date: /home/minis/ws_moveit2/install/moveit_servo/lib/libmoveit_servo_lib_parameters.so.2.5.9
[0.262s] -- Up-to-date: /home/minis/ws_moveit2/install/moveit_servo/lib/libmoveit_servo_lib_parameters.so
[0.262s] -- Up-to-date: /home/minis/ws_moveit2/install/moveit_servo/lib/libpose_tracking.so
[0.262s] -- Up-to-date: /home/minis/ws_moveit2/install/moveit_servo/lib/libservo_node.so
[0.263s] -- Up-to-date: /home/minis/ws_moveit2/install/moveit_servo/lib/libservo_controller_input.so
[0.263s] -- Up-to-date: /home/minis/ws_moveit2/install/moveit_servo/lib/moveit_servo/servo_node_main
[0.264s] -- Up-to-date: /home/minis/ws_moveit2/install/moveit_servo/lib/moveit_servo/servo_pose_tracking_demo
[0.264s] -- Up-to-date: /home/minis/ws_moveit2/install/moveit_servo/lib/moveit_servo/fake_command_publisher
[0.264s] -- Up-to-date: /home/minis/ws_moveit2/install/moveit_servo/include
[0.264s] -- Up-to-date: /home/minis/ws_moveit2/install/moveit_servo/include/moveit_servo
[0.264s] -- Up-to-date: /home/minis/ws_moveit2/install/moveit_servo/include/moveit_servo/pose_tracking.h
[0.264s] -- Up-to-date: /home/minis/ws_moveit2/install/moveit_servo/include/moveit_servo/collision_check.h
[0.264s] -- Up-to-date: /home/minis/ws_moveit2/install/moveit_servo/include/moveit_servo/enforce_limits.hpp
[0.264s] -- Up-to-date: /home/minis/ws_moveit2/install/moveit_servo/include/moveit_servo/servo_parameters.h
[0.265s] -- Up-to-date: /home/minis/ws_moveit2/install/moveit_servo/include/moveit_servo/servo_calcs.h
[0.265s] -- Up-to-date: /home/minis/ws_moveit2/install/moveit_servo/include/moveit_servo/servo_server.h
[0.265s] -- Up-to-date: /home/minis/ws_moveit2/install/moveit_servo/include/moveit_servo/servo.h
[0.265s] -- Up-to-date: /home/minis/ws_moveit2/install/moveit_servo/include/moveit_servo/make_shared_from_pool.h
[0.265s] -- Up-to-date: /home/minis/ws_moveit2/install/moveit_servo/include/moveit_servo/parameter_descriptor_builder.hpp
[0.265s] -- Up-to-date: /home/minis/ws_moveit2/install/moveit_servo/include/moveit_servo/utilities.h
[0.265s] -- Up-to-date: /home/minis/ws_moveit2/install/moveit_servo/include/moveit_servo/servo_node.h
[0.265s] -- Up-to-date: /home/minis/ws_moveit2/install/moveit_servo/include/moveit_servo/status_codes.h
[0.265s] -- Up-to-date: /home/minis/ws_moveit2/install/moveit_servo/share/moveit_servo/launch
[0.265s] -- Up-to-date: /home/minis/ws_moveit2/install/moveit_servo/share/moveit_servo/launch/servo_example.launch.py
[0.265s] -- Up-to-date: /home/minis/ws_moveit2/install/moveit_servo/share/moveit_servo/launch/pose_tracking_example.launch.py
[0.265s] -- Up-to-date: /home/minis/ws_moveit2/install/moveit_servo/share/moveit_servo/config
[0.265s] -- Up-to-date: /home/minis/ws_moveit2/install/moveit_servo/share/moveit_servo/config/demo_rviz_pose_tracking.rviz
[0.265s] -- Up-to-date: /home/minis/ws_moveit2/install/moveit_servo/share/moveit_servo/config/demo_rviz_config.rviz
[0.265s] -- Up-to-date: /home/minis/ws_moveit2/install/moveit_servo/share/moveit_servo/config/panda_simulated_config_pose_tracking.yaml
[0.265s] -- Up-to-date: /home/minis/ws_moveit2/install/moveit_servo/share/moveit_servo/config/pose_tracking_settings.yaml
[0.265s] -- Up-to-date: /home/minis/ws_moveit2/install/moveit_servo/share/moveit_servo/config/panda_simulated_config.yaml
[0.265s] -- Up-to-date: /home/minis/ws_moveit2/install/moveit_servo/share/moveit_servo/environment/library_path.sh
[0.265s] -- Up-to-date: /home/minis/ws_moveit2/install/moveit_servo/share/moveit_servo/environment/library_path.dsv
[0.266s] -- Up-to-date: /home/minis/ws_moveit2/install/moveit_servo/share/ament_index/resource_index/package_run_dependencies/moveit_servo
[0.266s] -- Up-to-date: /home/minis/ws_moveit2/install/moveit_servo/share/ament_index/resource_index/parent_prefix_path/moveit_servo
[0.266s] -- Up-to-date: /home/minis/ws_moveit2/install/moveit_servo/share/moveit_servo/environment/ament_prefix_path.sh
[0.266s] -- Up-to-date: /home/minis/ws_moveit2/install/moveit_servo/share/moveit_servo/environment/ament_prefix_path.dsv
[0.266s] -- Up-to-date: /home/minis/ws_moveit2/install/moveit_servo/share/moveit_servo/environment/path.sh
[0.266s] -- Up-to-date: /home/minis/ws_moveit2/install/moveit_servo/share/moveit_servo/environment/path.dsv
[0.266s] -- Up-to-date: /home/minis/ws_moveit2/install/moveit_servo/share/moveit_servo/local_setup.bash
[0.266s] -- Up-to-date: /home/minis/ws_moveit2/install/moveit_servo/share/moveit_servo/local_setup.sh
[0.266s] -- Up-to-date: /home/minis/ws_moveit2/install/moveit_servo/share/moveit_servo/local_setup.zsh
[0.266s] -- Up-to-date: /home/minis/ws_moveit2/install/moveit_servo/share/moveit_servo/local_setup.dsv
[0.266s] -- Installing: /home/minis/ws_moveit2/install/moveit_servo/share/moveit_servo/package.dsv
[0.266s] -- Up-to-date: /home/minis/ws_moveit2/install/moveit_servo/share/ament_index/resource_index/packages/moveit_servo
[0.266s] -- Up-to-date: /home/minis/ws_moveit2/install/moveit_servo/share/ament_index/resource_index/rclcpp_components/moveit_servo
[0.266s] -- Up-to-date: /home/minis/ws_moveit2/install/moveit_servo/share/moveit_servo/cmake/export_moveit_servoExport.cmake
[0.266s] -- Up-to-date: /home/minis/ws_moveit2/install/moveit_servo/share/moveit_servo/cmake/export_moveit_servoExport-release.cmake
[0.267s] -- Up-to-date: /home/minis/ws_moveit2/install/moveit_servo/share/moveit_servo/cmake/ament_cmake_export_targets-extras.cmake
[0.267s] -- Up-to-date: /home/minis/ws_moveit2/install/moveit_servo/share/moveit_servo/cmake/ament_cmake_export_dependencies-extras.cmake
[0.267s] -- Up-to-date: /home/minis/ws_moveit2/install/moveit_servo/share/moveit_servo/cmake/moveit_servoConfig.cmake
[0.267s] -- Up-to-date: /home/minis/ws_moveit2/install/moveit_servo/share/moveit_servo/cmake/moveit_servoConfig-version.cmake
[0.267s] -- Up-to-date: /home/minis/ws_moveit2/install/moveit_servo/share/moveit_servo/package.xml
[0.276s] Invoked command in '/home/minis/ws_moveit2/build/moveit_servo' returned '0': AMENT_PREFIX_PATH=/home/minis/ws_moveit2/install/moveit_ros_planning_interface:/home/minis/ws_moveit2/install/moveit_ros_move_group:/home/minis/ws_moveit2/install/moveit_ros_warehouse:/home/minis/ws_moveit2/install/moveit_planners_ompl:/home/minis/ws_moveit2/install/moveit_kinematics:/home/minis/ws_moveit2/install/moveit_ros_planning:/home/minis/ws_moveit2/install/moveit_simple_controller_manager:/home/minis/ws_moveit2/install/moveit_ros_occupancy_map_monitor:/home/minis/ws_moveit2/install/moveit_core:/home/minis/ws_moveit2/install/moveit_resources_panda_moveit_config:/home/minis/ws_moveit2/install/moveit_resources_fanuc_moveit_config:/home/minis/ws_moveit2/install/moveit_configs_utils:/home/minis/ws_moveit2/install/srdfdom:/home/minis/ws_moveit2/install/moveit_resources_pr2_description:/home/minis/ws_moveit2/install/moveit_resources_panda_description:/home/minis/ws_moveit2/install/moveit_resources_fanuc_description:/home/minis/ws_moveit2/install/moveit_common:/home/minis/ws_moveit2/install/launch_param_builder CMAKE_PREFIX_PATH=/home/minis/ws_moveit2/install/moveit_ros_planning_interface:/home/minis/ws_moveit2/install/moveit_ros_move_group:/home/minis/ws_moveit2/install/moveit_ros_warehouse:/home/minis/ws_moveit2/install/moveit_planners_ompl:/home/minis/ws_moveit2/install/moveit_kinematics:/home/minis/ws_moveit2/install/moveit_ros_planning:/home/minis/ws_moveit2/install/moveit_simple_controller_manager:/home/minis/ws_moveit2/install/moveit_ros_occupancy_map_monitor:/home/minis/ws_moveit2/install/moveit_core:/home/minis/ws_moveit2/install/moveit_resources_panda_moveit_config:/home/minis/ws_moveit2/install/moveit_resources_fanuc_moveit_config:/home/minis/ws_moveit2/install/srdfdom:/home/minis/ws_moveit2/install/moveit_resources_pr2_description:/home/minis/ws_moveit2/install/moveit_resources_panda_description:/home/minis/ws_moveit2/install/moveit_resources_fanuc_description:/home/minis/ws_moveit2/install/moveit_common LD_LIBRARY_PATH=/home/minis/ws_moveit2/install/moveit_ros_planning_interface/lib:/home/minis/ws_moveit2/install/moveit_ros_move_group/lib:/home/minis/ws_moveit2/install/moveit_ros_warehouse/lib:/home/minis/ws_moveit2/install/moveit_planners_ompl/lib:/home/minis/ws_moveit2/install/moveit_kinematics/lib:/home/minis/ws_moveit2/install/moveit_ros_planning/lib:/home/minis/ws_moveit2/install/moveit_simple_controller_manager/lib:/home/minis/ws_moveit2/install/moveit_ros_occupancy_map_monitor/lib:/home/minis/ws_moveit2/install/moveit_core/lib:/home/minis/ws_moveit2/install/srdfdom/lib PATH=/home/minis/ws_moveit2/install/moveit_core/bin:${PATH} PYTHONPATH=/home/minis/ws_moveit2/install/moveit_configs_utils/lib/python3.10/site-packages:/home/minis/ws_moveit2/install/srdfdom/local/lib/python3.10/dist-packages:/home/minis/ws_moveit2/install/launch_param_builder/lib/python3.10/site-packages /usr/bin/cmake --install /home/minis/ws_moveit2/build/moveit_servo
