[0.034s] Invoking command in '/home/minis/ws_moveit2/build/moveit_py': AMENT_PREFIX_PATH=/home/minis/ws_moveit2/install/moveit_ros_planning_interface:/home/minis/ws_moveit2/install/moveit_ros_move_group:/home/minis/ws_moveit2/install/moveit_ros_warehouse:/home/minis/ws_moveit2/install/moveit_planners_ompl:/home/minis/ws_moveit2/install/moveit_kinematics:/home/minis/ws_moveit2/install/moveit_ros_planning:/home/minis/ws_moveit2/install/moveit_simple_controller_manager:/home/minis/ws_moveit2/install/moveit_ros_occupancy_map_monitor:/home/minis/ws_moveit2/install/moveit_core:/home/minis/ws_moveit2/install/moveit_resources_panda_moveit_config:/home/minis/ws_moveit2/install/moveit_resources_fanuc_moveit_config:/home/minis/ws_moveit2/install/moveit_configs_utils:/home/minis/ws_moveit2/install/srdfdom:/home/minis/ws_moveit2/install/moveit_resources_pr2_description:/home/minis/ws_moveit2/install/moveit_resources_panda_description:/home/minis/ws_moveit2/install/moveit_resources_fanuc_description:/home/minis/ws_moveit2/install/moveit_common:/home/minis/ws_moveit2/install/launch_param_builder:${AMENT_PREFIX_PATH} CMAKE_PREFIX_PATH=/home/minis/ws_moveit2/install/moveit_ros_planning_interface:/home/minis/ws_moveit2/install/moveit_ros_move_group:/home/minis/ws_moveit2/install/moveit_ros_warehouse:/home/minis/ws_moveit2/install/moveit_planners_ompl:/home/minis/ws_moveit2/install/moveit_kinematics:/home/minis/ws_moveit2/install/moveit_ros_planning:/home/minis/ws_moveit2/install/moveit_simple_controller_manager:/home/minis/ws_moveit2/install/moveit_ros_occupancy_map_monitor:/home/minis/ws_moveit2/install/moveit_core:/home/minis/ws_moveit2/install/moveit_resources_panda_moveit_config:/home/minis/ws_moveit2/install/moveit_resources_fanuc_moveit_config:/home/minis/ws_moveit2/install/srdfdom:/home/minis/ws_moveit2/install/moveit_resources_pr2_description:/home/minis/ws_moveit2/install/moveit_resources_panda_description:/home/minis/ws_moveit2/install/moveit_resources_fanuc_description:/home/minis/ws_moveit2/install/moveit_common:/home/minis/panda_humble/install/panda_moveit:/home/minis/panda_humble/install/panda_gazebo:/home/minis/panda_humble/install/panda_description:/opt/ros/humble LD_LIBRARY_PATH=/home/minis/ws_moveit2/install/moveit_ros_planning_interface/lib:/home/minis/ws_moveit2/install/moveit_ros_move_group/lib:/home/minis/ws_moveit2/install/moveit_ros_warehouse/lib:/home/minis/ws_moveit2/install/moveit_planners_ompl/lib:/home/minis/ws_moveit2/install/moveit_kinematics/lib:/home/minis/ws_moveit2/install/moveit_ros_planning/lib:/home/minis/ws_moveit2/install/moveit_simple_controller_manager/lib:/home/minis/ws_moveit2/install/moveit_ros_occupancy_map_monitor/lib:/home/minis/ws_moveit2/install/moveit_core/lib:/home/minis/ws_moveit2/install/srdfdom/lib:${LD_LIBRARY_PATH} PATH=/home/minis/ws_moveit2/install/moveit_core/bin:${PATH} PYTHONPATH=/home/minis/ws_moveit2/install/moveit_configs_utils/lib/python3.10/site-packages:/home/minis/ws_moveit2/install/srdfdom/local/lib/python3.10/dist-packages:/home/minis/ws_moveit2/install/launch_param_builder/lib/python3.10/site-packages:${PYTHONPATH} /usr/bin/cmake --build /home/minis/ws_moveit2/build/moveit_py -- -j16 -l16
[0.092s] [ 12%] Built target moveit_py_utils
[0.093s] [ 12%] Built target ament_cmake_python_copy_moveit
[0.132s] [ 37%] Built target planning
[0.133s] [100%] Built target core
[0.225s] running egg_info
[0.225s] writing moveit.egg-info/PKG-INFO
[0.225s] writing dependency_links to moveit.egg-info/dependency_links.txt
[0.226s] writing top-level names to moveit.egg-info/top_level.txt
[0.227s] reading manifest file 'moveit.egg-info/SOURCES.txt'
[0.227s] writing manifest file 'moveit.egg-info/SOURCES.txt'
[0.248s] [100%] Built target ament_cmake_python_build_moveit_egg
[0.259s] Invoked command in '/home/minis/ws_moveit2/build/moveit_py' returned '0': AMENT_PREFIX_PATH=/home/minis/ws_moveit2/install/moveit_ros_planning_interface:/home/minis/ws_moveit2/install/moveit_ros_move_group:/home/minis/ws_moveit2/install/moveit_ros_warehouse:/home/minis/ws_moveit2/install/moveit_planners_ompl:/home/minis/ws_moveit2/install/moveit_kinematics:/home/minis/ws_moveit2/install/moveit_ros_planning:/home/minis/ws_moveit2/install/moveit_simple_controller_manager:/home/minis/ws_moveit2/install/moveit_ros_occupancy_map_monitor:/home/minis/ws_moveit2/install/moveit_core:/home/minis/ws_moveit2/install/moveit_resources_panda_moveit_config:/home/minis/ws_moveit2/install/moveit_resources_fanuc_moveit_config:/home/minis/ws_moveit2/install/moveit_configs_utils:/home/minis/ws_moveit2/install/srdfdom:/home/minis/ws_moveit2/install/moveit_resources_pr2_description:/home/minis/ws_moveit2/install/moveit_resources_panda_description:/home/minis/ws_moveit2/install/moveit_resources_fanuc_description:/home/minis/ws_moveit2/install/moveit_common:/home/minis/ws_moveit2/install/launch_param_builder:${AMENT_PREFIX_PATH} CMAKE_PREFIX_PATH=/home/minis/ws_moveit2/install/moveit_ros_planning_interface:/home/minis/ws_moveit2/install/moveit_ros_move_group:/home/minis/ws_moveit2/install/moveit_ros_warehouse:/home/minis/ws_moveit2/install/moveit_planners_ompl:/home/minis/ws_moveit2/install/moveit_kinematics:/home/minis/ws_moveit2/install/moveit_ros_planning:/home/minis/ws_moveit2/install/moveit_simple_controller_manager:/home/minis/ws_moveit2/install/moveit_ros_occupancy_map_monitor:/home/minis/ws_moveit2/install/moveit_core:/home/minis/ws_moveit2/install/moveit_resources_panda_moveit_config:/home/minis/ws_moveit2/install/moveit_resources_fanuc_moveit_config:/home/minis/ws_moveit2/install/srdfdom:/home/minis/ws_moveit2/install/moveit_resources_pr2_description:/home/minis/ws_moveit2/install/moveit_resources_panda_description:/home/minis/ws_moveit2/install/moveit_resources_fanuc_description:/home/minis/ws_moveit2/install/moveit_common:/home/minis/panda_humble/install/panda_moveit:/home/minis/panda_humble/install/panda_gazebo:/home/minis/panda_humble/install/panda_description:/opt/ros/humble LD_LIBRARY_PATH=/home/minis/ws_moveit2/install/moveit_ros_planning_interface/lib:/home/minis/ws_moveit2/install/moveit_ros_move_group/lib:/home/minis/ws_moveit2/install/moveit_ros_warehouse/lib:/home/minis/ws_moveit2/install/moveit_planners_ompl/lib:/home/minis/ws_moveit2/install/moveit_kinematics/lib:/home/minis/ws_moveit2/install/moveit_ros_planning/lib:/home/minis/ws_moveit2/install/moveit_simple_controller_manager/lib:/home/minis/ws_moveit2/install/moveit_ros_occupancy_map_monitor/lib:/home/minis/ws_moveit2/install/moveit_core/lib:/home/minis/ws_moveit2/install/srdfdom/lib:${LD_LIBRARY_PATH} PATH=/home/minis/ws_moveit2/install/moveit_core/bin:${PATH} PYTHONPATH=/home/minis/ws_moveit2/install/moveit_configs_utils/lib/python3.10/site-packages:/home/minis/ws_moveit2/install/srdfdom/local/lib/python3.10/dist-packages:/home/minis/ws_moveit2/install/launch_param_builder/lib/python3.10/site-packages:${PYTHONPATH} /usr/bin/cmake --build /home/minis/ws_moveit2/build/moveit_py -- -j16 -l16
[0.260s] Invoking command in '/home/minis/ws_moveit2/build/moveit_py': AMENT_PREFIX_PATH=/home/minis/ws_moveit2/install/moveit_ros_planning_interface:/home/minis/ws_moveit2/install/moveit_ros_move_group:/home/minis/ws_moveit2/install/moveit_ros_warehouse:/home/minis/ws_moveit2/install/moveit_planners_ompl:/home/minis/ws_moveit2/install/moveit_kinematics:/home/minis/ws_moveit2/install/moveit_ros_planning:/home/minis/ws_moveit2/install/moveit_simple_controller_manager:/home/minis/ws_moveit2/install/moveit_ros_occupancy_map_monitor:/home/minis/ws_moveit2/install/moveit_core:/home/minis/ws_moveit2/install/moveit_resources_panda_moveit_config:/home/minis/ws_moveit2/install/moveit_resources_fanuc_moveit_config:/home/minis/ws_moveit2/install/moveit_configs_utils:/home/minis/ws_moveit2/install/srdfdom:/home/minis/ws_moveit2/install/moveit_resources_pr2_description:/home/minis/ws_moveit2/install/moveit_resources_panda_description:/home/minis/ws_moveit2/install/moveit_resources_fanuc_description:/home/minis/ws_moveit2/install/moveit_common:/home/minis/ws_moveit2/install/launch_param_builder:${AMENT_PREFIX_PATH} CMAKE_PREFIX_PATH=/home/minis/ws_moveit2/install/moveit_ros_planning_interface:/home/minis/ws_moveit2/install/moveit_ros_move_group:/home/minis/ws_moveit2/install/moveit_ros_warehouse:/home/minis/ws_moveit2/install/moveit_planners_ompl:/home/minis/ws_moveit2/install/moveit_kinematics:/home/minis/ws_moveit2/install/moveit_ros_planning:/home/minis/ws_moveit2/install/moveit_simple_controller_manager:/home/minis/ws_moveit2/install/moveit_ros_occupancy_map_monitor:/home/minis/ws_moveit2/install/moveit_core:/home/minis/ws_moveit2/install/moveit_resources_panda_moveit_config:/home/minis/ws_moveit2/install/moveit_resources_fanuc_moveit_config:/home/minis/ws_moveit2/install/srdfdom:/home/minis/ws_moveit2/install/moveit_resources_pr2_description:/home/minis/ws_moveit2/install/moveit_resources_panda_description:/home/minis/ws_moveit2/install/moveit_resources_fanuc_description:/home/minis/ws_moveit2/install/moveit_common:/home/minis/panda_humble/install/panda_moveit:/home/minis/panda_humble/install/panda_gazebo:/home/minis/panda_humble/install/panda_description:/opt/ros/humble LD_LIBRARY_PATH=/home/minis/ws_moveit2/install/moveit_ros_planning_interface/lib:/home/minis/ws_moveit2/install/moveit_ros_move_group/lib:/home/minis/ws_moveit2/install/moveit_ros_warehouse/lib:/home/minis/ws_moveit2/install/moveit_planners_ompl/lib:/home/minis/ws_moveit2/install/moveit_kinematics/lib:/home/minis/ws_moveit2/install/moveit_ros_planning/lib:/home/minis/ws_moveit2/install/moveit_simple_controller_manager/lib:/home/minis/ws_moveit2/install/moveit_ros_occupancy_map_monitor/lib:/home/minis/ws_moveit2/install/moveit_core/lib:/home/minis/ws_moveit2/install/srdfdom/lib:${LD_LIBRARY_PATH} PATH=/home/minis/ws_moveit2/install/moveit_core/bin:${PATH} PYTHONPATH=/home/minis/ws_moveit2/install/moveit_configs_utils/lib/python3.10/site-packages:/home/minis/ws_moveit2/install/srdfdom/local/lib/python3.10/dist-packages:/home/minis/ws_moveit2/install/launch_param_builder/lib/python3.10/site-packages:${PYTHONPATH} /usr/bin/cmake --install /home/minis/ws_moveit2/build/moveit_py
[0.266s] -- Install configuration: "Release"
[0.267s] -- Up-to-date: /home/minis/ws_moveit2/install/moveit_py/lib/libmoveit_py_utils.so.
[0.267s] -- Up-to-date: /home/minis/ws_moveit2/install/moveit_py/lib/libmoveit_py_utils.so
[0.267s] -- Up-to-date: /home/minis/ws_moveit2/install/moveit_py/include/moveit_py
[0.267s] -- Up-to-date: /home/minis/ws_moveit2/install/moveit_py/include/moveit_py/moveit_py
[0.267s] -- Up-to-date: /home/minis/ws_moveit2/install/moveit_py/include/moveit_py/moveit_py/moveit_py_utils
[0.267s] -- Up-to-date: /home/minis/ws_moveit2/install/moveit_py/include/moveit_py/moveit_py/moveit_py_utils/copy_ros_msg.h
[0.267s] -- Up-to-date: /home/minis/ws_moveit2/install/moveit_py/include/moveit_py/moveit_py/moveit_py_utils/ros_msg_typecasters.hpp
[0.267s] -- Up-to-date: /home/minis/ws_moveit2/install/moveit_py/include/moveit_py/moveit_py/moveit_py_utils/ros_msg_typecasters.h
[0.267s] -- Up-to-date: /home/minis/ws_moveit2/install/moveit_py/include/moveit_py/moveit_py/moveit_py_utils/rclpy_time_typecaster.hpp
[0.268s] -- Up-to-date: /home/minis/ws_moveit2/install/moveit_py/include/moveit_py/moveit_py/moveit_py_utils/copy_ros_msg.hpp
[0.268s] -- Up-to-date: /home/minis/ws_moveit2/install/moveit_py/share/moveit_py/environment/pythonpath.sh
[0.268s] -- Up-to-date: /home/minis/ws_moveit2/install/moveit_py/share/moveit_py/environment/pythonpath.dsv
[0.268s] -- Up-to-date: /home/minis/ws_moveit2/install/moveit_py/local/lib/python3.10/dist-packages/moveit-2.5.9-py3.10.egg-info
[0.268s] -- Installing: /home/minis/ws_moveit2/install/moveit_py/local/lib/python3.10/dist-packages/moveit-2.5.9-py3.10.egg-info/dependency_links.txt
[0.268s] -- Installing: /home/minis/ws_moveit2/install/moveit_py/local/lib/python3.10/dist-packages/moveit-2.5.9-py3.10.egg-info/top_level.txt
[0.268s] -- Installing: /home/minis/ws_moveit2/install/moveit_py/local/lib/python3.10/dist-packages/moveit-2.5.9-py3.10.egg-info/SOURCES.txt
[0.268s] -- Installing: /home/minis/ws_moveit2/install/moveit_py/local/lib/python3.10/dist-packages/moveit-2.5.9-py3.10.egg-info/PKG-INFO
[0.268s] -- Up-to-date: /home/minis/ws_moveit2/install/moveit_py/local/lib/python3.10/dist-packages/moveit
[0.268s] -- Up-to-date: /home/minis/ws_moveit2/install/moveit_py/local/lib/python3.10/dist-packages/moveit/core
[0.268s] -- Up-to-date: /home/minis/ws_moveit2/install/moveit_py/local/lib/python3.10/dist-packages/moveit/core/robot_state.pyi
[0.268s] -- Up-to-date: /home/minis/ws_moveit2/install/moveit_py/local/lib/python3.10/dist-packages/moveit/core/controller_manager.pyi
[0.268s] -- Up-to-date: /home/minis/ws_moveit2/install/moveit_py/local/lib/python3.10/dist-packages/moveit/core/collision_detection.pyi
[0.268s] -- Up-to-date: /home/minis/ws_moveit2/install/moveit_py/local/lib/python3.10/dist-packages/moveit/core/robot_model.pyi
[0.268s] -- Up-to-date: /home/minis/ws_moveit2/install/moveit_py/local/lib/python3.10/dist-packages/moveit/core/__init__.pyi
[0.269s] -- Up-to-date: /home/minis/ws_moveit2/install/moveit_py/local/lib/python3.10/dist-packages/moveit/core/planning_scene.pyi
[0.269s] -- Up-to-date: /home/minis/ws_moveit2/install/moveit_py/local/lib/python3.10/dist-packages/moveit/core/planning_interface.pyi
[0.269s] -- Up-to-date: /home/minis/ws_moveit2/install/moveit_py/local/lib/python3.10/dist-packages/moveit/core/robot_trajectory.pyi
[0.269s] -- Up-to-date: /home/minis/ws_moveit2/install/moveit_py/local/lib/python3.10/dist-packages/moveit/core/kinematic_constraints.pyi
[0.269s] -- Up-to-date: /home/minis/ws_moveit2/install/moveit_py/local/lib/python3.10/dist-packages/moveit/README.md
[0.269s] -- Up-to-date: /home/minis/ws_moveit2/install/moveit_py/local/lib/python3.10/dist-packages/moveit/__init__.py
[0.269s] -- Up-to-date: /home/minis/ws_moveit2/install/moveit_py/local/lib/python3.10/dist-packages/moveit/planning.pyi
[0.269s] -- Up-to-date: /home/minis/ws_moveit2/install/moveit_py/local/lib/python3.10/dist-packages/moveit/utils.py
[0.269s] -- Up-to-date: /home/minis/ws_moveit2/install/moveit_py/local/lib/python3.10/dist-packages/moveit/utils.pyi
[0.288s] Listing '/home/minis/ws_moveit2/install/moveit_py/local/lib/python3.10/dist-packages/moveit'...
[0.288s] Listing '/home/minis/ws_moveit2/install/moveit_py/local/lib/python3.10/dist-packages/moveit/core'...
[0.291s] -- Up-to-date: /home/minis/ws_moveit2/install/moveit_py/local/lib/python3.10/dist-packages/moveit/core.cpython-310-x86_64-linux-gnu.so
[0.291s] -- Up-to-date: /home/minis/ws_moveit2/install/moveit_py/local/lib/python3.10/dist-packages/moveit/planning.cpython-310-x86_64-linux-gnu.so
[0.291s] -- Up-to-date: /home/minis/ws_moveit2/install/moveit_py/share/moveit_py/environment/library_path.sh
[0.291s] -- Up-to-date: /home/minis/ws_moveit2/install/moveit_py/share/moveit_py/environment/library_path.dsv
[0.291s] -- Up-to-date: /home/minis/ws_moveit2/install/moveit_py/share/ament_index/resource_index/package_run_dependencies/moveit_py
[0.291s] -- Up-to-date: /home/minis/ws_moveit2/install/moveit_py/share/ament_index/resource_index/parent_prefix_path/moveit_py
[0.291s] -- Up-to-date: /home/minis/ws_moveit2/install/moveit_py/share/moveit_py/environment/ament_prefix_path.sh
[0.291s] -- Up-to-date: /home/minis/ws_moveit2/install/moveit_py/share/moveit_py/environment/ament_prefix_path.dsv
[0.291s] -- Up-to-date: /home/minis/ws_moveit2/install/moveit_py/share/moveit_py/environment/path.sh
[0.291s] -- Up-to-date: /home/minis/ws_moveit2/install/moveit_py/share/moveit_py/environment/path.dsv
[0.291s] -- Up-to-date: /home/minis/ws_moveit2/install/moveit_py/share/moveit_py/local_setup.bash
[0.291s] -- Up-to-date: /home/minis/ws_moveit2/install/moveit_py/share/moveit_py/local_setup.sh
[0.292s] -- Up-to-date: /home/minis/ws_moveit2/install/moveit_py/share/moveit_py/local_setup.zsh
[0.292s] -- Up-to-date: /home/minis/ws_moveit2/install/moveit_py/share/moveit_py/local_setup.dsv
[0.292s] -- Installing: /home/minis/ws_moveit2/install/moveit_py/share/moveit_py/package.dsv
[0.292s] -- Up-to-date: /home/minis/ws_moveit2/install/moveit_py/share/ament_index/resource_index/packages/moveit_py
[0.292s] -- Up-to-date: /home/minis/ws_moveit2/install/moveit_py/share/moveit_py/cmake/moveit_py_utilsTargetsExport.cmake
[0.292s] -- Up-to-date: /home/minis/ws_moveit2/install/moveit_py/share/moveit_py/cmake/moveit_py_utilsTargetsExport-release.cmake
[0.292s] -- Up-to-date: /home/minis/ws_moveit2/install/moveit_py/share/moveit_py/cmake/ament_cmake_export_targets-extras.cmake
[0.292s] -- Up-to-date: /home/minis/ws_moveit2/install/moveit_py/share/moveit_py/cmake/ament_cmake_export_dependencies-extras.cmake
[0.292s] -- Up-to-date: /home/minis/ws_moveit2/install/moveit_py/share/moveit_py/cmake/moveit_pyConfig.cmake
[0.293s] -- Up-to-date: /home/minis/ws_moveit2/install/moveit_py/share/moveit_py/cmake/moveit_pyConfig-version.cmake
[0.293s] -- Up-to-date: /home/minis/ws_moveit2/install/moveit_py/share/moveit_py/package.xml
[0.294s] Invoked command in '/home/minis/ws_moveit2/build/moveit_py' returned '0': AMENT_PREFIX_PATH=/home/minis/ws_moveit2/install/moveit_ros_planning_interface:/home/minis/ws_moveit2/install/moveit_ros_move_group:/home/minis/ws_moveit2/install/moveit_ros_warehouse:/home/minis/ws_moveit2/install/moveit_planners_ompl:/home/minis/ws_moveit2/install/moveit_kinematics:/home/minis/ws_moveit2/install/moveit_ros_planning:/home/minis/ws_moveit2/install/moveit_simple_controller_manager:/home/minis/ws_moveit2/install/moveit_ros_occupancy_map_monitor:/home/minis/ws_moveit2/install/moveit_core:/home/minis/ws_moveit2/install/moveit_resources_panda_moveit_config:/home/minis/ws_moveit2/install/moveit_resources_fanuc_moveit_config:/home/minis/ws_moveit2/install/moveit_configs_utils:/home/minis/ws_moveit2/install/srdfdom:/home/minis/ws_moveit2/install/moveit_resources_pr2_description:/home/minis/ws_moveit2/install/moveit_resources_panda_description:/home/minis/ws_moveit2/install/moveit_resources_fanuc_description:/home/minis/ws_moveit2/install/moveit_common:/home/minis/ws_moveit2/install/launch_param_builder:${AMENT_PREFIX_PATH} CMAKE_PREFIX_PATH=/home/minis/ws_moveit2/install/moveit_ros_planning_interface:/home/minis/ws_moveit2/install/moveit_ros_move_group:/home/minis/ws_moveit2/install/moveit_ros_warehouse:/home/minis/ws_moveit2/install/moveit_planners_ompl:/home/minis/ws_moveit2/install/moveit_kinematics:/home/minis/ws_moveit2/install/moveit_ros_planning:/home/minis/ws_moveit2/install/moveit_simple_controller_manager:/home/minis/ws_moveit2/install/moveit_ros_occupancy_map_monitor:/home/minis/ws_moveit2/install/moveit_core:/home/minis/ws_moveit2/install/moveit_resources_panda_moveit_config:/home/minis/ws_moveit2/install/moveit_resources_fanuc_moveit_config:/home/minis/ws_moveit2/install/srdfdom:/home/minis/ws_moveit2/install/moveit_resources_pr2_description:/home/minis/ws_moveit2/install/moveit_resources_panda_description:/home/minis/ws_moveit2/install/moveit_resources_fanuc_description:/home/minis/ws_moveit2/install/moveit_common:/home/minis/panda_humble/install/panda_moveit:/home/minis/panda_humble/install/panda_gazebo:/home/minis/panda_humble/install/panda_description:/opt/ros/humble LD_LIBRARY_PATH=/home/minis/ws_moveit2/install/moveit_ros_planning_interface/lib:/home/minis/ws_moveit2/install/moveit_ros_move_group/lib:/home/minis/ws_moveit2/install/moveit_ros_warehouse/lib:/home/minis/ws_moveit2/install/moveit_planners_ompl/lib:/home/minis/ws_moveit2/install/moveit_kinematics/lib:/home/minis/ws_moveit2/install/moveit_ros_planning/lib:/home/minis/ws_moveit2/install/moveit_simple_controller_manager/lib:/home/minis/ws_moveit2/install/moveit_ros_occupancy_map_monitor/lib:/home/minis/ws_moveit2/install/moveit_core/lib:/home/minis/ws_moveit2/install/srdfdom/lib:${LD_LIBRARY_PATH} PATH=/home/minis/ws_moveit2/install/moveit_core/bin:${PATH} PYTHONPATH=/home/minis/ws_moveit2/install/moveit_configs_utils/lib/python3.10/site-packages:/home/minis/ws_moveit2/install/srdfdom/local/lib/python3.10/dist-packages:/home/minis/ws_moveit2/install/launch_param_builder/lib/python3.10/site-packages:${PYTHONPATH} /usr/bin/cmake --install /home/minis/ws_moveit2/build/moveit_py
