[0.033s] Invoking command in '/home/minis/ws_moveit2/build/pilz_industrial_motion_planner': AMENT_PREFIX_PATH=/home/minis/ws_moveit2/install/moveit_resources_prbt_pg70_support:/home/minis/ws_moveit2/install/moveit_ros_planning_interface:/home/minis/ws_moveit2/install/moveit_resources_prbt_moveit_config:/home/minis/ws_moveit2/install/moveit_ros_move_group:/home/minis/ws_moveit2/install/moveit_ros_warehouse:/home/minis/ws_moveit2/install/moveit_planners_ompl:/home/minis/ws_moveit2/install/moveit_kinematics:/home/minis/ws_moveit2/install/moveit_ros_planning:/home/minis/ws_moveit2/install/pilz_industrial_motion_planner_testutils:/home/minis/ws_moveit2/install/moveit_simple_controller_manager:/home/minis/ws_moveit2/install/moveit_ros_occupancy_map_monitor:/home/minis/ws_moveit2/install/moveit_resources_prbt_ikfast_manipulator_plugin:/home/minis/ws_moveit2/install/moveit_core:/home/minis/ws_moveit2/install/moveit_resources_panda_moveit_config:/home/minis/ws_moveit2/install/moveit_resources_fanuc_moveit_config:/home/minis/ws_moveit2/install/moveit_configs_utils:/home/minis/ws_moveit2/install/srdfdom:/home/minis/ws_moveit2/install/moveit_resources_prbt_support:/home/minis/ws_moveit2/install/moveit_resources_pr2_description:/home/minis/ws_moveit2/install/moveit_resources_panda_description:/home/minis/ws_moveit2/install/moveit_resources_fanuc_description:/home/minis/ws_moveit2/install/moveit_common:/home/minis/ws_moveit2/install/launch_param_builder:${AMENT_PREFIX_PATH} CMAKE_PREFIX_PATH=/home/minis/ws_moveit2/install/moveit_resources_prbt_pg70_support:/home/minis/ws_moveit2/install/moveit_ros_planning_interface:/home/minis/ws_moveit2/install/moveit_resources_prbt_moveit_config:/home/minis/ws_moveit2/install/moveit_ros_move_group:/home/minis/ws_moveit2/install/moveit_ros_warehouse:/home/minis/ws_moveit2/install/moveit_planners_ompl:/home/minis/ws_moveit2/install/moveit_kinematics:/home/minis/ws_moveit2/install/moveit_ros_planning:/home/minis/ws_moveit2/install/pilz_industrial_motion_planner_testutils:/home/minis/ws_moveit2/install/moveit_simple_controller_manager:/home/minis/ws_moveit2/install/moveit_ros_occupancy_map_monitor:/home/minis/ws_moveit2/install/moveit_resources_prbt_ikfast_manipulator_plugin:/home/minis/ws_moveit2/install/moveit_core:/home/minis/ws_moveit2/install/moveit_resources_panda_moveit_config:/home/minis/ws_moveit2/install/moveit_resources_fanuc_moveit_config:/home/minis/ws_moveit2/install/srdfdom:/home/minis/ws_moveit2/install/moveit_resources_prbt_support:/home/minis/ws_moveit2/install/moveit_resources_pr2_description:/home/minis/ws_moveit2/install/moveit_resources_panda_description:/home/minis/ws_moveit2/install/moveit_resources_fanuc_description:/home/minis/ws_moveit2/install/moveit_common:/opt/ros/humble LD_LIBRARY_PATH=/home/minis/ws_moveit2/install/moveit_ros_planning_interface/lib:/home/minis/ws_moveit2/install/moveit_ros_move_group/lib:/home/minis/ws_moveit2/install/moveit_ros_warehouse/lib:/home/minis/ws_moveit2/install/moveit_planners_ompl/lib:/home/minis/ws_moveit2/install/moveit_kinematics/lib:/home/minis/ws_moveit2/install/moveit_ros_planning/lib:/home/minis/ws_moveit2/install/pilz_industrial_motion_planner_testutils/lib:/home/minis/ws_moveit2/install/moveit_simple_controller_manager/lib:/home/minis/ws_moveit2/install/moveit_ros_occupancy_map_monitor/lib:/home/minis/ws_moveit2/install/moveit_resources_prbt_ikfast_manipulator_plugin/lib:/home/minis/ws_moveit2/install/moveit_core/lib:/home/minis/ws_moveit2/install/srdfdom/lib:${LD_LIBRARY_PATH} PATH=/home/minis/ws_moveit2/install/moveit_core/bin:${PATH} PYTHONPATH=/home/minis/ws_moveit2/install/moveit_configs_utils/lib/python3.10/site-packages:/home/minis/ws_moveit2/install/srdfdom/local/lib/python3.10/dist-packages:/home/minis/ws_moveit2/install/launch_param_builder/lib/python3.10/site-packages:${PYTHONPATH} /usr/bin/cmake /home/minis/ws_moveit2/src/moveit2/moveit_planners/pilz_industrial_motion_planner -DCMAKE_BUILD_TYPE=Release -DCMAKE_INSTALL_PREFIX=/home/minis/ws_moveit2/install/pilz_industrial_motion_planner
[0.072s] -- The C compiler identification is GNU 11.4.0
[0.110s] -- The CXX compiler identification is GNU 11.4.0
[0.115s] -- Detecting C compiler ABI info
[0.168s] -- Detecting C compiler ABI info - done
[0.172s] -- Check for working C compiler: /usr/bin/cc - skipped
[0.172s] -- Detecting C compile features
[0.172s] -- Detecting C compile features - done
[0.174s] -- Detecting CXX compiler ABI info
[0.234s] -- Detecting CXX compiler ABI info - done
[0.238s] -- Check for working CXX compiler: /usr/bin/c++ - skipped
[0.238s] -- Detecting CXX compile features
[0.238s] -- Detecting CXX compile features - done
[0.241s] -- Found moveit_common: 2.5.9 (/home/minis/ws_moveit2/install/moveit_common/share/moveit_common/cmake)
[0.244s] -- Found ament_cmake: 1.3.12 (/opt/ros/humble/share/ament_cmake/cmake)
[0.346s] -- Found Python3: /usr/bin/python3 (found version "3.10.12") found components: Interpreter 
[0.471s] -- Found eigen3_cmake_module: 0.1.1 (/opt/ros/humble/share/eigen3_cmake_module/cmake)
[0.479s] -- Found Eigen3: TRUE (found version "3.4.0") 
[0.482s] -- Found geometry_msgs: 4.9.0 (/opt/ros/humble/share/geometry_msgs/cmake)
[0.521s] -- Found rosidl_generator_c: 3.1.8 (/opt/ros/humble/share/rosidl_generator_c/cmake)
[0.528s] -- Found rosidl_adapter: 3.1.8 (/opt/ros/humble/share/rosidl_adapter/cmake)
[0.536s] -- Found rosidl_generator_cpp: 3.1.8 (/opt/ros/humble/share/rosidl_generator_cpp/cmake)
[0.547s] -- Using all available rosidl_typesupport_c: rosidl_typesupport_fastrtps_c;rosidl_typesupport_introspection_c
[0.562s] -- Using all available rosidl_typesupport_cpp: rosidl_typesupport_fastrtps_cpp;rosidl_typesupport_introspection_cpp
[0.587s] -- Found moveit_core: 2.5.9 (/home/minis/ws_moveit2/install/moveit_core/share/moveit_core/cmake)
[0.782s] -- Found Boost: /usr/lib/x86_64-linux-gnu/cmake/Boost-1.74.0/BoostConfig.cmake (found version "1.74.0") found components: chrono date_time filesystem iostreams program_options regex serialization system thread 
[0.824s] -- Found parameter_traits: 0.6.0 (/opt/ros/humble/share/parameter_traits/cmake)
[0.868s] -- Found rmw_implementation_cmake: 6.1.2 (/opt/ros/humble/share/rmw_implementation_cmake/cmake)
[0.871s] -- Found rmw_fastrtps_cpp: 6.2.9 (/opt/ros/humble/share/rmw_fastrtps_cpp/cmake)
[0.955s] -- Found OpenSSL: /usr/lib/x86_64-linux-gnu/libcrypto.so (found version "3.0.2")  
[0.975s] -- Found FastRTPS: /opt/ros/humble/include  
[1.010s] -- Using RMW implementation 'rmw_fastrtps_cpp' as default
[1.022s] -- Found Threads: TRUE  
[1.059s] -- Found rclcpp_lifecycle: 16.0.17 (/opt/ros/humble/share/rclcpp_lifecycle/cmake)
[1.077s] -- Found Boost: /usr/lib/x86_64-linux-gnu/cmake/Boost-1.74.0/BoostConfig.cmake (found version "1.74.0") found components: filesystem 
[1.164s] -- library: /usr/lib/x86_64-linux-gnu/libcurl.so
[1.213s] -- Ensuring Eigen3 include directory is part of orocos-kdl CMake target
[1.396s] -- Found moveit_ros_move_group: 2.5.9 (/home/minis/ws_moveit2/install/moveit_ros_move_group/share/moveit_ros_move_group/cmake)
[1.399s] -- Found Boost: /usr/lib/x86_64-linux-gnu/cmake/Boost-1.74.0/BoostConfig.cmake (found version "1.74.0") found components: system filesystem date_time program_options thread 
[1.422s] -- Found Boost: /usr/lib/x86_64-linux-gnu/cmake/Boost-1.74.0/BoostConfig.cmake (found version "1.74.0") found components: system filesystem date_time program_options thread chrono 
[1.431s] -- Found moveit_ros_planning_interface: 2.5.9 (/home/minis/ws_moveit2/install/moveit_ros_planning_interface/share/moveit_ros_planning_interface/cmake)
[1.434s] -- Found Boost: /usr/lib/x86_64-linux-gnu/cmake/Boost-1.74.0/BoostConfig.cmake (found version "1.74.0") found components: date_time filesystem program_options system thread 
[1.443s] -- Found Boost: /usr/lib/x86_64-linux-gnu/cmake/Boost-1.74.0/BoostConfig.cmake (found version "1.74.0") found components: thread system filesystem regex date_time program_options 
[1.462s] -- Found tf2_eigen_kdl: 0.25.18 (/opt/ros/humble/share/tf2_eigen_kdl/cmake)
[1.467s] -- Found Boost: /usr/lib/x86_64-linux-gnu/cmake/Boost-1.74.0/BoostConfig.cmake (found version "1.74.0")  
[1.536s] -- Found ament_cmake_gtest: 1.3.12 (/opt/ros/humble/share/ament_cmake_gtest/cmake)
[1.539s] -- Found ament_cmake_gmock: 1.3.12 (/opt/ros/humble/share/ament_cmake_gmock/cmake)
[1.541s] -- Found ros_testing: 0.4.0 (/opt/ros/humble/share/ros_testing/cmake)
[1.544s] -- Found launch_testing_ament_cmake: 1.0.13 (/opt/ros/humble/share/launch_testing_ament_cmake/cmake)
[1.547s] -- Found python_cmake_module: 0.10.0 (/opt/ros/humble/share/python_cmake_module/cmake)
[1.561s] -- Found PythonInterp: /usr/bin/python3 (found suitable version "3.10.12", minimum required is "3.6") 
[1.565s] -- Found PythonLibs: /usr/lib/x86_64-linux-gnu/libpython3.10.so (found suitable version "3.10.12", minimum required is "3.5") 
[1.565s] -- Using PYTHON_EXECUTABLE: /usr/bin/python3
[1.565s] -- Using PYTHON_INCLUDE_DIRS: /usr/include/python3.10
[1.565s] -- Using PYTHON_LIBRARIES: /usr/lib/x86_64-linux-gnu/libpython3.10.so
[1.581s] -- Found PythonExtra: .so  
[1.583s] -- Found moveit_resources_prbt_support: 2.5.9 (/home/minis/ws_moveit2/install/moveit_resources_prbt_support/share/moveit_resources_prbt_support/cmake)
[1.583s] -- Found moveit_resources_prbt_moveit_config: 2.5.9 (/home/minis/ws_moveit2/install/moveit_resources_prbt_moveit_config/share/moveit_resources_prbt_moveit_config/cmake)
[1.586s] -- Found Boost: /usr/lib/x86_64-linux-gnu/cmake/Boost-1.74.0/BoostConfig.cmake (found version "1.74.0") found components: thread 
[1.588s] -- Found pilz_industrial_motion_planner_testutils: 2.5.9 (/home/minis/ws_moveit2/install/pilz_industrial_motion_planner_testutils/share/pilz_industrial_motion_planner_testutils/cmake)
[1.603s] -- Found gtest sources under '/opt/ros/humble/src/gtest_vendor': C++ tests using 'Google Test' will be built
[1.632s] -- Found gmock sources under '/opt/ros/humble/src/gmock_vendor': C++ tests using 'Google Mock' will be built
[1.638s] -- Found ament_lint_auto: 0.12.14 (/opt/ros/humble/share/ament_lint_auto/cmake)
[1.688s] -- Found launch_testing_ament_cmake: 1.0.13 (/opt/ros/humble/share/launch_testing_ament_cmake/cmake)
[1.688s] -- Found python_cmake_module: 0.10.0 (/opt/ros/humble/share/python_cmake_module/cmake)
[1.703s] -- Using PYTHON_EXECUTABLE: /usr/bin/python3
[1.703s] -- Using PYTHON_INCLUDE_DIRS: /usr/include/python3.10
[1.703s] -- Using PYTHON_LIBRARIES: /usr/lib/x86_64-linux-gnu/libpython3.10.so
[1.712s] -- Added test 'cppcheck' to perform static code analysis on C / C++ code
[1.712s] -- Configured cppcheck include dirs: /home/minis/ws_moveit2/src/moveit2/moveit_planners/pilz_industrial_motion_planner/include
[1.713s] -- Configured cppcheck exclude dirs and/or files: 
[1.714s] -- Added test 'pep257' to check Python code against some of the docstring style conventions in PEP 257
[1.715s] -- Added test 'xmllint' to check XML markup files
[1.717s] -- Configuring done
[2.209s] -- Generating done
[2.393s] -- Build files have been written to: /home/minis/ws_moveit2/build/pilz_industrial_motion_planner
[2.448s] Invoked command in '/home/minis/ws_moveit2/build/pilz_industrial_motion_planner' returned '0': AMENT_PREFIX_PATH=/home/minis/ws_moveit2/install/moveit_resources_prbt_pg70_support:/home/minis/ws_moveit2/install/moveit_ros_planning_interface:/home/minis/ws_moveit2/install/moveit_resources_prbt_moveit_config:/home/minis/ws_moveit2/install/moveit_ros_move_group:/home/minis/ws_moveit2/install/moveit_ros_warehouse:/home/minis/ws_moveit2/install/moveit_planners_ompl:/home/minis/ws_moveit2/install/moveit_kinematics:/home/minis/ws_moveit2/install/moveit_ros_planning:/home/minis/ws_moveit2/install/pilz_industrial_motion_planner_testutils:/home/minis/ws_moveit2/install/moveit_simple_controller_manager:/home/minis/ws_moveit2/install/moveit_ros_occupancy_map_monitor:/home/minis/ws_moveit2/install/moveit_resources_prbt_ikfast_manipulator_plugin:/home/minis/ws_moveit2/install/moveit_core:/home/minis/ws_moveit2/install/moveit_resources_panda_moveit_config:/home/minis/ws_moveit2/install/moveit_resources_fanuc_moveit_config:/home/minis/ws_moveit2/install/moveit_configs_utils:/home/minis/ws_moveit2/install/srdfdom:/home/minis/ws_moveit2/install/moveit_resources_prbt_support:/home/minis/ws_moveit2/install/moveit_resources_pr2_description:/home/minis/ws_moveit2/install/moveit_resources_panda_description:/home/minis/ws_moveit2/install/moveit_resources_fanuc_description:/home/minis/ws_moveit2/install/moveit_common:/home/minis/ws_moveit2/install/launch_param_builder:${AMENT_PREFIX_PATH} CMAKE_PREFIX_PATH=/home/minis/ws_moveit2/install/moveit_resources_prbt_pg70_support:/home/minis/ws_moveit2/install/moveit_ros_planning_interface:/home/minis/ws_moveit2/install/moveit_resources_prbt_moveit_config:/home/minis/ws_moveit2/install/moveit_ros_move_group:/home/minis/ws_moveit2/install/moveit_ros_warehouse:/home/minis/ws_moveit2/install/moveit_planners_ompl:/home/minis/ws_moveit2/install/moveit_kinematics:/home/minis/ws_moveit2/install/moveit_ros_planning:/home/minis/ws_moveit2/install/pilz_industrial_motion_planner_testutils:/home/minis/ws_moveit2/install/moveit_simple_controller_manager:/home/minis/ws_moveit2/install/moveit_ros_occupancy_map_monitor:/home/minis/ws_moveit2/install/moveit_resources_prbt_ikfast_manipulator_plugin:/home/minis/ws_moveit2/install/moveit_core:/home/minis/ws_moveit2/install/moveit_resources_panda_moveit_config:/home/minis/ws_moveit2/install/moveit_resources_fanuc_moveit_config:/home/minis/ws_moveit2/install/srdfdom:/home/minis/ws_moveit2/install/moveit_resources_prbt_support:/home/minis/ws_moveit2/install/moveit_resources_pr2_description:/home/minis/ws_moveit2/install/moveit_resources_panda_description:/home/minis/ws_moveit2/install/moveit_resources_fanuc_description:/home/minis/ws_moveit2/install/moveit_common:/opt/ros/humble LD_LIBRARY_PATH=/home/minis/ws_moveit2/install/moveit_ros_planning_interface/lib:/home/minis/ws_moveit2/install/moveit_ros_move_group/lib:/home/minis/ws_moveit2/install/moveit_ros_warehouse/lib:/home/minis/ws_moveit2/install/moveit_planners_ompl/lib:/home/minis/ws_moveit2/install/moveit_kinematics/lib:/home/minis/ws_moveit2/install/moveit_ros_planning/lib:/home/minis/ws_moveit2/install/pilz_industrial_motion_planner_testutils/lib:/home/minis/ws_moveit2/install/moveit_simple_controller_manager/lib:/home/minis/ws_moveit2/install/moveit_ros_occupancy_map_monitor/lib:/home/minis/ws_moveit2/install/moveit_resources_prbt_ikfast_manipulator_plugin/lib:/home/minis/ws_moveit2/install/moveit_core/lib:/home/minis/ws_moveit2/install/srdfdom/lib:${LD_LIBRARY_PATH} PATH=/home/minis/ws_moveit2/install/moveit_core/bin:${PATH} PYTHONPATH=/home/minis/ws_moveit2/install/moveit_configs_utils/lib/python3.10/site-packages:/home/minis/ws_moveit2/install/srdfdom/local/lib/python3.10/dist-packages:/home/minis/ws_moveit2/install/launch_param_builder/lib/python3.10/site-packages:${PYTHONPATH} /usr/bin/cmake /home/minis/ws_moveit2/src/moveit2/moveit_planners/pilz_industrial_motion_planner -DCMAKE_BUILD_TYPE=Release -DCMAKE_INSTALL_PREFIX=/home/minis/ws_moveit2/install/pilz_industrial_motion_planner
[2.450s] Invoking command in '/home/minis/ws_moveit2/build/pilz_industrial_motion_planner': AMENT_PREFIX_PATH=/home/minis/ws_moveit2/install/moveit_resources_prbt_pg70_support:/home/minis/ws_moveit2/install/moveit_ros_planning_interface:/home/minis/ws_moveit2/install/moveit_resources_prbt_moveit_config:/home/minis/ws_moveit2/install/moveit_ros_move_group:/home/minis/ws_moveit2/install/moveit_ros_warehouse:/home/minis/ws_moveit2/install/moveit_planners_ompl:/home/minis/ws_moveit2/install/moveit_kinematics:/home/minis/ws_moveit2/install/moveit_ros_planning:/home/minis/ws_moveit2/install/pilz_industrial_motion_planner_testutils:/home/minis/ws_moveit2/install/moveit_simple_controller_manager:/home/minis/ws_moveit2/install/moveit_ros_occupancy_map_monitor:/home/minis/ws_moveit2/install/moveit_resources_prbt_ikfast_manipulator_plugin:/home/minis/ws_moveit2/install/moveit_core:/home/minis/ws_moveit2/install/moveit_resources_panda_moveit_config:/home/minis/ws_moveit2/install/moveit_resources_fanuc_moveit_config:/home/minis/ws_moveit2/install/moveit_configs_utils:/home/minis/ws_moveit2/install/srdfdom:/home/minis/ws_moveit2/install/moveit_resources_prbt_support:/home/minis/ws_moveit2/install/moveit_resources_pr2_description:/home/minis/ws_moveit2/install/moveit_resources_panda_description:/home/minis/ws_moveit2/install/moveit_resources_fanuc_description:/home/minis/ws_moveit2/install/moveit_common:/home/minis/ws_moveit2/install/launch_param_builder:${AMENT_PREFIX_PATH} CMAKE_PREFIX_PATH=/home/minis/ws_moveit2/install/moveit_resources_prbt_pg70_support:/home/minis/ws_moveit2/install/moveit_ros_planning_interface:/home/minis/ws_moveit2/install/moveit_resources_prbt_moveit_config:/home/minis/ws_moveit2/install/moveit_ros_move_group:/home/minis/ws_moveit2/install/moveit_ros_warehouse:/home/minis/ws_moveit2/install/moveit_planners_ompl:/home/minis/ws_moveit2/install/moveit_kinematics:/home/minis/ws_moveit2/install/moveit_ros_planning:/home/minis/ws_moveit2/install/pilz_industrial_motion_planner_testutils:/home/minis/ws_moveit2/install/moveit_simple_controller_manager:/home/minis/ws_moveit2/install/moveit_ros_occupancy_map_monitor:/home/minis/ws_moveit2/install/moveit_resources_prbt_ikfast_manipulator_plugin:/home/minis/ws_moveit2/install/moveit_core:/home/minis/ws_moveit2/install/moveit_resources_panda_moveit_config:/home/minis/ws_moveit2/install/moveit_resources_fanuc_moveit_config:/home/minis/ws_moveit2/install/srdfdom:/home/minis/ws_moveit2/install/moveit_resources_prbt_support:/home/minis/ws_moveit2/install/moveit_resources_pr2_description:/home/minis/ws_moveit2/install/moveit_resources_panda_description:/home/minis/ws_moveit2/install/moveit_resources_fanuc_description:/home/minis/ws_moveit2/install/moveit_common:/opt/ros/humble LD_LIBRARY_PATH=/home/minis/ws_moveit2/install/moveit_ros_planning_interface/lib:/home/minis/ws_moveit2/install/moveit_ros_move_group/lib:/home/minis/ws_moveit2/install/moveit_ros_warehouse/lib:/home/minis/ws_moveit2/install/moveit_planners_ompl/lib:/home/minis/ws_moveit2/install/moveit_kinematics/lib:/home/minis/ws_moveit2/install/moveit_ros_planning/lib:/home/minis/ws_moveit2/install/pilz_industrial_motion_planner_testutils/lib:/home/minis/ws_moveit2/install/moveit_simple_controller_manager/lib:/home/minis/ws_moveit2/install/moveit_ros_occupancy_map_monitor/lib:/home/minis/ws_moveit2/install/moveit_resources_prbt_ikfast_manipulator_plugin/lib:/home/minis/ws_moveit2/install/moveit_core/lib:/home/minis/ws_moveit2/install/srdfdom/lib:${LD_LIBRARY_PATH} PATH=/home/minis/ws_moveit2/install/moveit_core/bin:${PATH} PYTHONPATH=/home/minis/ws_moveit2/install/moveit_configs_utils/lib/python3.10/site-packages:/home/minis/ws_moveit2/install/srdfdom/local/lib/python3.10/dist-packages:/home/minis/ws_moveit2/install/launch_param_builder/lib/python3.10/site-packages:${PYTHONPATH} /usr/bin/cmake --build /home/minis/ws_moveit2/build/pilz_industrial_motion_planner -- -j16 -l16
[2.537s] [  1%] [32mBuilding CXX object CMakeFiles/planning_context_loader_base.dir/src/planning_context_loader.cpp.o[0m
[2.537s] [  2%] [32mBuilding CXX object CMakeFiles/joint_limits_common.dir/src/joint_limits_aggregator.cpp.o[0m
[2.549s] [  3%] [32mBuilding CXX object CMakeFiles/trajectory_generation_common.dir/src/trajectory_functions.cpp.o[0m
[2.549s] [  9%] [32mBuilding CXX object CMakeFiles/joint_limits_common.dir/src/joint_limits_container.cpp.o[0m
[2.549s] [ 10%] [32mBuilding CXX object CMakeFiles/trajectory_generation_common.dir/src/trajectory_generator.cpp.o[0m
[2.551s] [ 12%] [32mBuilding CXX object gtest/CMakeFiles/gtest.dir/src/gtest-all.cc.o[0m
[2.552s] [  4%] [32mBuilding CXX object CMakeFiles/trajectory_generation_common.dir/src/trajectory_blender_transition_window.cpp.o[0m
[2.552s] [  6%] [32mBuilding CXX object gtest/CMakeFiles/gtest_main.dir/src/gtest_main.cc.o[0m
[2.552s] [  8%] [32mBuilding CXX object CMakeFiles/joint_limits_common.dir/src/cartesian_limit.cpp.o[0m
[2.555s] [ 13%] [32mBuilding CXX object CMakeFiles/joint_limits_common.dir/src/limits_container.cpp.o[0m
[2.555s] [ 14%] [32mBuilding CXX object gmock/CMakeFiles/gmock.dir/opt/ros/humble/src/gtest_vendor/src/gtest-all.cc.o[0m
[2.559s] [ 15%] [32mBuilding CXX object CMakeFiles/joint_limits_common.dir/src/cartesian_limits_aggregator.cpp.o[0m
[2.561s] [  8%] [32mBuilding CXX object CMakeFiles/joint_limits_common.dir/src/joint_limits_validator.cpp.o[0m
[2.564s] [ 18%] [32mBuilding CXX object gmock/CMakeFiles/gmock.dir/src/gmock-all.cc.o[0m
[2.564s] [ 18%] [32mBuilding CXX object gmock/CMakeFiles/gmock_main.dir/src/gmock_main.cc.o[0m
[4.505s] [ 19%] [32m[1mLinking CXX static library libgtest_main.a[0m
[4.603s] [ 19%] Built target gtest_main
[4.693s] [ 20%] [32m[1mLinking CXX static library libgmock_main.a[0m
[4.766s] [ 20%] Built target gmock_main
[14.466s] [ 21%] [32m[1mLinking CXX shared library libplanning_context_loader_base.so[0m
[15.379s] [ 22%] [32m[1mLinking CXX static library libgmock.a[0m
[15.482s] [ 22%] Built target gmock
[15.589s] [ 24%] [32m[1mLinking CXX static library libgtest.a[0m
[15.699s] [ 24%] Built target gtest
[15.772s] [ 25%] [32m[1mLinking CXX shared library libjoint_limits_common.so[0m
[18.262s] [ 25%] Built target joint_limits_common
[18.342s] [ 26%] [32mBuilding CXX object test/unit_tests/CMakeFiles/unittest_joint_limit.dir/src/unittest_joint_limit.cpp.o[0m
[18.344s] [ 27%] [32mBuilding CXX object test/unit_tests/CMakeFiles/unittest_joint_limits_aggregator.dir/src/unittest_joint_limits_aggregator.cpp.o[0m
[18.357s] [ 28%] [32mBuilding CXX object test/unit_tests/CMakeFiles/unittest_joint_limits_container.dir/src/unittest_joint_limits_container.cpp.o[0m
[18.368s] [ 30%] [32mBuilding CXX object test/unit_tests/CMakeFiles/unittest_joint_limits_validator.dir/src/unittest_joint_limits_validator.cpp.o[0m
[18.382s] [ 31%] [32mBuilding CXX object test/unit_tests/CMakeFiles/unittest_cartesian_limits_aggregator.dir/src/unittest_cartesian_limits_aggregator.cpp.o[0m
[21.944s] [ 32%] [32m[1mLinking CXX executable unittest_joint_limits_validator[0m
[22.475s] [ 32%] Built target unittest_joint_limits_validator
[23.327s] [ 33%] [32m[1mLinking CXX executable unittest_joint_limits_container[0m
[24.144s] [ 33%] Built target unittest_joint_limits_container
[29.389s] [ 34%] [32m[1mLinking CXX shared library libtrajectory_generation_common.so[0m
[30.147s] [ 34%] Built target trajectory_generation_common
[30.813s] [ 36%] [32m[1mLinking CXX executable unittest_cartesian_limits_aggregator[0m
[31.274s] [ 36%] Built target unittest_cartesian_limits_aggregator
[31.495s] [ 37%] [32m[1mLinking CXX executable unittest_joint_limit[0m
[31.864s] [ 37%] Built target unittest_joint_limit
[34.395s] [ 37%] Built target planning_context_loader_base
[39.136s] [ 38%] [32m[1mLinking CXX executable unittest_joint_limits_aggregator[0m
[39.714s] [ 38%] Built target unittest_joint_limits_aggregator
[39.779s] [ 39%] [32mBuilding CXX object CMakeFiles/planning_context_loader_circ.dir/src/planning_context_loader_circ.cpp.o[0m
[46.441s] [ 40%] [32mBuilding CXX object CMakeFiles/planning_context_loader_circ.dir/src/path_circle_generator.cpp.o[0m
[47.248s] [ 42%] [32mBuilding CXX object CMakeFiles/planning_context_loader_circ.dir/src/trajectory_generator_circ.cpp.o[0m
[54.041s] [ 43%] [32m[1mLinking CXX shared library libplanning_context_loader_circ.so[0m
[54.216s] [ 43%] Built target planning_context_loader_circ
[54.237s] [ 44%] [32mBuilding CXX object CMakeFiles/planning_context_loader_lin.dir/src/planning_context_loader_lin.cpp.o[0m
[59.756s] [ 46%] [32mBuilding CXX object CMakeFiles/planning_context_loader_lin.dir/src/trajectory_generator_lin.cpp.o[0m
[59.756s] [ 46%] [32mBuilding CXX object CMakeFiles/planning_context_loader_lin.dir/src/velocity_profile_atrap.cpp.o[0m
[66.587s] [ 48%] [32m[1mLinking CXX shared library libplanning_context_loader_lin.so[0m
[66.747s] [ 48%] Built target planning_context_loader_lin
[66.766s] [ 53%] [32mBuilding CXX object CMakeFiles/pilz_industrial_motion_planner.dir/src/pilz_industrial_motion_planner.cpp.o[0m
[66.766s] [ 53%] [32mBuilding CXX object test/CMakeFiles/pilz_industrial_motion_planner_test_utils.dir/test_utils.cpp.o[0m
[66.766s] [ 53%] [32mBuilding CXX object CMakeFiles/command_list_manager.dir/src/command_list_manager.cpp.o[0m
[66.766s] [ 54%] [32mBuilding CXX object CMakeFiles/planning_context_loader_ptp.dir/src/planning_context_loader_ptp.cpp.o[0m
[66.766s] [ 54%] [32mBuilding CXX object CMakeFiles/planning_context_loader_ptp.dir/src/trajectory_generator_ptp.cpp.o[0m
[66.766s] [ 55%] [32mBuilding CXX object CMakeFiles/planning_context_loader_ptp.dir/src/velocity_profile_atrap.cpp.o[0m
[66.766s] [ 56%] [32mBuilding CXX object CMakeFiles/command_list_manager.dir/src/plan_components_builder.cpp.o[0m
[75.785s] [ 57%] [32m[1mLinking CXX shared library libplanning_context_loader_ptp.so[0m
[76.062s] [ 57%] Built target planning_context_loader_ptp
[76.410s] [ 59%] [32m[1mLinking CXX shared library libcommand_list_manager.so[0m
[76.567s] [ 59%] Built target command_list_manager
[76.587s] [ 61%] [32mBuilding CXX object CMakeFiles/sequence_capability.dir/src/move_group_sequence_action.cpp.o[0m
[76.587s] [ 61%] [32mBuilding CXX object CMakeFiles/sequence_capability.dir/src/move_group_sequence_service.cpp.o[0m
[78.111s] [ 62%] [32m[1mLinking CXX shared library libpilz_industrial_motion_planner.so[0m
[78.273s] [ 62%] Built target pilz_industrial_motion_planner
[78.297s] [ 69%] [32mBuilding CXX object test/unit_tests/CMakeFiles/unittest_get_solver_tip_frame.dir/src/unittest_get_solver_tip_frame.cpp.o[0m
[78.298s] [ 69%] [32mBuilding CXX object test/unit_tests/CMakeFiles/unittest_pilz_industrial_motion_planner.dir/src/unittest_pilz_industrial_motion_planner.cpp.o[0m
[78.298s] [ 69%] [32mBuilding CXX object test/unit_tests/CMakeFiles/unittest_velocity_profile_atrap.dir/src/unittest_velocity_profile_atrap.cpp.o[0m
[78.298s] [ 69%] [32mBuilding CXX object test/unit_tests/CMakeFiles/unittest_pilz_industrial_motion_planner_direct.dir/src/unittest_pilz_industrial_motion_planner_direct.cpp.o[0m
[78.298s] [ 69%] [32mBuilding CXX object test/unit_tests/CMakeFiles/unittest_trajectory_generator.dir/src/unittest_trajectory_generator.cpp.o[0m
[78.298s] [ 69%] [32mBuilding CXX object test/unit_tests/CMakeFiles/unittest_velocity_profile_atrap.dir/__/__/src/velocity_profile_atrap.cpp.o[0m
[78.298s] [ 71%] [32mBuilding CXX object test/unit_tests/CMakeFiles/unittest_trajectory_generator.dir/__/__/src/trajectory_generator.cpp.o[0m
[82.071s] [ 72%] [32m[1mLinking CXX executable unittest_velocity_profile_atrap[0m
[82.477s] [ 73%] [32m[1mLinking CXX static library libpilz_industrial_motion_planner_test_utils.a[0m
[82.533s] [ 73%] Built target pilz_industrial_motion_planner_test_utils
[82.581s] [ 74%] [32mBuilding CXX object test/unit_tests/CMakeFiles/unittest_trajectory_functions.dir/src/unittest_trajectory_functions.cpp.o[0m
[82.586s] [ 75%] [32mBuilding CXX object test/unit_tests/CMakeFiles/unittest_trajectory_generator_circ.dir/src/unittest_trajectory_generator_circ.cpp.o[0m
[82.596s] [ 77%] [32mBuilding CXX object test/unit_tests/CMakeFiles/unittest_trajectory_blender_transition_window.dir/src/unittest_trajectory_blender_transition_window.cpp.o[0m
[82.596s] [ 78%] [32mBuilding CXX object test/unit_tests/CMakeFiles/unittest_trajectory_generator_common.dir/src/unittest_trajectory_generator_common.cpp.o[0m
[82.613s] [ 79%] [32mBuilding CXX object test/unit_tests/CMakeFiles/unittest_trajectory_generator_lin.dir/src/unittest_trajectory_generator_lin.cpp.o[0m
[82.620s] [ 80%] [32mBuilding CXX object test/unit_tests/CMakeFiles/unittest_trajectory_generator_ptp.dir/src/unittest_trajectory_generator_ptp.cpp.o[0m
[82.622s] [ 81%] [32mBuilding CXX object test/unit_tests/CMakeFiles/unittest_planning_context_loaders.dir/src/unittest_planning_context_loaders.cpp.o[0m
[82.622s] [ 83%] [32mBuilding CXX object test/unit_tests/CMakeFiles/unittest_planning_context.dir/src/unittest_planning_context.cpp.o[0m
[85.367s] [ 83%] Built target unittest_velocity_profile_atrap
[85.389s] [ 84%] [32mBuilding CXX object test/unit_tests/CMakeFiles/unittest_trajectory_blender_transition_window.dir/__/__/src/trajectory_blender_transition_window.cpp.o[0m
[87.744s] [ 85%] [32m[1mLinking CXX executable unittest_get_solver_tip_frame[0m
[90.883s] [ 86%] [32m[1mLinking CXX executable unittest_trajectory_generator[0m
[91.061s] [ 86%] Built target unittest_get_solver_tip_frame
[91.555s] [ 86%] Built target unittest_trajectory_generator
[94.204s] [ 87%] [32m[1mLinking CXX shared library libsequence_capability.so[0m
[94.628s] [ 87%] Built target sequence_capability
[95.189s] [ 89%] [32m[1mLinking CXX executable unittest_pilz_industrial_motion_planner_direct[0m
[95.604s] [ 89%] Built target unittest_pilz_industrial_motion_planner_direct
[96.478s] [ 90%] [32m[1mLinking CXX executable unittest_pilz_industrial_motion_planner[0m
[96.880s] [ 90%] Built target unittest_pilz_industrial_motion_planner
[98.761s] [ 91%] [32m[1mLinking CXX executable unittest_trajectory_generator_lin[0m
[99.230s] [ 91%] Built target unittest_trajectory_generator_lin
[99.784s] [ 92%] [32m[1mLinking CXX executable unittest_trajectory_functions[0m
[100.063s] [ 93%] [32m[1mLinking CXX executable unittest_planning_context[0m
[100.207s] [ 93%] Built target unittest_trajectory_functions
[100.366s] [ 93%] Built target unittest_planning_context
[100.610s] [ 95%] [32m[1mLinking CXX executable unittest_planning_context_loaders[0m
[100.876s] [ 95%] Built target unittest_planning_context_loaders
[100.896s] [ 96%] [32m[1mLinking CXX executable unittest_trajectory_generator_ptp[0m
[101.139s] [ 97%] [32m[1mLinking CXX executable unittest_trajectory_generator_circ[0m
[101.162s] [ 97%] Built target unittest_trajectory_generator_ptp
[101.414s] [ 97%] Built target unittest_trajectory_generator_circ
[101.532s] [ 98%] [32m[1mLinking CXX executable unittest_trajectory_blender_transition_window[0m
[101.795s] [ 98%] Built target unittest_trajectory_blender_transition_window
[102.769s] [100%] [32m[1mLinking CXX executable unittest_trajectory_generator_common[0m
[103.043s] [100%] Built target unittest_trajectory_generator_common
[103.056s] Invoked command in '/home/minis/ws_moveit2/build/pilz_industrial_motion_planner' returned '0': AMENT_PREFIX_PATH=/home/minis/ws_moveit2/install/moveit_resources_prbt_pg70_support:/home/minis/ws_moveit2/install/moveit_ros_planning_interface:/home/minis/ws_moveit2/install/moveit_resources_prbt_moveit_config:/home/minis/ws_moveit2/install/moveit_ros_move_group:/home/minis/ws_moveit2/install/moveit_ros_warehouse:/home/minis/ws_moveit2/install/moveit_planners_ompl:/home/minis/ws_moveit2/install/moveit_kinematics:/home/minis/ws_moveit2/install/moveit_ros_planning:/home/minis/ws_moveit2/install/pilz_industrial_motion_planner_testutils:/home/minis/ws_moveit2/install/moveit_simple_controller_manager:/home/minis/ws_moveit2/install/moveit_ros_occupancy_map_monitor:/home/minis/ws_moveit2/install/moveit_resources_prbt_ikfast_manipulator_plugin:/home/minis/ws_moveit2/install/moveit_core:/home/minis/ws_moveit2/install/moveit_resources_panda_moveit_config:/home/minis/ws_moveit2/install/moveit_resources_fanuc_moveit_config:/home/minis/ws_moveit2/install/moveit_configs_utils:/home/minis/ws_moveit2/install/srdfdom:/home/minis/ws_moveit2/install/moveit_resources_prbt_support:/home/minis/ws_moveit2/install/moveit_resources_pr2_description:/home/minis/ws_moveit2/install/moveit_resources_panda_description:/home/minis/ws_moveit2/install/moveit_resources_fanuc_description:/home/minis/ws_moveit2/install/moveit_common:/home/minis/ws_moveit2/install/launch_param_builder:${AMENT_PREFIX_PATH} CMAKE_PREFIX_PATH=/home/minis/ws_moveit2/install/moveit_resources_prbt_pg70_support:/home/minis/ws_moveit2/install/moveit_ros_planning_interface:/home/minis/ws_moveit2/install/moveit_resources_prbt_moveit_config:/home/minis/ws_moveit2/install/moveit_ros_move_group:/home/minis/ws_moveit2/install/moveit_ros_warehouse:/home/minis/ws_moveit2/install/moveit_planners_ompl:/home/minis/ws_moveit2/install/moveit_kinematics:/home/minis/ws_moveit2/install/moveit_ros_planning:/home/minis/ws_moveit2/install/pilz_industrial_motion_planner_testutils:/home/minis/ws_moveit2/install/moveit_simple_controller_manager:/home/minis/ws_moveit2/install/moveit_ros_occupancy_map_monitor:/home/minis/ws_moveit2/install/moveit_resources_prbt_ikfast_manipulator_plugin:/home/minis/ws_moveit2/install/moveit_core:/home/minis/ws_moveit2/install/moveit_resources_panda_moveit_config:/home/minis/ws_moveit2/install/moveit_resources_fanuc_moveit_config:/home/minis/ws_moveit2/install/srdfdom:/home/minis/ws_moveit2/install/moveit_resources_prbt_support:/home/minis/ws_moveit2/install/moveit_resources_pr2_description:/home/minis/ws_moveit2/install/moveit_resources_panda_description:/home/minis/ws_moveit2/install/moveit_resources_fanuc_description:/home/minis/ws_moveit2/install/moveit_common:/opt/ros/humble LD_LIBRARY_PATH=/home/minis/ws_moveit2/install/moveit_ros_planning_interface/lib:/home/minis/ws_moveit2/install/moveit_ros_move_group/lib:/home/minis/ws_moveit2/install/moveit_ros_warehouse/lib:/home/minis/ws_moveit2/install/moveit_planners_ompl/lib:/home/minis/ws_moveit2/install/moveit_kinematics/lib:/home/minis/ws_moveit2/install/moveit_ros_planning/lib:/home/minis/ws_moveit2/install/pilz_industrial_motion_planner_testutils/lib:/home/minis/ws_moveit2/install/moveit_simple_controller_manager/lib:/home/minis/ws_moveit2/install/moveit_ros_occupancy_map_monitor/lib:/home/minis/ws_moveit2/install/moveit_resources_prbt_ikfast_manipulator_plugin/lib:/home/minis/ws_moveit2/install/moveit_core/lib:/home/minis/ws_moveit2/install/srdfdom/lib:${LD_LIBRARY_PATH} PATH=/home/minis/ws_moveit2/install/moveit_core/bin:${PATH} PYTHONPATH=/home/minis/ws_moveit2/install/moveit_configs_utils/lib/python3.10/site-packages:/home/minis/ws_moveit2/install/srdfdom/local/lib/python3.10/dist-packages:/home/minis/ws_moveit2/install/launch_param_builder/lib/python3.10/site-packages:${PYTHONPATH} /usr/bin/cmake --build /home/minis/ws_moveit2/build/pilz_industrial_motion_planner -- -j16 -l16
[103.057s] Invoking command in '/home/minis/ws_moveit2/build/pilz_industrial_motion_planner': AMENT_PREFIX_PATH=/home/minis/ws_moveit2/install/moveit_resources_prbt_pg70_support:/home/minis/ws_moveit2/install/moveit_ros_planning_interface:/home/minis/ws_moveit2/install/moveit_resources_prbt_moveit_config:/home/minis/ws_moveit2/install/moveit_ros_move_group:/home/minis/ws_moveit2/install/moveit_ros_warehouse:/home/minis/ws_moveit2/install/moveit_planners_ompl:/home/minis/ws_moveit2/install/moveit_kinematics:/home/minis/ws_moveit2/install/moveit_ros_planning:/home/minis/ws_moveit2/install/pilz_industrial_motion_planner_testutils:/home/minis/ws_moveit2/install/moveit_simple_controller_manager:/home/minis/ws_moveit2/install/moveit_ros_occupancy_map_monitor:/home/minis/ws_moveit2/install/moveit_resources_prbt_ikfast_manipulator_plugin:/home/minis/ws_moveit2/install/moveit_core:/home/minis/ws_moveit2/install/moveit_resources_panda_moveit_config:/home/minis/ws_moveit2/install/moveit_resources_fanuc_moveit_config:/home/minis/ws_moveit2/install/moveit_configs_utils:/home/minis/ws_moveit2/install/srdfdom:/home/minis/ws_moveit2/install/moveit_resources_prbt_support:/home/minis/ws_moveit2/install/moveit_resources_pr2_description:/home/minis/ws_moveit2/install/moveit_resources_panda_description:/home/minis/ws_moveit2/install/moveit_resources_fanuc_description:/home/minis/ws_moveit2/install/moveit_common:/home/minis/ws_moveit2/install/launch_param_builder:${AMENT_PREFIX_PATH} CMAKE_PREFIX_PATH=/home/minis/ws_moveit2/install/moveit_resources_prbt_pg70_support:/home/minis/ws_moveit2/install/moveit_ros_planning_interface:/home/minis/ws_moveit2/install/moveit_resources_prbt_moveit_config:/home/minis/ws_moveit2/install/moveit_ros_move_group:/home/minis/ws_moveit2/install/moveit_ros_warehouse:/home/minis/ws_moveit2/install/moveit_planners_ompl:/home/minis/ws_moveit2/install/moveit_kinematics:/home/minis/ws_moveit2/install/moveit_ros_planning:/home/minis/ws_moveit2/install/pilz_industrial_motion_planner_testutils:/home/minis/ws_moveit2/install/moveit_simple_controller_manager:/home/minis/ws_moveit2/install/moveit_ros_occupancy_map_monitor:/home/minis/ws_moveit2/install/moveit_resources_prbt_ikfast_manipulator_plugin:/home/minis/ws_moveit2/install/moveit_core:/home/minis/ws_moveit2/install/moveit_resources_panda_moveit_config:/home/minis/ws_moveit2/install/moveit_resources_fanuc_moveit_config:/home/minis/ws_moveit2/install/srdfdom:/home/minis/ws_moveit2/install/moveit_resources_prbt_support:/home/minis/ws_moveit2/install/moveit_resources_pr2_description:/home/minis/ws_moveit2/install/moveit_resources_panda_description:/home/minis/ws_moveit2/install/moveit_resources_fanuc_description:/home/minis/ws_moveit2/install/moveit_common:/opt/ros/humble LD_LIBRARY_PATH=/home/minis/ws_moveit2/install/moveit_ros_planning_interface/lib:/home/minis/ws_moveit2/install/moveit_ros_move_group/lib:/home/minis/ws_moveit2/install/moveit_ros_warehouse/lib:/home/minis/ws_moveit2/install/moveit_planners_ompl/lib:/home/minis/ws_moveit2/install/moveit_kinematics/lib:/home/minis/ws_moveit2/install/moveit_ros_planning/lib:/home/minis/ws_moveit2/install/pilz_industrial_motion_planner_testutils/lib:/home/minis/ws_moveit2/install/moveit_simple_controller_manager/lib:/home/minis/ws_moveit2/install/moveit_ros_occupancy_map_monitor/lib:/home/minis/ws_moveit2/install/moveit_resources_prbt_ikfast_manipulator_plugin/lib:/home/minis/ws_moveit2/install/moveit_core/lib:/home/minis/ws_moveit2/install/srdfdom/lib:${LD_LIBRARY_PATH} PATH=/home/minis/ws_moveit2/install/moveit_core/bin:${PATH} PYTHONPATH=/home/minis/ws_moveit2/install/moveit_configs_utils/lib/python3.10/site-packages:/home/minis/ws_moveit2/install/srdfdom/local/lib/python3.10/dist-packages:/home/minis/ws_moveit2/install/launch_param_builder/lib/python3.10/site-packages:${PYTHONPATH} /usr/bin/cmake --install /home/minis/ws_moveit2/build/pilz_industrial_motion_planner
[103.064s] -- Install configuration: "Release"
[103.064s] -- Installing: /home/minis/ws_moveit2/install/pilz_industrial_motion_planner/share/pilz_industrial_motion_planner/plugins/pilz_industrial_motion_planner_plugin_description.xml
[103.064s] -- Installing: /home/minis/ws_moveit2/install/pilz_industrial_motion_planner/share/pilz_industrial_motion_planner/plugins/sequence_capability_plugin_description.xml
[103.065s] -- Installing: /home/minis/ws_moveit2/install/pilz_industrial_motion_planner/share/pilz_industrial_motion_planner/plugins/planning_context_plugin_description.xml
[103.065s] -- Installing: /home/minis/ws_moveit2/install/pilz_industrial_motion_planner/lib/libpilz_industrial_motion_planner.so
[103.065s] -- Set runtime path of "/home/minis/ws_moveit2/install/pilz_industrial_motion_planner/lib/libpilz_industrial_motion_planner.so" to ""
[103.065s] -- Installing: /home/minis/ws_moveit2/install/pilz_industrial_motion_planner/lib/libjoint_limits_common.so
[103.066s] -- Set runtime path of "/home/minis/ws_moveit2/install/pilz_industrial_motion_planner/lib/libjoint_limits_common.so" to ""
[103.066s] -- Installing: /home/minis/ws_moveit2/install/pilz_industrial_motion_planner/lib/libplanning_context_loader_base.so
[103.066s] -- Set runtime path of "/home/minis/ws_moveit2/install/pilz_industrial_motion_planner/lib/libplanning_context_loader_base.so" to ""
[103.066s] -- Installing: /home/minis/ws_moveit2/install/pilz_industrial_motion_planner/lib/libplanning_context_loader_ptp.so
[103.066s] -- Set runtime path of "/home/minis/ws_moveit2/install/pilz_industrial_motion_planner/lib/libplanning_context_loader_ptp.so" to ""
[103.066s] -- Installing: /home/minis/ws_moveit2/install/pilz_industrial_motion_planner/lib/libplanning_context_loader_lin.so
[103.067s] -- Set runtime path of "/home/minis/ws_moveit2/install/pilz_industrial_motion_planner/lib/libplanning_context_loader_lin.so" to ""
[103.067s] -- Installing: /home/minis/ws_moveit2/install/pilz_industrial_motion_planner/lib/libplanning_context_loader_circ.so
[103.067s] -- Set runtime path of "/home/minis/ws_moveit2/install/pilz_industrial_motion_planner/lib/libplanning_context_loader_circ.so" to ""
[103.067s] -- Installing: /home/minis/ws_moveit2/install/pilz_industrial_motion_planner/lib/libcommand_list_manager.so
[103.067s] -- Set runtime path of "/home/minis/ws_moveit2/install/pilz_industrial_motion_planner/lib/libcommand_list_manager.so" to ""
[103.067s] -- Installing: /home/minis/ws_moveit2/install/pilz_industrial_motion_planner/lib/libsequence_capability.so
[103.068s] -- Set runtime path of "/home/minis/ws_moveit2/install/pilz_industrial_motion_planner/lib/libsequence_capability.so" to ""
[103.068s] -- Installing: /home/minis/ws_moveit2/install/pilz_industrial_motion_planner/lib/libtrajectory_generation_common.so
[103.069s] -- Set runtime path of "/home/minis/ws_moveit2/install/pilz_industrial_motion_planner/lib/libtrajectory_generation_common.so" to ""
[103.069s] -- Installing: /home/minis/ws_moveit2/install/pilz_industrial_motion_planner/include
[103.069s] -- Installing: /home/minis/ws_moveit2/install/pilz_industrial_motion_planner/include/joint_limits_copy
[103.069s] -- Installing: /home/minis/ws_moveit2/install/pilz_industrial_motion_planner/include/joint_limits_copy/joint_limits_rosparam.hpp
[103.069s] -- Installing: /home/minis/ws_moveit2/install/pilz_industrial_motion_planner/include/joint_limits_copy/joint_limits.hpp
[103.069s] -- Installing: /home/minis/ws_moveit2/install/pilz_industrial_motion_planner/include/pilz_industrial_motion_planner
[103.069s] -- Installing: /home/minis/ws_moveit2/install/pilz_industrial_motion_planner/include/pilz_industrial_motion_planner/pilz_industrial_motion_planner.h
[103.069s] -- Installing: /home/minis/ws_moveit2/install/pilz_industrial_motion_planner/include/pilz_industrial_motion_planner/cartesian_limits_aggregator.h
[103.069s] -- Installing: /home/minis/ws_moveit2/install/pilz_industrial_motion_planner/include/pilz_industrial_motion_planner/trajectory_functions.h
[103.069s] -- Installing: /home/minis/ws_moveit2/install/pilz_industrial_motion_planner/include/pilz_industrial_motion_planner/trajectory_blend_request.h
[103.069s] -- Installing: /home/minis/ws_moveit2/install/pilz_industrial_motion_planner/include/pilz_industrial_motion_planner/move_group_sequence_service.h
[103.070s] -- Installing: /home/minis/ws_moveit2/install/pilz_industrial_motion_planner/include/pilz_industrial_motion_planner/trajectory_blend_response.h
[103.070s] -- Installing: /home/minis/ws_moveit2/install/pilz_industrial_motion_planner/include/pilz_industrial_motion_planner/trajectory_blender.h
[103.070s] -- Installing: /home/minis/ws_moveit2/install/pilz_industrial_motion_planner/include/pilz_industrial_motion_planner/capability_names.h
[103.070s] -- Installing: /home/minis/ws_moveit2/install/pilz_industrial_motion_planner/include/pilz_industrial_motion_planner/joint_limits_extension.h
[103.070s] -- Installing: /home/minis/ws_moveit2/install/pilz_industrial_motion_planner/include/pilz_industrial_motion_planner/trajectory_generator_ptp.h
[103.070s] -- Installing: /home/minis/ws_moveit2/install/pilz_industrial_motion_planner/include/pilz_industrial_motion_planner/planning_context_loader_ptp.h
[103.070s] -- Installing: /home/minis/ws_moveit2/install/pilz_industrial_motion_planner/include/pilz_industrial_motion_planner/velocity_profile_atrap.h
[103.070s] -- Installing: /home/minis/ws_moveit2/install/pilz_industrial_motion_planner/include/pilz_industrial_motion_planner/move_group_sequence_action.h
[103.070s] -- Installing: /home/minis/ws_moveit2/install/pilz_industrial_motion_planner/include/pilz_industrial_motion_planner/trajectory_blender_transition_window.h
[103.070s] -- Installing: /home/minis/ws_moveit2/install/pilz_industrial_motion_planner/include/pilz_industrial_motion_planner/command_list_manager.h
[103.070s] -- Installing: /home/minis/ws_moveit2/install/pilz_industrial_motion_planner/include/pilz_industrial_motion_planner/joint_limits_aggregator.h
[103.070s] -- Installing: /home/minis/ws_moveit2/install/pilz_industrial_motion_planner/include/pilz_industrial_motion_planner/planning_context_lin.h
[103.070s] -- Installing: /home/minis/ws_moveit2/install/pilz_industrial_motion_planner/include/pilz_industrial_motion_planner/trajectory_generator_lin.h
[103.070s] -- Installing: /home/minis/ws_moveit2/install/pilz_industrial_motion_planner/include/pilz_industrial_motion_planner/limits_container.h
[103.070s] -- Installing: /home/minis/ws_moveit2/install/pilz_industrial_motion_planner/include/pilz_industrial_motion_planner/joint_limits_container.h
[103.071s] -- Installing: /home/minis/ws_moveit2/install/pilz_industrial_motion_planner/include/pilz_industrial_motion_planner/planning_context_loader_lin.h
[103.071s] -- Installing: /home/minis/ws_moveit2/install/pilz_industrial_motion_planner/include/pilz_industrial_motion_planner/cartesian_trajectory_point.h
[103.071s] -- Installing: /home/minis/ws_moveit2/install/pilz_industrial_motion_planner/include/pilz_industrial_motion_planner/cartesian_limit.h
[103.071s] -- Installing: /home/minis/ws_moveit2/install/pilz_industrial_motion_planner/include/pilz_industrial_motion_planner/planning_context_base.h
[103.071s] -- Installing: /home/minis/ws_moveit2/install/pilz_industrial_motion_planner/include/pilz_industrial_motion_planner/planning_context_ptp.h
[103.071s] -- Installing: /home/minis/ws_moveit2/install/pilz_industrial_motion_planner/include/pilz_industrial_motion_planner/planning_exceptions.h
[103.071s] -- Installing: /home/minis/ws_moveit2/install/pilz_industrial_motion_planner/include/pilz_industrial_motion_planner/planning_context_loader_circ.h
[103.071s] -- Installing: /home/minis/ws_moveit2/install/pilz_industrial_motion_planner/include/pilz_industrial_motion_planner/planning_context_loader.h
[103.071s] -- Installing: /home/minis/ws_moveit2/install/pilz_industrial_motion_planner/include/pilz_industrial_motion_planner/joint_limits_interface_extension.h
[103.071s] -- Installing: /home/minis/ws_moveit2/install/pilz_industrial_motion_planner/include/pilz_industrial_motion_planner/tip_frame_getter.h
[103.071s] -- Installing: /home/minis/ws_moveit2/install/pilz_industrial_motion_planner/include/pilz_industrial_motion_planner/cartesian_trajectory.h
[103.071s] -- Installing: /home/minis/ws_moveit2/install/pilz_industrial_motion_planner/include/pilz_industrial_motion_planner/joint_limits_validator.h
[103.072s] -- Installing: /home/minis/ws_moveit2/install/pilz_industrial_motion_planner/include/pilz_industrial_motion_planner/trajectory_generation_exceptions.h
[103.072s] -- Installing: /home/minis/ws_moveit2/install/pilz_industrial_motion_planner/include/pilz_industrial_motion_planner/trajectory_generator.h
[103.072s] -- Installing: /home/minis/ws_moveit2/install/pilz_industrial_motion_planner/include/pilz_industrial_motion_planner/planning_context_circ.h
[103.072s] -- Installing: /home/minis/ws_moveit2/install/pilz_industrial_motion_planner/include/pilz_industrial_motion_planner/path_circle_generator.h
[103.072s] -- Installing: /home/minis/ws_moveit2/install/pilz_industrial_motion_planner/include/pilz_industrial_motion_planner/plan_components_builder.h
[103.072s] -- Installing: /home/minis/ws_moveit2/install/pilz_industrial_motion_planner/include/pilz_industrial_motion_planner/trajectory_generator_circ.h
[103.072s] -- Installing: /home/minis/ws_moveit2/install/pilz_industrial_motion_planner/share/pilz_industrial_motion_planner/environment/library_path.sh
[103.072s] -- Installing: /home/minis/ws_moveit2/install/pilz_industrial_motion_planner/share/pilz_industrial_motion_planner/environment/library_path.dsv
[103.073s] -- Installing: /home/minis/ws_moveit2/install/pilz_industrial_motion_planner/lib/pilz_industrial_motion_planner/unittest_pilz_industrial_motion_planner_direct
[103.074s] -- Set runtime path of "/home/minis/ws_moveit2/install/pilz_industrial_motion_planner/lib/pilz_industrial_motion_planner/unittest_pilz_industrial_motion_planner_direct" to ""
[103.074s] -- Installing: /home/minis/ws_moveit2/install/pilz_industrial_motion_planner/lib/pilz_industrial_motion_planner/unittest_velocity_profile_atrap
[103.075s] -- Set runtime path of "/home/minis/ws_moveit2/install/pilz_industrial_motion_planner/lib/pilz_industrial_motion_planner/unittest_velocity_profile_atrap" to ""
[103.075s] -- Installing: /home/minis/ws_moveit2/install/pilz_industrial_motion_planner/lib/pilz_industrial_motion_planner/unittest_trajectory_generator
[103.076s] -- Set runtime path of "/home/minis/ws_moveit2/install/pilz_industrial_motion_planner/lib/pilz_industrial_motion_planner/unittest_trajectory_generator" to ""
[103.076s] -- Installing: /home/minis/ws_moveit2/install/pilz_industrial_motion_planner/lib/pilz_industrial_motion_planner/unittest_trajectory_functions
[103.077s] -- Set runtime path of "/home/minis/ws_moveit2/install/pilz_industrial_motion_planner/lib/pilz_industrial_motion_planner/unittest_trajectory_functions" to ""
[103.077s] -- Installing: /home/minis/ws_moveit2/install/pilz_industrial_motion_planner/lib/pilz_industrial_motion_planner/unittest_trajectory_blender_transition_window
[103.078s] -- Set runtime path of "/home/minis/ws_moveit2/install/pilz_industrial_motion_planner/lib/pilz_industrial_motion_planner/unittest_trajectory_blender_transition_window" to ""
[103.078s] -- Installing: /home/minis/ws_moveit2/install/pilz_industrial_motion_planner/lib/pilz_industrial_motion_planner/unittest_trajectory_generator_common
[103.079s] -- Set runtime path of "/home/minis/ws_moveit2/install/pilz_industrial_motion_planner/lib/pilz_industrial_motion_planner/unittest_trajectory_generator_common" to ""
[103.079s] -- Installing: /home/minis/ws_moveit2/install/pilz_industrial_motion_planner/lib/pilz_industrial_motion_planner/unittest_trajectory_generator_circ
[103.080s] -- Set runtime path of "/home/minis/ws_moveit2/install/pilz_industrial_motion_planner/lib/pilz_industrial_motion_planner/unittest_trajectory_generator_circ" to ""
[103.080s] -- Installing: /home/minis/ws_moveit2/install/pilz_industrial_motion_planner/lib/pilz_industrial_motion_planner/unittest_trajectory_generator_lin
[103.081s] -- Set runtime path of "/home/minis/ws_moveit2/install/pilz_industrial_motion_planner/lib/pilz_industrial_motion_planner/unittest_trajectory_generator_lin" to ""
[103.081s] -- Installing: /home/minis/ws_moveit2/install/pilz_industrial_motion_planner/lib/pilz_industrial_motion_planner/unittest_trajectory_generator_ptp
[103.082s] -- Set runtime path of "/home/minis/ws_moveit2/install/pilz_industrial_motion_planner/lib/pilz_industrial_motion_planner/unittest_trajectory_generator_ptp" to ""
[103.082s] -- Installing: /home/minis/ws_moveit2/install/pilz_industrial_motion_planner/lib/pilz_industrial_motion_planner/unittest_pilz_industrial_motion_planner
[103.083s] -- Set runtime path of "/home/minis/ws_moveit2/install/pilz_industrial_motion_planner/lib/pilz_industrial_motion_planner/unittest_pilz_industrial_motion_planner" to ""
[103.083s] -- Installing: /home/minis/ws_moveit2/install/pilz_industrial_motion_planner/lib/pilz_industrial_motion_planner/unittest_joint_limit
[103.084s] -- Set runtime path of "/home/minis/ws_moveit2/install/pilz_industrial_motion_planner/lib/pilz_industrial_motion_planner/unittest_joint_limit" to ""
[103.084s] -- Installing: /home/minis/ws_moveit2/install/pilz_industrial_motion_planner/lib/pilz_industrial_motion_planner/unittest_joint_limits_aggregator
[103.085s] -- Set runtime path of "/home/minis/ws_moveit2/install/pilz_industrial_motion_planner/lib/pilz_industrial_motion_planner/unittest_joint_limits_aggregator" to ""
[103.085s] -- Installing: /home/minis/ws_moveit2/install/pilz_industrial_motion_planner/lib/pilz_industrial_motion_planner/unittest_joint_limits_container
[103.085s] -- Set runtime path of "/home/minis/ws_moveit2/install/pilz_industrial_motion_planner/lib/pilz_industrial_motion_planner/unittest_joint_limits_container" to ""
[103.085s] -- Installing: /home/minis/ws_moveit2/install/pilz_industrial_motion_planner/lib/pilz_industrial_motion_planner/unittest_joint_limits_validator
[103.086s] -- Set runtime path of "/home/minis/ws_moveit2/install/pilz_industrial_motion_planner/lib/pilz_industrial_motion_planner/unittest_joint_limits_validator" to ""
[103.086s] -- Installing: /home/minis/ws_moveit2/install/pilz_industrial_motion_planner/lib/pilz_industrial_motion_planner/unittest_cartesian_limits_aggregator
[103.087s] -- Set runtime path of "/home/minis/ws_moveit2/install/pilz_industrial_motion_planner/lib/pilz_industrial_motion_planner/unittest_cartesian_limits_aggregator" to ""
[103.087s] -- Installing: /home/minis/ws_moveit2/install/pilz_industrial_motion_planner/lib/pilz_industrial_motion_planner/unittest_planning_context_loaders
[103.088s] -- Set runtime path of "/home/minis/ws_moveit2/install/pilz_industrial_motion_planner/lib/pilz_industrial_motion_planner/unittest_planning_context_loaders" to ""
[103.088s] -- Installing: /home/minis/ws_moveit2/install/pilz_industrial_motion_planner/lib/pilz_industrial_motion_planner/unittest_planning_context
[103.089s] -- Set runtime path of "/home/minis/ws_moveit2/install/pilz_industrial_motion_planner/lib/pilz_industrial_motion_planner/unittest_planning_context" to ""
[103.089s] -- Installing: /home/minis/ws_moveit2/install/pilz_industrial_motion_planner/lib/pilz_industrial_motion_planner/unittest_get_solver_tip_frame
[103.090s] -- Set runtime path of "/home/minis/ws_moveit2/install/pilz_industrial_motion_planner/lib/pilz_industrial_motion_planner/unittest_get_solver_tip_frame" to ""
[103.090s] -- Installing: /home/minis/ws_moveit2/install/pilz_industrial_motion_planner/share/pilz_industrial_motion_planner/config
[103.090s] -- Installing: /home/minis/ws_moveit2/install/pilz_industrial_motion_planner/share/pilz_industrial_motion_planner/config/unittest_trajectory_functions.yaml
[103.090s] -- Installing: /home/minis/ws_moveit2/install/pilz_industrial_motion_planner/share/pilz_industrial_motion_planner/config/unittest_joint_limit_config.yaml
[103.090s] -- Installing: /home/minis/ws_moveit2/install/pilz_industrial_motion_planner/share/pilz_industrial_motion_planner/config/unittest_trajectory_blender_transition_window.yaml
[103.090s] -- Installing: /home/minis/ws_moveit2/install/pilz_industrial_motion_planner/share/pilz_industrial_motion_planner/config/unittest_trajectory_generator_common.yaml
[103.090s] -- Installing: /home/minis/ws_moveit2/install/pilz_industrial_motion_planner/share/pilz_industrial_motion_planner/config/unittest_trajectory_generator_ptp.yaml
[103.091s] -- Installing: /home/minis/ws_moveit2/install/pilz_industrial_motion_planner/share/pilz_industrial_motion_planner/config/unittest_trajectory_generator_circ.yaml
[103.091s] -- Installing: /home/minis/ws_moveit2/install/pilz_industrial_motion_planner/share/pilz_industrial_motion_planner/config/unittest_joint_limits_aggregator.yaml
[103.091s] -- Installing: /home/minis/ws_moveit2/install/pilz_industrial_motion_planner/share/pilz_industrial_motion_planner/config/unittest_cartesian_limits_aggregator.yaml
[103.091s] -- Installing: /home/minis/ws_moveit2/install/pilz_industrial_motion_planner/share/pilz_industrial_motion_planner/config/unittest_trajectory_generator_lin.yaml
[103.091s] -- Installing: /home/minis/ws_moveit2/install/pilz_industrial_motion_planner/share/pilz_industrial_motion_planner/launch
[103.092s] -- Installing: /home/minis/ws_moveit2/install/pilz_industrial_motion_planner/share/pilz_industrial_motion_planner/launch/unittest_cartesian_limits_aggregator.test.py
[103.092s] -- Installing: /home/minis/ws_moveit2/install/pilz_industrial_motion_planner/share/pilz_industrial_motion_planner/launch/unittest_joint_limits_aggregator.test.py
[103.092s] -- Installing: /home/minis/ws_moveit2/install/pilz_industrial_motion_planner/share/pilz_industrial_motion_planner/launch/common_parameters.py
[103.092s] -- Installing: /home/minis/ws_moveit2/install/pilz_industrial_motion_planner/share/pilz_industrial_motion_planner/launch/unittest_trajectory_generator_ptp.test.py
[103.092s] -- Installing: /home/minis/ws_moveit2/install/pilz_industrial_motion_planner/share/pilz_industrial_motion_planner/launch/unittest_trajectory_generator_circ.test.py
[103.092s] -- Installing: /home/minis/ws_moveit2/install/pilz_industrial_motion_planner/share/pilz_industrial_motion_planner/launch/unittest_pilz_industrial_motion_planner.test.py
[103.092s] -- Installing: /home/minis/ws_moveit2/install/pilz_industrial_motion_planner/share/pilz_industrial_motion_planner/launch/unittest_trajectory_blender_transition_window.test.py
[103.092s] -- Installing: /home/minis/ws_moveit2/install/pilz_industrial_motion_planner/share/pilz_industrial_motion_planner/launch/unittest_trajectory_functions.test.py
[103.093s] -- Installing: /home/minis/ws_moveit2/install/pilz_industrial_motion_planner/share/pilz_industrial_motion_planner/launch/unittest_joint_limit.test.py
[103.093s] -- Installing: /home/minis/ws_moveit2/install/pilz_industrial_motion_planner/share/pilz_industrial_motion_planner/launch/unittest_trajectory_generator_common.test.py
[103.093s] -- Installing: /home/minis/ws_moveit2/install/pilz_industrial_motion_planner/share/pilz_industrial_motion_planner/launch/unittest_planning_context_loaders.test.py
[103.093s] -- Installing: /home/minis/ws_moveit2/install/pilz_industrial_motion_planner/share/pilz_industrial_motion_planner/launch/unittest_trajectory_generator_lin.test.py
[103.093s] -- Installing: /home/minis/ws_moveit2/install/pilz_industrial_motion_planner/share/pilz_industrial_motion_planner/launch/unittest_planning_context.test.py
[103.093s] -- Installing: /home/minis/ws_moveit2/install/pilz_industrial_motion_planner/share/pilz_industrial_motion_planner/test_data
[103.093s] -- Installing: /home/minis/ws_moveit2/install/pilz_industrial_motion_planner/share/pilz_industrial_motion_planner/test_data/prbt
[103.093s] -- Installing: /home/minis/ws_moveit2/install/pilz_industrial_motion_planner/share/pilz_industrial_motion_planner/test_data/prbt/testdata_with_gripper.xml
[103.094s] -- Installing: /home/minis/ws_moveit2/install/pilz_industrial_motion_planner/share/pilz_industrial_motion_planner/test_data/prbt/testdata_sequence.xml
[103.094s] -- Installing: /home/minis/ws_moveit2/install/pilz_industrial_motion_planner/share/pilz_industrial_motion_planner/test_data/prbt/testdata_deprecated.xml
[103.094s] -- Installing: /home/minis/ws_moveit2/install/pilz_industrial_motion_planner/share/pilz_industrial_motion_planner/test_data/testpoints.py
[103.094s] -- Installing: /home/minis/ws_moveit2/install/pilz_industrial_motion_planner/share/pilz_industrial_motion_planner/test_data/concept_testdata.odp
[103.094s] -- Installing: /home/minis/ws_moveit2/install/pilz_industrial_motion_planner/share/pilz_industrial_motion_planner/test_data/frankaemika_panda
[103.094s] -- Installing: /home/minis/ws_moveit2/install/pilz_industrial_motion_planner/share/pilz_industrial_motion_planner/test_data/frankaemika_panda/testdata_sequence.xml
[103.094s] -- Installing: /home/minis/ws_moveit2/install/pilz_industrial_motion_planner/share/pilz_industrial_motion_planner/test_data/concept_testdata.png
[103.095s] -- Installing: /home/minis/ws_moveit2/install/pilz_industrial_motion_planner/share/ament_index/resource_index/package_run_dependencies/pilz_industrial_motion_planner
[103.095s] -- Installing: /home/minis/ws_moveit2/install/pilz_industrial_motion_planner/share/ament_index/resource_index/parent_prefix_path/pilz_industrial_motion_planner
[103.095s] -- Installing: /home/minis/ws_moveit2/install/pilz_industrial_motion_planner/share/pilz_industrial_motion_planner/environment/ament_prefix_path.sh
[103.095s] -- Installing: /home/minis/ws_moveit2/install/pilz_industrial_motion_planner/share/pilz_industrial_motion_planner/environment/ament_prefix_path.dsv
[103.095s] -- Installing: /home/minis/ws_moveit2/install/pilz_industrial_motion_planner/share/pilz_industrial_motion_planner/environment/path.sh
[103.095s] -- Installing: /home/minis/ws_moveit2/install/pilz_industrial_motion_planner/share/pilz_industrial_motion_planner/environment/path.dsv
[103.095s] -- Installing: /home/minis/ws_moveit2/install/pilz_industrial_motion_planner/share/pilz_industrial_motion_planner/local_setup.bash
[103.095s] -- Installing: /home/minis/ws_moveit2/install/pilz_industrial_motion_planner/share/pilz_industrial_motion_planner/local_setup.sh
[103.096s] -- Installing: /home/minis/ws_moveit2/install/pilz_industrial_motion_planner/share/pilz_industrial_motion_planner/local_setup.zsh
[103.096s] -- Installing: /home/minis/ws_moveit2/install/pilz_industrial_motion_planner/share/pilz_industrial_motion_planner/local_setup.dsv
[103.096s] -- Installing: /home/minis/ws_moveit2/install/pilz_industrial_motion_planner/share/pilz_industrial_motion_planner/package.dsv
[103.096s] -- Installing: /home/minis/ws_moveit2/install/pilz_industrial_motion_planner/share/ament_index/resource_index/packages/pilz_industrial_motion_planner
[103.096s] -- Installing: /home/minis/ws_moveit2/install/pilz_industrial_motion_planner/share/ament_index/resource_index/moveit_core__pluginlib__plugin/pilz_industrial_motion_planner
[103.096s] -- Installing: /home/minis/ws_moveit2/install/pilz_industrial_motion_planner/share/ament_index/resource_index/moveit_ros_move_group__pluginlib__plugin/pilz_industrial_motion_planner
[103.096s] -- Installing: /home/minis/ws_moveit2/install/pilz_industrial_motion_planner/share/ament_index/resource_index/pilz_industrial_motion_planner__pluginlib__plugin/pilz_industrial_motion_planner
[103.096s] -- Installing: /home/minis/ws_moveit2/install/pilz_industrial_motion_planner/share/pilz_industrial_motion_planner/cmake/pilz_industrial_motion_plannerTargetsExport.cmake
[103.097s] -- Installing: /home/minis/ws_moveit2/install/pilz_industrial_motion_planner/share/pilz_industrial_motion_planner/cmake/pilz_industrial_motion_plannerTargetsExport-release.cmake
[103.097s] -- Installing: /home/minis/ws_moveit2/install/pilz_industrial_motion_planner/share/pilz_industrial_motion_planner/cmake/ament_cmake_export_include_directories-extras.cmake
[103.097s] -- Installing: /home/minis/ws_moveit2/install/pilz_industrial_motion_planner/share/pilz_industrial_motion_planner/cmake/ament_cmake_export_targets-extras.cmake
[103.097s] -- Installing: /home/minis/ws_moveit2/install/pilz_industrial_motion_planner/share/pilz_industrial_motion_planner/cmake/ament_cmake_export_dependencies-extras.cmake
[103.097s] -- Installing: /home/minis/ws_moveit2/install/pilz_industrial_motion_planner/share/pilz_industrial_motion_planner/cmake/pilz_industrial_motion_plannerConfig.cmake
[103.097s] -- Installing: /home/minis/ws_moveit2/install/pilz_industrial_motion_planner/share/pilz_industrial_motion_planner/cmake/pilz_industrial_motion_plannerConfig-version.cmake
[103.097s] -- Installing: /home/minis/ws_moveit2/install/pilz_industrial_motion_planner/share/pilz_industrial_motion_planner/package.xml
[103.099s] Invoked command in '/home/minis/ws_moveit2/build/pilz_industrial_motion_planner' returned '0': AMENT_PREFIX_PATH=/home/minis/ws_moveit2/install/moveit_resources_prbt_pg70_support:/home/minis/ws_moveit2/install/moveit_ros_planning_interface:/home/minis/ws_moveit2/install/moveit_resources_prbt_moveit_config:/home/minis/ws_moveit2/install/moveit_ros_move_group:/home/minis/ws_moveit2/install/moveit_ros_warehouse:/home/minis/ws_moveit2/install/moveit_planners_ompl:/home/minis/ws_moveit2/install/moveit_kinematics:/home/minis/ws_moveit2/install/moveit_ros_planning:/home/minis/ws_moveit2/install/pilz_industrial_motion_planner_testutils:/home/minis/ws_moveit2/install/moveit_simple_controller_manager:/home/minis/ws_moveit2/install/moveit_ros_occupancy_map_monitor:/home/minis/ws_moveit2/install/moveit_resources_prbt_ikfast_manipulator_plugin:/home/minis/ws_moveit2/install/moveit_core:/home/minis/ws_moveit2/install/moveit_resources_panda_moveit_config:/home/minis/ws_moveit2/install/moveit_resources_fanuc_moveit_config:/home/minis/ws_moveit2/install/moveit_configs_utils:/home/minis/ws_moveit2/install/srdfdom:/home/minis/ws_moveit2/install/moveit_resources_prbt_support:/home/minis/ws_moveit2/install/moveit_resources_pr2_description:/home/minis/ws_moveit2/install/moveit_resources_panda_description:/home/minis/ws_moveit2/install/moveit_resources_fanuc_description:/home/minis/ws_moveit2/install/moveit_common:/home/minis/ws_moveit2/install/launch_param_builder:${AMENT_PREFIX_PATH} CMAKE_PREFIX_PATH=/home/minis/ws_moveit2/install/moveit_resources_prbt_pg70_support:/home/minis/ws_moveit2/install/moveit_ros_planning_interface:/home/minis/ws_moveit2/install/moveit_resources_prbt_moveit_config:/home/minis/ws_moveit2/install/moveit_ros_move_group:/home/minis/ws_moveit2/install/moveit_ros_warehouse:/home/minis/ws_moveit2/install/moveit_planners_ompl:/home/minis/ws_moveit2/install/moveit_kinematics:/home/minis/ws_moveit2/install/moveit_ros_planning:/home/minis/ws_moveit2/install/pilz_industrial_motion_planner_testutils:/home/minis/ws_moveit2/install/moveit_simple_controller_manager:/home/minis/ws_moveit2/install/moveit_ros_occupancy_map_monitor:/home/minis/ws_moveit2/install/moveit_resources_prbt_ikfast_manipulator_plugin:/home/minis/ws_moveit2/install/moveit_core:/home/minis/ws_moveit2/install/moveit_resources_panda_moveit_config:/home/minis/ws_moveit2/install/moveit_resources_fanuc_moveit_config:/home/minis/ws_moveit2/install/srdfdom:/home/minis/ws_moveit2/install/moveit_resources_prbt_support:/home/minis/ws_moveit2/install/moveit_resources_pr2_description:/home/minis/ws_moveit2/install/moveit_resources_panda_description:/home/minis/ws_moveit2/install/moveit_resources_fanuc_description:/home/minis/ws_moveit2/install/moveit_common:/opt/ros/humble LD_LIBRARY_PATH=/home/minis/ws_moveit2/install/moveit_ros_planning_interface/lib:/home/minis/ws_moveit2/install/moveit_ros_move_group/lib:/home/minis/ws_moveit2/install/moveit_ros_warehouse/lib:/home/minis/ws_moveit2/install/moveit_planners_ompl/lib:/home/minis/ws_moveit2/install/moveit_kinematics/lib:/home/minis/ws_moveit2/install/moveit_ros_planning/lib:/home/minis/ws_moveit2/install/pilz_industrial_motion_planner_testutils/lib:/home/minis/ws_moveit2/install/moveit_simple_controller_manager/lib:/home/minis/ws_moveit2/install/moveit_ros_occupancy_map_monitor/lib:/home/minis/ws_moveit2/install/moveit_resources_prbt_ikfast_manipulator_plugin/lib:/home/minis/ws_moveit2/install/moveit_core/lib:/home/minis/ws_moveit2/install/srdfdom/lib:${LD_LIBRARY_PATH} PATH=/home/minis/ws_moveit2/install/moveit_core/bin:${PATH} PYTHONPATH=/home/minis/ws_moveit2/install/moveit_configs_utils/lib/python3.10/site-packages:/home/minis/ws_moveit2/install/srdfdom/local/lib/python3.10/dist-packages:/home/minis/ws_moveit2/install/launch_param_builder/lib/python3.10/site-packages:${PYTHONPATH} /usr/bin/cmake --install /home/minis/ws_moveit2/build/pilz_industrial_motion_planner
