[0.000000] (-) TimerEvent: {}
[0.000121] (-) JobUnselected: {'identifier': 'chomp_motion_planner'}
[0.000135] (-) JobUnselected: {'identifier': 'launch_param_builder'}
[0.000144] (-) JobUnselected: {'identifier': 'moveit'}
[0.000153] (-) JobUnselected: {'identifier': 'moveit2_tutorials'}
[0.000160] (-) JobUnselected: {'identifier': 'moveit_chomp_optimizer_adapter'}
[0.000168] (-) JobUnselected: {'identifier': 'moveit_common'}
[0.000175] (-) JobUnselected: {'identifier': 'moveit_configs_utils'}
[0.000182] (-) JobUnselected: {'identifier': 'moveit_core'}
[0.000189] (-) JobUnselected: {'identifier': 'moveit_hybrid_planning'}
[0.000195] (-) JobUnselected: {'identifier': 'moveit_kinematics'}
[0.000202] (-) JobUnselected: {'identifier': 'moveit_planners'}
[0.000209] (-) JobUnselected: {'identifier': 'moveit_planners_chomp'}
[0.000215] (-) JobUnselected: {'identifier': 'moveit_planners_ompl'}
[0.000222] (-) JobUnselected: {'identifier': 'moveit_plugins'}
[0.000229] (-) JobUnselected: {'identifier': 'moveit_py'}
[0.000235] (-) JobUnselected: {'identifier': 'moveit_resources'}
[0.000243] (-) JobUnselected: {'identifier': 'moveit_resources_fanuc_description'}
[0.000251] (-) JobUnselected: {'identifier': 'moveit_resources_fanuc_moveit_config'}
[0.000257] (-) JobUnselected: {'identifier': 'moveit_resources_panda_description'}
[0.000264] (-) JobUnselected: {'identifier': 'moveit_resources_panda_moveit_config'}
[0.000271] (-) JobUnselected: {'identifier': 'moveit_resources_pr2_description'}
[0.000277] (-) JobUnselected: {'identifier': 'moveit_resources_prbt_ikfast_manipulator_plugin'}
[0.000284] (-) JobUnselected: {'identifier': 'moveit_resources_prbt_moveit_config'}
[0.000291] (-) JobUnselected: {'identifier': 'moveit_resources_prbt_pg70_support'}
[0.000297] (-) JobUnselected: {'identifier': 'moveit_resources_prbt_support'}
[0.000304] (-) JobUnselected: {'identifier': 'moveit_ros'}
[0.000311] (-) JobUnselected: {'identifier': 'moveit_ros_benchmarks'}
[0.000317] (-) JobUnselected: {'identifier': 'moveit_ros_control_interface'}
[0.000324] (-) JobUnselected: {'identifier': 'moveit_ros_move_group'}
[0.000330] (-) JobUnselected: {'identifier': 'moveit_ros_occupancy_map_monitor'}
[0.000337] (-) JobUnselected: {'identifier': 'moveit_ros_perception'}
[0.000344] (-) JobUnselected: {'identifier': 'moveit_ros_planning'}
[0.000350] (-) JobUnselected: {'identifier': 'moveit_ros_planning_interface'}
[0.000357] (-) JobUnselected: {'identifier': 'moveit_ros_robot_interaction'}
[0.000363] (-) JobUnselected: {'identifier': 'moveit_ros_visualization'}
[0.000370] (-) JobUnselected: {'identifier': 'moveit_ros_warehouse'}
[0.000377] (-) JobUnselected: {'identifier': 'moveit_runtime'}
[0.000383] (-) JobUnselected: {'identifier': 'moveit_servo'}
[0.000390] (-) JobUnselected: {'identifier': 'moveit_setup_app_plugins'}
[0.000397] (-) JobUnselected: {'identifier': 'moveit_setup_assistant'}
[0.000403] (-) JobUnselected: {'identifier': 'moveit_setup_controllers'}
[0.000410] (-) JobUnselected: {'identifier': 'moveit_setup_core_plugins'}
[0.000417] (-) JobUnselected: {'identifier': 'moveit_setup_framework'}
[0.000423] (-) JobUnselected: {'identifier': 'moveit_setup_srdf_plugins'}
[0.000430] (-) JobUnselected: {'identifier': 'moveit_simple_controller_manager'}
[0.000436] (-) JobUnselected: {'identifier': 'moveit_task_constructor_capabilities'}
[0.000443] (-) JobUnselected: {'identifier': 'moveit_task_constructor_core'}
[0.000450] (-) JobUnselected: {'identifier': 'moveit_task_constructor_demo'}
[0.000456] (-) JobUnselected: {'identifier': 'moveit_task_constructor_msgs'}
[0.000463] (-) JobUnselected: {'identifier': 'moveit_task_constructor_visualization'}
[0.000469] (-) JobUnselected: {'identifier': 'moveit_visual_tools'}
[0.000476] (-) JobUnselected: {'identifier': 'panda_description'}
[0.000482] (-) JobUnselected: {'identifier': 'panda_gazebo'}
[0.000489] (-) JobUnselected: {'identifier': 'panda_moveit_config'}
[0.000496] (-) JobUnselected: {'identifier': 'pilz_industrial_motion_planner'}
[0.000502] (-) JobUnselected: {'identifier': 'pilz_industrial_motion_planner_testutils'}
[0.000514] (-) JobUnselected: {'identifier': 'rosparam_shortcuts'}
[0.000521] (-) JobUnselected: {'identifier': 'rviz_marker_tools'}
[0.000528] (-) JobUnselected: {'identifier': 'srdfdom'}
[0.000535] (-) EventReactorShutdown: {}
