[0.067s] Invoking command in '/home/minis/ws_moveit2/build/moveit_common': CMAKE_PREFIX_PATH=${CMAKE_PREFIX_PATH}:/home/minis/ws_moveit2/install/panda_commander:/home/minis/ws_moveit2/install/moveit_configs_utils:/home/minis/ws_moveit2/install/launch_param_builder:/opt/ros/humble /usr/bin/cmake --build /home/minis/ws_moveit2/build/moveit_common -- -j16 -l16
[0.394s] Invoked command in '/home/minis/ws_moveit2/build/moveit_common' returned '0': CMAKE_PREFIX_PATH=${CMAKE_PREFIX_PATH}:/home/minis/ws_moveit2/install/panda_commander:/home/minis/ws_moveit2/install/moveit_configs_utils:/home/minis/ws_moveit2/install/launch_param_builder:/opt/ros/humble /usr/bin/cmake --build /home/minis/ws_moveit2/build/moveit_common -- -j16 -l16
[0.394s] Invoking command in '/home/minis/ws_moveit2/build/moveit_common': CMAKE_PREFIX_PATH=${CMAKE_PREFIX_PATH}:/home/minis/ws_moveit2/install/panda_commander:/home/minis/ws_moveit2/install/moveit_configs_utils:/home/minis/ws_moveit2/install/launch_param_builder:/opt/ros/humble /usr/bin/cmake --install /home/minis/ws_moveit2/build/moveit_common
[0.413s] -- Install configuration: "Release"
[0.413s] -- Up-to-date: /home/minis/ws_moveit2/install/moveit_common/share/ament_index/resource_index/package_run_dependencies/moveit_common
[0.413s] -- Up-to-date: /home/minis/ws_moveit2/install/moveit_common/share/ament_index/resource_index/parent_prefix_path/moveit_common
[0.413s] -- Up-to-date: /home/minis/ws_moveit2/install/moveit_common/share/moveit_common/environment/ament_prefix_path.sh
[0.413s] -- Up-to-date: /home/minis/ws_moveit2/install/moveit_common/share/moveit_common/environment/ament_prefix_path.dsv
[0.413s] -- Up-to-date: /home/minis/ws_moveit2/install/moveit_common/share/moveit_common/environment/path.sh
[0.413s] -- Up-to-date: /home/minis/ws_moveit2/install/moveit_common/share/moveit_common/environment/path.dsv
[0.413s] -- Up-to-date: /home/minis/ws_moveit2/install/moveit_common/share/moveit_common/local_setup.bash
[0.414s] -- Up-to-date: /home/minis/ws_moveit2/install/moveit_common/share/moveit_common/local_setup.sh
[0.414s] -- Up-to-date: /home/minis/ws_moveit2/install/moveit_common/share/moveit_common/local_setup.zsh
[0.414s] -- Up-to-date: /home/minis/ws_moveit2/install/moveit_common/share/moveit_common/local_setup.dsv
[0.414s] -- Installing: /home/minis/ws_moveit2/install/moveit_common/share/moveit_common/package.dsv
[0.414s] -- Up-to-date: /home/minis/ws_moveit2/install/moveit_common/share/ament_index/resource_index/packages/moveit_common
[0.414s] -- Up-to-date: /home/minis/ws_moveit2/install/moveit_common/share/moveit_common/cmake/moveit_common-extras.cmake
[0.414s] -- Up-to-date: /home/minis/ws_moveit2/install/moveit_common/share/moveit_common/cmake/moveit_commonConfig.cmake
[0.414s] -- Up-to-date: /home/minis/ws_moveit2/install/moveit_common/share/moveit_common/cmake/moveit_commonConfig-version.cmake
[0.414s] -- Up-to-date: /home/minis/ws_moveit2/install/moveit_common/share/moveit_common/package.xml
[0.414s] -- Up-to-date: /home/minis/ws_moveit2/install/moveit_common/share/moveit_common/cmake
[0.414s] -- Up-to-date: /home/minis/ws_moveit2/install/moveit_common/share/moveit_common/cmake/moveit_package.cmake
[0.454s] Invoked command in '/home/minis/ws_moveit2/build/moveit_common' returned '0': CMAKE_PREFIX_PATH=${CMAKE_PREFIX_PATH}:/home/minis/ws_moveit2/install/panda_commander:/home/minis/ws_moveit2/install/moveit_configs_utils:/home/minis/ws_moveit2/install/launch_param_builder:/opt/ros/humble /usr/bin/cmake --install /home/minis/ws_moveit2/build/moveit_common
