[0.009s] Invoking command in '/home/minis/ws_moveit2/build/moveit_ros_occupancy_map_monitor': AMENT_PREFIX_PATH=/home/minis/ws_moveit2/install/moveit_core:/home/minis/ws_moveit2/install/moveit_resources_panda_moveit_config:/home/minis/ws_moveit2/install/srdfdom:/home/minis/ws_moveit2/install/moveit_resources_pr2_description:/home/minis/ws_moveit2/install/moveit_resources_panda_description:/home/minis/ws_moveit2/install/moveit_common CMAKE_PREFIX_PATH=/home/minis/ws_moveit2/install/moveit_core:/home/minis/ws_moveit2/install/moveit_resources_panda_moveit_config:/home/minis/ws_moveit2/install/srdfdom:/home/minis/ws_moveit2/install/moveit_resources_pr2_description:/home/minis/ws_moveit2/install/moveit_resources_panda_description:/home/minis/ws_moveit2/install/moveit_common LD_LIBRARY_PATH=/home/minis/ws_moveit2/install/moveit_core/lib:/home/minis/ws_moveit2/install/srdfdom/lib PATH=/home/minis/ws_moveit2/install/moveit_core/bin:${PATH} PYTHONPATH=/home/minis/ws_moveit2/install/srdfdom/local/lib/python3.10/dist-packages /usr/bin/cmake --build /home/minis/ws_moveit2/build/moveit_ros_occupancy_map_monitor -- -j16 -l16
[0.041s] [35m[1mConsolidate compiler generated dependencies of target gmock_main[0m
[0.041s] [35m[1mConsolidate compiler generated dependencies of target gmock[0m
[0.044s] [35m[1mConsolidate compiler generated dependencies of target moveit_ros_occupancy_map_monitor[0m
[0.050s] [ 15%] Built target gmock_main
[0.051s] [ 38%] Built target gmock
[0.061s] [ 69%] Built target moveit_ros_occupancy_map_monitor
[0.071s] [35m[1mConsolidate compiler generated dependencies of target occupancy_map_monitor_tests[0m
[0.071s] [35m[1mConsolidate compiler generated dependencies of target moveit_ros_occupancy_map_server[0m
[0.084s] [ 84%] Built target occupancy_map_monitor_tests
[0.084s] [100%] Built target moveit_ros_occupancy_map_server
[0.106s] Invoked command in '/home/minis/ws_moveit2/build/moveit_ros_occupancy_map_monitor' returned '0': AMENT_PREFIX_PATH=/home/minis/ws_moveit2/install/moveit_core:/home/minis/ws_moveit2/install/moveit_resources_panda_moveit_config:/home/minis/ws_moveit2/install/srdfdom:/home/minis/ws_moveit2/install/moveit_resources_pr2_description:/home/minis/ws_moveit2/install/moveit_resources_panda_description:/home/minis/ws_moveit2/install/moveit_common CMAKE_PREFIX_PATH=/home/minis/ws_moveit2/install/moveit_core:/home/minis/ws_moveit2/install/moveit_resources_panda_moveit_config:/home/minis/ws_moveit2/install/srdfdom:/home/minis/ws_moveit2/install/moveit_resources_pr2_description:/home/minis/ws_moveit2/install/moveit_resources_panda_description:/home/minis/ws_moveit2/install/moveit_common LD_LIBRARY_PATH=/home/minis/ws_moveit2/install/moveit_core/lib:/home/minis/ws_moveit2/install/srdfdom/lib PATH=/home/minis/ws_moveit2/install/moveit_core/bin:${PATH} PYTHONPATH=/home/minis/ws_moveit2/install/srdfdom/local/lib/python3.10/dist-packages /usr/bin/cmake --build /home/minis/ws_moveit2/build/moveit_ros_occupancy_map_monitor -- -j16 -l16
[0.107s] Invoking command in '/home/minis/ws_moveit2/build/moveit_ros_occupancy_map_monitor': AMENT_PREFIX_PATH=/home/minis/ws_moveit2/install/moveit_core:/home/minis/ws_moveit2/install/moveit_resources_panda_moveit_config:/home/minis/ws_moveit2/install/srdfdom:/home/minis/ws_moveit2/install/moveit_resources_pr2_description:/home/minis/ws_moveit2/install/moveit_resources_panda_description:/home/minis/ws_moveit2/install/moveit_common CMAKE_PREFIX_PATH=/home/minis/ws_moveit2/install/moveit_core:/home/minis/ws_moveit2/install/moveit_resources_panda_moveit_config:/home/minis/ws_moveit2/install/srdfdom:/home/minis/ws_moveit2/install/moveit_resources_pr2_description:/home/minis/ws_moveit2/install/moveit_resources_panda_description:/home/minis/ws_moveit2/install/moveit_common LD_LIBRARY_PATH=/home/minis/ws_moveit2/install/moveit_core/lib:/home/minis/ws_moveit2/install/srdfdom/lib PATH=/home/minis/ws_moveit2/install/moveit_core/bin:${PATH} PYTHONPATH=/home/minis/ws_moveit2/install/srdfdom/local/lib/python3.10/dist-packages /usr/bin/cmake --install /home/minis/ws_moveit2/build/moveit_ros_occupancy_map_monitor
[0.113s] -- Install configuration: "Release"
[0.113s] -- Up-to-date: /home/minis/ws_moveit2/install/moveit_ros_occupancy_map_monitor/lib/libmoveit_ros_occupancy_map_monitor.so.2.5.9
[0.114s] -- Up-to-date: /home/minis/ws_moveit2/install/moveit_ros_occupancy_map_monitor/lib/libmoveit_ros_occupancy_map_monitor.so
[0.115s] -- Up-to-date: /home/minis/ws_moveit2/install/moveit_ros_occupancy_map_monitor/lib/moveit_ros_occupancy_map_monitor/moveit_ros_occupancy_map_server
[0.116s] -- Up-to-date: /home/minis/ws_moveit2/install/moveit_ros_occupancy_map_monitor/include
[0.116s] -- Up-to-date: /home/minis/ws_moveit2/install/moveit_ros_occupancy_map_monitor/include/moveit
[0.116s] -- Up-to-date: /home/minis/ws_moveit2/install/moveit_ros_occupancy_map_monitor/include/moveit/occupancy_map_monitor
[0.117s] -- Up-to-date: /home/minis/ws_moveit2/install/moveit_ros_occupancy_map_monitor/include/moveit/occupancy_map_monitor/occupancy_map_monitor_middleware_handle.hpp
[0.117s] -- Up-to-date: /home/minis/ws_moveit2/install/moveit_ros_occupancy_map_monitor/include/moveit/occupancy_map_monitor/occupancy_map_updater.h
[0.117s] -- Up-to-date: /home/minis/ws_moveit2/install/moveit_ros_occupancy_map_monitor/include/moveit/occupancy_map_monitor/occupancy_map_monitor.h
[0.117s] -- Up-to-date: /home/minis/ws_moveit2/install/moveit_ros_occupancy_map_monitor/share/moveit_ros_occupancy_map_monitor/environment/library_path.sh
[0.117s] -- Up-to-date: /home/minis/ws_moveit2/install/moveit_ros_occupancy_map_monitor/share/moveit_ros_occupancy_map_monitor/environment/library_path.dsv
[0.117s] -- Up-to-date: /home/minis/ws_moveit2/install/moveit_ros_occupancy_map_monitor/share/ament_index/resource_index/package_run_dependencies/moveit_ros_occupancy_map_monitor
[0.117s] -- Up-to-date: /home/minis/ws_moveit2/install/moveit_ros_occupancy_map_monitor/share/ament_index/resource_index/parent_prefix_path/moveit_ros_occupancy_map_monitor
[0.117s] -- Up-to-date: /home/minis/ws_moveit2/install/moveit_ros_occupancy_map_monitor/share/moveit_ros_occupancy_map_monitor/environment/ament_prefix_path.sh
[0.117s] -- Up-to-date: /home/minis/ws_moveit2/install/moveit_ros_occupancy_map_monitor/share/moveit_ros_occupancy_map_monitor/environment/ament_prefix_path.dsv
[0.118s] -- Up-to-date: /home/minis/ws_moveit2/install/moveit_ros_occupancy_map_monitor/share/moveit_ros_occupancy_map_monitor/environment/path.sh
[0.118s] -- Up-to-date: /home/minis/ws_moveit2/install/moveit_ros_occupancy_map_monitor/share/moveit_ros_occupancy_map_monitor/environment/path.dsv
[0.118s] -- Up-to-date: /home/minis/ws_moveit2/install/moveit_ros_occupancy_map_monitor/share/moveit_ros_occupancy_map_monitor/local_setup.bash
[0.118s] -- Up-to-date: /home/minis/ws_moveit2/install/moveit_ros_occupancy_map_monitor/share/moveit_ros_occupancy_map_monitor/local_setup.sh
[0.118s] -- Up-to-date: /home/minis/ws_moveit2/install/moveit_ros_occupancy_map_monitor/share/moveit_ros_occupancy_map_monitor/local_setup.zsh
[0.118s] -- Up-to-date: /home/minis/ws_moveit2/install/moveit_ros_occupancy_map_monitor/share/moveit_ros_occupancy_map_monitor/local_setup.dsv
[0.118s] -- Installing: /home/minis/ws_moveit2/install/moveit_ros_occupancy_map_monitor/share/moveit_ros_occupancy_map_monitor/package.dsv
[0.118s] -- Up-to-date: /home/minis/ws_moveit2/install/moveit_ros_occupancy_map_monitor/share/ament_index/resource_index/packages/moveit_ros_occupancy_map_monitor
[0.119s] -- Up-to-date: /home/minis/ws_moveit2/install/moveit_ros_occupancy_map_monitor/share/moveit_ros_occupancy_map_monitor/cmake/export_moveit_ros_occupancy_map_monitorExport.cmake
[0.119s] -- Up-to-date: /home/minis/ws_moveit2/install/moveit_ros_occupancy_map_monitor/share/moveit_ros_occupancy_map_monitor/cmake/export_moveit_ros_occupancy_map_monitorExport-release.cmake
[0.119s] -- Up-to-date: /home/minis/ws_moveit2/install/moveit_ros_occupancy_map_monitor/share/moveit_ros_occupancy_map_monitor/cmake/ament_cmake_export_targets-extras.cmake
[0.119s] -- Up-to-date: /home/minis/ws_moveit2/install/moveit_ros_occupancy_map_monitor/share/moveit_ros_occupancy_map_monitor/cmake/ament_cmake_export_dependencies-extras.cmake
[0.119s] -- Up-to-date: /home/minis/ws_moveit2/install/moveit_ros_occupancy_map_monitor/share/moveit_ros_occupancy_map_monitor/cmake/moveit_ros_occupancy_map_monitorConfig.cmake
[0.119s] -- Up-to-date: /home/minis/ws_moveit2/install/moveit_ros_occupancy_map_monitor/share/moveit_ros_occupancy_map_monitor/cmake/moveit_ros_occupancy_map_monitorConfig-version.cmake
[0.119s] -- Up-to-date: /home/minis/ws_moveit2/install/moveit_ros_occupancy_map_monitor/share/moveit_ros_occupancy_map_monitor/package.xml
[0.134s] Invoked command in '/home/minis/ws_moveit2/build/moveit_ros_occupancy_map_monitor' returned '0': AMENT_PREFIX_PATH=/home/minis/ws_moveit2/install/moveit_core:/home/minis/ws_moveit2/install/moveit_resources_panda_moveit_config:/home/minis/ws_moveit2/install/srdfdom:/home/minis/ws_moveit2/install/moveit_resources_pr2_description:/home/minis/ws_moveit2/install/moveit_resources_panda_description:/home/minis/ws_moveit2/install/moveit_common CMAKE_PREFIX_PATH=/home/minis/ws_moveit2/install/moveit_core:/home/minis/ws_moveit2/install/moveit_resources_panda_moveit_config:/home/minis/ws_moveit2/install/srdfdom:/home/minis/ws_moveit2/install/moveit_resources_pr2_description:/home/minis/ws_moveit2/install/moveit_resources_panda_description:/home/minis/ws_moveit2/install/moveit_common LD_LIBRARY_PATH=/home/minis/ws_moveit2/install/moveit_core/lib:/home/minis/ws_moveit2/install/srdfdom/lib PATH=/home/minis/ws_moveit2/install/moveit_core/bin:${PATH} PYTHONPATH=/home/minis/ws_moveit2/install/srdfdom/local/lib/python3.10/dist-packages /usr/bin/cmake --install /home/minis/ws_moveit2/build/moveit_ros_occupancy_map_monitor
