[0.014s] Invoking command in '/home/minis/ws_moveit2/build/moveit_ros_perception': AMENT_PREFIX_PATH=/home/minis/ws_moveit2/install/moveit_ros_planning:/home/minis/ws_moveit2/install/moveit_ros_occupancy_map_monitor:/home/minis/ws_moveit2/install/moveit_core:/home/minis/ws_moveit2/install/moveit_resources_panda_moveit_config:/home/minis/ws_moveit2/install/moveit_configs_utils:/home/minis/ws_moveit2/install/srdfdom:/home/minis/ws_moveit2/install/moveit_resources_pr2_description:/home/minis/ws_moveit2/install/moveit_resources_panda_description:/home/minis/ws_moveit2/install/moveit_common:/home/minis/ws_moveit2/install/launch_param_builder:${AMENT_PREFIX_PATH} CMAKE_PREFIX_PATH=/home/minis/ws_moveit2/install/moveit_ros_planning:/home/minis/ws_moveit2/install/moveit_ros_occupancy_map_monitor:/home/minis/ws_moveit2/install/moveit_core:/home/minis/ws_moveit2/install/moveit_resources_panda_moveit_config:/home/minis/ws_moveit2/install/srdfdom:/home/minis/ws_moveit2/install/moveit_resources_pr2_description:/home/minis/ws_moveit2/install/moveit_resources_panda_description:/home/minis/ws_moveit2/install/moveit_common:/opt/ros/humble LD_LIBRARY_PATH=/home/minis/ws_moveit2/install/moveit_ros_planning/lib:/home/minis/ws_moveit2/install/moveit_ros_occupancy_map_monitor/lib:/home/minis/ws_moveit2/install/moveit_core/lib:/home/minis/ws_moveit2/install/srdfdom/lib:${LD_LIBRARY_PATH} PATH=/home/minis/ws_moveit2/install/moveit_core/bin:${PATH} PYTHONPATH=/home/minis/ws_moveit2/install/moveit_configs_utils/lib/python3.10/site-packages:/home/minis/ws_moveit2/install/srdfdom/local/lib/python3.10/dist-packages:/home/minis/ws_moveit2/install/launch_param_builder/lib/python3.10/site-packages:${PYTHONPATH} /usr/bin/cmake /home/minis/ws_moveit2/src/moveit2/moveit_ros/perception -DCMAKE_BUILD_TYPE=Release -DCMAKE_INSTALL_PREFIX=/home/minis/ws_moveit2/install/moveit_ros_perception
[0.048s] -- The C compiler identification is GNU 11.4.0
[0.087s] -- The CXX compiler identification is GNU 11.4.0
[0.093s] -- Detecting C compiler ABI info
[0.144s] -- Detecting C compiler ABI info - done
[0.148s] -- Check for working C compiler: /usr/bin/cc - skipped
[0.148s] -- Detecting C compile features
[0.148s] -- Detecting C compile features - done
[0.150s] -- Detecting CXX compiler ABI info
[0.206s] -- Detecting CXX compiler ABI info - done
[0.210s] -- Check for working CXX compiler: /usr/bin/c++ - skipped
[0.210s] -- Detecting CXX compile features
[0.210s] -- Detecting CXX compile features - done
[0.211s] -- Found moveit_common: 2.5.9 (/home/minis/ws_moveit2/install/moveit_common/share/moveit_common/cmake)
[0.213s] -- Found ament_cmake: 1.3.12 (/opt/ros/humble/share/ament_cmake/cmake)
[0.313s] -- Found Python3: /usr/bin/python3 (found version "3.10.12") found components: Interpreter 
[0.437s] -- Found OpenGL: /usr/lib/x86_64-linux-gnu/libOpenGL.so   
[0.471s] -- Found GLEW: /usr/include (found version "2.2.0") 
[0.474s] -- Found PkgConfig: /usr/bin/pkg-config (found version "0.29.2") 
[0.475s] -- Checking for module 'glut'
[0.476s] --   No package 'glut' found
[0.479s] -- Found GLUT: /usr/lib/x86_64-linux-gnu/libglut.so  
[0.483s] -- Found cv_bridge: 3.2.1 (/opt/ros/humble/share/cv_bridge/cmake)
[0.515s] -- Found rosidl_generator_c: 3.1.8 (/opt/ros/humble/share/rosidl_generator_c/cmake)
[0.519s] -- Found rosidl_adapter: 3.1.8 (/opt/ros/humble/share/rosidl_adapter/cmake)
[0.526s] -- Found rosidl_generator_cpp: 3.1.8 (/opt/ros/humble/share/rosidl_generator_cpp/cmake)
[0.535s] -- Using all available rosidl_typesupport_c: rosidl_typesupport_fastrtps_c;rosidl_typesupport_introspection_c
[0.547s] -- Using all available rosidl_typesupport_cpp: rosidl_typesupport_fastrtps_cpp;rosidl_typesupport_introspection_cpp
[0.585s] -- Found moveit_core: 2.5.9 (/home/minis/ws_moveit2/install/moveit_core/share/moveit_core/cmake)
[0.757s] -- Found Boost: /usr/lib/x86_64-linux-gnu/cmake/Boost-1.74.0/BoostConfig.cmake (found version "1.74.0") found components: chrono date_time filesystem iostreams program_options regex serialization system thread 
[0.796s] -- Found parameter_traits: 0.6.0 (/opt/ros/humble/share/parameter_traits/cmake)
[0.827s] -- Found rmw_implementation_cmake: 6.1.2 (/opt/ros/humble/share/rmw_implementation_cmake/cmake)
[0.830s] -- Found rmw_fastrtps_cpp: 6.2.9 (/opt/ros/humble/share/rmw_fastrtps_cpp/cmake)
[0.901s] -- Found OpenSSL: /usr/lib/x86_64-linux-gnu/libcrypto.so (found version "3.0.2")  
[0.920s] -- Found FastRTPS: /opt/ros/humble/include  
[0.954s] -- Using RMW implementation 'rmw_fastrtps_cpp' as default
[0.962s] -- Found Threads: TRUE  
[0.996s] -- Found rclcpp_lifecycle: 16.0.17 (/opt/ros/humble/share/rclcpp_lifecycle/cmake)
[1.012s] -- Found Boost: /usr/lib/x86_64-linux-gnu/cmake/Boost-1.74.0/BoostConfig.cmake (found version "1.74.0") found components: filesystem 
[1.087s] -- library: /usr/lib/x86_64-linux-gnu/libcurl.so
[1.118s] -- Found Eigen3: TRUE (found version "3.4.0") 
[1.118s] -- Ensuring Eigen3 include directory is part of orocos-kdl CMake target
[1.285s] -- Found image_transport: 3.1.12 (/opt/ros/humble/share/image_transport/cmake)
[1.289s] -- Found moveit_ros_occupancy_map_monitor: 2.5.9 (/home/minis/ws_moveit2/install/moveit_ros_occupancy_map_monitor/share/moveit_ros_occupancy_map_monitor/cmake)
[1.534s] -- Found OpenMP_C: -fopenmp (found version "4.5") 
[1.660s] -- Found OpenMP_CXX: -fopenmp (found version "4.5") 
[1.663s] -- Found OpenMP: TRUE (found version "4.5")  
[1.672s] -- Found OpenCV: /usr (found version "4.5.4") 
[1.678s] -- Found Boost: /usr/lib/x86_64-linux-gnu/cmake/Boost-1.74.0/BoostConfig.cmake (found version "1.74.0") found components: thread 
[1.703s] -- Performing Test COMPILER_HAS_HIDDEN_VISIBILITY
[1.943s] -- Performing Test COMPILER_HAS_HIDDEN_VISIBILITY - Success
[1.944s] -- Performing Test COMPILER_HAS_HIDDEN_INLINE_VISIBILITY
[2.259s] -- Performing Test COMPILER_HAS_HIDDEN_INLINE_VISIBILITY - Success
[2.259s] -- Performing Test COMPILER_HAS_DEPRECATED_ATTR
[2.692s] -- Performing Test COMPILER_HAS_DEPRECATED_ATTR - Success
[2.748s] -- Found ament_lint_auto: 0.12.14 (/opt/ros/humble/share/ament_lint_auto/cmake)
[2.806s] -- Added test 'cppcheck' to perform static code analysis on C / C++ code
[2.806s] -- Configured cppcheck include dirs: /home/minis/ws_moveit2/src/moveit2/moveit_ros/perception/depth_image_octomap_updater/include;/home/minis/ws_moveit2/src/moveit2/moveit_ros/perception/lazy_free_space_updater/include;/home/minis/ws_moveit2/src/moveit2/moveit_ros/perception/mesh_filter/include;/home/minis/ws_moveit2/src/moveit2/moveit_ros/perception/point_containment_filter/include;/home/minis/ws_moveit2/src/moveit2/moveit_ros/perception/pointcloud_octomap_updater/include;/home/minis/ws_moveit2/src/moveit2/moveit_ros/perception/semantic_world/include
[2.806s] -- Configured cppcheck exclude dirs and/or files: 
[2.815s] -- Added test 'lint_cmake' to check CMake code style
[2.822s] -- Added test 'xmllint' to check XML markup files
[2.827s] -- Configuring done
[3.058s] -- Generating done
[3.113s] -- Build files have been written to: /home/minis/ws_moveit2/build/moveit_ros_perception
[3.184s] Invoked command in '/home/minis/ws_moveit2/build/moveit_ros_perception' returned '0': AMENT_PREFIX_PATH=/home/minis/ws_moveit2/install/moveit_ros_planning:/home/minis/ws_moveit2/install/moveit_ros_occupancy_map_monitor:/home/minis/ws_moveit2/install/moveit_core:/home/minis/ws_moveit2/install/moveit_resources_panda_moveit_config:/home/minis/ws_moveit2/install/moveit_configs_utils:/home/minis/ws_moveit2/install/srdfdom:/home/minis/ws_moveit2/install/moveit_resources_pr2_description:/home/minis/ws_moveit2/install/moveit_resources_panda_description:/home/minis/ws_moveit2/install/moveit_common:/home/minis/ws_moveit2/install/launch_param_builder:${AMENT_PREFIX_PATH} CMAKE_PREFIX_PATH=/home/minis/ws_moveit2/install/moveit_ros_planning:/home/minis/ws_moveit2/install/moveit_ros_occupancy_map_monitor:/home/minis/ws_moveit2/install/moveit_core:/home/minis/ws_moveit2/install/moveit_resources_panda_moveit_config:/home/minis/ws_moveit2/install/srdfdom:/home/minis/ws_moveit2/install/moveit_resources_pr2_description:/home/minis/ws_moveit2/install/moveit_resources_panda_description:/home/minis/ws_moveit2/install/moveit_common:/opt/ros/humble LD_LIBRARY_PATH=/home/minis/ws_moveit2/install/moveit_ros_planning/lib:/home/minis/ws_moveit2/install/moveit_ros_occupancy_map_monitor/lib:/home/minis/ws_moveit2/install/moveit_core/lib:/home/minis/ws_moveit2/install/srdfdom/lib:${LD_LIBRARY_PATH} PATH=/home/minis/ws_moveit2/install/moveit_core/bin:${PATH} PYTHONPATH=/home/minis/ws_moveit2/install/moveit_configs_utils/lib/python3.10/site-packages:/home/minis/ws_moveit2/install/srdfdom/local/lib/python3.10/dist-packages:/home/minis/ws_moveit2/install/launch_param_builder/lib/python3.10/site-packages:${PYTHONPATH} /usr/bin/cmake /home/minis/ws_moveit2/src/moveit2/moveit_ros/perception -DCMAKE_BUILD_TYPE=Release -DCMAKE_INSTALL_PREFIX=/home/minis/ws_moveit2/install/moveit_ros_perception
[3.185s] Invoking command in '/home/minis/ws_moveit2/build/moveit_ros_perception': AMENT_PREFIX_PATH=/home/minis/ws_moveit2/install/moveit_ros_planning:/home/minis/ws_moveit2/install/moveit_ros_occupancy_map_monitor:/home/minis/ws_moveit2/install/moveit_core:/home/minis/ws_moveit2/install/moveit_resources_panda_moveit_config:/home/minis/ws_moveit2/install/moveit_configs_utils:/home/minis/ws_moveit2/install/srdfdom:/home/minis/ws_moveit2/install/moveit_resources_pr2_description:/home/minis/ws_moveit2/install/moveit_resources_panda_description:/home/minis/ws_moveit2/install/moveit_common:/home/minis/ws_moveit2/install/launch_param_builder:${AMENT_PREFIX_PATH} CMAKE_PREFIX_PATH=/home/minis/ws_moveit2/install/moveit_ros_planning:/home/minis/ws_moveit2/install/moveit_ros_occupancy_map_monitor:/home/minis/ws_moveit2/install/moveit_core:/home/minis/ws_moveit2/install/moveit_resources_panda_moveit_config:/home/minis/ws_moveit2/install/srdfdom:/home/minis/ws_moveit2/install/moveit_resources_pr2_description:/home/minis/ws_moveit2/install/moveit_resources_panda_description:/home/minis/ws_moveit2/install/moveit_common:/opt/ros/humble LD_LIBRARY_PATH=/home/minis/ws_moveit2/install/moveit_ros_planning/lib:/home/minis/ws_moveit2/install/moveit_ros_occupancy_map_monitor/lib:/home/minis/ws_moveit2/install/moveit_core/lib:/home/minis/ws_moveit2/install/srdfdom/lib:${LD_LIBRARY_PATH} PATH=/home/minis/ws_moveit2/install/moveit_core/bin:${PATH} PYTHONPATH=/home/minis/ws_moveit2/install/moveit_configs_utils/lib/python3.10/site-packages:/home/minis/ws_moveit2/install/srdfdom/local/lib/python3.10/dist-packages:/home/minis/ws_moveit2/install/launch_param_builder/lib/python3.10/site-packages:${PYTHONPATH} /usr/bin/cmake --build /home/minis/ws_moveit2/build/moveit_ros_perception -- -j16 -l16
[3.318s] [  5%] [32mBuilding CXX object lazy_free_space_updater/CMakeFiles/moveit_lazy_free_space_updater.dir/src/lazy_free_space_updater.cpp.o[0m
[3.341s] [ 10%] [32mBuilding CXX object point_containment_filter/CMakeFiles/moveit_point_containment_filter.dir/src/shape_mask.cpp.o[0m
[3.341s] [ 15%] [32mBuilding CXX object mesh_filter/CMakeFiles/moveit_mesh_filter.dir/src/mesh_filter_base.cpp.o[0m
[3.341s] [ 20%] [32mBuilding CXX object semantic_world/CMakeFiles/moveit_semantic_world.dir/src/semantic_world.cpp.o[0m
[3.354s] [ 25%] [32mBuilding CXX object mesh_filter/CMakeFiles/moveit_mesh_filter.dir/src/sensor_model.cpp.o[0m
[3.373s] [ 30%] [32mBuilding CXX object mesh_filter/CMakeFiles/moveit_mesh_filter.dir/src/stereo_camera_model.cpp.o[0m
[3.373s] [ 35%] [32mBuilding CXX object mesh_filter/CMakeFiles/moveit_mesh_filter.dir/src/gl_renderer.cpp.o[0m
[3.398s] [ 40%] [32mBuilding CXX object mesh_filter/CMakeFiles/moveit_mesh_filter.dir/src/gl_mesh.cpp.o[0m
[9.593s] [ 45%] [32m[1mLinking CXX shared library libmoveit_lazy_free_space_updater.so[0m
[9.990s] [ 45%] Built target moveit_lazy_free_space_updater
[13.144s] [ 50%] [32m[1mLinking CXX shared library libmoveit_point_containment_filter.so[0m
[13.561s] [ 50%] Built target moveit_point_containment_filter
[13.647s] [ 55%] [32mBuilding CXX object pointcloud_octomap_updater/CMakeFiles/moveit_pointcloud_octomap_updater_core.dir/src/pointcloud_octomap_updater.cpp.o[0m
[14.288s] [ 60%] [32m[1mLinking CXX shared library libmoveit_mesh_filter.so[0m
[15.010s] [ 60%] Built target moveit_mesh_filter
[15.072s] [ 65%] [32mBuilding CXX object depth_image_octomap_updater/CMakeFiles/moveit_depth_image_octomap_updater_core.dir/src/depth_image_octomap_updater.cpp.o[0m
[28.213s] [ 70%] [32m[1mLinking CXX shared library libmoveit_depth_image_octomap_updater_core.so[0m
[28.452s] [ 70%] Built target moveit_depth_image_octomap_updater_core
[35.120s] [ 75%] [32m[1mLinking CXX shared library libmoveit_pointcloud_octomap_updater_core.so[0m
[35.322s] [ 75%] Built target moveit_pointcloud_octomap_updater_core
[36.763s] [ 80%] [32m[1mLinking CXX shared library libmoveit_semantic_world.so[0m
[37.003s] [ 80%] Built target moveit_semantic_world
[37.022s] [ 85%] [32mBuilding CXX object pointcloud_octomap_updater/CMakeFiles/moveit_pointcloud_octomap_updater.dir/src/plugin_init.cpp.o[0m
[40.361s] [ 90%] [32m[1mLinking CXX shared library libmoveit_pointcloud_octomap_updater.so[0m
[40.485s] [ 90%] Built target moveit_pointcloud_octomap_updater
[40.505s] [ 95%] [32mBuilding CXX object depth_image_octomap_updater/CMakeFiles/moveit_depth_image_octomap_updater.dir/src/updater_plugin.cpp.o[0m
[43.632s] [100%] [32m[1mLinking CXX shared library libmoveit_depth_image_octomap_updater.so[0m
[43.750s] [100%] Built target moveit_depth_image_octomap_updater
[43.762s] Invoked command in '/home/minis/ws_moveit2/build/moveit_ros_perception' returned '0': AMENT_PREFIX_PATH=/home/minis/ws_moveit2/install/moveit_ros_planning:/home/minis/ws_moveit2/install/moveit_ros_occupancy_map_monitor:/home/minis/ws_moveit2/install/moveit_core:/home/minis/ws_moveit2/install/moveit_resources_panda_moveit_config:/home/minis/ws_moveit2/install/moveit_configs_utils:/home/minis/ws_moveit2/install/srdfdom:/home/minis/ws_moveit2/install/moveit_resources_pr2_description:/home/minis/ws_moveit2/install/moveit_resources_panda_description:/home/minis/ws_moveit2/install/moveit_common:/home/minis/ws_moveit2/install/launch_param_builder:${AMENT_PREFIX_PATH} CMAKE_PREFIX_PATH=/home/minis/ws_moveit2/install/moveit_ros_planning:/home/minis/ws_moveit2/install/moveit_ros_occupancy_map_monitor:/home/minis/ws_moveit2/install/moveit_core:/home/minis/ws_moveit2/install/moveit_resources_panda_moveit_config:/home/minis/ws_moveit2/install/srdfdom:/home/minis/ws_moveit2/install/moveit_resources_pr2_description:/home/minis/ws_moveit2/install/moveit_resources_panda_description:/home/minis/ws_moveit2/install/moveit_common:/opt/ros/humble LD_LIBRARY_PATH=/home/minis/ws_moveit2/install/moveit_ros_planning/lib:/home/minis/ws_moveit2/install/moveit_ros_occupancy_map_monitor/lib:/home/minis/ws_moveit2/install/moveit_core/lib:/home/minis/ws_moveit2/install/srdfdom/lib:${LD_LIBRARY_PATH} PATH=/home/minis/ws_moveit2/install/moveit_core/bin:${PATH} PYTHONPATH=/home/minis/ws_moveit2/install/moveit_configs_utils/lib/python3.10/site-packages:/home/minis/ws_moveit2/install/srdfdom/local/lib/python3.10/dist-packages:/home/minis/ws_moveit2/install/launch_param_builder/lib/python3.10/site-packages:${PYTHONPATH} /usr/bin/cmake --build /home/minis/ws_moveit2/build/moveit_ros_perception -- -j16 -l16
[43.763s] Invoking command in '/home/minis/ws_moveit2/build/moveit_ros_perception': AMENT_PREFIX_PATH=/home/minis/ws_moveit2/install/moveit_ros_planning:/home/minis/ws_moveit2/install/moveit_ros_occupancy_map_monitor:/home/minis/ws_moveit2/install/moveit_core:/home/minis/ws_moveit2/install/moveit_resources_panda_moveit_config:/home/minis/ws_moveit2/install/moveit_configs_utils:/home/minis/ws_moveit2/install/srdfdom:/home/minis/ws_moveit2/install/moveit_resources_pr2_description:/home/minis/ws_moveit2/install/moveit_resources_panda_description:/home/minis/ws_moveit2/install/moveit_common:/home/minis/ws_moveit2/install/launch_param_builder:${AMENT_PREFIX_PATH} CMAKE_PREFIX_PATH=/home/minis/ws_moveit2/install/moveit_ros_planning:/home/minis/ws_moveit2/install/moveit_ros_occupancy_map_monitor:/home/minis/ws_moveit2/install/moveit_core:/home/minis/ws_moveit2/install/moveit_resources_panda_moveit_config:/home/minis/ws_moveit2/install/srdfdom:/home/minis/ws_moveit2/install/moveit_resources_pr2_description:/home/minis/ws_moveit2/install/moveit_resources_panda_description:/home/minis/ws_moveit2/install/moveit_common:/opt/ros/humble LD_LIBRARY_PATH=/home/minis/ws_moveit2/install/moveit_ros_planning/lib:/home/minis/ws_moveit2/install/moveit_ros_occupancy_map_monitor/lib:/home/minis/ws_moveit2/install/moveit_core/lib:/home/minis/ws_moveit2/install/srdfdom/lib:${LD_LIBRARY_PATH} PATH=/home/minis/ws_moveit2/install/moveit_core/bin:${PATH} PYTHONPATH=/home/minis/ws_moveit2/install/moveit_configs_utils/lib/python3.10/site-packages:/home/minis/ws_moveit2/install/srdfdom/local/lib/python3.10/dist-packages:/home/minis/ws_moveit2/install/launch_param_builder/lib/python3.10/site-packages:${PYTHONPATH} /usr/bin/cmake --install /home/minis/ws_moveit2/build/moveit_ros_perception
[43.771s] -- Install configuration: "Release"
[43.771s] -- Installing: /home/minis/ws_moveit2/install/moveit_ros_perception/include
[43.771s] -- Installing: /home/minis/ws_moveit2/install/moveit_ros_perception/include/moveit
[43.771s] -- Installing: /home/minis/ws_moveit2/install/moveit_ros_perception/include/moveit/lazy_free_space_updater
[43.771s] -- Installing: /home/minis/ws_moveit2/install/moveit_ros_perception/include/moveit/lazy_free_space_updater/lazy_free_space_updater.h
[43.771s] -- Up-to-date: /home/minis/ws_moveit2/install/moveit_ros_perception/include
[43.771s] -- Up-to-date: /home/minis/ws_moveit2/install/moveit_ros_perception/include/moveit
[43.771s] -- Installing: /home/minis/ws_moveit2/install/moveit_ros_perception/include/moveit/point_containment_filter
[43.771s] -- Installing: /home/minis/ws_moveit2/install/moveit_ros_perception/include/moveit/point_containment_filter/shape_mask.h
[43.771s] -- Up-to-date: /home/minis/ws_moveit2/install/moveit_ros_perception/include
[43.771s] -- Up-to-date: /home/minis/ws_moveit2/install/moveit_ros_perception/include/moveit
[43.771s] -- Installing: /home/minis/ws_moveit2/install/moveit_ros_perception/include/moveit/pointcloud_octomap_updater
[43.772s] -- Installing: /home/minis/ws_moveit2/install/moveit_ros_perception/include/moveit/pointcloud_octomap_updater/pointcloud_octomap_updater.h
[43.772s] -- Up-to-date: /home/minis/ws_moveit2/install/moveit_ros_perception/include
[43.772s] -- Up-to-date: /home/minis/ws_moveit2/install/moveit_ros_perception/include/moveit
[43.772s] -- Installing: /home/minis/ws_moveit2/install/moveit_ros_perception/include/moveit/mesh_filter
[43.772s] -- Installing: /home/minis/ws_moveit2/install/moveit_ros_perception/include/moveit/mesh_filter/sensor_model.h
[43.772s] -- Installing: /home/minis/ws_moveit2/install/moveit_ros_perception/include/moveit/mesh_filter/stereo_camera_model.h
[43.772s] -- Installing: /home/minis/ws_moveit2/install/moveit_ros_perception/include/moveit/mesh_filter/mesh_filter_base.h
[43.772s] -- Installing: /home/minis/ws_moveit2/install/moveit_ros_perception/include/moveit/mesh_filter/filter_job.h
[43.772s] -- Installing: /home/minis/ws_moveit2/install/moveit_ros_perception/include/moveit/mesh_filter/mesh_filter.h
[43.772s] -- Installing: /home/minis/ws_moveit2/install/moveit_ros_perception/include/moveit/mesh_filter/gl_renderer.h
[43.772s] -- Installing: /home/minis/ws_moveit2/install/moveit_ros_perception/include/moveit/mesh_filter/gl_mesh.h
[43.772s] -- Installing: /home/minis/ws_moveit2/install/moveit_ros_perception/include/moveit/mesh_filter/depth_self_filter_nodelet.h
[43.773s] -- Installing: /home/minis/ws_moveit2/install/moveit_ros_perception/include/moveit/mesh_filter/transform_provider.h
[43.773s] -- Installing: /home/minis/ws_moveit2/install/moveit_ros_perception/include/moveit_mesh_filter_export.h
[43.773s] -- Up-to-date: /home/minis/ws_moveit2/install/moveit_ros_perception/include
[43.773s] -- Up-to-date: /home/minis/ws_moveit2/install/moveit_ros_perception/include/moveit
[43.773s] -- Installing: /home/minis/ws_moveit2/install/moveit_ros_perception/include/moveit/depth_image_octomap_updater
[43.773s] -- Installing: /home/minis/ws_moveit2/install/moveit_ros_perception/include/moveit/depth_image_octomap_updater/depth_image_octomap_updater.h
[43.773s] -- Up-to-date: /home/minis/ws_moveit2/install/moveit_ros_perception/include
[43.773s] -- Up-to-date: /home/minis/ws_moveit2/install/moveit_ros_perception/include/moveit
[43.773s] -- Installing: /home/minis/ws_moveit2/install/moveit_ros_perception/include/moveit/semantic_world
[43.774s] -- Installing: /home/minis/ws_moveit2/install/moveit_ros_perception/include/moveit/semantic_world/semantic_world.h
[43.774s] -- Installing: /home/minis/ws_moveit2/install/moveit_ros_perception/lib/libmoveit_depth_image_octomap_updater.so.2.5.9
[43.774s] -- Set runtime path of "/home/minis/ws_moveit2/install/moveit_ros_perception/lib/libmoveit_depth_image_octomap_updater.so.2.5.9" to ""
[43.774s] -- Installing: /home/minis/ws_moveit2/install/moveit_ros_perception/lib/libmoveit_depth_image_octomap_updater.so
[43.774s] -- Installing: /home/minis/ws_moveit2/install/moveit_ros_perception/lib/libmoveit_depth_image_octomap_updater_core.so.2.5.9
[43.775s] -- Set runtime path of "/home/minis/ws_moveit2/install/moveit_ros_perception/lib/libmoveit_depth_image_octomap_updater_core.so.2.5.9" to ""
[43.775s] -- Installing: /home/minis/ws_moveit2/install/moveit_ros_perception/lib/libmoveit_depth_image_octomap_updater_core.so
[43.775s] -- Installing: /home/minis/ws_moveit2/install/moveit_ros_perception/lib/libmoveit_lazy_free_space_updater.so.2.5.9
[43.775s] -- Set runtime path of "/home/minis/ws_moveit2/install/moveit_ros_perception/lib/libmoveit_lazy_free_space_updater.so.2.5.9" to ""
[43.775s] -- Installing: /home/minis/ws_moveit2/install/moveit_ros_perception/lib/libmoveit_lazy_free_space_updater.so
[43.775s] -- Installing: /home/minis/ws_moveit2/install/moveit_ros_perception/lib/libmoveit_mesh_filter.so.2.5.9
[43.776s] -- Set runtime path of "/home/minis/ws_moveit2/install/moveit_ros_perception/lib/libmoveit_mesh_filter.so.2.5.9" to ""
[43.776s] -- Installing: /home/minis/ws_moveit2/install/moveit_ros_perception/lib/libmoveit_mesh_filter.so
[43.776s] -- Installing: /home/minis/ws_moveit2/install/moveit_ros_perception/lib/libmoveit_point_containment_filter.so.2.5.9
[43.776s] -- Set runtime path of "/home/minis/ws_moveit2/install/moveit_ros_perception/lib/libmoveit_point_containment_filter.so.2.5.9" to ""
[43.776s] -- Installing: /home/minis/ws_moveit2/install/moveit_ros_perception/lib/libmoveit_point_containment_filter.so
[43.776s] -- Installing: /home/minis/ws_moveit2/install/moveit_ros_perception/lib/libmoveit_pointcloud_octomap_updater.so.2.5.9
[43.776s] -- Set runtime path of "/home/minis/ws_moveit2/install/moveit_ros_perception/lib/libmoveit_pointcloud_octomap_updater.so.2.5.9" to ""
[43.776s] -- Installing: /home/minis/ws_moveit2/install/moveit_ros_perception/lib/libmoveit_pointcloud_octomap_updater.so
[43.777s] -- Installing: /home/minis/ws_moveit2/install/moveit_ros_perception/lib/libmoveit_pointcloud_octomap_updater_core.so.2.5.9
[43.778s] -- Set runtime path of "/home/minis/ws_moveit2/install/moveit_ros_perception/lib/libmoveit_pointcloud_octomap_updater_core.so.2.5.9" to ""
[43.778s] -- Installing: /home/minis/ws_moveit2/install/moveit_ros_perception/lib/libmoveit_pointcloud_octomap_updater_core.so
[43.778s] -- Installing: /home/minis/ws_moveit2/install/moveit_ros_perception/lib/libmoveit_semantic_world.so.2.5.9
[43.779s] -- Set runtime path of "/home/minis/ws_moveit2/install/moveit_ros_perception/lib/libmoveit_semantic_world.so.2.5.9" to ""
[43.780s] -- Installing: /home/minis/ws_moveit2/install/moveit_ros_perception/lib/libmoveit_semantic_world.so
[43.780s] -- Installing: /home/minis/ws_moveit2/install/moveit_ros_perception/share/moveit_ros_perception/environment/library_path.sh
[43.780s] -- Installing: /home/minis/ws_moveit2/install/moveit_ros_perception/share/moveit_ros_perception/environment/library_path.dsv
[43.780s] -- Installing: /home/minis/ws_moveit2/install/moveit_ros_perception/share/moveit_ros_perception/pointcloud_octomap_updater_plugin_description.xml
[43.780s] -- Installing: /home/minis/ws_moveit2/install/moveit_ros_perception/share/moveit_ros_perception/depth_image_octomap_updater_plugin_description.xml
[43.780s] -- Installing: /home/minis/ws_moveit2/install/moveit_ros_perception/share/ament_index/resource_index/package_run_dependencies/moveit_ros_perception
[43.780s] -- Installing: /home/minis/ws_moveit2/install/moveit_ros_perception/share/ament_index/resource_index/parent_prefix_path/moveit_ros_perception
[43.781s] -- Installing: /home/minis/ws_moveit2/install/moveit_ros_perception/share/moveit_ros_perception/environment/ament_prefix_path.sh
[43.781s] -- Installing: /home/minis/ws_moveit2/install/moveit_ros_perception/share/moveit_ros_perception/environment/ament_prefix_path.dsv
[43.781s] -- Installing: /home/minis/ws_moveit2/install/moveit_ros_perception/share/moveit_ros_perception/environment/path.sh
[43.781s] -- Installing: /home/minis/ws_moveit2/install/moveit_ros_perception/share/moveit_ros_perception/environment/path.dsv
[43.781s] -- Installing: /home/minis/ws_moveit2/install/moveit_ros_perception/share/moveit_ros_perception/local_setup.bash
[43.781s] -- Installing: /home/minis/ws_moveit2/install/moveit_ros_perception/share/moveit_ros_perception/local_setup.sh
[43.781s] -- Installing: /home/minis/ws_moveit2/install/moveit_ros_perception/share/moveit_ros_perception/local_setup.zsh
[43.781s] -- Installing: /home/minis/ws_moveit2/install/moveit_ros_perception/share/moveit_ros_perception/local_setup.dsv
[43.782s] -- Installing: /home/minis/ws_moveit2/install/moveit_ros_perception/share/moveit_ros_perception/package.dsv
[43.782s] -- Installing: /home/minis/ws_moveit2/install/moveit_ros_perception/share/ament_index/resource_index/packages/moveit_ros_perception
[43.782s] -- Installing: /home/minis/ws_moveit2/install/moveit_ros_perception/share/ament_index/resource_index/moveit_ros_occupancy_map_monitor__pluginlib__plugin/moveit_ros_perception
[43.782s] -- Installing: /home/minis/ws_moveit2/install/moveit_ros_perception/share/moveit_ros_perception/cmake/export_moveit_ros_perceptionExport.cmake
[43.782s] -- Installing: /home/minis/ws_moveit2/install/moveit_ros_perception/share/moveit_ros_perception/cmake/export_moveit_ros_perceptionExport-release.cmake
[43.782s] -- Installing: /home/minis/ws_moveit2/install/moveit_ros_perception/share/moveit_ros_perception/cmake/ConfigExtras.cmake
[43.783s] -- Installing: /home/minis/ws_moveit2/install/moveit_ros_perception/share/moveit_ros_perception/cmake/ament_cmake_export_targets-extras.cmake
[43.783s] -- Installing: /home/minis/ws_moveit2/install/moveit_ros_perception/share/moveit_ros_perception/cmake/ament_cmake_export_dependencies-extras.cmake
[43.783s] -- Installing: /home/minis/ws_moveit2/install/moveit_ros_perception/share/moveit_ros_perception/cmake/moveit_ros_perceptionConfig.cmake
[43.783s] -- Installing: /home/minis/ws_moveit2/install/moveit_ros_perception/share/moveit_ros_perception/cmake/moveit_ros_perceptionConfig-version.cmake
[43.783s] -- Installing: /home/minis/ws_moveit2/install/moveit_ros_perception/share/moveit_ros_perception/package.xml
[43.785s] Invoked command in '/home/minis/ws_moveit2/build/moveit_ros_perception' returned '0': AMENT_PREFIX_PATH=/home/minis/ws_moveit2/install/moveit_ros_planning:/home/minis/ws_moveit2/install/moveit_ros_occupancy_map_monitor:/home/minis/ws_moveit2/install/moveit_core:/home/minis/ws_moveit2/install/moveit_resources_panda_moveit_config:/home/minis/ws_moveit2/install/moveit_configs_utils:/home/minis/ws_moveit2/install/srdfdom:/home/minis/ws_moveit2/install/moveit_resources_pr2_description:/home/minis/ws_moveit2/install/moveit_resources_panda_description:/home/minis/ws_moveit2/install/moveit_common:/home/minis/ws_moveit2/install/launch_param_builder:${AMENT_PREFIX_PATH} CMAKE_PREFIX_PATH=/home/minis/ws_moveit2/install/moveit_ros_planning:/home/minis/ws_moveit2/install/moveit_ros_occupancy_map_monitor:/home/minis/ws_moveit2/install/moveit_core:/home/minis/ws_moveit2/install/moveit_resources_panda_moveit_config:/home/minis/ws_moveit2/install/srdfdom:/home/minis/ws_moveit2/install/moveit_resources_pr2_description:/home/minis/ws_moveit2/install/moveit_resources_panda_description:/home/minis/ws_moveit2/install/moveit_common:/opt/ros/humble LD_LIBRARY_PATH=/home/minis/ws_moveit2/install/moveit_ros_planning/lib:/home/minis/ws_moveit2/install/moveit_ros_occupancy_map_monitor/lib:/home/minis/ws_moveit2/install/moveit_core/lib:/home/minis/ws_moveit2/install/srdfdom/lib:${LD_LIBRARY_PATH} PATH=/home/minis/ws_moveit2/install/moveit_core/bin:${PATH} PYTHONPATH=/home/minis/ws_moveit2/install/moveit_configs_utils/lib/python3.10/site-packages:/home/minis/ws_moveit2/install/srdfdom/local/lib/python3.10/dist-packages:/home/minis/ws_moveit2/install/launch_param_builder/lib/python3.10/site-packages:${PYTHONPATH} /usr/bin/cmake --install /home/minis/ws_moveit2/build/moveit_ros_perception
