[0.029s] Invoking command in '/home/minis/ws_moveit2/build/moveit_chomp_optimizer_adapter': AMENT_PREFIX_PATH=/home/minis/ws_moveit2/install/chomp_motion_planner:/home/minis/ws_moveit2/install/moveit_core:/home/minis/ws_moveit2/install/moveit_resources_panda_moveit_config:/home/minis/ws_moveit2/install/srdfdom:/home/minis/ws_moveit2/install/moveit_resources_pr2_description:/home/minis/ws_moveit2/install/moveit_resources_panda_description:/home/minis/ws_moveit2/install/moveit_common CMAKE_PREFIX_PATH=/home/minis/ws_moveit2/install/chomp_motion_planner:/home/minis/ws_moveit2/install/moveit_core:/home/minis/ws_moveit2/install/moveit_resources_panda_moveit_config:/home/minis/ws_moveit2/install/srdfdom:/home/minis/ws_moveit2/install/moveit_resources_pr2_description:/home/minis/ws_moveit2/install/moveit_resources_panda_description:/home/minis/ws_moveit2/install/moveit_common LD_LIBRARY_PATH=/home/minis/ws_moveit2/install/chomp_motion_planner/lib:/home/minis/ws_moveit2/install/moveit_core/lib:/home/minis/ws_moveit2/install/srdfdom/lib PATH=/home/minis/ws_moveit2/install/moveit_core/bin:${PATH} PYTHONPATH=/home/minis/ws_moveit2/install/srdfdom/local/lib/python3.10/dist-packages /usr/bin/cmake --build /home/minis/ws_moveit2/build/moveit_chomp_optimizer_adapter -- -j16 -l16
[0.060s] [35m[1mConsolidate compiler generated dependencies of target moveit_chomp_optimizer_adapter[0m
[0.079s] [100%] Built target moveit_chomp_optimizer_adapter
[0.094s] Invoked command in '/home/minis/ws_moveit2/build/moveit_chomp_optimizer_adapter' returned '0': AMENT_PREFIX_PATH=/home/minis/ws_moveit2/install/chomp_motion_planner:/home/minis/ws_moveit2/install/moveit_core:/home/minis/ws_moveit2/install/moveit_resources_panda_moveit_config:/home/minis/ws_moveit2/install/srdfdom:/home/minis/ws_moveit2/install/moveit_resources_pr2_description:/home/minis/ws_moveit2/install/moveit_resources_panda_description:/home/minis/ws_moveit2/install/moveit_common CMAKE_PREFIX_PATH=/home/minis/ws_moveit2/install/chomp_motion_planner:/home/minis/ws_moveit2/install/moveit_core:/home/minis/ws_moveit2/install/moveit_resources_panda_moveit_config:/home/minis/ws_moveit2/install/srdfdom:/home/minis/ws_moveit2/install/moveit_resources_pr2_description:/home/minis/ws_moveit2/install/moveit_resources_panda_description:/home/minis/ws_moveit2/install/moveit_common LD_LIBRARY_PATH=/home/minis/ws_moveit2/install/chomp_motion_planner/lib:/home/minis/ws_moveit2/install/moveit_core/lib:/home/minis/ws_moveit2/install/srdfdom/lib PATH=/home/minis/ws_moveit2/install/moveit_core/bin:${PATH} PYTHONPATH=/home/minis/ws_moveit2/install/srdfdom/local/lib/python3.10/dist-packages /usr/bin/cmake --build /home/minis/ws_moveit2/build/moveit_chomp_optimizer_adapter -- -j16 -l16
[0.096s] Invoking command in '/home/minis/ws_moveit2/build/moveit_chomp_optimizer_adapter': AMENT_PREFIX_PATH=/home/minis/ws_moveit2/install/chomp_motion_planner:/home/minis/ws_moveit2/install/moveit_core:/home/minis/ws_moveit2/install/moveit_resources_panda_moveit_config:/home/minis/ws_moveit2/install/srdfdom:/home/minis/ws_moveit2/install/moveit_resources_pr2_description:/home/minis/ws_moveit2/install/moveit_resources_panda_description:/home/minis/ws_moveit2/install/moveit_common CMAKE_PREFIX_PATH=/home/minis/ws_moveit2/install/chomp_motion_planner:/home/minis/ws_moveit2/install/moveit_core:/home/minis/ws_moveit2/install/moveit_resources_panda_moveit_config:/home/minis/ws_moveit2/install/srdfdom:/home/minis/ws_moveit2/install/moveit_resources_pr2_description:/home/minis/ws_moveit2/install/moveit_resources_panda_description:/home/minis/ws_moveit2/install/moveit_common LD_LIBRARY_PATH=/home/minis/ws_moveit2/install/chomp_motion_planner/lib:/home/minis/ws_moveit2/install/moveit_core/lib:/home/minis/ws_moveit2/install/srdfdom/lib PATH=/home/minis/ws_moveit2/install/moveit_core/bin:${PATH} PYTHONPATH=/home/minis/ws_moveit2/install/srdfdom/local/lib/python3.10/dist-packages /usr/bin/cmake --install /home/minis/ws_moveit2/build/moveit_chomp_optimizer_adapter
[0.101s] -- Install configuration: "Release"
[0.101s] -- Up-to-date: /home/minis/ws_moveit2/install/moveit_chomp_optimizer_adapter/lib/libmoveit_chomp_optimizer_adapter.so.2.5.9
[0.101s] -- Up-to-date: /home/minis/ws_moveit2/install/moveit_chomp_optimizer_adapter/lib/libmoveit_chomp_optimizer_adapter.so
[0.102s] -- Up-to-date: /home/minis/ws_moveit2/install/moveit_chomp_optimizer_adapter/share/moveit_chomp_optimizer_adapter/environment/library_path.sh
[0.102s] -- Up-to-date: /home/minis/ws_moveit2/install/moveit_chomp_optimizer_adapter/share/moveit_chomp_optimizer_adapter/environment/library_path.dsv
[0.102s] -- Up-to-date: /home/minis/ws_moveit2/install/moveit_chomp_optimizer_adapter/share/moveit_chomp_optimizer_adapter/chomp_optimizer_adapter_plugin_description.xml
[0.102s] -- Up-to-date: /home/minis/ws_moveit2/install/moveit_chomp_optimizer_adapter/share/ament_index/resource_index/package_run_dependencies/moveit_chomp_optimizer_adapter
[0.102s] -- Up-to-date: /home/minis/ws_moveit2/install/moveit_chomp_optimizer_adapter/share/ament_index/resource_index/parent_prefix_path/moveit_chomp_optimizer_adapter
[0.102s] -- Up-to-date: /home/minis/ws_moveit2/install/moveit_chomp_optimizer_adapter/share/moveit_chomp_optimizer_adapter/environment/ament_prefix_path.sh
[0.102s] -- Up-to-date: /home/minis/ws_moveit2/install/moveit_chomp_optimizer_adapter/share/moveit_chomp_optimizer_adapter/environment/ament_prefix_path.dsv
[0.102s] -- Up-to-date: /home/minis/ws_moveit2/install/moveit_chomp_optimizer_adapter/share/moveit_chomp_optimizer_adapter/environment/path.sh
[0.102s] -- Up-to-date: /home/minis/ws_moveit2/install/moveit_chomp_optimizer_adapter/share/moveit_chomp_optimizer_adapter/environment/path.dsv
[0.102s] -- Up-to-date: /home/minis/ws_moveit2/install/moveit_chomp_optimizer_adapter/share/moveit_chomp_optimizer_adapter/local_setup.bash
[0.102s] -- Up-to-date: /home/minis/ws_moveit2/install/moveit_chomp_optimizer_adapter/share/moveit_chomp_optimizer_adapter/local_setup.sh
[0.102s] -- Up-to-date: /home/minis/ws_moveit2/install/moveit_chomp_optimizer_adapter/share/moveit_chomp_optimizer_adapter/local_setup.zsh
[0.102s] -- Up-to-date: /home/minis/ws_moveit2/install/moveit_chomp_optimizer_adapter/share/moveit_chomp_optimizer_adapter/local_setup.dsv
[0.102s] -- Installing: /home/minis/ws_moveit2/install/moveit_chomp_optimizer_adapter/share/moveit_chomp_optimizer_adapter/package.dsv
[0.103s] -- Up-to-date: /home/minis/ws_moveit2/install/moveit_chomp_optimizer_adapter/share/ament_index/resource_index/packages/moveit_chomp_optimizer_adapter
[0.103s] -- Up-to-date: /home/minis/ws_moveit2/install/moveit_chomp_optimizer_adapter/share/ament_index/resource_index/moveit_core__pluginlib__plugin/moveit_chomp_optimizer_adapter
[0.103s] -- Up-to-date: /home/minis/ws_moveit2/install/moveit_chomp_optimizer_adapter/share/moveit_chomp_optimizer_adapter/cmake/moveit_chomp_optimizer_adapterTargetsExport.cmake
[0.104s] -- Up-to-date: /home/minis/ws_moveit2/install/moveit_chomp_optimizer_adapter/share/moveit_chomp_optimizer_adapter/cmake/moveit_chomp_optimizer_adapterTargetsExport-release.cmake
[0.104s] -- Up-to-date: /home/minis/ws_moveit2/install/moveit_chomp_optimizer_adapter/share/moveit_chomp_optimizer_adapter/cmake/ament_cmake_export_targets-extras.cmake
[0.104s] -- Up-to-date: /home/minis/ws_moveit2/install/moveit_chomp_optimizer_adapter/share/moveit_chomp_optimizer_adapter/cmake/moveit_chomp_optimizer_adapterConfig.cmake
[0.104s] -- Up-to-date: /home/minis/ws_moveit2/install/moveit_chomp_optimizer_adapter/share/moveit_chomp_optimizer_adapter/cmake/moveit_chomp_optimizer_adapterConfig-version.cmake
[0.104s] -- Up-to-date: /home/minis/ws_moveit2/install/moveit_chomp_optimizer_adapter/share/moveit_chomp_optimizer_adapter/package.xml
[0.106s] Invoked command in '/home/minis/ws_moveit2/build/moveit_chomp_optimizer_adapter' returned '0': AMENT_PREFIX_PATH=/home/minis/ws_moveit2/install/chomp_motion_planner:/home/minis/ws_moveit2/install/moveit_core:/home/minis/ws_moveit2/install/moveit_resources_panda_moveit_config:/home/minis/ws_moveit2/install/srdfdom:/home/minis/ws_moveit2/install/moveit_resources_pr2_description:/home/minis/ws_moveit2/install/moveit_resources_panda_description:/home/minis/ws_moveit2/install/moveit_common CMAKE_PREFIX_PATH=/home/minis/ws_moveit2/install/chomp_motion_planner:/home/minis/ws_moveit2/install/moveit_core:/home/minis/ws_moveit2/install/moveit_resources_panda_moveit_config:/home/minis/ws_moveit2/install/srdfdom:/home/minis/ws_moveit2/install/moveit_resources_pr2_description:/home/minis/ws_moveit2/install/moveit_resources_panda_description:/home/minis/ws_moveit2/install/moveit_common LD_LIBRARY_PATH=/home/minis/ws_moveit2/install/chomp_motion_planner/lib:/home/minis/ws_moveit2/install/moveit_core/lib:/home/minis/ws_moveit2/install/srdfdom/lib PATH=/home/minis/ws_moveit2/install/moveit_core/bin:${PATH} PYTHONPATH=/home/minis/ws_moveit2/install/srdfdom/local/lib/python3.10/dist-packages /usr/bin/cmake --install /home/minis/ws_moveit2/build/moveit_chomp_optimizer_adapter
