[0.027s] Invoking command in '/home/minis/ws_moveit2/build/moveit_ros_visualization': AMENT_PREFIX_PATH=/home/minis/ws_moveit2/install/moveit_ros_planning_interface:/home/minis/ws_moveit2/install/moveit_ros_move_group:/home/minis/ws_moveit2/install/moveit_ros_warehouse:/home/minis/ws_moveit2/install/moveit_ros_robot_interaction:/home/minis/ws_moveit2/install/moveit_planners_ompl:/home/minis/ws_moveit2/install/moveit_kinematics:/home/minis/ws_moveit2/install/moveit_ros_planning:/home/minis/ws_moveit2/install/moveit_simple_controller_manager:/home/minis/ws_moveit2/install/moveit_ros_occupancy_map_monitor:/home/minis/ws_moveit2/install/moveit_core:/home/minis/ws_moveit2/install/moveit_resources_panda_moveit_config:/home/minis/ws_moveit2/install/moveit_resources_fanuc_moveit_config:/home/minis/ws_moveit2/install/moveit_configs_utils:/home/minis/ws_moveit2/install/srdfdom:/home/minis/ws_moveit2/install/moveit_resources_pr2_description:/home/minis/ws_moveit2/install/moveit_resources_panda_description:/home/minis/ws_moveit2/install/moveit_resources_fanuc_description:/home/minis/ws_moveit2/install/moveit_common:/home/minis/ws_moveit2/install/launch_param_builder CMAKE_PREFIX_PATH=/home/minis/ws_moveit2/install/moveit_ros_planning_interface:/home/minis/ws_moveit2/install/moveit_ros_move_group:/home/minis/ws_moveit2/install/moveit_ros_warehouse:/home/minis/ws_moveit2/install/moveit_ros_robot_interaction:/home/minis/ws_moveit2/install/moveit_planners_ompl:/home/minis/ws_moveit2/install/moveit_kinematics:/home/minis/ws_moveit2/install/moveit_ros_planning:/home/minis/ws_moveit2/install/moveit_simple_controller_manager:/home/minis/ws_moveit2/install/moveit_ros_occupancy_map_monitor:/home/minis/ws_moveit2/install/moveit_core:/home/minis/ws_moveit2/install/moveit_resources_panda_moveit_config:/home/minis/ws_moveit2/install/moveit_resources_fanuc_moveit_config:/home/minis/ws_moveit2/install/srdfdom:/home/minis/ws_moveit2/install/moveit_resources_pr2_description:/home/minis/ws_moveit2/install/moveit_resources_panda_description:/home/minis/ws_moveit2/install/moveit_resources_fanuc_description:/home/minis/ws_moveit2/install/moveit_common LD_LIBRARY_PATH=/home/minis/ws_moveit2/install/moveit_ros_planning_interface/lib:/home/minis/ws_moveit2/install/moveit_ros_move_group/lib:/home/minis/ws_moveit2/install/moveit_ros_warehouse/lib:/home/minis/ws_moveit2/install/moveit_ros_robot_interaction/lib:/home/minis/ws_moveit2/install/moveit_planners_ompl/lib:/home/minis/ws_moveit2/install/moveit_kinematics/lib:/home/minis/ws_moveit2/install/moveit_ros_planning/lib:/home/minis/ws_moveit2/install/moveit_simple_controller_manager/lib:/home/minis/ws_moveit2/install/moveit_ros_occupancy_map_monitor/lib:/home/minis/ws_moveit2/install/moveit_core/lib:/home/minis/ws_moveit2/install/srdfdom/lib PATH=/home/minis/ws_moveit2/install/moveit_core/bin:${PATH} PYTHONPATH=/home/minis/ws_moveit2/install/moveit_configs_utils/lib/python3.10/site-packages:/home/minis/ws_moveit2/install/srdfdom/local/lib/python3.10/dist-packages:/home/minis/ws_moveit2/install/launch_param_builder/lib/python3.10/site-packages /usr/bin/cmake --build /home/minis/ws_moveit2/build/moveit_ros_visualization -- -j16 -l16
[0.077s] [  1%] [34m[1mAutomatic MOC for target moveit_rviz_plugin_render_tools[0m
[0.106s] [  1%] Built target moveit_rviz_plugin_render_tools_autogen
[0.127s] [35m[1mConsolidate compiler generated dependencies of target moveit_rviz_plugin_render_tools[0m
[0.182s] [ 18%] Built target moveit_rviz_plugin_render_tools
[0.206s] [ 20%] [34m[1mAutomatic MOC for target moveit_robot_state_rviz_plugin_core[0m
[0.209s] [ 22%] [34m[1mAutomatic MOC for target moveit_planning_scene_rviz_plugin_core[0m
[0.223s] [ 22%] Built target moveit_robot_state_rviz_plugin_core_autogen
[0.227s] [ 22%] Built target moveit_planning_scene_rviz_plugin_core_autogen
[0.234s] [35m[1mConsolidate compiler generated dependencies of target moveit_robot_state_rviz_plugin_core[0m
[0.240s] [35m[1mConsolidate compiler generated dependencies of target moveit_planning_scene_rviz_plugin_core[0m
[0.256s] [ 27%] Built target moveit_robot_state_rviz_plugin_core
[0.267s] [ 34%] Built target moveit_planning_scene_rviz_plugin_core
[0.273s] [ 36%] [34m[1mAutomatic MOC for target moveit_robot_state_rviz_plugin[0m
[0.282s] [ 39%] [34m[1mAutomatic MOC for target moveit_planning_scene_rviz_plugin[0m
[0.282s] [ 39%] [34m[1mAutomatic MOC for target moveit_trajectory_rviz_plugin_core[0m
[0.289s] [ 39%] Built target moveit_robot_state_rviz_plugin_autogen
[0.296s] [ 39%] Built target moveit_planning_scene_rviz_plugin_autogen
[0.297s] [ 39%] Built target moveit_trajectory_rviz_plugin_core_autogen
[0.298s] [35m[1mConsolidate compiler generated dependencies of target moveit_robot_state_rviz_plugin[0m
[0.308s] [35m[1mConsolidate compiler generated dependencies of target moveit_planning_scene_rviz_plugin[0m
[0.309s] [35m[1mConsolidate compiler generated dependencies of target moveit_trajectory_rviz_plugin_core[0m
[0.317s] [ 44%] Built target moveit_robot_state_rviz_plugin
[0.329s] [ 55%] Built target moveit_trajectory_rviz_plugin_core
[0.329s] [ 55%] Built target moveit_planning_scene_rviz_plugin
[0.344s] [ 56%] [34m[1mAutomatic MOC for target moveit_trajectory_rviz_plugin[0m
[0.344s] [ 58%] [34m[1mAutomatic MOC for target moveit_motion_planning_rviz_plugin_core[0m
[0.359s] [ 58%] Built target moveit_trajectory_rviz_plugin_autogen
[0.367s] [ 58%] Built target moveit_motion_planning_rviz_plugin_core_autogen
[0.369s] [35m[1mConsolidate compiler generated dependencies of target moveit_trajectory_rviz_plugin[0m
[0.390s] [ 63%] Built target moveit_trajectory_rviz_plugin
[0.394s] [35m[1mConsolidate compiler generated dependencies of target moveit_motion_planning_rviz_plugin_core[0m
[0.467s] [ 93%] Built target moveit_motion_planning_rviz_plugin_core
[0.486s] [ 94%] [34m[1mAutomatic MOC for target moveit_motion_planning_rviz_plugin[0m
[0.503s] [ 94%] Built target moveit_motion_planning_rviz_plugin_autogen
[0.514s] [35m[1mConsolidate compiler generated dependencies of target moveit_motion_planning_rviz_plugin[0m
[0.539s] [100%] Built target moveit_motion_planning_rviz_plugin
[0.551s] Invoked command in '/home/minis/ws_moveit2/build/moveit_ros_visualization' returned '0': AMENT_PREFIX_PATH=/home/minis/ws_moveit2/install/moveit_ros_planning_interface:/home/minis/ws_moveit2/install/moveit_ros_move_group:/home/minis/ws_moveit2/install/moveit_ros_warehouse:/home/minis/ws_moveit2/install/moveit_ros_robot_interaction:/home/minis/ws_moveit2/install/moveit_planners_ompl:/home/minis/ws_moveit2/install/moveit_kinematics:/home/minis/ws_moveit2/install/moveit_ros_planning:/home/minis/ws_moveit2/install/moveit_simple_controller_manager:/home/minis/ws_moveit2/install/moveit_ros_occupancy_map_monitor:/home/minis/ws_moveit2/install/moveit_core:/home/minis/ws_moveit2/install/moveit_resources_panda_moveit_config:/home/minis/ws_moveit2/install/moveit_resources_fanuc_moveit_config:/home/minis/ws_moveit2/install/moveit_configs_utils:/home/minis/ws_moveit2/install/srdfdom:/home/minis/ws_moveit2/install/moveit_resources_pr2_description:/home/minis/ws_moveit2/install/moveit_resources_panda_description:/home/minis/ws_moveit2/install/moveit_resources_fanuc_description:/home/minis/ws_moveit2/install/moveit_common:/home/minis/ws_moveit2/install/launch_param_builder CMAKE_PREFIX_PATH=/home/minis/ws_moveit2/install/moveit_ros_planning_interface:/home/minis/ws_moveit2/install/moveit_ros_move_group:/home/minis/ws_moveit2/install/moveit_ros_warehouse:/home/minis/ws_moveit2/install/moveit_ros_robot_interaction:/home/minis/ws_moveit2/install/moveit_planners_ompl:/home/minis/ws_moveit2/install/moveit_kinematics:/home/minis/ws_moveit2/install/moveit_ros_planning:/home/minis/ws_moveit2/install/moveit_simple_controller_manager:/home/minis/ws_moveit2/install/moveit_ros_occupancy_map_monitor:/home/minis/ws_moveit2/install/moveit_core:/home/minis/ws_moveit2/install/moveit_resources_panda_moveit_config:/home/minis/ws_moveit2/install/moveit_resources_fanuc_moveit_config:/home/minis/ws_moveit2/install/srdfdom:/home/minis/ws_moveit2/install/moveit_resources_pr2_description:/home/minis/ws_moveit2/install/moveit_resources_panda_description:/home/minis/ws_moveit2/install/moveit_resources_fanuc_description:/home/minis/ws_moveit2/install/moveit_common LD_LIBRARY_PATH=/home/minis/ws_moveit2/install/moveit_ros_planning_interface/lib:/home/minis/ws_moveit2/install/moveit_ros_move_group/lib:/home/minis/ws_moveit2/install/moveit_ros_warehouse/lib:/home/minis/ws_moveit2/install/moveit_ros_robot_interaction/lib:/home/minis/ws_moveit2/install/moveit_planners_ompl/lib:/home/minis/ws_moveit2/install/moveit_kinematics/lib:/home/minis/ws_moveit2/install/moveit_ros_planning/lib:/home/minis/ws_moveit2/install/moveit_simple_controller_manager/lib:/home/minis/ws_moveit2/install/moveit_ros_occupancy_map_monitor/lib:/home/minis/ws_moveit2/install/moveit_core/lib:/home/minis/ws_moveit2/install/srdfdom/lib PATH=/home/minis/ws_moveit2/install/moveit_core/bin:${PATH} PYTHONPATH=/home/minis/ws_moveit2/install/moveit_configs_utils/lib/python3.10/site-packages:/home/minis/ws_moveit2/install/srdfdom/local/lib/python3.10/dist-packages:/home/minis/ws_moveit2/install/launch_param_builder/lib/python3.10/site-packages /usr/bin/cmake --build /home/minis/ws_moveit2/build/moveit_ros_visualization -- -j16 -l16
[0.553s] Invoking command in '/home/minis/ws_moveit2/build/moveit_ros_visualization': AMENT_PREFIX_PATH=/home/minis/ws_moveit2/install/moveit_ros_planning_interface:/home/minis/ws_moveit2/install/moveit_ros_move_group:/home/minis/ws_moveit2/install/moveit_ros_warehouse:/home/minis/ws_moveit2/install/moveit_ros_robot_interaction:/home/minis/ws_moveit2/install/moveit_planners_ompl:/home/minis/ws_moveit2/install/moveit_kinematics:/home/minis/ws_moveit2/install/moveit_ros_planning:/home/minis/ws_moveit2/install/moveit_simple_controller_manager:/home/minis/ws_moveit2/install/moveit_ros_occupancy_map_monitor:/home/minis/ws_moveit2/install/moveit_core:/home/minis/ws_moveit2/install/moveit_resources_panda_moveit_config:/home/minis/ws_moveit2/install/moveit_resources_fanuc_moveit_config:/home/minis/ws_moveit2/install/moveit_configs_utils:/home/minis/ws_moveit2/install/srdfdom:/home/minis/ws_moveit2/install/moveit_resources_pr2_description:/home/minis/ws_moveit2/install/moveit_resources_panda_description:/home/minis/ws_moveit2/install/moveit_resources_fanuc_description:/home/minis/ws_moveit2/install/moveit_common:/home/minis/ws_moveit2/install/launch_param_builder CMAKE_PREFIX_PATH=/home/minis/ws_moveit2/install/moveit_ros_planning_interface:/home/minis/ws_moveit2/install/moveit_ros_move_group:/home/minis/ws_moveit2/install/moveit_ros_warehouse:/home/minis/ws_moveit2/install/moveit_ros_robot_interaction:/home/minis/ws_moveit2/install/moveit_planners_ompl:/home/minis/ws_moveit2/install/moveit_kinematics:/home/minis/ws_moveit2/install/moveit_ros_planning:/home/minis/ws_moveit2/install/moveit_simple_controller_manager:/home/minis/ws_moveit2/install/moveit_ros_occupancy_map_monitor:/home/minis/ws_moveit2/install/moveit_core:/home/minis/ws_moveit2/install/moveit_resources_panda_moveit_config:/home/minis/ws_moveit2/install/moveit_resources_fanuc_moveit_config:/home/minis/ws_moveit2/install/srdfdom:/home/minis/ws_moveit2/install/moveit_resources_pr2_description:/home/minis/ws_moveit2/install/moveit_resources_panda_description:/home/minis/ws_moveit2/install/moveit_resources_fanuc_description:/home/minis/ws_moveit2/install/moveit_common LD_LIBRARY_PATH=/home/minis/ws_moveit2/install/moveit_ros_planning_interface/lib:/home/minis/ws_moveit2/install/moveit_ros_move_group/lib:/home/minis/ws_moveit2/install/moveit_ros_warehouse/lib:/home/minis/ws_moveit2/install/moveit_ros_robot_interaction/lib:/home/minis/ws_moveit2/install/moveit_planners_ompl/lib:/home/minis/ws_moveit2/install/moveit_kinematics/lib:/home/minis/ws_moveit2/install/moveit_ros_planning/lib:/home/minis/ws_moveit2/install/moveit_simple_controller_manager/lib:/home/minis/ws_moveit2/install/moveit_ros_occupancy_map_monitor/lib:/home/minis/ws_moveit2/install/moveit_core/lib:/home/minis/ws_moveit2/install/srdfdom/lib PATH=/home/minis/ws_moveit2/install/moveit_core/bin:${PATH} PYTHONPATH=/home/minis/ws_moveit2/install/moveit_configs_utils/lib/python3.10/site-packages:/home/minis/ws_moveit2/install/srdfdom/local/lib/python3.10/dist-packages:/home/minis/ws_moveit2/install/launch_param_builder/lib/python3.10/site-packages /usr/bin/cmake --install /home/minis/ws_moveit2/build/moveit_ros_visualization
[0.560s] -- Install configuration: "Release"
[0.560s] -- Up-to-date: /home/minis/ws_moveit2/install/moveit_ros_visualization/include
[0.561s] -- Up-to-date: /home/minis/ws_moveit2/install/moveit_ros_visualization/include/ogre_helpers
[0.561s] -- Up-to-date: /home/minis/ws_moveit2/install/moveit_ros_visualization/include/ogre_helpers/mesh_shape.hpp
[0.561s] -- Up-to-date: /home/minis/ws_moveit2/install/moveit_ros_visualization/include/moveit
[0.561s] -- Up-to-date: /home/minis/ws_moveit2/install/moveit_ros_visualization/include/moveit/rviz_plugin_render_tools
[0.561s] -- Up-to-date: /home/minis/ws_moveit2/install/moveit_ros_visualization/include/moveit/rviz_plugin_render_tools/robot_state_visualization.h
[0.561s] -- Up-to-date: /home/minis/ws_moveit2/install/moveit_ros_visualization/include/moveit/rviz_plugin_render_tools/render_shapes.h
[0.561s] -- Up-to-date: /home/minis/ws_moveit2/install/moveit_ros_visualization/include/moveit/rviz_plugin_render_tools/trajectory_panel.h
[0.561s] -- Up-to-date: /home/minis/ws_moveit2/install/moveit_ros_visualization/include/moveit/rviz_plugin_render_tools/trajectory_visualization.h
[0.561s] -- Up-to-date: /home/minis/ws_moveit2/install/moveit_ros_visualization/include/moveit/rviz_plugin_render_tools/planning_link_updater.h
[0.561s] -- Up-to-date: /home/minis/ws_moveit2/install/moveit_ros_visualization/include/moveit/rviz_plugin_render_tools/planning_scene_render.h
[0.561s] -- Up-to-date: /home/minis/ws_moveit2/install/moveit_ros_visualization/include/moveit/rviz_plugin_render_tools/octomap_render.h
[0.561s] -- Up-to-date: /home/minis/ws_moveit2/install/moveit_ros_visualization/include
[0.561s] -- Up-to-date: /home/minis/ws_moveit2/install/moveit_ros_visualization/include/moveit
[0.561s] -- Up-to-date: /home/minis/ws_moveit2/install/moveit_ros_visualization/include/moveit/robot_state_rviz_plugin
[0.561s] -- Up-to-date: /home/minis/ws_moveit2/install/moveit_ros_visualization/include/moveit/robot_state_rviz_plugin/robot_state_display.h
[0.561s] -- Up-to-date: /home/minis/ws_moveit2/install/moveit_ros_visualization/include
[0.562s] -- Up-to-date: /home/minis/ws_moveit2/install/moveit_ros_visualization/include/moveit
[0.562s] -- Up-to-date: /home/minis/ws_moveit2/install/moveit_ros_visualization/include/moveit/planning_scene_rviz_plugin
[0.562s] -- Up-to-date: /home/minis/ws_moveit2/install/moveit_ros_visualization/include/moveit/planning_scene_rviz_plugin/background_processing.hpp
[0.562s] -- Up-to-date: /home/minis/ws_moveit2/install/moveit_ros_visualization/include/moveit/planning_scene_rviz_plugin/planning_scene_display.h
[0.562s] -- Up-to-date: /home/minis/ws_moveit2/install/moveit_ros_visualization/include/moveit_planning_scene_rviz_plugin_core_export.h
[0.562s] -- Up-to-date: /home/minis/ws_moveit2/install/moveit_ros_visualization/include
[0.562s] -- Up-to-date: /home/minis/ws_moveit2/install/moveit_ros_visualization/include/moveit
[0.562s] -- Up-to-date: /home/minis/ws_moveit2/install/moveit_ros_visualization/include/moveit/motion_planning_rviz_plugin
[0.562s] -- Up-to-date: /home/minis/ws_moveit2/install/moveit_ros_visualization/include/moveit/motion_planning_rviz_plugin/motion_planning_frame_joints_widget.h
[0.562s] -- Up-to-date: /home/minis/ws_moveit2/install/moveit_ros_visualization/include/moveit/motion_planning_rviz_plugin/motion_planning_param_widget.h
[0.562s] -- Up-to-date: /home/minis/ws_moveit2/install/moveit_ros_visualization/include/moveit/motion_planning_rviz_plugin/motion_planning_display.h
[0.562s] -- Up-to-date: /home/minis/ws_moveit2/install/moveit_ros_visualization/include/moveit/motion_planning_rviz_plugin/interactive_marker_display.h
[0.562s] -- Up-to-date: /home/minis/ws_moveit2/install/moveit_ros_visualization/include/moveit/motion_planning_rviz_plugin/motion_planning_frame.h
[0.562s] -- Up-to-date: /home/minis/ws_moveit2/install/moveit_ros_visualization/include
[0.562s] -- Up-to-date: /home/minis/ws_moveit2/install/moveit_ros_visualization/include/moveit
[0.562s] -- Up-to-date: /home/minis/ws_moveit2/install/moveit_ros_visualization/include/moveit/trajectory_rviz_plugin
[0.562s] -- Up-to-date: /home/minis/ws_moveit2/install/moveit_ros_visualization/include/moveit/trajectory_rviz_plugin/trajectory_display.h
[0.562s] -- Up-to-date: /home/minis/ws_moveit2/install/moveit_ros_visualization/share/moveit_ros_visualization/icons
[0.562s] -- Up-to-date: /home/minis/ws_moveit2/install/moveit_ros_visualization/share/moveit_ros_visualization/icons/classes
[0.562s] -- Up-to-date: /home/minis/ws_moveit2/install/moveit_ros_visualization/share/moveit_ros_visualization/icons/classes/PlanningScene.png
[0.562s] -- Up-to-date: /home/minis/ws_moveit2/install/moveit_ros_visualization/share/moveit_ros_visualization/icons/classes/RobotState.png
[0.562s] -- Up-to-date: /home/minis/ws_moveit2/install/moveit_ros_visualization/share/moveit_ros_visualization/icons/classes/MotionPlanning.png
[0.562s] -- Up-to-date: /home/minis/ws_moveit2/install/moveit_ros_visualization/share/moveit_ros_visualization/icons/classes/Trajectory.png
[0.562s] -- Up-to-date: /home/minis/ws_moveit2/install/moveit_ros_visualization/share/moveit_ros_visualization/motion_planning_rviz_plugin_description.xml
[0.562s] -- Up-to-date: /home/minis/ws_moveit2/install/moveit_ros_visualization/share/moveit_ros_visualization/trajectory_rviz_plugin_description.xml
[0.562s] -- Up-to-date: /home/minis/ws_moveit2/install/moveit_ros_visualization/share/moveit_ros_visualization/planning_scene_rviz_plugin_description.xml
[0.563s] -- Up-to-date: /home/minis/ws_moveit2/install/moveit_ros_visualization/share/moveit_ros_visualization/robot_state_rviz_plugin_description.xml
[0.563s] -- Up-to-date: /home/minis/ws_moveit2/install/moveit_ros_visualization/lib/libmoveit_motion_planning_rviz_plugin.so.2.5.9
[0.563s] -- Up-to-date: /home/minis/ws_moveit2/install/moveit_ros_visualization/lib/libmoveit_motion_planning_rviz_plugin.so
[0.563s] -- Up-to-date: /home/minis/ws_moveit2/install/moveit_ros_visualization/lib/libmoveit_motion_planning_rviz_plugin_core.so.2.5.9
[0.563s] -- Up-to-date: /home/minis/ws_moveit2/install/moveit_ros_visualization/lib/libmoveit_motion_planning_rviz_plugin_core.so
[0.564s] -- Up-to-date: /home/minis/ws_moveit2/install/moveit_ros_visualization/lib/libmoveit_planning_scene_rviz_plugin.so.2.5.9
[0.564s] -- Up-to-date: /home/minis/ws_moveit2/install/moveit_ros_visualization/lib/libmoveit_planning_scene_rviz_plugin.so
[0.564s] -- Up-to-date: /home/minis/ws_moveit2/install/moveit_ros_visualization/lib/libmoveit_planning_scene_rviz_plugin_core.so.2.5.9
[0.564s] -- Up-to-date: /home/minis/ws_moveit2/install/moveit_ros_visualization/lib/libmoveit_planning_scene_rviz_plugin_core.so
[0.564s] -- Up-to-date: /home/minis/ws_moveit2/install/moveit_ros_visualization/lib/libmoveit_robot_state_rviz_plugin.so.2.5.9
[0.564s] -- Up-to-date: /home/minis/ws_moveit2/install/moveit_ros_visualization/lib/libmoveit_robot_state_rviz_plugin.so
[0.565s] -- Up-to-date: /home/minis/ws_moveit2/install/moveit_ros_visualization/lib/libmoveit_robot_state_rviz_plugin_core.so.2.5.9
[0.565s] -- Up-to-date: /home/minis/ws_moveit2/install/moveit_ros_visualization/lib/libmoveit_robot_state_rviz_plugin_core.so
[0.565s] -- Up-to-date: /home/minis/ws_moveit2/install/moveit_ros_visualization/lib/libmoveit_rviz_plugin_render_tools.so.2.5.9
[0.565s] -- Up-to-date: /home/minis/ws_moveit2/install/moveit_ros_visualization/lib/libmoveit_rviz_plugin_render_tools.so
[0.565s] -- Up-to-date: /home/minis/ws_moveit2/install/moveit_ros_visualization/lib/libmoveit_trajectory_rviz_plugin.so.2.5.9
[0.566s] -- Up-to-date: /home/minis/ws_moveit2/install/moveit_ros_visualization/lib/libmoveit_trajectory_rviz_plugin.so
[0.566s] -- Up-to-date: /home/minis/ws_moveit2/install/moveit_ros_visualization/lib/libmoveit_trajectory_rviz_plugin_core.so.2.5.9
[0.566s] -- Up-to-date: /home/minis/ws_moveit2/install/moveit_ros_visualization/lib/libmoveit_trajectory_rviz_plugin_core.so
[0.566s] -- Up-to-date: /home/minis/ws_moveit2/install/moveit_ros_visualization/share/moveit_ros_visualization/environment/library_path.sh
[0.566s] -- Up-to-date: /home/minis/ws_moveit2/install/moveit_ros_visualization/share/moveit_ros_visualization/environment/library_path.dsv
[0.566s] -- Up-to-date: /home/minis/ws_moveit2/install/moveit_ros_visualization/share/ament_index/resource_index/package_run_dependencies/moveit_ros_visualization
[0.566s] -- Up-to-date: /home/minis/ws_moveit2/install/moveit_ros_visualization/share/ament_index/resource_index/parent_prefix_path/moveit_ros_visualization
[0.566s] -- Up-to-date: /home/minis/ws_moveit2/install/moveit_ros_visualization/share/moveit_ros_visualization/environment/ament_prefix_path.sh
[0.566s] -- Up-to-date: /home/minis/ws_moveit2/install/moveit_ros_visualization/share/moveit_ros_visualization/environment/ament_prefix_path.dsv
[0.567s] -- Up-to-date: /home/minis/ws_moveit2/install/moveit_ros_visualization/share/moveit_ros_visualization/environment/path.sh
[0.567s] -- Up-to-date: /home/minis/ws_moveit2/install/moveit_ros_visualization/share/moveit_ros_visualization/environment/path.dsv
[0.567s] -- Up-to-date: /home/minis/ws_moveit2/install/moveit_ros_visualization/share/moveit_ros_visualization/local_setup.bash
[0.567s] -- Up-to-date: /home/minis/ws_moveit2/install/moveit_ros_visualization/share/moveit_ros_visualization/local_setup.sh
[0.567s] -- Up-to-date: /home/minis/ws_moveit2/install/moveit_ros_visualization/share/moveit_ros_visualization/local_setup.zsh
[0.567s] -- Up-to-date: /home/minis/ws_moveit2/install/moveit_ros_visualization/share/moveit_ros_visualization/local_setup.dsv
[0.567s] -- Installing: /home/minis/ws_moveit2/install/moveit_ros_visualization/share/moveit_ros_visualization/package.dsv
[0.567s] -- Up-to-date: /home/minis/ws_moveit2/install/moveit_ros_visualization/share/ament_index/resource_index/packages/moveit_ros_visualization
[0.567s] -- Up-to-date: /home/minis/ws_moveit2/install/moveit_ros_visualization/share/ament_index/resource_index/rviz_common__pluginlib__plugin/moveit_ros_visualization
[0.567s] -- Up-to-date: /home/minis/ws_moveit2/install/moveit_ros_visualization/share/moveit_ros_visualization/cmake/export_moveit_ros_visualizationExport.cmake
[0.567s] -- Up-to-date: /home/minis/ws_moveit2/install/moveit_ros_visualization/share/moveit_ros_visualization/cmake/export_moveit_ros_visualizationExport-release.cmake
[0.567s] -- Up-to-date: /home/minis/ws_moveit2/install/moveit_ros_visualization/share/moveit_ros_visualization/cmake/ConfigExtras.cmake
[0.567s] -- Up-to-date: /home/minis/ws_moveit2/install/moveit_ros_visualization/share/moveit_ros_visualization/cmake/ament_cmake_export_targets-extras.cmake
[0.567s] -- Up-to-date: /home/minis/ws_moveit2/install/moveit_ros_visualization/share/moveit_ros_visualization/cmake/ament_cmake_export_dependencies-extras.cmake
[0.567s] -- Up-to-date: /home/minis/ws_moveit2/install/moveit_ros_visualization/share/moveit_ros_visualization/cmake/moveit_ros_visualizationConfig.cmake
[0.567s] -- Up-to-date: /home/minis/ws_moveit2/install/moveit_ros_visualization/share/moveit_ros_visualization/cmake/moveit_ros_visualizationConfig-version.cmake
[0.568s] -- Up-to-date: /home/minis/ws_moveit2/install/moveit_ros_visualization/share/moveit_ros_visualization/package.xml
[0.569s] Invoked command in '/home/minis/ws_moveit2/build/moveit_ros_visualization' returned '0': AMENT_PREFIX_PATH=/home/minis/ws_moveit2/install/moveit_ros_planning_interface:/home/minis/ws_moveit2/install/moveit_ros_move_group:/home/minis/ws_moveit2/install/moveit_ros_warehouse:/home/minis/ws_moveit2/install/moveit_ros_robot_interaction:/home/minis/ws_moveit2/install/moveit_planners_ompl:/home/minis/ws_moveit2/install/moveit_kinematics:/home/minis/ws_moveit2/install/moveit_ros_planning:/home/minis/ws_moveit2/install/moveit_simple_controller_manager:/home/minis/ws_moveit2/install/moveit_ros_occupancy_map_monitor:/home/minis/ws_moveit2/install/moveit_core:/home/minis/ws_moveit2/install/moveit_resources_panda_moveit_config:/home/minis/ws_moveit2/install/moveit_resources_fanuc_moveit_config:/home/minis/ws_moveit2/install/moveit_configs_utils:/home/minis/ws_moveit2/install/srdfdom:/home/minis/ws_moveit2/install/moveit_resources_pr2_description:/home/minis/ws_moveit2/install/moveit_resources_panda_description:/home/minis/ws_moveit2/install/moveit_resources_fanuc_description:/home/minis/ws_moveit2/install/moveit_common:/home/minis/ws_moveit2/install/launch_param_builder CMAKE_PREFIX_PATH=/home/minis/ws_moveit2/install/moveit_ros_planning_interface:/home/minis/ws_moveit2/install/moveit_ros_move_group:/home/minis/ws_moveit2/install/moveit_ros_warehouse:/home/minis/ws_moveit2/install/moveit_ros_robot_interaction:/home/minis/ws_moveit2/install/moveit_planners_ompl:/home/minis/ws_moveit2/install/moveit_kinematics:/home/minis/ws_moveit2/install/moveit_ros_planning:/home/minis/ws_moveit2/install/moveit_simple_controller_manager:/home/minis/ws_moveit2/install/moveit_ros_occupancy_map_monitor:/home/minis/ws_moveit2/install/moveit_core:/home/minis/ws_moveit2/install/moveit_resources_panda_moveit_config:/home/minis/ws_moveit2/install/moveit_resources_fanuc_moveit_config:/home/minis/ws_moveit2/install/srdfdom:/home/minis/ws_moveit2/install/moveit_resources_pr2_description:/home/minis/ws_moveit2/install/moveit_resources_panda_description:/home/minis/ws_moveit2/install/moveit_resources_fanuc_description:/home/minis/ws_moveit2/install/moveit_common LD_LIBRARY_PATH=/home/minis/ws_moveit2/install/moveit_ros_planning_interface/lib:/home/minis/ws_moveit2/install/moveit_ros_move_group/lib:/home/minis/ws_moveit2/install/moveit_ros_warehouse/lib:/home/minis/ws_moveit2/install/moveit_ros_robot_interaction/lib:/home/minis/ws_moveit2/install/moveit_planners_ompl/lib:/home/minis/ws_moveit2/install/moveit_kinematics/lib:/home/minis/ws_moveit2/install/moveit_ros_planning/lib:/home/minis/ws_moveit2/install/moveit_simple_controller_manager/lib:/home/minis/ws_moveit2/install/moveit_ros_occupancy_map_monitor/lib:/home/minis/ws_moveit2/install/moveit_core/lib:/home/minis/ws_moveit2/install/srdfdom/lib PATH=/home/minis/ws_moveit2/install/moveit_core/bin:${PATH} PYTHONPATH=/home/minis/ws_moveit2/install/moveit_configs_utils/lib/python3.10/site-packages:/home/minis/ws_moveit2/install/srdfdom/local/lib/python3.10/dist-packages:/home/minis/ws_moveit2/install/launch_param_builder/lib/python3.10/site-packages /usr/bin/cmake --install /home/minis/ws_moveit2/build/moveit_ros_visualization
