-- Found ament_cmake: 1.3.12 (/opt/ros/humble/share/ament_cmake/cmake)
-- Found rclpy: 3.3.19 (/opt/ros/humble/share/rclpy/cmake)
-- Found robot_state_publisher: 3.0.3 (/opt/ros/humble/share/robot_state_publisher/cmake)
-- Found rosidl_generator_c: 3.1.8 (/opt/ros/humble/share/rosidl_generator_c/cmake)
-- Found rosidl_adapter: 3.1.8 (/opt/ros/humble/share/rosidl_adapter/cmake)
-- Found rosidl_generator_cpp: 3.1.8 (/opt/ros/humble/share/rosidl_generator_cpp/cmake)
-- Using all available rosidl_typesupport_c: rosidl_typesupport_fastrtps_c;rosidl_typesupport_introspection_c
-- Using all available rosidl_typesupport_cpp: rosidl_typesupport_fastrtps_cpp;rosidl_typesupport_introspection_cpp
-- Found eigen3_cmake_module: 0.1.1 (/opt/ros/humble/share/eigen3_cmake_module/cmake)
-- Ensuring Eigen3 include directory is part of orocos-kdl CMake target
-- Found rmw_implementation_cmake: 6.1.2 (/opt/ros/humble/share/rmw_implementation_cmake/cmake)
-- Found rmw_fastrtps_cpp: 6.2.9 (/opt/ros/humble/share/rmw_fastrtps_cpp/cmake)
-- Using RMW implementation 'rmw_fastrtps_cpp' as default
-- Found gazebo_ros: 3.9.0 (/opt/ros/humble/share/gazebo_ros/cmake)
-- Found DART: /usr/include (Required is at least version "6.6") found components: dart 
-- Found Protobuf: /usr/lib/x86_64-linux-gnu/libprotobuf.so (found version "3.12.4") 
-- Looking for ignition-math6 -- found version 6.15.1
-- Searching for dependencies of ignition-math6
-- Looking for OGRE...
-- Found Ogre Ghadamon (1.9.0)
-- Found OGRE: optimized;/usr/lib/x86_64-linux-gnu/libOgreMain.so;debug;/usr/lib/x86_64-linux-gnu/libOgreMain.so
-- Looking for OGRE_Paging...
-- Found OGRE_Paging: optimized;/usr/lib/x86_64-linux-gnu/libOgrePaging.so;debug;/usr/lib/x86_64-linux-gnu/libOgrePaging.so
-- Looking for OGRE_Terrain...
-- Found OGRE_Terrain: optimized;/usr/lib/x86_64-linux-gnu/libOgreTerrain.so;debug;/usr/lib/x86_64-linux-gnu/libOgreTerrain.so
-- Looking for OGRE_Property...
-- Found OGRE_Property: optimized;/usr/lib/x86_64-linux-gnu/libOgreProperty.so;debug;/usr/lib/x86_64-linux-gnu/libOgreProperty.so
-- Looking for OGRE_RTShaderSystem...
-- Found OGRE_RTShaderSystem: optimized;/usr/lib/x86_64-linux-gnu/libOgreRTShaderSystem.so;debug;/usr/lib/x86_64-linux-gnu/libOgreRTShaderSystem.so
-- Looking for OGRE_Volume...
-- Found OGRE_Volume: optimized;/usr/lib/x86_64-linux-gnu/libOgreVolume.so;debug;/usr/lib/x86_64-linux-gnu/libOgreVolume.so
-- Looking for OGRE_Overlay...
-- Found OGRE_Overlay: optimized;/usr/lib/x86_64-linux-gnu/libOgreOverlay.so;debug;/usr/lib/x86_64-linux-gnu/libOgreOverlay.so
-- Looking for ignition-math6 -- found version 6.15.1
-- Looking for ignition-transport8 -- found version 8.2.1
-- Searching for dependencies of ignition-transport8
-- Found Protobuf: /usr/lib/x86_64-linux-gnu/libprotobuf.so (found suitable version "3.12.4", minimum required is "3") 
-- Config-file not installed for ZeroMQ -- checking for pkg-config
-- Checking for module 'libzmq >= 4'
--   Found libzmq , version 4.3.4
-- Checking for module 'uuid'
--   Found uuid, version 2.37.2
-- Looking for ignition-msgs5 -- found version 5.8.1
-- Searching for dependencies of ignition-msgs5
-- Looking for ignition-math6 -- found version 6.15.1
-- Looking for ignition-msgs5 -- found version 5.8.1
-- Looking for ignition-common3 -- found version 3.14.0
-- Searching for dependencies of ignition-common3
-- Looking for dlfcn.h - found
-- Looking for libdl - found
-- Searching for <ignition-common3> component [graphics]
-- Looking for ignition-common3-graphics -- found version 3.14.0
-- Searching for dependencies of ignition-common3-graphics
-- Looking for ignition-math6 -- found version 6.15.1
-- Looking for ignition-fuel_tools4 -- found version 4.4.0
-- Searching for dependencies of ignition-fuel_tools4
-- Checking for module 'jsoncpp'
--   Found jsoncpp, version 1.9.5
-- Checking for module 'libzip'
--   Found libzip, version 1.7.3
-- Looking for ignition-common3 -- found version 3.14.0
-- Looking for ignition-math6 -- found version 6.15.1
-- Looking for ignition-msgs5 -- found version 5.8.1
-- Gazebo version: 11.10
-- Found xacro: 2.1.1 (/opt/ros/humble/share/xacro/cmake)
-- Found ament_lint_auto: 0.12.14 (/opt/ros/humble/share/ament_lint_auto/cmake)
-- Added test 'flake8' to check Python code syntax and style conventions
-- Added test 'lint_cmake' to check CMake code style
-- Added test 'pep257' to check Python code against some of the docstring style conventions in PEP 257
-- Added test 'xmllint' to check XML markup files
-- Configuring done
-- Generating done
-- Build files have been written to: /home/minis/ws_moveit2/build/panda_moveit
-- Install configuration: ""
-- Up-to-date: /home/minis/ws_moveit2/install/panda_moveit/share/panda_moveit/config
-- Up-to-date: /home/minis/ws_moveit2/install/panda_moveit/share/panda_moveit/config/panda_hand.gazebo_ros2_control.xacro
-- Up-to-date: /home/minis/ws_moveit2/install/panda_moveit/share/panda_moveit/config/gripper_moveit_controllers.yaml
-- Up-to-date: /home/minis/ws_moveit2/install/panda_moveit/share/panda_moveit/config/sensors_kinect_pointcloud.yaml
-- Up-to-date: /home/minis/ws_moveit2/install/panda_moveit/share/panda_moveit/config/motion_planning.rviz
-- Up-to-date: /home/minis/ws_moveit2/install/panda_moveit/share/panda_moveit/config/trajopt_planning.yaml
-- Up-to-date: /home/minis/ws_moveit2/install/panda_moveit/share/panda_moveit/config/sensors_kinect_depthmap.yaml
-- Up-to-date: /home/minis/ws_moveit2/install/panda_moveit/share/panda_moveit/config/pilz_cartesian_limits.yaml
-- Installing: /home/minis/ws_moveit2/install/panda_moveit/share/panda_moveit/config/panda.urdf.xacro
-- Up-to-date: /home/minis/ws_moveit2/install/panda_moveit/share/panda_moveit/config/ros2_controllers.yaml
-- Up-to-date: /home/minis/ws_moveit2/install/panda_moveit/share/panda_moveit/config/lerp_planning.yaml
-- Up-to-date: /home/minis/ws_moveit2/install/panda_moveit/share/panda_moveit/config/panda.srdf
-- Up-to-date: /home/minis/ws_moveit2/install/panda_moveit/share/panda_moveit/config/joint_limits.yaml
-- Up-to-date: /home/minis/ws_moveit2/install/panda_moveit/share/panda_moveit/config/ompl_planning.yaml
-- Installing: /home/minis/ws_moveit2/install/panda_moveit/share/panda_moveit/config/panda_arm.srdf.xacro
-- Up-to-date: /home/minis/ws_moveit2/install/panda_moveit/share/panda_moveit/config/kinematics.yaml
-- Up-to-date: /home/minis/ws_moveit2/install/panda_moveit/share/panda_moveit/config/panda_arm.xacro
-- Up-to-date: /home/minis/ws_moveit2/install/panda_moveit/share/panda_moveit/config/chomp_planning.yaml
-- Up-to-date: /home/minis/ws_moveit2/install/panda_moveit/share/panda_moveit/config/hand.xacro
-- Installing: /home/minis/ws_moveit2/install/panda_moveit/share/panda_moveit/config/panda_arm_hand.srdf.xacro
-- Up-to-date: /home/minis/ws_moveit2/install/panda_moveit/share/panda_moveit/config/controller_setting.yaml
-- Up-to-date: /home/minis/ws_moveit2/install/panda_moveit/share/panda_moveit/config/moveit_controllers.yaml
-- Up-to-date: /home/minis/ws_moveit2/install/panda_moveit/share/panda_moveit/config/initial_positions.yaml
-- Up-to-date: /home/minis/ws_moveit2/install/panda_moveit/share/panda_moveit/config/panda.gazebo_ros2_control.xacro
-- Up-to-date: /home/minis/ws_moveit2/install/panda_moveit/share/panda_moveit/include
-- Up-to-date: /home/minis/ws_moveit2/install/panda_moveit/share/panda_moveit/include/panda_moveit
-- Up-to-date: /home/minis/ws_moveit2/install/panda_moveit/share/panda_moveit/launch
-- Installing: /home/minis/ws_moveit2/install/panda_moveit/share/panda_moveit/launch/demo.launch.py
-- Installing: /home/minis/ws_moveit2/install/panda_moveit/share/panda_moveit/launch/panda_moveit.launch.py
-- Up-to-date: /home/minis/ws_moveit2/install/panda_moveit/share/panda_moveit/src
-- Up-to-date: /home/minis/ws_moveit2/install/panda_moveit/lib/panda_moveit/arm_control_from_UI.py
-- Up-to-date: /home/minis/ws_moveit2/install/panda_moveit/share/ament_index/resource_index/package_run_dependencies/panda_moveit
-- Installing: /home/minis/ws_moveit2/install/panda_moveit/share/ament_index/resource_index/parent_prefix_path/panda_moveit
-- Up-to-date: /home/minis/ws_moveit2/install/panda_moveit/share/panda_moveit/environment/ament_prefix_path.sh
-- Installing: /home/minis/ws_moveit2/install/panda_moveit/share/panda_moveit/environment/ament_prefix_path.dsv
-- Up-to-date: /home/minis/ws_moveit2/install/panda_moveit/share/panda_moveit/environment/path.sh
-- Installing: /home/minis/ws_moveit2/install/panda_moveit/share/panda_moveit/environment/path.dsv
-- Up-to-date: /home/minis/ws_moveit2/install/panda_moveit/share/panda_moveit/local_setup.bash
-- Up-to-date: /home/minis/ws_moveit2/install/panda_moveit/share/panda_moveit/local_setup.sh
-- Up-to-date: /home/minis/ws_moveit2/install/panda_moveit/share/panda_moveit/local_setup.zsh
-- Installing: /home/minis/ws_moveit2/install/panda_moveit/share/panda_moveit/local_setup.dsv
-- Installing: /home/minis/ws_moveit2/install/panda_moveit/share/panda_moveit/package.dsv
-- Up-to-date: /home/minis/ws_moveit2/install/panda_moveit/share/ament_index/resource_index/packages/panda_moveit
-- Up-to-date: /home/minis/ws_moveit2/install/panda_moveit/share/panda_moveit/cmake/panda_moveitConfig.cmake
-- Up-to-date: /home/minis/ws_moveit2/install/panda_moveit/share/panda_moveit/cmake/panda_moveitConfig-version.cmake
-- Installing: /home/minis/ws_moveit2/install/panda_moveit/share/panda_moveit/package.xml
