[0.007s] Invoking command in '/home/minis/ws_moveit2/build/srdfdom': CMAKE_PREFIX_PATH=${CMAKE_PREFIX_PATH}:/opt/ros/humble /usr/bin/cmake --build /home/minis/ws_moveit2/build/srdfdom -- -j16 -l16
[0.056s] [ 18%] Built target gtest_main
[0.056s] [ 18%] Built target ament_cmake_python_copy_srdfdom
[0.056s] [ 36%] Built target gtest
[0.066s] [ 63%] Built target srdfdom
[0.085s] [100%] Built target test_cpp_C
[0.085s] [100%] Built target test_cpp_nl_NL.UTF-8
[0.182s] running egg_info
[0.182s] writing srdfdom.egg-info/PKG-INFO
[0.182s] writing dependency_links to srdfdom.egg-info/dependency_links.txt
[0.183s] writing top-level names to srdfdom.egg-info/top_level.txt
[0.184s] reading manifest file 'srdfdom.egg-info/SOURCES.txt'
[0.184s] writing manifest file 'srdfdom.egg-info/SOURCES.txt'
[0.202s] [100%] Built target ament_cmake_python_build_srdfdom_egg
[0.211s] Invoked command in '/home/minis/ws_moveit2/build/srdfdom' returned '0': CMAKE_PREFIX_PATH=${CMAKE_PREFIX_PATH}:/opt/ros/humble /usr/bin/cmake --build /home/minis/ws_moveit2/build/srdfdom -- -j16 -l16
[0.212s] Invoking command in '/home/minis/ws_moveit2/build/srdfdom': CMAKE_PREFIX_PATH=${CMAKE_PREFIX_PATH}:/opt/ros/humble /usr/bin/cmake --install /home/minis/ws_moveit2/build/srdfdom
[0.220s] -- Install configuration: "Release"
[0.220s] -- Up-to-date: /home/minis/ws_moveit2/install/srdfdom/lib/libsrdfdom.so.2.0.8
[0.220s] -- Up-to-date: /home/minis/ws_moveit2/install/srdfdom/lib/libsrdfdom.so
[0.221s] -- Up-to-date: /home/minis/ws_moveit2/install/srdfdom/include/srdfdom
[0.221s] -- Up-to-date: /home/minis/ws_moveit2/install/srdfdom/include/srdfdom/srdfdom
[0.221s] -- Up-to-date: /home/minis/ws_moveit2/install/srdfdom/include/srdfdom/srdfdom/visibility_control.h
[0.221s] -- Up-to-date: /home/minis/ws_moveit2/install/srdfdom/include/srdfdom/srdfdom/model.h
[0.221s] -- Up-to-date: /home/minis/ws_moveit2/install/srdfdom/include/srdfdom/srdfdom/srdf_writer.h
[0.221s] -- Up-to-date: /home/minis/ws_moveit2/install/srdfdom/lib/srdfdom/display_srdf
[0.221s] -- Up-to-date: /home/minis/ws_moveit2/install/srdfdom/share/srdfdom/environment/pythonpath.sh
[0.221s] -- Up-to-date: /home/minis/ws_moveit2/install/srdfdom/share/srdfdom/environment/pythonpath.dsv
[0.221s] -- Up-to-date: /home/minis/ws_moveit2/install/srdfdom/local/lib/python3.10/dist-packages/srdfdom-2.0.8-py3.10.egg-info
[0.221s] -- Installing: /home/minis/ws_moveit2/install/srdfdom/local/lib/python3.10/dist-packages/srdfdom-2.0.8-py3.10.egg-info/dependency_links.txt
[0.222s] -- Installing: /home/minis/ws_moveit2/install/srdfdom/local/lib/python3.10/dist-packages/srdfdom-2.0.8-py3.10.egg-info/top_level.txt
[0.222s] -- Installing: /home/minis/ws_moveit2/install/srdfdom/local/lib/python3.10/dist-packages/srdfdom-2.0.8-py3.10.egg-info/SOURCES.txt
[0.222s] -- Installing: /home/minis/ws_moveit2/install/srdfdom/local/lib/python3.10/dist-packages/srdfdom-2.0.8-py3.10.egg-info/PKG-INFO
[0.222s] -- Up-to-date: /home/minis/ws_moveit2/install/srdfdom/local/lib/python3.10/dist-packages/srdfdom
[0.222s] -- Up-to-date: /home/minis/ws_moveit2/install/srdfdom/local/lib/python3.10/dist-packages/srdfdom/srdf.py
[0.222s] -- Up-to-date: /home/minis/ws_moveit2/install/srdfdom/local/lib/python3.10/dist-packages/srdfdom/__init__.py
[0.242s] Listing '/home/minis/ws_moveit2/install/srdfdom/local/lib/python3.10/dist-packages/srdfdom'...
[0.244s] -- Up-to-date: /home/minis/ws_moveit2/install/srdfdom/share/srdfdom/environment/library_path.sh
[0.244s] -- Up-to-date: /home/minis/ws_moveit2/install/srdfdom/share/srdfdom/environment/library_path.dsv
[0.244s] -- Up-to-date: /home/minis/ws_moveit2/install/srdfdom/share/ament_index/resource_index/package_run_dependencies/srdfdom
[0.245s] -- Up-to-date: /home/minis/ws_moveit2/install/srdfdom/share/ament_index/resource_index/parent_prefix_path/srdfdom
[0.245s] -- Up-to-date: /home/minis/ws_moveit2/install/srdfdom/share/srdfdom/environment/ament_prefix_path.sh
[0.245s] -- Up-to-date: /home/minis/ws_moveit2/install/srdfdom/share/srdfdom/environment/ament_prefix_path.dsv
[0.245s] -- Up-to-date: /home/minis/ws_moveit2/install/srdfdom/share/srdfdom/environment/path.sh
[0.245s] -- Up-to-date: /home/minis/ws_moveit2/install/srdfdom/share/srdfdom/environment/path.dsv
[0.245s] -- Up-to-date: /home/minis/ws_moveit2/install/srdfdom/share/srdfdom/local_setup.bash
[0.245s] -- Up-to-date: /home/minis/ws_moveit2/install/srdfdom/share/srdfdom/local_setup.sh
[0.245s] -- Up-to-date: /home/minis/ws_moveit2/install/srdfdom/share/srdfdom/local_setup.zsh
[0.245s] -- Up-to-date: /home/minis/ws_moveit2/install/srdfdom/share/srdfdom/local_setup.dsv
[0.245s] -- Installing: /home/minis/ws_moveit2/install/srdfdom/share/srdfdom/package.dsv
[0.245s] -- Up-to-date: /home/minis/ws_moveit2/install/srdfdom/share/ament_index/resource_index/packages/srdfdom
[0.246s] -- Up-to-date: /home/minis/ws_moveit2/install/srdfdom/share/srdfdom/cmake/srdfdomTargetsExport.cmake
[0.246s] -- Up-to-date: /home/minis/ws_moveit2/install/srdfdom/share/srdfdom/cmake/srdfdomTargetsExport-release.cmake
[0.246s] -- Up-to-date: /home/minis/ws_moveit2/install/srdfdom/share/srdfdom/cmake/ament_cmake_export_targets-extras.cmake
[0.246s] -- Up-to-date: /home/minis/ws_moveit2/install/srdfdom/share/srdfdom/cmake/ament_cmake_export_dependencies-extras.cmake
[0.246s] -- Up-to-date: /home/minis/ws_moveit2/install/srdfdom/share/srdfdom/cmake/srdfdomConfig.cmake
[0.246s] -- Up-to-date: /home/minis/ws_moveit2/install/srdfdom/share/srdfdom/cmake/srdfdomConfig-version.cmake
[0.246s] -- Up-to-date: /home/minis/ws_moveit2/install/srdfdom/share/srdfdom/package.xml
[0.248s] Invoked command in '/home/minis/ws_moveit2/build/srdfdom' returned '0': CMAKE_PREFIX_PATH=${CMAKE_PREFIX_PATH}:/opt/ros/humble /usr/bin/cmake --install /home/minis/ws_moveit2/build/srdfdom
