[0.044s] Invoking command in '/home/minis/ws_moveit2/build/moveit_task_constructor_visualization': AMENT_PREFIX_PATH=/home/minis/ws_moveit2/install/moveit_task_constructor_core:/home/minis/ws_moveit2/install/moveit_planners:/home/minis/ws_moveit2/install/pilz_industrial_motion_planner:/home/minis/ws_moveit2/install/moveit_ros_visualization:/home/minis/ws_moveit2/install/moveit_resources_prbt_pg70_support:/home/minis/ws_moveit2/install/moveit_ros_planning_interface:/home/minis/ws_moveit2/install/moveit_resources_prbt_moveit_config:/home/minis/ws_moveit2/install/moveit_ros_move_group:/home/minis/ws_moveit2/install/moveit_ros_warehouse:/home/minis/ws_moveit2/install/moveit_ros_robot_interaction:/home/minis/ws_moveit2/install/moveit_planners_ompl:/home/minis/ws_moveit2/install/moveit_kinematics:/home/minis/ws_moveit2/install/moveit_ros_planning:/home/minis/ws_moveit2/install/moveit_planners_chomp:/home/minis/ws_moveit2/install/pilz_industrial_motion_planner_testutils:/home/minis/ws_moveit2/install/moveit_simple_controller_manager:/home/minis/ws_moveit2/install/moveit_ros_occupancy_map_monitor:/home/minis/ws_moveit2/install/moveit_resources_prbt_ikfast_manipulator_plugin:/home/minis/ws_moveit2/install/chomp_motion_planner:/home/minis/ws_moveit2/install/moveit_core:/home/minis/ws_moveit2/install/rviz_marker_tools:/home/minis/ws_moveit2/install/moveit_resources_panda_moveit_config:/home/minis/ws_moveit2/install/moveit_resources_fanuc_moveit_config:/home/minis/ws_moveit2/install/moveit_configs_utils:/home/minis/ws_moveit2/install/srdfdom:/home/minis/ws_moveit2/install/moveit_task_constructor_msgs:/home/minis/ws_moveit2/install/moveit_resources_prbt_support:/home/minis/ws_moveit2/install/moveit_resources_pr2_description:/home/minis/ws_moveit2/install/moveit_resources_panda_description:/home/minis/ws_moveit2/install/moveit_resources_fanuc_description:/home/minis/ws_moveit2/install/moveit_common:/home/minis/ws_moveit2/install/launch_param_builder CMAKE_MODULE_PATH=/home/minis/ws_moveit2/install/moveit_task_constructor_core/share/moveit_task_constructor_core/cmake CMAKE_PREFIX_PATH=/home/minis/ws_moveit2/install/moveit_task_constructor_core:/home/minis/ws_moveit2/install/moveit_planners:/home/minis/ws_moveit2/install/pilz_industrial_motion_planner:/home/minis/ws_moveit2/install/moveit_ros_visualization:/home/minis/ws_moveit2/install/moveit_resources_prbt_pg70_support:/home/minis/ws_moveit2/install/moveit_ros_planning_interface:/home/minis/ws_moveit2/install/moveit_resources_prbt_moveit_config:/home/minis/ws_moveit2/install/moveit_ros_move_group:/home/minis/ws_moveit2/install/moveit_ros_warehouse:/home/minis/ws_moveit2/install/moveit_ros_robot_interaction:/home/minis/ws_moveit2/install/moveit_planners_ompl:/home/minis/ws_moveit2/install/moveit_kinematics:/home/minis/ws_moveit2/install/moveit_ros_planning:/home/minis/ws_moveit2/install/moveit_planners_chomp:/home/minis/ws_moveit2/install/pilz_industrial_motion_planner_testutils:/home/minis/ws_moveit2/install/moveit_simple_controller_manager:/home/minis/ws_moveit2/install/moveit_ros_occupancy_map_monitor:/home/minis/ws_moveit2/install/moveit_resources_prbt_ikfast_manipulator_plugin:/home/minis/ws_moveit2/install/chomp_motion_planner:/home/minis/ws_moveit2/install/moveit_core:/home/minis/ws_moveit2/install/rviz_marker_tools:/home/minis/ws_moveit2/install/moveit_resources_panda_moveit_config:/home/minis/ws_moveit2/install/moveit_resources_fanuc_moveit_config:/home/minis/ws_moveit2/install/srdfdom:/home/minis/ws_moveit2/install/moveit_task_constructor_msgs:/home/minis/ws_moveit2/install/moveit_resources_prbt_support:/home/minis/ws_moveit2/install/moveit_resources_pr2_description:/home/minis/ws_moveit2/install/moveit_resources_panda_description:/home/minis/ws_moveit2/install/moveit_resources_fanuc_description:/home/minis/ws_moveit2/install/moveit_common LD_LIBRARY_PATH=/home/minis/ws_moveit2/install/moveit_task_constructor_core/lib:/home/minis/ws_moveit2/install/pilz_industrial_motion_planner/lib:/home/minis/ws_moveit2/install/moveit_ros_visualization/lib:/home/minis/ws_moveit2/install/moveit_ros_planning_interface/lib:/home/minis/ws_moveit2/install/moveit_ros_move_group/lib:/home/minis/ws_moveit2/install/moveit_ros_warehouse/lib:/home/minis/ws_moveit2/install/moveit_ros_robot_interaction/lib:/home/minis/ws_moveit2/install/moveit_planners_ompl/lib:/home/minis/ws_moveit2/install/moveit_kinematics/lib:/home/minis/ws_moveit2/install/moveit_ros_planning/lib:/home/minis/ws_moveit2/install/moveit_planners_chomp/lib:/home/minis/ws_moveit2/install/pilz_industrial_motion_planner_testutils/lib:/home/minis/ws_moveit2/install/moveit_simple_controller_manager/lib:/home/minis/ws_moveit2/install/moveit_ros_occupancy_map_monitor/lib:/home/minis/ws_moveit2/install/moveit_resources_prbt_ikfast_manipulator_plugin/lib:/home/minis/ws_moveit2/install/chomp_motion_planner/lib:/home/minis/ws_moveit2/install/moveit_core/lib:/home/minis/ws_moveit2/install/rviz_marker_tools/lib:/home/minis/ws_moveit2/install/srdfdom/lib:/home/minis/ws_moveit2/install/moveit_task_constructor_msgs/lib PATH=/home/minis/ws_moveit2/install/moveit_core/bin:${PATH} PYTHONPATH=/home/minis/ws_moveit2/install/moveit_task_constructor_core/local/lib/python3.10/dist-packages:/home/minis/ws_moveit2/install/moveit_configs_utils/lib/python3.10/site-packages:/home/minis/ws_moveit2/install/srdfdom/local/lib/python3.10/dist-packages:/home/minis/ws_moveit2/install/moveit_task_constructor_msgs/local/lib/python3.10/dist-packages:/home/minis/ws_moveit2/install/launch_param_builder/lib/python3.10/site-packages /usr/bin/cmake --build /home/minis/ws_moveit2/build/moveit_task_constructor_visualization -- -j16 -l16
[0.098s] [  1%] [34m[1mAutomatic MOC for target moveit_task_visualization_tools[0m
[0.101s] [  4%] [34m[1mAutomatic MOC for target motion_planning_tasks_properties[0m
[0.101s] [  4%] [34m[1mAutomatic MOC for target motion_planning_tasks_utils[0m
[0.101s] [  6%] [34m[1mAutomatic MOC for target gtest_main[0m
[0.102s] [  7%] [34m[1mAutomatic MOC for target gmock[0m
[0.105s] [  9%] [34m[1mAutomatic MOC for target gtest[0m
[0.106s] [ 10%] [34m[1mAutomatic MOC for target gmock_main[0m
[0.132s] [ 10%] Built target gmock_autogen
[0.132s] [ 10%] Built target moveit_task_visualization_tools_autogen
[0.141s] [ 10%] Built target motion_planning_tasks_properties_autogen
[0.147s] [ 10%] Built target gmock_main_autogen
[0.150s] [ 10%] Built target gtest_autogen
[0.157s] [ 10%] Built target gtest_main_autogen
[0.189s] [ 12%] [32mBuilding CXX object gmock/CMakeFiles/gmock_main.dir/gmock_main_autogen/mocs_compilation.cpp.o[0m
[0.191s] [ 13%] [32mBuilding CXX object visualization_tools/CMakeFiles/moveit_task_visualization_tools.dir/moveit_task_visualization_tools_autogen/mocs_compilation.cpp.o[0m
[0.194s] [ 15%] [32mBuilding CXX object gmock/CMakeFiles/gmock.dir/gmock_autogen/mocs_compilation.cpp.o[0m
[0.200s] [ 16%] [32mBuilding CXX object gmock/CMakeFiles/gmock_main.dir/src/gmock_main.cc.o[0m
[0.203s] [ 18%] [32mBuilding CXX object gmock/CMakeFiles/gmock.dir/opt/ros/humble/src/gtest_vendor/src/gtest-all.cc.o[0m
[0.203s] [ 20%] [32mBuilding CXX object motion_planning_tasks/properties/CMakeFiles/motion_planning_tasks_properties.dir/property_from_yaml.cpp.o[0m
[0.203s] [ 21%] [32mBuilding CXX object gmock/CMakeFiles/gmock.dir/src/gmock-all.cc.o[0m
[0.204s] [ 23%] [32mBuilding CXX object gtest/CMakeFiles/gtest.dir/gtest_autogen/mocs_compilation.cpp.o[0m
[0.209s] [ 24%] [32mBuilding CXX object motion_planning_tasks/properties/CMakeFiles/motion_planning_tasks_properties.dir/property_factory.cpp.o[0m
[0.210s] [ 26%] [32mBuilding CXX object motion_planning_tasks/properties/CMakeFiles/motion_planning_tasks_properties.dir/motion_planning_tasks_properties_autogen/mocs_compilation.cpp.o[0m
[0.210s] [ 27%] [32mBuilding CXX object visualization_tools/CMakeFiles/moveit_task_visualization_tools.dir/src/display_solution.cpp.o[0m
[0.211s] [ 29%] [32mBuilding CXX object gtest/CMakeFiles/gtest.dir/src/gtest-all.cc.o[0m
[0.216s] [ 30%] [32mBuilding CXX object visualization_tools/CMakeFiles/moveit_task_visualization_tools.dir/src/marker_visualization.cpp.o[0m
[0.233s] [ 32%] [32mBuilding CXX object visualization_tools/CMakeFiles/moveit_task_visualization_tools.dir/src/task_solution_panel.cpp.o[0m
[0.258s] [ 33%] [32mBuilding CXX object gtest/CMakeFiles/gtest_main.dir/gtest_main_autogen/mocs_compilation.cpp.o[0m
[0.306s] [ 35%] [32mBuilding CXX object visualization_tools/CMakeFiles/moveit_task_visualization_tools.dir/src/task_solution_visualization.cpp.o[0m
[0.317s] [ 36%] [32mBuilding CXX object gtest/CMakeFiles/gtest_main.dir/src/gtest_main.cc.o[0m
[0.607s] [ 36%] Built target motion_planning_tasks_utils_autogen
[0.665s] [ 38%] [32mBuilding CXX object motion_planning_tasks/utils/CMakeFiles/motion_planning_tasks_utils.dir/motion_planning_tasks_utils_autogen/mocs_compilation.cpp.o[0m
[0.690s] [ 40%] [32mBuilding CXX object motion_planning_tasks/utils/CMakeFiles/motion_planning_tasks_utils.dir/tree_merge_proxy_model.cpp.o[0m
[0.699s] [ 41%] [32mBuilding CXX object motion_planning_tasks/utils/CMakeFiles/motion_planning_tasks_utils.dir/flat_merge_proxy_model.cpp.o[0m
[0.708s] [ 43%] [32mBuilding CXX object motion_planning_tasks/utils/CMakeFiles/motion_planning_tasks_utils.dir/icon.cpp.o[0m
[4.372s] [ 44%] [32m[1mLinking CXX static library libgtest_main.a[0m
[4.528s] [ 44%] Built target gtest_main
[4.899s] [ 46%] [32m[1mLinking CXX static library libgmock_main.a[0m
[5.023s] [ 46%] Built target gmock_main
[9.216s] [ 47%] [32m[1mLinking CXX shared library libmotion_planning_tasks_utils.so[0m
[10.208s] [ 47%] Built target motion_planning_tasks_utils
[15.712s] [ 49%] [32m[1mLinking CXX shared library libmotion_planning_tasks_properties.so[0m
[18.910s] [ 49%] Built target motion_planning_tasks_properties
