running egg_info
creating ../../build/panda_commander/panda_commander.egg-info
writing ../../build/panda_commander/panda_commander.egg-info/PKG-INFO
writing dependency_links to ../../build/panda_commander/panda_commander.egg-info/dependency_links.txt
writing entry points to ../../build/panda_commander/panda_commander.egg-info/entry_points.txt
writing requirements to ../../build/panda_commander/panda_commander.egg-info/requires.txt
writing top-level names to ../../build/panda_commander/panda_commander.egg-info/top_level.txt
writing manifest file '../../build/panda_commander/panda_commander.egg-info/SOURCES.txt'
reading manifest file '../../build/panda_commander/panda_commander.egg-info/SOURCES.txt'
writing manifest file '../../build/panda_commander/panda_commander.egg-info/SOURCES.txt'
running build
running build_py
creating /home/minis/ws_moveit2/build/panda_commander/build
creating /home/minis/ws_moveit2/build/panda_commander/build/lib
creating /home/minis/ws_moveit2/build/panda_commander/build/lib/panda_commander
copying panda_commander/arm_commander.py -> /home/minis/ws_moveit2/build/panda_commander/build/lib/panda_commander
copying panda_commander/__init__.py -> /home/minis/ws_moveit2/build/panda_commander/build/lib/panda_commander
running install
running install_lib
creating /home/minis/ws_moveit2/install/panda_commander/lib/python3.10/site-packages/panda_commander
copying /home/minis/ws_moveit2/build/panda_commander/build/lib/panda_commander/arm_commander.py -> /home/minis/ws_moveit2/install/panda_commander/lib/python3.10/site-packages/panda_commander
copying /home/minis/ws_moveit2/build/panda_commander/build/lib/panda_commander/__init__.py -> /home/minis/ws_moveit2/install/panda_commander/lib/python3.10/site-packages/panda_commander
byte-compiling /home/minis/ws_moveit2/install/panda_commander/lib/python3.10/site-packages/panda_commander/arm_commander.py to arm_commander.cpython-310.pyc
byte-compiling /home/minis/ws_moveit2/install/panda_commander/lib/python3.10/site-packages/panda_commander/__init__.py to __init__.cpython-310.pyc
running install_data
creating /home/minis/ws_moveit2/install/panda_commander/share/ament_index
creating /home/minis/ws_moveit2/install/panda_commander/share/ament_index/resource_index
creating /home/minis/ws_moveit2/install/panda_commander/share/ament_index/resource_index/packages
copying resource/panda_commander -> /home/minis/ws_moveit2/install/panda_commander/share/ament_index/resource_index/packages
copying package.xml -> /home/minis/ws_moveit2/install/panda_commander/share/panda_commander
running install_egg_info
Copying ../../build/panda_commander/panda_commander.egg-info to /home/minis/ws_moveit2/install/panda_commander/lib/python3.10/site-packages/panda_commander-0.0.0-py3.10.egg-info
running install_scripts
Installing arm_commander script to /home/minis/ws_moveit2/install/panda_commander/lib/panda_commander
writing list of installed files to '/home/minis/ws_moveit2/build/panda_commander/install.log'
