[0.352s] Invoking command in '/home/minis/ws_moveit2/src/panda_commander': PYTHONPATH=/home/minis/ws_moveit2/build/panda_commander/prefix_override:/usr/lib/python3/dist-packages/colcon_core/task/python/colcon_distutils_commands:/home/minis/ws_moveit2/install/panda_commander/lib/python3.10/site-packages:${PYTHONPATH} /usr/bin/python3 -W ignore:setup.py install is deprecated -W ignore:easy_install command is deprecated setup.py egg_info --egg-base ../../build/panda_commander build --build-base /home/minis/ws_moveit2/build/panda_commander/build install --record /home/minis/ws_moveit2/build/panda_commander/install.log --single-version-externally-managed install_data
[0.479s] running egg_info
[0.479s] creating ../../build/panda_commander/panda_commander.egg-info
[0.479s] writing ../../build/panda_commander/panda_commander.egg-info/PKG-INFO
[0.479s] writing dependency_links to ../../build/panda_commander/panda_commander.egg-info/dependency_links.txt
[0.479s] writing entry points to ../../build/panda_commander/panda_commander.egg-info/entry_points.txt
[0.479s] writing requirements to ../../build/panda_commander/panda_commander.egg-info/requires.txt
[0.479s] writing top-level names to ../../build/panda_commander/panda_commander.egg-info/top_level.txt
[0.480s] writing manifest file '../../build/panda_commander/panda_commander.egg-info/SOURCES.txt'
[0.480s] reading manifest file '../../build/panda_commander/panda_commander.egg-info/SOURCES.txt'
[0.481s] writing manifest file '../../build/panda_commander/panda_commander.egg-info/SOURCES.txt'
[0.481s] running build
[0.481s] running build_py
[0.481s] creating /home/minis/ws_moveit2/build/panda_commander/build
[0.481s] creating /home/minis/ws_moveit2/build/panda_commander/build/lib
[0.481s] creating /home/minis/ws_moveit2/build/panda_commander/build/lib/panda_commander
[0.481s] copying panda_commander/arm_commander.py -> /home/minis/ws_moveit2/build/panda_commander/build/lib/panda_commander
[0.481s] copying panda_commander/__init__.py -> /home/minis/ws_moveit2/build/panda_commander/build/lib/panda_commander
[0.481s] running install
[0.481s] running install_lib
[0.482s] creating /home/minis/ws_moveit2/install/panda_commander/lib/python3.10/site-packages/panda_commander
[0.482s] copying /home/minis/ws_moveit2/build/panda_commander/build/lib/panda_commander/arm_commander.py -> /home/minis/ws_moveit2/install/panda_commander/lib/python3.10/site-packages/panda_commander
[0.482s] copying /home/minis/ws_moveit2/build/panda_commander/build/lib/panda_commander/__init__.py -> /home/minis/ws_moveit2/install/panda_commander/lib/python3.10/site-packages/panda_commander
[0.482s] byte-compiling /home/minis/ws_moveit2/install/panda_commander/lib/python3.10/site-packages/panda_commander/arm_commander.py to arm_commander.cpython-310.pyc
[0.482s] byte-compiling /home/minis/ws_moveit2/install/panda_commander/lib/python3.10/site-packages/panda_commander/__init__.py to __init__.cpython-310.pyc
[0.482s] running install_data
[0.482s] creating /home/minis/ws_moveit2/install/panda_commander/share/ament_index
[0.482s] creating /home/minis/ws_moveit2/install/panda_commander/share/ament_index/resource_index
[0.483s] creating /home/minis/ws_moveit2/install/panda_commander/share/ament_index/resource_index/packages
[0.483s] copying resource/panda_commander -> /home/minis/ws_moveit2/install/panda_commander/share/ament_index/resource_index/packages
[0.483s] copying package.xml -> /home/minis/ws_moveit2/install/panda_commander/share/panda_commander
[0.483s] running install_egg_info
[0.484s] Copying ../../build/panda_commander/panda_commander.egg-info to /home/minis/ws_moveit2/install/panda_commander/lib/python3.10/site-packages/panda_commander-0.0.0-py3.10.egg-info
[0.484s] running install_scripts
[0.496s] Installing arm_commander script to /home/minis/ws_moveit2/install/panda_commander/lib/panda_commander
[0.496s] writing list of installed files to '/home/minis/ws_moveit2/build/panda_commander/install.log'
[0.517s] Invoked command in '/home/minis/ws_moveit2/src/panda_commander' returned '0': PYTHONPATH=/home/minis/ws_moveit2/build/panda_commander/prefix_override:/usr/lib/python3/dist-packages/colcon_core/task/python/colcon_distutils_commands:/home/minis/ws_moveit2/install/panda_commander/lib/python3.10/site-packages:${PYTHONPATH} /usr/bin/python3 -W ignore:setup.py install is deprecated -W ignore:easy_install command is deprecated setup.py egg_info --egg-base ../../build/panda_commander build --build-base /home/minis/ws_moveit2/build/panda_commander/build install --record /home/minis/ws_moveit2/build/panda_commander/install.log --single-version-externally-managed install_data
