[0.015s] Invoking command in '/home/minis/ws_moveit2/build/moveit_ros_warehouse': AMENT_PREFIX_PATH=/home/minis/ws_moveit2/install/moveit_ros_planning:/home/minis/ws_moveit2/install/moveit_ros_occupancy_map_monitor:/home/minis/ws_moveit2/install/moveit_core:/home/minis/ws_moveit2/install/moveit_resources_panda_moveit_config:/home/minis/ws_moveit2/install/moveit_configs_utils:/home/minis/ws_moveit2/install/srdfdom:/home/minis/ws_moveit2/install/moveit_resources_pr2_description:/home/minis/ws_moveit2/install/moveit_resources_panda_description:/home/minis/ws_moveit2/install/moveit_common:/home/minis/ws_moveit2/install/launch_param_builder:${AMENT_PREFIX_PATH} CMAKE_PREFIX_PATH=/home/minis/ws_moveit2/install/moveit_ros_planning:/home/minis/ws_moveit2/install/moveit_ros_occupancy_map_monitor:/home/minis/ws_moveit2/install/moveit_core:/home/minis/ws_moveit2/install/moveit_resources_panda_moveit_config:/home/minis/ws_moveit2/install/srdfdom:/home/minis/ws_moveit2/install/moveit_resources_pr2_description:/home/minis/ws_moveit2/install/moveit_resources_panda_description:/home/minis/ws_moveit2/install/moveit_common:/opt/ros/humble LD_LIBRARY_PATH=/home/minis/ws_moveit2/install/moveit_ros_planning/lib:/home/minis/ws_moveit2/install/moveit_ros_occupancy_map_monitor/lib:/home/minis/ws_moveit2/install/moveit_core/lib:/home/minis/ws_moveit2/install/srdfdom/lib:${LD_LIBRARY_PATH} PATH=/home/minis/ws_moveit2/install/moveit_core/bin:${PATH} PYTHONPATH=/home/minis/ws_moveit2/install/moveit_configs_utils/lib/python3.10/site-packages:/home/minis/ws_moveit2/install/srdfdom/local/lib/python3.10/dist-packages:/home/minis/ws_moveit2/install/launch_param_builder/lib/python3.10/site-packages:${PYTHONPATH} /usr/bin/cmake /home/minis/ws_moveit2/src/moveit2/moveit_ros/warehouse -DCMAKE_BUILD_TYPE=Release -DCMAKE_INSTALL_PREFIX=/home/minis/ws_moveit2/install/moveit_ros_warehouse
[0.050s] -- The C compiler identification is GNU 11.4.0
[0.088s] -- The CXX compiler identification is GNU 11.4.0
[0.093s] -- Detecting C compiler ABI info
[0.144s] -- Detecting C compiler ABI info - done
[0.148s] -- Check for working C compiler: /usr/bin/cc - skipped
[0.148s] -- Detecting C compile features
[0.148s] -- Detecting C compile features - done
[0.150s] -- Detecting CXX compiler ABI info
[0.206s] -- Detecting CXX compiler ABI info - done
[0.210s] -- Check for working CXX compiler: /usr/bin/c++ - skipped
[0.210s] -- Detecting CXX compile features
[0.211s] -- Detecting CXX compile features - done
[0.212s] -- Found moveit_common: 2.5.9 (/home/minis/ws_moveit2/install/moveit_common/share/moveit_common/cmake)
[0.214s] -- Found ament_cmake: 1.3.12 (/opt/ros/humble/share/ament_cmake/cmake)
[0.312s] -- Found Python3: /usr/bin/python3 (found version "3.10.12") found components: Interpreter 
[0.423s] -- Found rclcpp: 16.0.17 (/opt/ros/humble/share/rclcpp/cmake)
[0.459s] -- Found rosidl_generator_c: 3.1.8 (/opt/ros/humble/share/rosidl_generator_c/cmake)
[0.463s] -- Found rosidl_adapter: 3.1.8 (/opt/ros/humble/share/rosidl_adapter/cmake)
[0.470s] -- Found rosidl_generator_cpp: 3.1.8 (/opt/ros/humble/share/rosidl_generator_cpp/cmake)
[0.478s] -- Using all available rosidl_typesupport_c: rosidl_typesupport_fastrtps_c;rosidl_typesupport_introspection_c
[0.491s] -- Using all available rosidl_typesupport_cpp: rosidl_typesupport_fastrtps_cpp;rosidl_typesupport_introspection_cpp
[0.525s] -- Found rmw_implementation_cmake: 6.1.2 (/opt/ros/humble/share/rmw_implementation_cmake/cmake)
[0.527s] -- Found rmw_fastrtps_cpp: 6.2.9 (/opt/ros/humble/share/rmw_fastrtps_cpp/cmake)
[0.594s] -- Found OpenSSL: /usr/lib/x86_64-linux-gnu/libcrypto.so (found version "3.0.2")  
[0.617s] -- Found FastRTPS: /opt/ros/humble/include  
[0.650s] -- Using RMW implementation 'rmw_fastrtps_cpp' as default
[0.658s] -- Looking for pthread.h
[0.726s] -- Looking for pthread.h - found
[0.727s] -- Performing Test CMAKE_HAVE_LIBC_PTHREAD
[0.801s] -- Performing Test CMAKE_HAVE_LIBC_PTHREAD - Success
[0.801s] -- Found Threads: TRUE  
[0.833s] -- Found moveit_core: 2.5.9 (/home/minis/ws_moveit2/install/moveit_core/share/moveit_core/cmake)
[0.863s] -- Found Boost: /usr/lib/x86_64-linux-gnu/cmake/Boost-1.74.0/BoostConfig.cmake (found version "1.74.0") found components: chrono date_time filesystem iostreams program_options regex serialization system thread 
[0.900s] -- Found parameter_traits: 0.6.0 (/opt/ros/humble/share/parameter_traits/cmake)
[0.910s] -- Found rclcpp_lifecycle: 16.0.17 (/opt/ros/humble/share/rclcpp_lifecycle/cmake)
[0.926s] -- Found Boost: /usr/lib/x86_64-linux-gnu/cmake/Boost-1.74.0/BoostConfig.cmake (found version "1.74.0") found components: filesystem 
[1.004s] -- library: /usr/lib/x86_64-linux-gnu/libcurl.so
[1.047s] -- Found Eigen3: TRUE (found version "3.4.0") 
[1.047s] -- Ensuring Eigen3 include directory is part of orocos-kdl CMake target
[1.216s] -- Found warehouse_ros: 2.0.5 (/opt/ros/humble/share/warehouse_ros/cmake)
[1.221s] -- Found moveit_ros_planning: 2.5.9 (/home/minis/ws_moveit2/install/moveit_ros_planning/share/moveit_ros_planning/cmake)
[1.224s] -- Found Boost: /usr/lib/x86_64-linux-gnu/cmake/Boost-1.74.0/BoostConfig.cmake (found version "1.74.0") found components: system filesystem date_time program_options thread chrono 
[1.241s] -- Found Boost: /usr/lib/x86_64-linux-gnu/cmake/Boost-1.74.0/BoostConfig.cmake (found version "1.74.0") found components: thread system filesystem regex date_time program_options 
[1.243s] -- Performing Test COMPILER_HAS_HIDDEN_VISIBILITY
[1.324s] -- Performing Test COMPILER_HAS_HIDDEN_VISIBILITY - Success
[1.324s] -- Performing Test COMPILER_HAS_HIDDEN_INLINE_VISIBILITY
[1.400s] -- Performing Test COMPILER_HAS_HIDDEN_INLINE_VISIBILITY - Success
[1.400s] -- Performing Test COMPILER_HAS_DEPRECATED_ATTR
[1.480s] -- Performing Test COMPILER_HAS_DEPRECATED_ATTR - Success
[1.507s] -- Found ament_lint_auto: 0.12.14 (/opt/ros/humble/share/ament_lint_auto/cmake)
[1.520s] -- Added test 'cppcheck' to perform static code analysis on C / C++ code
[1.520s] -- Configured cppcheck include dirs: /home/minis/ws_moveit2/src/moveit2/moveit_ros/warehouse/include
[1.520s] -- Configured cppcheck exclude dirs and/or files: 
[1.521s] -- Added test 'lint_cmake' to check CMake code style
[1.521s] -- Added test 'pep257' to check Python code against some of the docstring style conventions in PEP 257
[1.522s] -- Added test 'xmllint' to check XML markup files
[1.523s] -- Configuring done
[1.640s] -- Generating done
[1.724s] -- Build files have been written to: /home/minis/ws_moveit2/build/moveit_ros_warehouse
[1.772s] Invoked command in '/home/minis/ws_moveit2/build/moveit_ros_warehouse' returned '0': AMENT_PREFIX_PATH=/home/minis/ws_moveit2/install/moveit_ros_planning:/home/minis/ws_moveit2/install/moveit_ros_occupancy_map_monitor:/home/minis/ws_moveit2/install/moveit_core:/home/minis/ws_moveit2/install/moveit_resources_panda_moveit_config:/home/minis/ws_moveit2/install/moveit_configs_utils:/home/minis/ws_moveit2/install/srdfdom:/home/minis/ws_moveit2/install/moveit_resources_pr2_description:/home/minis/ws_moveit2/install/moveit_resources_panda_description:/home/minis/ws_moveit2/install/moveit_common:/home/minis/ws_moveit2/install/launch_param_builder:${AMENT_PREFIX_PATH} CMAKE_PREFIX_PATH=/home/minis/ws_moveit2/install/moveit_ros_planning:/home/minis/ws_moveit2/install/moveit_ros_occupancy_map_monitor:/home/minis/ws_moveit2/install/moveit_core:/home/minis/ws_moveit2/install/moveit_resources_panda_moveit_config:/home/minis/ws_moveit2/install/srdfdom:/home/minis/ws_moveit2/install/moveit_resources_pr2_description:/home/minis/ws_moveit2/install/moveit_resources_panda_description:/home/minis/ws_moveit2/install/moveit_common:/opt/ros/humble LD_LIBRARY_PATH=/home/minis/ws_moveit2/install/moveit_ros_planning/lib:/home/minis/ws_moveit2/install/moveit_ros_occupancy_map_monitor/lib:/home/minis/ws_moveit2/install/moveit_core/lib:/home/minis/ws_moveit2/install/srdfdom/lib:${LD_LIBRARY_PATH} PATH=/home/minis/ws_moveit2/install/moveit_core/bin:${PATH} PYTHONPATH=/home/minis/ws_moveit2/install/moveit_configs_utils/lib/python3.10/site-packages:/home/minis/ws_moveit2/install/srdfdom/local/lib/python3.10/dist-packages:/home/minis/ws_moveit2/install/launch_param_builder/lib/python3.10/site-packages:${PYTHONPATH} /usr/bin/cmake /home/minis/ws_moveit2/src/moveit2/moveit_ros/warehouse -DCMAKE_BUILD_TYPE=Release -DCMAKE_INSTALL_PREFIX=/home/minis/ws_moveit2/install/moveit_ros_warehouse
[1.773s] Invoking command in '/home/minis/ws_moveit2/build/moveit_ros_warehouse': AMENT_PREFIX_PATH=/home/minis/ws_moveit2/install/moveit_ros_planning:/home/minis/ws_moveit2/install/moveit_ros_occupancy_map_monitor:/home/minis/ws_moveit2/install/moveit_core:/home/minis/ws_moveit2/install/moveit_resources_panda_moveit_config:/home/minis/ws_moveit2/install/moveit_configs_utils:/home/minis/ws_moveit2/install/srdfdom:/home/minis/ws_moveit2/install/moveit_resources_pr2_description:/home/minis/ws_moveit2/install/moveit_resources_panda_description:/home/minis/ws_moveit2/install/moveit_common:/home/minis/ws_moveit2/install/launch_param_builder:${AMENT_PREFIX_PATH} CMAKE_PREFIX_PATH=/home/minis/ws_moveit2/install/moveit_ros_planning:/home/minis/ws_moveit2/install/moveit_ros_occupancy_map_monitor:/home/minis/ws_moveit2/install/moveit_core:/home/minis/ws_moveit2/install/moveit_resources_panda_moveit_config:/home/minis/ws_moveit2/install/srdfdom:/home/minis/ws_moveit2/install/moveit_resources_pr2_description:/home/minis/ws_moveit2/install/moveit_resources_panda_description:/home/minis/ws_moveit2/install/moveit_common:/opt/ros/humble LD_LIBRARY_PATH=/home/minis/ws_moveit2/install/moveit_ros_planning/lib:/home/minis/ws_moveit2/install/moveit_ros_occupancy_map_monitor/lib:/home/minis/ws_moveit2/install/moveit_core/lib:/home/minis/ws_moveit2/install/srdfdom/lib:${LD_LIBRARY_PATH} PATH=/home/minis/ws_moveit2/install/moveit_core/bin:${PATH} PYTHONPATH=/home/minis/ws_moveit2/install/moveit_configs_utils/lib/python3.10/site-packages:/home/minis/ws_moveit2/install/srdfdom/local/lib/python3.10/dist-packages:/home/minis/ws_moveit2/install/launch_param_builder/lib/python3.10/site-packages:${PYTHONPATH} /usr/bin/cmake --build /home/minis/ws_moveit2/build/moveit_ros_warehouse -- -j16 -l16
[1.880s] [  5%] [32mBuilding CXX object CMakeFiles/moveit_warehouse.dir/src/moveit_message_storage.cpp.o[0m
[1.880s] [ 10%] [32mBuilding CXX object CMakeFiles/moveit_warehouse.dir/src/state_storage.cpp.o[0m
[1.881s] [ 20%] [32mBuilding CXX object CMakeFiles/moveit_warehouse.dir/src/planning_scene_storage.cpp.o[0m
[1.881s] [ 25%] [32mBuilding CXX object CMakeFiles/moveit_warehouse.dir/src/constraints_storage.cpp.o[0m
[1.881s] [ 30%] [32mBuilding CXX object CMakeFiles/moveit_warehouse.dir/src/trajectory_constraints_storage.cpp.o[0m
[1.882s] [ 30%] [32mBuilding CXX object CMakeFiles/moveit_warehouse.dir/src/planning_scene_world_storage.cpp.o[0m
[1.893s] [ 35%] [32mBuilding CXX object CMakeFiles/moveit_warehouse.dir/src/warehouse_connector.cpp.o[0m
[24.585s] [ 40%] [32m[1mLinking CXX shared library libmoveit_warehouse.so[0m
[25.849s] [ 40%] Built target moveit_warehouse
[25.902s] [ 45%] [32mBuilding CXX object CMakeFiles/moveit_warehouse_broadcast.dir/src/broadcast.cpp.o[0m
[36.807s] [ 50%] [32m[1mLinking CXX executable moveit_warehouse_broadcast[0m
[36.995s] [ 50%] Built target moveit_warehouse_broadcast
[37.012s] [ 55%] [32mBuilding CXX object CMakeFiles/moveit_warehouse_services.dir/src/warehouse_services.cpp.o[0m
[42.958s] [ 60%] [32m[1mLinking CXX executable moveit_warehouse_services[0m
[43.138s] [ 60%] Built target moveit_warehouse_services
[43.155s] [ 75%] [32mBuilding CXX object CMakeFiles/moveit_warehouse_import_from_text.dir/src/import_from_text.cpp.o[0m
[43.155s] [ 75%] [32mBuilding CXX object CMakeFiles/moveit_warehouse_save_as_text.dir/src/save_as_text.cpp.o[0m
[43.155s] [ 75%] [32mBuilding CXX object CMakeFiles/moveit_init_demo_warehouse.dir/src/initialize_demo_db.cpp.o[0m
[43.156s] [ 80%] [32mBuilding CXX object CMakeFiles/moveit_save_to_warehouse.dir/src/save_to_warehouse.cpp.o[0m
[52.238s] [ 85%] [32m[1mLinking CXX executable moveit_init_demo_warehouse[0m
[52.571s] [ 85%] Built target moveit_init_demo_warehouse
[52.990s] [ 90%] [32m[1mLinking CXX executable moveit_warehouse_save_as_text[0m
[53.433s] [ 90%] Built target moveit_warehouse_save_as_text
[54.189s] [ 95%] [32m[1mLinking CXX executable moveit_warehouse_import_from_text[0m
[54.657s] [ 95%] Built target moveit_warehouse_import_from_text
[65.617s] [100%] [32m[1mLinking CXX executable moveit_save_to_warehouse[0m
[66.159s] [100%] Built target moveit_save_to_warehouse
[66.171s] Invoked command in '/home/minis/ws_moveit2/build/moveit_ros_warehouse' returned '0': AMENT_PREFIX_PATH=/home/minis/ws_moveit2/install/moveit_ros_planning:/home/minis/ws_moveit2/install/moveit_ros_occupancy_map_monitor:/home/minis/ws_moveit2/install/moveit_core:/home/minis/ws_moveit2/install/moveit_resources_panda_moveit_config:/home/minis/ws_moveit2/install/moveit_configs_utils:/home/minis/ws_moveit2/install/srdfdom:/home/minis/ws_moveit2/install/moveit_resources_pr2_description:/home/minis/ws_moveit2/install/moveit_resources_panda_description:/home/minis/ws_moveit2/install/moveit_common:/home/minis/ws_moveit2/install/launch_param_builder:${AMENT_PREFIX_PATH} CMAKE_PREFIX_PATH=/home/minis/ws_moveit2/install/moveit_ros_planning:/home/minis/ws_moveit2/install/moveit_ros_occupancy_map_monitor:/home/minis/ws_moveit2/install/moveit_core:/home/minis/ws_moveit2/install/moveit_resources_panda_moveit_config:/home/minis/ws_moveit2/install/srdfdom:/home/minis/ws_moveit2/install/moveit_resources_pr2_description:/home/minis/ws_moveit2/install/moveit_resources_panda_description:/home/minis/ws_moveit2/install/moveit_common:/opt/ros/humble LD_LIBRARY_PATH=/home/minis/ws_moveit2/install/moveit_ros_planning/lib:/home/minis/ws_moveit2/install/moveit_ros_occupancy_map_monitor/lib:/home/minis/ws_moveit2/install/moveit_core/lib:/home/minis/ws_moveit2/install/srdfdom/lib:${LD_LIBRARY_PATH} PATH=/home/minis/ws_moveit2/install/moveit_core/bin:${PATH} PYTHONPATH=/home/minis/ws_moveit2/install/moveit_configs_utils/lib/python3.10/site-packages:/home/minis/ws_moveit2/install/srdfdom/local/lib/python3.10/dist-packages:/home/minis/ws_moveit2/install/launch_param_builder/lib/python3.10/site-packages:${PYTHONPATH} /usr/bin/cmake --build /home/minis/ws_moveit2/build/moveit_ros_warehouse -- -j16 -l16
[66.173s] Invoking command in '/home/minis/ws_moveit2/build/moveit_ros_warehouse': AMENT_PREFIX_PATH=/home/minis/ws_moveit2/install/moveit_ros_planning:/home/minis/ws_moveit2/install/moveit_ros_occupancy_map_monitor:/home/minis/ws_moveit2/install/moveit_core:/home/minis/ws_moveit2/install/moveit_resources_panda_moveit_config:/home/minis/ws_moveit2/install/moveit_configs_utils:/home/minis/ws_moveit2/install/srdfdom:/home/minis/ws_moveit2/install/moveit_resources_pr2_description:/home/minis/ws_moveit2/install/moveit_resources_panda_description:/home/minis/ws_moveit2/install/moveit_common:/home/minis/ws_moveit2/install/launch_param_builder:${AMENT_PREFIX_PATH} CMAKE_PREFIX_PATH=/home/minis/ws_moveit2/install/moveit_ros_planning:/home/minis/ws_moveit2/install/moveit_ros_occupancy_map_monitor:/home/minis/ws_moveit2/install/moveit_core:/home/minis/ws_moveit2/install/moveit_resources_panda_moveit_config:/home/minis/ws_moveit2/install/srdfdom:/home/minis/ws_moveit2/install/moveit_resources_pr2_description:/home/minis/ws_moveit2/install/moveit_resources_panda_description:/home/minis/ws_moveit2/install/moveit_common:/opt/ros/humble LD_LIBRARY_PATH=/home/minis/ws_moveit2/install/moveit_ros_planning/lib:/home/minis/ws_moveit2/install/moveit_ros_occupancy_map_monitor/lib:/home/minis/ws_moveit2/install/moveit_core/lib:/home/minis/ws_moveit2/install/srdfdom/lib:${LD_LIBRARY_PATH} PATH=/home/minis/ws_moveit2/install/moveit_core/bin:${PATH} PYTHONPATH=/home/minis/ws_moveit2/install/moveit_configs_utils/lib/python3.10/site-packages:/home/minis/ws_moveit2/install/srdfdom/local/lib/python3.10/dist-packages:/home/minis/ws_moveit2/install/launch_param_builder/lib/python3.10/site-packages:${PYTHONPATH} /usr/bin/cmake --install /home/minis/ws_moveit2/build/moveit_ros_warehouse
[66.182s] -- Install configuration: "Release"
[66.183s] -- Installing: /home/minis/ws_moveit2/install/moveit_ros_warehouse/lib/moveit_ros_warehouse/moveit_save_to_warehouse
[66.185s] -- Set runtime path of "/home/minis/ws_moveit2/install/moveit_ros_warehouse/lib/moveit_ros_warehouse/moveit_save_to_warehouse" to ""
[66.185s] -- Installing: /home/minis/ws_moveit2/install/moveit_ros_warehouse/lib/moveit_ros_warehouse/moveit_warehouse_broadcast
[66.186s] -- Set runtime path of "/home/minis/ws_moveit2/install/moveit_ros_warehouse/lib/moveit_ros_warehouse/moveit_warehouse_broadcast" to ""
[66.186s] -- Installing: /home/minis/ws_moveit2/install/moveit_ros_warehouse/lib/moveit_ros_warehouse/moveit_warehouse_import_from_text
[66.186s] -- Set runtime path of "/home/minis/ws_moveit2/install/moveit_ros_warehouse/lib/moveit_ros_warehouse/moveit_warehouse_import_from_text" to ""
[66.186s] -- Installing: /home/minis/ws_moveit2/install/moveit_ros_warehouse/lib/moveit_ros_warehouse/moveit_warehouse_save_as_text
[66.187s] -- Set runtime path of "/home/minis/ws_moveit2/install/moveit_ros_warehouse/lib/moveit_ros_warehouse/moveit_warehouse_save_as_text" to ""
[66.187s] -- Installing: /home/minis/ws_moveit2/install/moveit_ros_warehouse/lib/moveit_ros_warehouse/moveit_init_demo_warehouse
[66.187s] -- Set runtime path of "/home/minis/ws_moveit2/install/moveit_ros_warehouse/lib/moveit_ros_warehouse/moveit_init_demo_warehouse" to ""
[66.187s] -- Installing: /home/minis/ws_moveit2/install/moveit_ros_warehouse/lib/moveit_ros_warehouse/moveit_warehouse_services
[66.188s] -- Set runtime path of "/home/minis/ws_moveit2/install/moveit_ros_warehouse/lib/moveit_ros_warehouse/moveit_warehouse_services" to ""
[66.188s] -- Installing: /home/minis/ws_moveit2/install/moveit_ros_warehouse/include
[66.188s] -- Installing: /home/minis/ws_moveit2/install/moveit_ros_warehouse/include/moveit
[66.188s] -- Installing: /home/minis/ws_moveit2/install/moveit_ros_warehouse/include/moveit/warehouse
[66.188s] -- Installing: /home/minis/ws_moveit2/install/moveit_ros_warehouse/include/moveit/warehouse/warehouse_connector.h
[66.189s] -- Installing: /home/minis/ws_moveit2/install/moveit_ros_warehouse/include/moveit/warehouse/planning_scene_world_storage.h
[66.189s] -- Installing: /home/minis/ws_moveit2/install/moveit_ros_warehouse/include/moveit/warehouse/state_storage.h
[66.189s] -- Installing: /home/minis/ws_moveit2/install/moveit_ros_warehouse/include/moveit/warehouse/trajectory_constraints_storage.h
[66.189s] -- Installing: /home/minis/ws_moveit2/install/moveit_ros_warehouse/include/moveit/warehouse/planning_scene_storage.h
[66.190s] -- Installing: /home/minis/ws_moveit2/install/moveit_ros_warehouse/include/moveit/warehouse/moveit_message_storage.h
[66.190s] -- Installing: /home/minis/ws_moveit2/install/moveit_ros_warehouse/include/moveit/warehouse/constraints_storage.h
[66.190s] -- Installing: /home/minis/ws_moveit2/install/moveit_ros_warehouse/include/moveit_warehouse_export.h
[66.190s] -- Installing: /home/minis/ws_moveit2/install/moveit_ros_warehouse/lib/libmoveit_warehouse.so.2.5.9
[66.191s] -- Set runtime path of "/home/minis/ws_moveit2/install/moveit_ros_warehouse/lib/libmoveit_warehouse.so.2.5.9" to ""
[66.191s] -- Installing: /home/minis/ws_moveit2/install/moveit_ros_warehouse/lib/libmoveit_warehouse.so
[66.192s] -- Installing: /home/minis/ws_moveit2/install/moveit_ros_warehouse/share/moveit_ros_warehouse/environment/library_path.sh
[66.192s] -- Installing: /home/minis/ws_moveit2/install/moveit_ros_warehouse/share/moveit_ros_warehouse/environment/library_path.dsv
[66.192s] -- Installing: /home/minis/ws_moveit2/install/moveit_ros_warehouse/share/ament_index/resource_index/package_run_dependencies/moveit_ros_warehouse
[66.192s] -- Installing: /home/minis/ws_moveit2/install/moveit_ros_warehouse/share/ament_index/resource_index/parent_prefix_path/moveit_ros_warehouse
[66.192s] -- Installing: /home/minis/ws_moveit2/install/moveit_ros_warehouse/share/moveit_ros_warehouse/environment/ament_prefix_path.sh
[66.192s] -- Installing: /home/minis/ws_moveit2/install/moveit_ros_warehouse/share/moveit_ros_warehouse/environment/ament_prefix_path.dsv
[66.192s] -- Installing: /home/minis/ws_moveit2/install/moveit_ros_warehouse/share/moveit_ros_warehouse/environment/path.sh
[66.193s] -- Installing: /home/minis/ws_moveit2/install/moveit_ros_warehouse/share/moveit_ros_warehouse/environment/path.dsv
[66.193s] -- Installing: /home/minis/ws_moveit2/install/moveit_ros_warehouse/share/moveit_ros_warehouse/local_setup.bash
[66.193s] -- Installing: /home/minis/ws_moveit2/install/moveit_ros_warehouse/share/moveit_ros_warehouse/local_setup.sh
[66.193s] -- Installing: /home/minis/ws_moveit2/install/moveit_ros_warehouse/share/moveit_ros_warehouse/local_setup.zsh
[66.193s] -- Installing: /home/minis/ws_moveit2/install/moveit_ros_warehouse/share/moveit_ros_warehouse/local_setup.dsv
[66.193s] -- Installing: /home/minis/ws_moveit2/install/moveit_ros_warehouse/share/moveit_ros_warehouse/package.dsv
[66.193s] -- Installing: /home/minis/ws_moveit2/install/moveit_ros_warehouse/share/ament_index/resource_index/packages/moveit_ros_warehouse
[66.194s] -- Installing: /home/minis/ws_moveit2/install/moveit_ros_warehouse/share/moveit_ros_warehouse/cmake/export_moveit_ros_warehouseExport.cmake
[66.194s] -- Installing: /home/minis/ws_moveit2/install/moveit_ros_warehouse/share/moveit_ros_warehouse/cmake/export_moveit_ros_warehouseExport-release.cmake
[66.194s] -- Installing: /home/minis/ws_moveit2/install/moveit_ros_warehouse/share/moveit_ros_warehouse/cmake/ConfigExtras.cmake
[66.194s] -- Installing: /home/minis/ws_moveit2/install/moveit_ros_warehouse/share/moveit_ros_warehouse/cmake/ament_cmake_export_targets-extras.cmake
[66.194s] -- Installing: /home/minis/ws_moveit2/install/moveit_ros_warehouse/share/moveit_ros_warehouse/cmake/ament_cmake_export_dependencies-extras.cmake
[66.194s] -- Installing: /home/minis/ws_moveit2/install/moveit_ros_warehouse/share/moveit_ros_warehouse/cmake/moveit_ros_warehouseConfig.cmake
[66.195s] -- Installing: /home/minis/ws_moveit2/install/moveit_ros_warehouse/share/moveit_ros_warehouse/cmake/moveit_ros_warehouseConfig-version.cmake
[66.195s] -- Installing: /home/minis/ws_moveit2/install/moveit_ros_warehouse/share/moveit_ros_warehouse/package.xml
[66.198s] Invoked command in '/home/minis/ws_moveit2/build/moveit_ros_warehouse' returned '0': AMENT_PREFIX_PATH=/home/minis/ws_moveit2/install/moveit_ros_planning:/home/minis/ws_moveit2/install/moveit_ros_occupancy_map_monitor:/home/minis/ws_moveit2/install/moveit_core:/home/minis/ws_moveit2/install/moveit_resources_panda_moveit_config:/home/minis/ws_moveit2/install/moveit_configs_utils:/home/minis/ws_moveit2/install/srdfdom:/home/minis/ws_moveit2/install/moveit_resources_pr2_description:/home/minis/ws_moveit2/install/moveit_resources_panda_description:/home/minis/ws_moveit2/install/moveit_common:/home/minis/ws_moveit2/install/launch_param_builder:${AMENT_PREFIX_PATH} CMAKE_PREFIX_PATH=/home/minis/ws_moveit2/install/moveit_ros_planning:/home/minis/ws_moveit2/install/moveit_ros_occupancy_map_monitor:/home/minis/ws_moveit2/install/moveit_core:/home/minis/ws_moveit2/install/moveit_resources_panda_moveit_config:/home/minis/ws_moveit2/install/srdfdom:/home/minis/ws_moveit2/install/moveit_resources_pr2_description:/home/minis/ws_moveit2/install/moveit_resources_panda_description:/home/minis/ws_moveit2/install/moveit_common:/opt/ros/humble LD_LIBRARY_PATH=/home/minis/ws_moveit2/install/moveit_ros_planning/lib:/home/minis/ws_moveit2/install/moveit_ros_occupancy_map_monitor/lib:/home/minis/ws_moveit2/install/moveit_core/lib:/home/minis/ws_moveit2/install/srdfdom/lib:${LD_LIBRARY_PATH} PATH=/home/minis/ws_moveit2/install/moveit_core/bin:${PATH} PYTHONPATH=/home/minis/ws_moveit2/install/moveit_configs_utils/lib/python3.10/site-packages:/home/minis/ws_moveit2/install/srdfdom/local/lib/python3.10/dist-packages:/home/minis/ws_moveit2/install/launch_param_builder/lib/python3.10/site-packages:${PYTHONPATH} /usr/bin/cmake --install /home/minis/ws_moveit2/build/moveit_ros_warehouse
