[0.017s] Invoking command in '/home/minis/ws_moveit2/build/moveit_common': /usr/bin/cmake --build /home/minis/ws_moveit2/build/moveit_common -- -j16 -l16
[0.154s] Invoked command in '/home/minis/ws_moveit2/build/moveit_common' returned '0': /usr/bin/cmake --build /home/minis/ws_moveit2/build/moveit_common -- -j16 -l16
[0.155s] Invoking command in '/home/minis/ws_moveit2/build/moveit_common': /usr/bin/cmake --install /home/minis/ws_moveit2/build/moveit_common
[0.161s] -- Install configuration: "Release"
[0.162s] -- Up-to-date: /home/minis/ws_moveit2/install/moveit_common/share/ament_index/resource_index/package_run_dependencies/moveit_common
[0.162s] -- Up-to-date: /home/minis/ws_moveit2/install/moveit_common/share/ament_index/resource_index/parent_prefix_path/moveit_common
[0.162s] -- Up-to-date: /home/minis/ws_moveit2/install/moveit_common/share/moveit_common/environment/ament_prefix_path.sh
[0.162s] -- Up-to-date: /home/minis/ws_moveit2/install/moveit_common/share/moveit_common/environment/ament_prefix_path.dsv
[0.162s] -- Up-to-date: /home/minis/ws_moveit2/install/moveit_common/share/moveit_common/environment/path.sh
[0.162s] -- Up-to-date: /home/minis/ws_moveit2/install/moveit_common/share/moveit_common/environment/path.dsv
[0.162s] -- Up-to-date: /home/minis/ws_moveit2/install/moveit_common/share/moveit_common/local_setup.bash
[0.162s] -- Up-to-date: /home/minis/ws_moveit2/install/moveit_common/share/moveit_common/local_setup.sh
[0.162s] -- Up-to-date: /home/minis/ws_moveit2/install/moveit_common/share/moveit_common/local_setup.zsh
[0.162s] -- Up-to-date: /home/minis/ws_moveit2/install/moveit_common/share/moveit_common/local_setup.dsv
[0.162s] -- Up-to-date: /home/minis/ws_moveit2/install/moveit_common/share/moveit_common/package.dsv
[0.162s] -- Up-to-date: /home/minis/ws_moveit2/install/moveit_common/share/ament_index/resource_index/packages/moveit_common
[0.162s] -- Up-to-date: /home/minis/ws_moveit2/install/moveit_common/share/moveit_common/cmake/moveit_common-extras.cmake
[0.162s] -- Up-to-date: /home/minis/ws_moveit2/install/moveit_common/share/moveit_common/cmake/moveit_commonConfig.cmake
[0.162s] -- Up-to-date: /home/minis/ws_moveit2/install/moveit_common/share/moveit_common/cmake/moveit_commonConfig-version.cmake
[0.162s] -- Up-to-date: /home/minis/ws_moveit2/install/moveit_common/share/moveit_common/package.xml
[0.162s] -- Up-to-date: /home/minis/ws_moveit2/install/moveit_common/share/moveit_common/cmake
[0.162s] -- Up-to-date: /home/minis/ws_moveit2/install/moveit_common/share/moveit_common/cmake/moveit_package.cmake
[0.189s] Invoked command in '/home/minis/ws_moveit2/build/moveit_common' returned '0': /usr/bin/cmake --install /home/minis/ws_moveit2/build/moveit_common
