[0.016s] Invoking command in '/home/minis/ws_moveit2/build/moveit_core': CMAKE_PREFIX_PATH=/home/minis/ws_moveit2/install/moveit_resources_panda_moveit_config:/home/minis/ws_moveit2/install/srdfdom:/home/minis/ws_moveit2/install/moveit_resources_pr2_description:/home/minis/ws_moveit2/install/moveit_resources_panda_description:/home/minis/ws_moveit2/install/moveit_common:/home/minis/ws_moveit2/install/pilz_industrial_motion_planner_testutils:/home/minis/ws_moveit2/install/panda_moveit_config:/home/minis/ws_moveit2/install/panda_moveit:/home/minis/ws_moveit2/install/moveit_runtime:/home/minis/ws_moveit2/install/moveit2_tutorials:/home/minis/ws_moveit2/install/moveit:/home/minis/ws_moveit2/install/moveit_planners:/home/minis/ws_moveit2/install/pilz_industrial_motion_planner:/home/minis/ws_moveit2/install/moveit_visual_tools:/home/minis/ws_moveit2/install/moveit_task_constructor_visualization:/home/minis/ws_moveit2/install/moveit_task_constructor_demo:/home/minis/ws_moveit2/install/moveit_task_constructor_capabilities:/home/minis/ws_moveit2/install/moveit_task_constructor_core:/home/minis/ws_moveit2/install/moveit_ros_control_interface:/home/minis/ws_moveit2/install/moveit_plugins:/home/minis/ws_moveit2/install/moveit_simple_controller_manager:/home/minis/ws_moveit2/install/moveit_setup_assistant:/home/minis/ws_moveit2/install/moveit_setup_srdf_plugins:/home/minis/ws_moveit2/install/moveit_setup_core_plugins:/home/minis/ws_moveit2/install/moveit_setup_controllers:/home/minis/ws_moveit2/install/moveit_setup_app_plugins:/home/minis/ws_moveit2/install/moveit_setup_framework:/home/minis/ws_moveit2/install/moveit_servo:/home/minis/ws_moveit2/install/moveit_ros:/home/minis/ws_moveit2/install/moveit_ros_visualization:/home/minis/ws_moveit2/install/moveit_py:/home/minis/ws_moveit2/install/moveit_hybrid_planning:/home/minis/ws_moveit2/install/moveit_ros_planning_interface:/home/minis/ws_moveit2/install/moveit_ros_benchmarks:/home/minis/ws_moveit2/install/moveit_ros_warehouse:/home/minis/ws_moveit2/install/moveit_ros_robot_interaction:/home/minis/ws_moveit2/install/moveit_ros_perception:/home/minis/ws_moveit2/install/moveit_resources_prbt_pg70_support:/home/minis/ws_moveit2/install/moveit_resources_prbt_moveit_config:/home/minis/ws_moveit2/install/moveit_ros_move_group:/home/minis/ws_moveit2/install/moveit_planners_ompl:/home/minis/ws_moveit2/install/moveit_ros_planning:/home/minis/ws_moveit2/install/moveit_ros_occupancy_map_monitor:/home/minis/ws_moveit2/install/moveit_resources_prbt_ikfast_manipulator_plugin:/home/minis/ws_moveit2/install/moveit_planners_chomp:/home/minis/ws_moveit2/install/moveit_kinematics:/home/minis/ws_moveit2/install/moveit_chomp_optimizer_adapter:/home/minis/ws_moveit2/install/chomp_motion_planner:/home/minis/ws_moveit2/install/moveit_core:/home/minis/ws_moveit2/install/rviz_marker_tools:/home/minis/ws_moveit2/install/rosparam_shortcuts:/home/minis/ws_moveit2/install/panda_gazebo:/home/minis/ws_moveit2/install/panda_description:/home/minis/ws_moveit2/install/moveit_task_constructor_msgs:/home/minis/ws_moveit2/install/moveit_resources_prbt_support:/home/minis/ws_moveit2/install/moveit_resources:/home/minis/ws_moveit2/install/moveit_resources_fanuc_moveit_config:/home/minis/ws_moveit2/install/moveit_resources_fanuc_description:/home/minis/panda_humble/install/panda_moveit:/home/minis/panda_humble/install/panda_gazebo:/home/minis/panda_humble/install/panda_description:/home/minis/ws_moveit2/install/panda_commander:/home/minis/ws_moveit2/install/moveit_configs_utils:/home/minis/ws_moveit2/install/launch_param_builder:/opt/ros/humble LD_LIBRARY_PATH=/home/minis/ws_moveit2/install/srdfdom/lib:/home/minis/ws_moveit2/install/pilz_industrial_motion_planner_testutils/lib:/home/minis/ws_moveit2/install/pilz_industrial_motion_planner/lib:/home/minis/ws_moveit2/install/moveit_visual_tools/lib:/home/minis/ws_moveit2/install/moveit_task_constructor_visualization/lib:/home/minis/ws_moveit2/install/moveit_task_constructor_demo/lib:/home/minis/ws_moveit2/install/moveit_task_constructor_capabilities/lib:/home/minis/ws_moveit2/install/moveit_task_constructor_core/lib:/home/minis/ws_moveit2/install/moveit_ros_control_interface/lib:/home/minis/ws_moveit2/install/moveit_simple_controller_manager/lib:/home/minis/ws_moveit2/install/moveit_setup_assistant/lib:/home/minis/ws_moveit2/install/moveit_setup_srdf_plugins/lib:/home/minis/ws_moveit2/install/moveit_setup_core_plugins/lib:/home/minis/ws_moveit2/install/moveit_setup_controllers/lib:/home/minis/ws_moveit2/install/moveit_setup_app_plugins/lib:/home/minis/ws_moveit2/install/moveit_setup_framework/lib:/home/minis/ws_moveit2/install/moveit_servo/lib:/home/minis/ws_moveit2/install/moveit_ros_visualization/lib:/home/minis/ws_moveit2/install/moveit_py/lib:/home/minis/ws_moveit2/install/moveit_hybrid_planning/lib:/home/minis/ws_moveit2/install/moveit_ros_planning_interface/lib:/home/minis/ws_moveit2/install/moveit_ros_benchmarks/lib:/home/minis/ws_moveit2/install/moveit_ros_warehouse/lib:/home/minis/ws_moveit2/install/moveit_ros_robot_interaction/lib:/home/minis/ws_moveit2/install/moveit_ros_perception/lib:/home/minis/ws_moveit2/install/moveit_ros_move_group/lib:/home/minis/ws_moveit2/install/moveit_planners_ompl/lib:/home/minis/ws_moveit2/install/moveit_ros_planning/lib:/home/minis/ws_moveit2/install/moveit_ros_occupancy_map_monitor/lib:/home/minis/ws_moveit2/install/moveit_resources_prbt_ikfast_manipulator_plugin/lib:/home/minis/ws_moveit2/install/moveit_planners_chomp/lib:/home/minis/ws_moveit2/install/moveit_kinematics/lib:/home/minis/ws_moveit2/install/moveit_chomp_optimizer_adapter/lib:/home/minis/ws_moveit2/install/chomp_motion_planner/lib:/home/minis/ws_moveit2/install/moveit_core/lib:/home/minis/ws_moveit2/install/rviz_marker_tools/lib:/home/minis/ws_moveit2/install/rosparam_shortcuts/lib:/home/minis/ws_moveit2/install/moveit_task_constructor_msgs/lib:/usr/lib/x86_64-linux-gnu/gazebo-11/plugins:/opt/ros/humble/opt/rviz_ogre_vendor/lib:/opt/ros/humble/lib/x86_64-linux-gnu:/opt/ros/humble/lib /usr/bin/cmake --build /home/minis/ws_moveit2/build/moveit_core -- -j16 -l16
[0.090s] [  3%] Built target moveit_utils
[0.090s] [  7%] Built target moveit_transforms
[0.090s] [  7%] Built target moveit_smoothing_base
[0.090s] [  7%] Built target gtest
[0.090s] [  7%] Built target gtest_main
[0.090s] [  9%] Built target moveit_kinematics_base
[0.091s] [  9%] Built target moveit_exceptions
[0.091s] [ 14%] Built target moveit_butterworth_parameters
[0.091s] [ 14%] Built target gmock
[0.092s] [ 14%] Built target gmock_main
[0.094s] [ 15%] Built target moveit_version
[0.102s] [ 18%] Built target moveit_distance_field
[0.116s] [ 19%] Built target test_transforms
[0.127s] [ 25%] Built target moveit_robot_model
[0.130s] [ 26%] Built target test_voxel_grid
[0.131s] [ 27%] Built target test_distance_field
[0.158s] [ 29%] Built target moveit_butterworth_filter
[0.158s] [ 30%] Built target moveit_test_utils
[0.162s] [ 33%] Built target moveit_robot_state
[0.199s] [ 35%] Built target test_butterworth_filter
[0.199s] [ 35%] Built target test_robot_model
[0.200s] [ 36%] Built target moveit_kinematics_metrics
[0.201s] [ 37%] Built target moveit_robot_trajectory
[0.203s] [ 38%] Built target test_robot_state_complex
[0.203s] [ 40%] Built target test_cartesian_interpolator
[0.203s] [ 41%] Built target test_robot_state
[0.203s] [ 42%] Built target test_aabb
[0.206s] [ 44%] Built target test_robot_state_benchmark
[0.206s] [ 44%] Built target moveit_dynamics_solver
[0.215s] [ 49%] Built target moveit_collision_detection
[0.233s] [ 50%] Built target test_robot_trajectory
[0.234s] [ 52%] Built target moveit_planning_interface
[0.241s] [ 55%] Built target moveit_trajectory_processing
[0.248s] [ 58%] Built target test_world_diff
[0.248s] [ 58%] Built target test_world
[0.251s] [ 59%] Built target test_all_valid
[0.255s] [ 61%] Built target moveit_collision_detection_fcl
[0.265s] [ 66%] Built target moveit_collision_detection_bullet
[0.272s] [ 67%] Built target test_time_parameterization
[0.273s] [ 69%] Built target test_time_optimal_trajectory_generation
[0.274s] [ 70%] Built target test_ruckig_traj_smoothing
[0.291s] [ 74%] Built target test_fcl_collision_env
[0.292s] [ 74%] Built target test_fcl_collision_detection
[0.292s] [ 75%] Built target test_fcl_collision_detection_panda
[0.292s] [ 76%] Built target moveit_kinematic_constraints
[0.299s] [ 77%] Built target test_bullet_collision_detection
[0.299s] [ 80%] Built target test_bullet_collision_detection_panda
[0.300s] [ 80%] Built target test_bullet_continuous_collision_checking
[0.324s] [ 82%] Built target test_orientation_constraints
[0.324s] [ 82%] Built target test_constraints
[0.327s] [ 84%] Built target moveit_planning_scene
[0.359s] [ 87%] Built target moveit_planning_request_adapter
[0.359s] [ 87%] Built target test_collision_objects
[0.359s] [ 87%] Built target collision_detector_fcl_plugin
[0.359s] [ 88%] Built target test_multi_threaded
[0.360s] [ 89%] Built target test_planning_scene
[0.360s] [ 90%] Built target collision_detector_bullet_plugin
[0.360s] [ 93%] Built target moveit_constraint_samplers
[0.364s] [ 96%] Built target moveit_collision_distance_field
[0.399s] [ 99%] Built target test_collision_distance_field
[0.399s] [100%] Built target test_constraint_samplers
