[0.017s] Invoking command in '/home/minis/ws_moveit2/build/panda_gazebo': CMAKE_PREFIX_PATH=${CMAKE_PREFIX_PATH}:/opt/ros/humble:/home/minis/ws_moveit2/install/moveit_configs_utils:/home/minis/ws_moveit2/install/panda_commander:/home/minis/ws_moveit2/install/launch_param_builder /usr/bin/cmake --build /home/minis/ws_moveit2/build/panda_gazebo -- -j16 -l16
[0.056s] Invoked command in '/home/minis/ws_moveit2/build/panda_gazebo' returned '0': CMAKE_PREFIX_PATH=${CMAKE_PREFIX_PATH}:/opt/ros/humble:/home/minis/ws_moveit2/install/moveit_configs_utils:/home/minis/ws_moveit2/install/panda_commander:/home/minis/ws_moveit2/install/launch_param_builder /usr/bin/cmake --build /home/minis/ws_moveit2/build/panda_gazebo -- -j16 -l16
[0.067s] Invoking command in '/home/minis/ws_moveit2/build/panda_gazebo': CMAKE_PREFIX_PATH=${CMAKE_PREFIX_PATH}:/opt/ros/humble:/home/minis/ws_moveit2/install/moveit_configs_utils:/home/minis/ws_moveit2/install/panda_commander:/home/minis/ws_moveit2/install/launch_param_builder /usr/bin/cmake --install /home/minis/ws_moveit2/build/panda_gazebo
[0.075s] -- Install configuration: ""
[0.075s] -- Up-to-date: /home/minis/ws_moveit2/install/panda_gazebo/share/panda_gazebo/config
[0.075s] -- Up-to-date: /home/minis/ws_moveit2/install/panda_gazebo/share/panda_gazebo/config/ros2_controllers.yaml
[0.075s] -- Up-to-date: /home/minis/ws_moveit2/install/panda_gazebo/share/panda_gazebo/include
[0.075s] -- Up-to-date: /home/minis/ws_moveit2/install/panda_gazebo/share/panda_gazebo/include/panda_gazebo
[0.075s] -- Up-to-date: /home/minis/ws_moveit2/install/panda_gazebo/share/panda_gazebo/launch
[0.075s] -- Up-to-date: /home/minis/ws_moveit2/install/panda_gazebo/share/panda_gazebo/launch/panda_gazebo.launch.py
[0.075s] -- Up-to-date: /home/minis/ws_moveit2/install/panda_gazebo/share/panda_gazebo/launch/panda_gazebo_moveit.launch.py
[0.076s] -- Up-to-date: /home/minis/ws_moveit2/install/panda_gazebo/share/panda_gazebo/src
[0.076s] -- Up-to-date: /home/minis/ws_moveit2/install/panda_gazebo/share/panda_gazebo/worlds
[0.076s] -- Up-to-date: /home/minis/ws_moveit2/install/panda_gazebo/share/panda_gazebo/worlds/arm_on_the_table.world
[0.076s] -- Up-to-date: /home/minis/ws_moveit2/install/panda_gazebo/share/panda_gazebo/worlds/pnp_table.world
[0.076s] -- Up-to-date: /home/minis/ws_moveit2/install/panda_gazebo/share/panda_gazebo/worlds/test_world.world
[0.076s] -- Up-to-date: /home/minis/ws_moveit2/install/panda_gazebo/share/panda_gazebo/worlds/arm_on_the_table.sdf
[0.076s] -- Up-to-date: /home/minis/ws_moveit2/install/panda_gazebo/share/panda_gazebo/worlds/on_the_table.world
[0.076s] -- Up-to-date: /home/minis/ws_moveit2/install/panda_gazebo/share/panda_gazebo/worlds/sun
[0.076s] -- Up-to-date: /home/minis/ws_moveit2/install/panda_gazebo/share/panda_gazebo/worlds/sun/model-1_2.sdf
[0.076s] -- Up-to-date: /home/minis/ws_moveit2/install/panda_gazebo/share/panda_gazebo/worlds/sun/model.config
[0.076s] -- Up-to-date: /home/minis/ws_moveit2/install/panda_gazebo/share/panda_gazebo/worlds/sun/model-1_3.sdf
[0.076s] -- Up-to-date: /home/minis/ws_moveit2/install/panda_gazebo/share/panda_gazebo/worlds/sun/model-1_4.sdf
[0.076s] -- Up-to-date: /home/minis/ws_moveit2/install/panda_gazebo/share/panda_gazebo/worlds/sun/model.sdf
[0.076s] -- Up-to-date: /home/minis/ws_moveit2/install/panda_gazebo/share/panda_gazebo/worlds/new_arm_table.world
[0.076s] -- Up-to-date: /home/minis/ws_moveit2/install/panda_gazebo/share/panda_gazebo/worlds/ground_plane
[0.076s] -- Up-to-date: /home/minis/ws_moveit2/install/panda_gazebo/share/panda_gazebo/worlds/ground_plane/model-1_2.sdf
[0.076s] -- Up-to-date: /home/minis/ws_moveit2/install/panda_gazebo/share/panda_gazebo/worlds/ground_plane/model.config
[0.076s] -- Up-to-date: /home/minis/ws_moveit2/install/panda_gazebo/share/panda_gazebo/worlds/ground_plane/model-1_3.sdf
[0.076s] -- Up-to-date: /home/minis/ws_moveit2/install/panda_gazebo/share/panda_gazebo/worlds/ground_plane/model-1_4.sdf
[0.076s] -- Up-to-date: /home/minis/ws_moveit2/install/panda_gazebo/share/panda_gazebo/worlds/ground_plane/model.sdf
[0.076s] -- Up-to-date: /home/minis/ws_moveit2/install/panda_gazebo/share/panda_gazebo/worlds/bolt
[0.076s] -- Up-to-date: /home/minis/ws_moveit2/install/panda_gazebo/share/panda_gazebo/worlds/bolt/meshes
[0.076s] -- Up-to-date: /home/minis/ws_moveit2/install/panda_gazebo/share/panda_gazebo/worlds/bolt/meshes/bolt.dae
[0.076s] -- Up-to-date: /home/minis/ws_moveit2/install/panda_gazebo/share/panda_gazebo/worlds/bolt/meshes/bolt.stl
[0.076s] -- Up-to-date: /home/minis/ws_moveit2/install/panda_gazebo/share/panda_gazebo/worlds/bolt/model.config
[0.076s] -- Up-to-date: /home/minis/ws_moveit2/install/panda_gazebo/share/panda_gazebo/worlds/bolt/materials
[0.076s] -- Up-to-date: /home/minis/ws_moveit2/install/panda_gazebo/share/panda_gazebo/worlds/bolt/model.sdf
[0.076s] -- Up-to-date: /home/minis/ws_moveit2/install/panda_gazebo/share/panda_gazebo/worlds/table
[0.076s] -- Up-to-date: /home/minis/ws_moveit2/install/panda_gazebo/share/panda_gazebo/worlds/table/model-1_2.sdf
[0.076s] -- Up-to-date: /home/minis/ws_moveit2/install/panda_gazebo/share/panda_gazebo/worlds/table/model.config
[0.077s] -- Up-to-date: /home/minis/ws_moveit2/install/panda_gazebo/share/panda_gazebo/worlds/table/model-1_3.sdf
[0.077s] -- Up-to-date: /home/minis/ws_moveit2/install/panda_gazebo/share/panda_gazebo/worlds/table/model-1_4.sdf
[0.077s] -- Up-to-date: /home/minis/ws_moveit2/install/panda_gazebo/share/panda_gazebo/worlds/table/model.sdf
[0.077s] -- Up-to-date: /home/minis/ws_moveit2/install/panda_gazebo/share/ament_index/resource_index/package_run_dependencies/panda_gazebo
[0.077s] -- Up-to-date: /home/minis/ws_moveit2/install/panda_gazebo/share/ament_index/resource_index/parent_prefix_path/panda_gazebo
[0.077s] -- Up-to-date: /home/minis/ws_moveit2/install/panda_gazebo/share/panda_gazebo/environment/ament_prefix_path.sh
[0.077s] -- Up-to-date: /home/minis/ws_moveit2/install/panda_gazebo/share/panda_gazebo/environment/ament_prefix_path.dsv
[0.077s] -- Up-to-date: /home/minis/ws_moveit2/install/panda_gazebo/share/panda_gazebo/environment/path.sh
[0.077s] -- Up-to-date: /home/minis/ws_moveit2/install/panda_gazebo/share/panda_gazebo/environment/path.dsv
[0.077s] -- Up-to-date: /home/minis/ws_moveit2/install/panda_gazebo/share/panda_gazebo/local_setup.bash
[0.077s] -- Up-to-date: /home/minis/ws_moveit2/install/panda_gazebo/share/panda_gazebo/local_setup.sh
[0.077s] -- Up-to-date: /home/minis/ws_moveit2/install/panda_gazebo/share/panda_gazebo/local_setup.zsh
[0.077s] -- Up-to-date: /home/minis/ws_moveit2/install/panda_gazebo/share/panda_gazebo/local_setup.dsv
[0.077s] -- Installing: /home/minis/ws_moveit2/install/panda_gazebo/share/panda_gazebo/package.dsv
[0.077s] -- Up-to-date: /home/minis/ws_moveit2/install/panda_gazebo/share/ament_index/resource_index/packages/panda_gazebo
[0.077s] -- Up-to-date: /home/minis/ws_moveit2/install/panda_gazebo/share/panda_gazebo/cmake/panda_gazeboConfig.cmake
[0.077s] -- Up-to-date: /home/minis/ws_moveit2/install/panda_gazebo/share/panda_gazebo/cmake/panda_gazeboConfig-version.cmake
[0.077s] -- Up-to-date: /home/minis/ws_moveit2/install/panda_gazebo/share/panda_gazebo/package.xml
[0.078s] Invoked command in '/home/minis/ws_moveit2/build/panda_gazebo' returned '0': CMAKE_PREFIX_PATH=${CMAKE_PREFIX_PATH}:/opt/ros/humble:/home/minis/ws_moveit2/install/moveit_configs_utils:/home/minis/ws_moveit2/install/panda_commander:/home/minis/ws_moveit2/install/launch_param_builder /usr/bin/cmake --install /home/minis/ws_moveit2/build/panda_gazebo
