[0.027s] Invoking command in '/home/minis/ws_moveit2/build/moveit_setup_srdf_plugins': AMENT_PREFIX_PATH=/home/minis/ws_moveit2/install/moveit_setup_framework:/home/minis/ws_moveit2/install/moveit_ros_visualization:/home/minis/ws_moveit2/install/moveit_ros_planning_interface:/home/minis/ws_moveit2/install/moveit_ros_move_group:/home/minis/ws_moveit2/install/moveit_ros_warehouse:/home/minis/ws_moveit2/install/moveit_ros_robot_interaction:/home/minis/ws_moveit2/install/moveit_planners_ompl:/home/minis/ws_moveit2/install/moveit_kinematics:/home/minis/ws_moveit2/install/moveit_ros_planning:/home/minis/ws_moveit2/install/moveit_simple_controller_manager:/home/minis/ws_moveit2/install/moveit_ros_occupancy_map_monitor:/home/minis/ws_moveit2/install/moveit_core:/home/minis/ws_moveit2/install/moveit_resources_panda_moveit_config:/home/minis/ws_moveit2/install/moveit_resources_fanuc_moveit_config:/home/minis/ws_moveit2/install/moveit_configs_utils:/home/minis/ws_moveit2/install/srdfdom:/home/minis/ws_moveit2/install/moveit_resources_pr2_description:/home/minis/ws_moveit2/install/moveit_resources_panda_description:/home/minis/ws_moveit2/install/moveit_resources_fanuc_description:/home/minis/ws_moveit2/install/moveit_common:/home/minis/ws_moveit2/install/launch_param_builder:${AMENT_PREFIX_PATH} CMAKE_PREFIX_PATH=/home/minis/ws_moveit2/install/moveit_setup_framework:/home/minis/ws_moveit2/install/moveit_ros_visualization:/home/minis/ws_moveit2/install/moveit_ros_planning_interface:/home/minis/ws_moveit2/install/moveit_ros_move_group:/home/minis/ws_moveit2/install/moveit_ros_warehouse:/home/minis/ws_moveit2/install/moveit_ros_robot_interaction:/home/minis/ws_moveit2/install/moveit_planners_ompl:/home/minis/ws_moveit2/install/moveit_kinematics:/home/minis/ws_moveit2/install/moveit_ros_planning:/home/minis/ws_moveit2/install/moveit_simple_controller_manager:/home/minis/ws_moveit2/install/moveit_ros_occupancy_map_monitor:/home/minis/ws_moveit2/install/moveit_core:/home/minis/ws_moveit2/install/moveit_resources_panda_moveit_config:/home/minis/ws_moveit2/install/moveit_resources_fanuc_moveit_config:/home/minis/ws_moveit2/install/srdfdom:/home/minis/ws_moveit2/install/moveit_resources_pr2_description:/home/minis/ws_moveit2/install/moveit_resources_panda_description:/home/minis/ws_moveit2/install/moveit_resources_fanuc_description:/home/minis/ws_moveit2/install/moveit_common:/opt/ros/humble LD_LIBRARY_PATH=/home/minis/ws_moveit2/install/moveit_setup_framework/lib:/home/minis/ws_moveit2/install/moveit_ros_visualization/lib:/home/minis/ws_moveit2/install/moveit_ros_planning_interface/lib:/home/minis/ws_moveit2/install/moveit_ros_move_group/lib:/home/minis/ws_moveit2/install/moveit_ros_warehouse/lib:/home/minis/ws_moveit2/install/moveit_ros_robot_interaction/lib:/home/minis/ws_moveit2/install/moveit_planners_ompl/lib:/home/minis/ws_moveit2/install/moveit_kinematics/lib:/home/minis/ws_moveit2/install/moveit_ros_planning/lib:/home/minis/ws_moveit2/install/moveit_simple_controller_manager/lib:/home/minis/ws_moveit2/install/moveit_ros_occupancy_map_monitor/lib:/home/minis/ws_moveit2/install/moveit_core/lib:/home/minis/ws_moveit2/install/srdfdom/lib:${LD_LIBRARY_PATH} PATH=/home/minis/ws_moveit2/install/moveit_core/bin:${PATH} PYTHONPATH=/home/minis/ws_moveit2/install/moveit_configs_utils/lib/python3.10/site-packages:/home/minis/ws_moveit2/install/srdfdom/local/lib/python3.10/dist-packages:/home/minis/ws_moveit2/install/launch_param_builder/lib/python3.10/site-packages:${PYTHONPATH} /usr/bin/cmake /home/minis/ws_moveit2/src/moveit2/moveit_setup_assistant/moveit_setup_srdf_plugins -DCMAKE_BUILD_TYPE=Release -DCMAKE_INSTALL_PREFIX=/home/minis/ws_moveit2/install/moveit_setup_srdf_plugins
[0.067s] -- The C compiler identification is GNU 11.4.0
[0.104s] -- The CXX compiler identification is GNU 11.4.0
[0.110s] -- Detecting C compiler ABI info
[0.167s] -- Detecting C compiler ABI info - done
[0.171s] -- Check for working C compiler: /usr/bin/cc - skipped
[0.171s] -- Detecting C compile features
[0.171s] -- Detecting C compile features - done
[0.173s] -- Detecting CXX compiler ABI info
[0.236s] -- Detecting CXX compiler ABI info - done
[0.240s] -- Check for working CXX compiler: /usr/bin/c++ - skipped
[0.240s] -- Detecting CXX compile features
[0.240s] -- Detecting CXX compile features - done
[0.242s] -- Found moveit_common: 2.5.9 (/home/minis/ws_moveit2/install/moveit_common/share/moveit_common/cmake)
[0.245s] -- Found ament_cmake: 1.3.12 (/opt/ros/humble/share/ament_cmake/cmake)
[0.349s] -- Found Python3: /usr/bin/python3 (found version "3.10.12") found components: Interpreter 
[0.464s] -- Found ament_cmake_ros: 0.10.0 (/opt/ros/humble/share/ament_cmake_ros/cmake)
[0.473s] -- Found moveit_setup_framework: 2.5.9 (/home/minis/ws_moveit2/install/moveit_setup_framework/share/moveit_setup_framework/cmake)
[0.518s] -- Found rosidl_generator_c: 3.1.8 (/opt/ros/humble/share/rosidl_generator_c/cmake)
[0.524s] -- Found rosidl_adapter: 3.1.8 (/opt/ros/humble/share/rosidl_adapter/cmake)
[0.532s] -- Found rosidl_generator_cpp: 3.1.8 (/opt/ros/humble/share/rosidl_generator_cpp/cmake)
[0.543s] -- Using all available rosidl_typesupport_c: rosidl_typesupport_fastrtps_c;rosidl_typesupport_introspection_c
[0.557s] -- Using all available rosidl_typesupport_cpp: rosidl_typesupport_fastrtps_cpp;rosidl_typesupport_introspection_cpp
[0.597s] -- Found rmw_implementation_cmake: 6.1.2 (/opt/ros/humble/share/rmw_implementation_cmake/cmake)
[0.601s] -- Found rmw_fastrtps_cpp: 6.2.9 (/opt/ros/humble/share/rmw_fastrtps_cpp/cmake)
[0.683s] -- Found OpenSSL: /usr/lib/x86_64-linux-gnu/libcrypto.so (found version "3.0.2")  
[0.706s] -- Found FastRTPS: /opt/ros/humble/include  
[0.742s] -- Using RMW implementation 'rmw_fastrtps_cpp' as default
[0.752s] -- Looking for pthread.h
[0.827s] -- Looking for pthread.h - found
[0.827s] -- Performing Test CMAKE_HAVE_LIBC_PTHREAD
[0.902s] -- Performing Test CMAKE_HAVE_LIBC_PTHREAD - Success
[0.903s] -- Found Threads: TRUE  
[0.988s] -- Found Boost: /usr/lib/x86_64-linux-gnu/cmake/Boost-1.74.0/BoostConfig.cmake (found version "1.74.0") found components: chrono date_time filesystem iostreams program_options regex serialization system thread 
[1.029s] -- Found parameter_traits: 0.6.0 (/opt/ros/humble/share/parameter_traits/cmake)
[1.042s] -- Found rclcpp_lifecycle: 16.0.17 (/opt/ros/humble/share/rclcpp_lifecycle/cmake)
[1.060s] -- Found Boost: /usr/lib/x86_64-linux-gnu/cmake/Boost-1.74.0/BoostConfig.cmake (found version "1.74.0") found components: filesystem 
[1.151s] -- library: /usr/lib/x86_64-linux-gnu/libcurl.so
[1.199s] -- Found Eigen3: TRUE (found version "3.4.0") 
[1.199s] -- Ensuring Eigen3 include directory is part of orocos-kdl CMake target
[1.381s] -- Found Boost: /usr/lib/x86_64-linux-gnu/cmake/Boost-1.74.0/BoostConfig.cmake (found version "1.74.0") found components: system filesystem date_time program_options thread chrono 
[1.399s] -- Found Boost: /usr/lib/x86_64-linux-gnu/cmake/Boost-1.74.0/BoostConfig.cmake (found version "1.74.0") found components: thread date_time system filesystem 
[1.409s] -- Found Boost: /usr/lib/x86_64-linux-gnu/cmake/Boost-1.74.0/BoostConfig.cmake (found version "1.74.0") found components: date_time filesystem program_options system thread 
[1.417s] -- Found Boost: /usr/lib/x86_64-linux-gnu/cmake/Boost-1.74.0/BoostConfig.cmake (found version "1.74.0") found components: thread system filesystem regex date_time program_options 
[1.430s] -- Found Boost: /usr/lib/x86_64-linux-gnu/cmake/Boost-1.74.0/BoostConfig.cmake (found version "1.74.0") found components: system filesystem date_time program_options thread 
[1.470s] -- Setting OGRE_DIR to: '/opt/ros/humble/share/rviz_ogre_vendor/cmake/../../../opt/rviz_ogre_vendor/lib/OGRE/cmake'
[1.471s] -- Found OGRE
[1.471s] --   static     : OFF
[1.471s] --   components : HLMS;MeshLodGenerator;Overlay;Paging;Property;RTShaderSystem;Terrain;Volume
[1.471s] --   plugins    : Plugin_BSPSceneManager;Plugin_OctreeSceneManager;Plugin_PCZSceneManager;Plugin_ParticleFX;RenderSystem_GL;RenderSystem_GL3Plus;Codec_STBI
[1.471s] --   media      : /opt/ros/humble/opt/rviz_ogre_vendor/share/OGRE/Media
[1.471s] -- OGRE_LIBRARIES: OgreHLMS;OgreMeshLodGenerator;OgreOverlay;OgrePaging;OgreProperty;OgreRTShaderSystem;OgreTerrain;OgreVolume;OgreMain
[1.471s] -- OGRE_LIBRARY_DIRS: /opt/ros/humble/opt/rviz_ogre_vendor/lib
[1.471s] -- OGRE_PLUGINS: Plugin_BSPSceneManager;Plugin_OctreeSceneManager;Plugin_PCZSceneManager;Plugin_ParticleFX;RenderSystem_GL;RenderSystem_GL3Plus;Codec_STBI
[1.471s] -- OGRE_PLUGIN_DIR: /opt/ros/humble/opt/rviz_ogre_vendor/lib/OGRE
[1.471s] -- rviz_ogre_vendor::OgreOverlay for IMPORTED_LOCATION_RELEASE: /opt/ros/humble/opt/rviz_ogre_vendor/lib/libOgreOverlay.so
[1.471s] -- rviz_ogre_vendor::OgreOverlay for IMPORTED_LOCATION_DEBUG: /opt/ros/humble/opt/rviz_ogre_vendor/lib/libOgreOverlay.so
[1.471s] -- rviz_ogre_vendor::OgreMain for IMPORTED_LOCATION_RELEASE: /opt/ros/humble/opt/rviz_ogre_vendor/lib/libOgreMain.so
[1.471s] -- rviz_ogre_vendor::OgreMain for IMPORTED_LOCATION_DEBUG: /opt/ros/humble/opt/rviz_ogre_vendor/lib/libOgreMain.so
[1.486s] -- Found ZLIB: /usr/lib/x86_64-linux-gnu/libz.so (found version "1.2.11") 
[1.490s] -- Found OpenGL: /usr/lib/x86_64-linux-gnu/libOpenGL.so   
[1.569s] -- Found X11: /usr/include   
[1.569s] -- Looking for XOpenDisplay in /usr/lib/x86_64-linux-gnu/libX11.so;/usr/lib/x86_64-linux-gnu/libXext.so
[1.645s] -- Looking for XOpenDisplay in /usr/lib/x86_64-linux-gnu/libX11.so;/usr/lib/x86_64-linux-gnu/libXext.so - found
[1.645s] -- Looking for gethostbyname
[1.714s] -- Looking for gethostbyname - found
[1.714s] -- Looking for connect
[1.786s] -- Looking for connect - found
[1.787s] -- Looking for remove
[1.859s] -- Looking for remove - found
[1.859s] -- Looking for shmat
[1.931s] -- Looking for shmat - found
[1.931s] -- Looking for IceConnectionNumber in ICE
[2.003s] -- Looking for IceConnectionNumber in ICE - found
[2.018s] -- Setting assimp_DIR to: '/opt/ros/humble/share/rviz_assimp_vendor/cmake/../../../opt/rviz_assimp_vendor/lib/cmake/assimp-4.1'
[2.086s] -- Found ament_lint_auto: 0.12.14 (/opt/ros/humble/share/ament_lint_auto/cmake)
[2.105s] -- Found gtest sources under '/opt/ros/humble/src/gtest_vendor': C++ tests using 'Google Test' will be built
[2.111s] -- Added test 'lint_cmake' to check CMake code style
[2.112s] -- Added test 'xmllint' to check XML markup files
[2.113s] -- Configuring done
[2.165s] -- Generating done
[2.175s] -- Build files have been written to: /home/minis/ws_moveit2/build/moveit_setup_srdf_plugins
[2.191s] Invoked command in '/home/minis/ws_moveit2/build/moveit_setup_srdf_plugins' returned '0': AMENT_PREFIX_PATH=/home/minis/ws_moveit2/install/moveit_setup_framework:/home/minis/ws_moveit2/install/moveit_ros_visualization:/home/minis/ws_moveit2/install/moveit_ros_planning_interface:/home/minis/ws_moveit2/install/moveit_ros_move_group:/home/minis/ws_moveit2/install/moveit_ros_warehouse:/home/minis/ws_moveit2/install/moveit_ros_robot_interaction:/home/minis/ws_moveit2/install/moveit_planners_ompl:/home/minis/ws_moveit2/install/moveit_kinematics:/home/minis/ws_moveit2/install/moveit_ros_planning:/home/minis/ws_moveit2/install/moveit_simple_controller_manager:/home/minis/ws_moveit2/install/moveit_ros_occupancy_map_monitor:/home/minis/ws_moveit2/install/moveit_core:/home/minis/ws_moveit2/install/moveit_resources_panda_moveit_config:/home/minis/ws_moveit2/install/moveit_resources_fanuc_moveit_config:/home/minis/ws_moveit2/install/moveit_configs_utils:/home/minis/ws_moveit2/install/srdfdom:/home/minis/ws_moveit2/install/moveit_resources_pr2_description:/home/minis/ws_moveit2/install/moveit_resources_panda_description:/home/minis/ws_moveit2/install/moveit_resources_fanuc_description:/home/minis/ws_moveit2/install/moveit_common:/home/minis/ws_moveit2/install/launch_param_builder:${AMENT_PREFIX_PATH} CMAKE_PREFIX_PATH=/home/minis/ws_moveit2/install/moveit_setup_framework:/home/minis/ws_moveit2/install/moveit_ros_visualization:/home/minis/ws_moveit2/install/moveit_ros_planning_interface:/home/minis/ws_moveit2/install/moveit_ros_move_group:/home/minis/ws_moveit2/install/moveit_ros_warehouse:/home/minis/ws_moveit2/install/moveit_ros_robot_interaction:/home/minis/ws_moveit2/install/moveit_planners_ompl:/home/minis/ws_moveit2/install/moveit_kinematics:/home/minis/ws_moveit2/install/moveit_ros_planning:/home/minis/ws_moveit2/install/moveit_simple_controller_manager:/home/minis/ws_moveit2/install/moveit_ros_occupancy_map_monitor:/home/minis/ws_moveit2/install/moveit_core:/home/minis/ws_moveit2/install/moveit_resources_panda_moveit_config:/home/minis/ws_moveit2/install/moveit_resources_fanuc_moveit_config:/home/minis/ws_moveit2/install/srdfdom:/home/minis/ws_moveit2/install/moveit_resources_pr2_description:/home/minis/ws_moveit2/install/moveit_resources_panda_description:/home/minis/ws_moveit2/install/moveit_resources_fanuc_description:/home/minis/ws_moveit2/install/moveit_common:/opt/ros/humble LD_LIBRARY_PATH=/home/minis/ws_moveit2/install/moveit_setup_framework/lib:/home/minis/ws_moveit2/install/moveit_ros_visualization/lib:/home/minis/ws_moveit2/install/moveit_ros_planning_interface/lib:/home/minis/ws_moveit2/install/moveit_ros_move_group/lib:/home/minis/ws_moveit2/install/moveit_ros_warehouse/lib:/home/minis/ws_moveit2/install/moveit_ros_robot_interaction/lib:/home/minis/ws_moveit2/install/moveit_planners_ompl/lib:/home/minis/ws_moveit2/install/moveit_kinematics/lib:/home/minis/ws_moveit2/install/moveit_ros_planning/lib:/home/minis/ws_moveit2/install/moveit_simple_controller_manager/lib:/home/minis/ws_moveit2/install/moveit_ros_occupancy_map_monitor/lib:/home/minis/ws_moveit2/install/moveit_core/lib:/home/minis/ws_moveit2/install/srdfdom/lib:${LD_LIBRARY_PATH} PATH=/home/minis/ws_moveit2/install/moveit_core/bin:${PATH} PYTHONPATH=/home/minis/ws_moveit2/install/moveit_configs_utils/lib/python3.10/site-packages:/home/minis/ws_moveit2/install/srdfdom/local/lib/python3.10/dist-packages:/home/minis/ws_moveit2/install/launch_param_builder/lib/python3.10/site-packages:${PYTHONPATH} /usr/bin/cmake /home/minis/ws_moveit2/src/moveit2/moveit_setup_assistant/moveit_setup_srdf_plugins -DCMAKE_BUILD_TYPE=Release -DCMAKE_INSTALL_PREFIX=/home/minis/ws_moveit2/install/moveit_setup_srdf_plugins
[2.192s] Invoking command in '/home/minis/ws_moveit2/build/moveit_setup_srdf_plugins': AMENT_PREFIX_PATH=/home/minis/ws_moveit2/install/moveit_setup_framework:/home/minis/ws_moveit2/install/moveit_ros_visualization:/home/minis/ws_moveit2/install/moveit_ros_planning_interface:/home/minis/ws_moveit2/install/moveit_ros_move_group:/home/minis/ws_moveit2/install/moveit_ros_warehouse:/home/minis/ws_moveit2/install/moveit_ros_robot_interaction:/home/minis/ws_moveit2/install/moveit_planners_ompl:/home/minis/ws_moveit2/install/moveit_kinematics:/home/minis/ws_moveit2/install/moveit_ros_planning:/home/minis/ws_moveit2/install/moveit_simple_controller_manager:/home/minis/ws_moveit2/install/moveit_ros_occupancy_map_monitor:/home/minis/ws_moveit2/install/moveit_core:/home/minis/ws_moveit2/install/moveit_resources_panda_moveit_config:/home/minis/ws_moveit2/install/moveit_resources_fanuc_moveit_config:/home/minis/ws_moveit2/install/moveit_configs_utils:/home/minis/ws_moveit2/install/srdfdom:/home/minis/ws_moveit2/install/moveit_resources_pr2_description:/home/minis/ws_moveit2/install/moveit_resources_panda_description:/home/minis/ws_moveit2/install/moveit_resources_fanuc_description:/home/minis/ws_moveit2/install/moveit_common:/home/minis/ws_moveit2/install/launch_param_builder:${AMENT_PREFIX_PATH} CMAKE_PREFIX_PATH=/home/minis/ws_moveit2/install/moveit_setup_framework:/home/minis/ws_moveit2/install/moveit_ros_visualization:/home/minis/ws_moveit2/install/moveit_ros_planning_interface:/home/minis/ws_moveit2/install/moveit_ros_move_group:/home/minis/ws_moveit2/install/moveit_ros_warehouse:/home/minis/ws_moveit2/install/moveit_ros_robot_interaction:/home/minis/ws_moveit2/install/moveit_planners_ompl:/home/minis/ws_moveit2/install/moveit_kinematics:/home/minis/ws_moveit2/install/moveit_ros_planning:/home/minis/ws_moveit2/install/moveit_simple_controller_manager:/home/minis/ws_moveit2/install/moveit_ros_occupancy_map_monitor:/home/minis/ws_moveit2/install/moveit_core:/home/minis/ws_moveit2/install/moveit_resources_panda_moveit_config:/home/minis/ws_moveit2/install/moveit_resources_fanuc_moveit_config:/home/minis/ws_moveit2/install/srdfdom:/home/minis/ws_moveit2/install/moveit_resources_pr2_description:/home/minis/ws_moveit2/install/moveit_resources_panda_description:/home/minis/ws_moveit2/install/moveit_resources_fanuc_description:/home/minis/ws_moveit2/install/moveit_common:/opt/ros/humble LD_LIBRARY_PATH=/home/minis/ws_moveit2/install/moveit_setup_framework/lib:/home/minis/ws_moveit2/install/moveit_ros_visualization/lib:/home/minis/ws_moveit2/install/moveit_ros_planning_interface/lib:/home/minis/ws_moveit2/install/moveit_ros_move_group/lib:/home/minis/ws_moveit2/install/moveit_ros_warehouse/lib:/home/minis/ws_moveit2/install/moveit_ros_robot_interaction/lib:/home/minis/ws_moveit2/install/moveit_planners_ompl/lib:/home/minis/ws_moveit2/install/moveit_kinematics/lib:/home/minis/ws_moveit2/install/moveit_ros_planning/lib:/home/minis/ws_moveit2/install/moveit_simple_controller_manager/lib:/home/minis/ws_moveit2/install/moveit_ros_occupancy_map_monitor/lib:/home/minis/ws_moveit2/install/moveit_core/lib:/home/minis/ws_moveit2/install/srdfdom/lib:${LD_LIBRARY_PATH} PATH=/home/minis/ws_moveit2/install/moveit_core/bin:${PATH} PYTHONPATH=/home/minis/ws_moveit2/install/moveit_configs_utils/lib/python3.10/site-packages:/home/minis/ws_moveit2/install/srdfdom/local/lib/python3.10/dist-packages:/home/minis/ws_moveit2/install/launch_param_builder/lib/python3.10/site-packages:${PYTHONPATH} /usr/bin/cmake --build /home/minis/ws_moveit2/build/moveit_setup_srdf_plugins -- -j16 -l16
[2.230s] [  6%] [34m[1mGenerating include/moveit_setup_srdf_plugins/moc_collision_linear_model.cpp[0m
[2.230s] [  6%] [34m[1mGenerating include/moveit_setup_srdf_plugins/moc_virtual_joints_widget.cpp[0m
[2.230s] [  6%] [34m[1mGenerating include/moveit_setup_srdf_plugins/moc_end_effectors_widget.cpp[0m
[2.230s] [  8%] [34m[1mGenerating include/moveit_setup_srdf_plugins/moc_collision_matrix_model.cpp[0m
[2.230s] [ 10%] [34m[1mGenerating include/moveit_setup_srdf_plugins/moc_default_collisions_widget.cpp[0m
[2.230s] [ 12%] [34m[1mGenerating include/moveit_setup_srdf_plugins/moc_kinematic_chain_widget.cpp[0m
[2.230s] [ 14%] [34m[1mGenerating include/moveit_setup_srdf_plugins/moc_group_edit_widget.cpp[0m
[2.230s] [ 16%] [34m[1mGenerating include/moveit_setup_srdf_plugins/moc_passive_joints_widget.cpp[0m
[2.236s] [ 18%] [34m[1mGenerating include/moveit_setup_srdf_plugins/moc_planning_groups_widget.cpp[0m
[2.238s] [ 20%] [34m[1mGenerating include/moveit_setup_srdf_plugins/moc_robot_poses_widget.cpp[0m
[2.240s] [ 22%] [32mBuilding CXX object gtest/CMakeFiles/gtest.dir/src/gtest-all.cc.o[0m
[2.240s] [ 25%] [32mBuilding CXX object gtest/CMakeFiles/gtest_main.dir/src/gtest_main.cc.o[0m
[2.243s] [ 27%] [34m[1mGenerating include/moveit_setup_srdf_plugins/moc_rotated_header_view.cpp[0m
[2.246s] /home/minis/ws_moveit2/src/moveit2/moveit_setup_assistant/moveit_setup_srdf_plugins/include/moveit_setup_srdf_plugins/rotated_header_view.hpp:0: Note: No relevant classes found. No output generated.
[2.266s] [ 29%] [32mBuilding CXX object CMakeFiles/moveit_setup_srdf_plugins.dir/src/default_collisions.cpp.o[0m
[2.266s] [ 31%] [32mBuilding CXX object CMakeFiles/moveit_setup_srdf_plugins.dir/src/collision_linear_model.cpp.o[0m
[2.267s] [ 33%] [32mBuilding CXX object CMakeFiles/moveit_setup_srdf_plugins.dir/src/default_collisions_widget.cpp.o[0m
[2.269s] [ 35%] [32mBuilding CXX object CMakeFiles/moveit_setup_srdf_plugins.dir/src/collision_matrix_model.cpp.o[0m
[2.271s] [ 37%] [32mBuilding CXX object CMakeFiles/moveit_setup_srdf_plugins.dir/src/compute_default_collisions.cpp.o[0m
[2.275s] [ 39%] [32mBuilding CXX object CMakeFiles/moveit_setup_srdf_plugins.dir/src/end_effectors.cpp.o[0m
[2.280s] [ 41%] [32mBuilding CXX object CMakeFiles/moveit_setup_srdf_plugins.dir/src/group_edit_widget.cpp.o[0m
[2.281s] [ 43%] [32mBuilding CXX object CMakeFiles/moveit_setup_srdf_plugins.dir/src/end_effectors_widget.cpp.o[0m
[2.285s] [ 45%] [32mBuilding CXX object CMakeFiles/moveit_setup_srdf_plugins.dir/src/group_meta_config.cpp.o[0m
[2.291s] [ 47%] [32mBuilding CXX object CMakeFiles/moveit_setup_srdf_plugins.dir/src/kinematic_chain_widget.cpp.o[0m
[3.350s] [ 50%] [32mBuilding CXX object CMakeFiles/moveit_setup_srdf_plugins.dir/src/planning_groups.cpp.o[0m
[3.350s] [ 52%] [32mBuilding CXX object CMakeFiles/moveit_setup_srdf_plugins.dir/src/planning_groups_widget.cpp.o[0m
[3.350s] [ 54%] [32mBuilding CXX object CMakeFiles/moveit_setup_srdf_plugins.dir/src/passive_joints_widget.cpp.o[0m
[3.350s] [ 56%] [32mBuilding CXX object CMakeFiles/moveit_setup_srdf_plugins.dir/src/passive_joints.cpp.o[0m
[5.090s] [ 58%] [32m[1mLinking CXX static library libgtest_main.a[0m
[5.258s] [ 58%] Built target gtest_main
[5.301s] [ 60%] [32mBuilding CXX object CMakeFiles/moveit_setup_srdf_plugins.dir/src/robot_poses.cpp.o[0m
[21.672s] [ 62%] [32m[1mLinking CXX static library libgtest.a[0m
[21.781s] [ 62%] Built target gtest
