[0.178s] Invoking command in '/home/minis/ws_moveit2/build/rosparam_shortcuts': CMAKE_PREFIX_PATH=${CMAKE_PREFIX_PATH}:/home/minis/ws_moveit2/install/moveit_configs_utils:/home/minis/ws_moveit2/install/launch_param_builder:/opt/ros/humble /usr/bin/cmake /home/minis/ws_moveit2/src/rosparam_shortcuts -DCMAKE_INSTALL_PREFIX=/home/minis/ws_moveit2/install/rosparam_shortcuts
[0.191s] -- Found ament_cmake: 1.3.12 (/opt/ros/humble/share/ament_cmake/cmake)
[0.282s] -- Found eigen3_cmake_module: 0.1.1 (/opt/ros/humble/share/eigen3_cmake_module/cmake)
[0.283s] -- Found geometry_msgs: 4.9.0 (/opt/ros/humble/share/geometry_msgs/cmake)
[0.299s] -- Found rosidl_generator_c: 3.1.8 (/opt/ros/humble/share/rosidl_generator_c/cmake)
[0.301s] -- Found rosidl_adapter: 3.1.8 (/opt/ros/humble/share/rosidl_adapter/cmake)
[0.306s] -- Found rosidl_generator_cpp: 3.1.8 (/opt/ros/humble/share/rosidl_generator_cpp/cmake)
[0.312s] -- Using all available rosidl_typesupport_c: rosidl_typesupport_fastrtps_c;rosidl_typesupport_introspection_c
[0.323s] -- Using all available rosidl_typesupport_cpp: rosidl_typesupport_fastrtps_cpp;rosidl_typesupport_introspection_cpp
[0.347s] -- Found rclcpp: 16.0.17 (/opt/ros/humble/share/rclcpp/cmake)
[0.362s] -- Found rmw_implementation_cmake: 6.1.2 (/opt/ros/humble/share/rmw_implementation_cmake/cmake)
[0.364s] -- Found rmw_fastrtps_cpp: 6.2.9 (/opt/ros/humble/share/rmw_fastrtps_cpp/cmake)
[0.470s] -- Using RMW implementation 'rmw_fastrtps_cpp' as default
[0.490s] -- Found tf2_eigen: 0.25.18 (/opt/ros/humble/share/tf2_eigen/cmake)
[0.548s] -- Found ament_lint_auto: 0.12.14 (/opt/ros/humble/share/ament_lint_auto/cmake)
[0.548s] -- Found ament_cmake_gtest: 1.3.12 (/opt/ros/humble/share/ament_cmake_gtest/cmake)
[0.549s] -- Found ros_testing: 0.4.0 (/opt/ros/humble/share/ros_testing/cmake)
[0.549s] -- Found launch_testing_ament_cmake: 1.0.13 (/opt/ros/humble/share/launch_testing_ament_cmake/cmake)
[0.550s] -- Found python_cmake_module: 0.10.0 (/opt/ros/humble/share/python_cmake_module/cmake)
[0.572s] -- Using PYTHON_EXECUTABLE: /usr/bin/python3
[0.572s] -- Using PYTHON_INCLUDE_DIRS: /usr/include/python3.10
[0.572s] -- Using PYTHON_LIBRARIES: /usr/lib/x86_64-linux-gnu/libpython3.10.so
[0.621s] -- Found gtest sources under '/opt/ros/humble/src/gtest_vendor': C++ tests using 'Google Test' will be built
[0.630s] -- Added test 'copyright' to check source files copyright and LICENSE
[0.632s] -- Added test 'lint_cmake' to check CMake code style
[0.632s] -- Added test 'pep257' to check Python code against some of the docstring style conventions in PEP 257
[0.632s] -- Added test 'xmllint' to check XML markup files
[0.633s] -- Configuring done
[0.653s] -- Generating done
[0.660s] -- Build files have been written to: /home/minis/ws_moveit2/build/rosparam_shortcuts
[0.668s] Invoked command in '/home/minis/ws_moveit2/build/rosparam_shortcuts' returned '0': CMAKE_PREFIX_PATH=${CMAKE_PREFIX_PATH}:/home/minis/ws_moveit2/install/moveit_configs_utils:/home/minis/ws_moveit2/install/launch_param_builder:/opt/ros/humble /usr/bin/cmake /home/minis/ws_moveit2/src/rosparam_shortcuts -DCMAKE_INSTALL_PREFIX=/home/minis/ws_moveit2/install/rosparam_shortcuts
[0.669s] Invoking command in '/home/minis/ws_moveit2/build/rosparam_shortcuts': CMAKE_PREFIX_PATH=${CMAKE_PREFIX_PATH}:/home/minis/ws_moveit2/install/moveit_configs_utils:/home/minis/ws_moveit2/install/launch_param_builder:/opt/ros/humble /usr/bin/cmake --build /home/minis/ws_moveit2/build/rosparam_shortcuts -- -j16 -l16
[0.717s] [35m[1mConsolidate compiler generated dependencies of target gtest_main[0m
[0.717s] [35m[1mConsolidate compiler generated dependencies of target gtest[0m
[0.718s] [35m[1mConsolidate compiler generated dependencies of target rosparam_shortcuts[0m
[0.732s] [ 30%] Built target gtest
[0.732s] [ 30%] Built target gtest_main
[0.740s] [ 53%] Built target rosparam_shortcuts
[0.753s] [35m[1mConsolidate compiler generated dependencies of target rosparam_shortcuts_example[0m
[0.753s] [35m[1mConsolidate compiler generated dependencies of target rosparam_shortcuts_node_parameters_example[0m
[0.754s] [35m[1mConsolidate compiler generated dependencies of target test_node_parameters[0m
[0.771s] [ 84%] Built target rosparam_shortcuts_example
[0.771s] [ 84%] Built target test_node_parameters
[0.771s] [100%] Built target rosparam_shortcuts_node_parameters_example
[0.785s] Invoked command in '/home/minis/ws_moveit2/build/rosparam_shortcuts' returned '0': CMAKE_PREFIX_PATH=${CMAKE_PREFIX_PATH}:/home/minis/ws_moveit2/install/moveit_configs_utils:/home/minis/ws_moveit2/install/launch_param_builder:/opt/ros/humble /usr/bin/cmake --build /home/minis/ws_moveit2/build/rosparam_shortcuts -- -j16 -l16
[0.786s] Invoking command in '/home/minis/ws_moveit2/build/rosparam_shortcuts': CMAKE_PREFIX_PATH=${CMAKE_PREFIX_PATH}:/home/minis/ws_moveit2/install/moveit_configs_utils:/home/minis/ws_moveit2/install/launch_param_builder:/opt/ros/humble /usr/bin/cmake --install /home/minis/ws_moveit2/build/rosparam_shortcuts
[0.795s] -- Install configuration: "Release"
[0.795s] -- Up-to-date: /home/minis/ws_moveit2/install/rosparam_shortcuts/lib/librosparam_shortcuts.so
[0.795s] -- Up-to-date: /home/minis/ws_moveit2/install/rosparam_shortcuts/lib/rosparam_shortcuts/example
[0.795s] -- Up-to-date: /home/minis/ws_moveit2/install/rosparam_shortcuts/lib/rosparam_shortcuts/node_parameters_example
[0.795s] -- Up-to-date: /home/minis/ws_moveit2/install/rosparam_shortcuts/include
[0.795s] -- Up-to-date: /home/minis/ws_moveit2/install/rosparam_shortcuts/include/rosparam_shortcuts
[0.795s] -- Up-to-date: /home/minis/ws_moveit2/install/rosparam_shortcuts/include/rosparam_shortcuts/node_parameters.h
[0.795s] -- Up-to-date: /home/minis/ws_moveit2/install/rosparam_shortcuts/include/rosparam_shortcuts/rosparam_shortcuts.h
[0.795s] -- Up-to-date: /home/minis/ws_moveit2/install/rosparam_shortcuts/share/rosparam_shortcuts/launch
[0.795s] -- Up-to-date: /home/minis/ws_moveit2/install/rosparam_shortcuts/share/rosparam_shortcuts/launch/example.launch.py
[0.795s] -- Up-to-date: /home/minis/ws_moveit2/install/rosparam_shortcuts/share/rosparam_shortcuts/config
[0.795s] -- Up-to-date: /home/minis/ws_moveit2/install/rosparam_shortcuts/share/rosparam_shortcuts/config/example.yaml
[0.795s] -- Up-to-date: /home/minis/ws_moveit2/install/rosparam_shortcuts/share/rosparam_shortcuts/environment/library_path.sh
[0.795s] -- Installing: /home/minis/ws_moveit2/install/rosparam_shortcuts/share/rosparam_shortcuts/environment/library_path.dsv
[0.796s] -- Up-to-date: /home/minis/ws_moveit2/install/rosparam_shortcuts/share/ament_index/resource_index/package_run_dependencies/rosparam_shortcuts
[0.796s] -- Installing: /home/minis/ws_moveit2/install/rosparam_shortcuts/share/ament_index/resource_index/parent_prefix_path/rosparam_shortcuts
[0.796s] -- Up-to-date: /home/minis/ws_moveit2/install/rosparam_shortcuts/share/rosparam_shortcuts/environment/ament_prefix_path.sh
[0.796s] -- Installing: /home/minis/ws_moveit2/install/rosparam_shortcuts/share/rosparam_shortcuts/environment/ament_prefix_path.dsv
[0.796s] -- Up-to-date: /home/minis/ws_moveit2/install/rosparam_shortcuts/share/rosparam_shortcuts/environment/path.sh
[0.796s] -- Installing: /home/minis/ws_moveit2/install/rosparam_shortcuts/share/rosparam_shortcuts/environment/path.dsv
[0.796s] -- Up-to-date: /home/minis/ws_moveit2/install/rosparam_shortcuts/share/rosparam_shortcuts/local_setup.bash
[0.796s] -- Up-to-date: /home/minis/ws_moveit2/install/rosparam_shortcuts/share/rosparam_shortcuts/local_setup.sh
[0.796s] -- Up-to-date: /home/minis/ws_moveit2/install/rosparam_shortcuts/share/rosparam_shortcuts/local_setup.zsh
[0.796s] -- Installing: /home/minis/ws_moveit2/install/rosparam_shortcuts/share/rosparam_shortcuts/local_setup.dsv
[0.796s] -- Installing: /home/minis/ws_moveit2/install/rosparam_shortcuts/share/rosparam_shortcuts/package.dsv
[0.796s] -- Up-to-date: /home/minis/ws_moveit2/install/rosparam_shortcuts/share/ament_index/resource_index/packages/rosparam_shortcuts
[0.796s] -- Up-to-date: /home/minis/ws_moveit2/install/rosparam_shortcuts/share/rosparam_shortcuts/cmake/export_rosparam_shortcutsExport.cmake
[0.797s] -- Up-to-date: /home/minis/ws_moveit2/install/rosparam_shortcuts/share/rosparam_shortcuts/cmake/export_rosparam_shortcutsExport-release.cmake
[0.797s] -- Up-to-date: /home/minis/ws_moveit2/install/rosparam_shortcuts/share/rosparam_shortcuts/cmake/ament_cmake_export_targets-extras.cmake
[0.797s] -- Up-to-date: /home/minis/ws_moveit2/install/rosparam_shortcuts/share/rosparam_shortcuts/cmake/ament_cmake_export_dependencies-extras.cmake
[0.797s] -- Up-to-date: /home/minis/ws_moveit2/install/rosparam_shortcuts/share/rosparam_shortcuts/cmake/rosparam_shortcutsConfig.cmake
[0.797s] -- Up-to-date: /home/minis/ws_moveit2/install/rosparam_shortcuts/share/rosparam_shortcuts/cmake/rosparam_shortcutsConfig-version.cmake
[0.797s] -- Up-to-date: /home/minis/ws_moveit2/install/rosparam_shortcuts/share/rosparam_shortcuts/package.xml
[0.798s] Invoked command in '/home/minis/ws_moveit2/build/rosparam_shortcuts' returned '0': CMAKE_PREFIX_PATH=${CMAKE_PREFIX_PATH}:/home/minis/ws_moveit2/install/moveit_configs_utils:/home/minis/ws_moveit2/install/launch_param_builder:/opt/ros/humble /usr/bin/cmake --install /home/minis/ws_moveit2/build/rosparam_shortcuts
