[0.021s] Invoking command in '/home/minis/ws_moveit2/build/panda_description': CMAKE_PREFIX_PATH=${CMAKE_PREFIX_PATH}:/home/minis/ws_moveit2/install/moveit_configs_utils:/home/minis/ws_moveit2/install/panda_commander:/home/minis/ws_moveit2/install/launch_param_builder:/opt/ros/humble /usr/bin/cmake --build /home/minis/ws_moveit2/build/panda_description -- -j16 -l16
[0.066s] Invoked command in '/home/minis/ws_moveit2/build/panda_description' returned '0': CMAKE_PREFIX_PATH=${CMAKE_PREFIX_PATH}:/home/minis/ws_moveit2/install/moveit_configs_utils:/home/minis/ws_moveit2/install/panda_commander:/home/minis/ws_moveit2/install/launch_param_builder:/opt/ros/humble /usr/bin/cmake --build /home/minis/ws_moveit2/build/panda_description -- -j16 -l16
[0.076s] Invoking command in '/home/minis/ws_moveit2/build/panda_description': CMAKE_PREFIX_PATH=${CMAKE_PREFIX_PATH}:/home/minis/ws_moveit2/install/moveit_configs_utils:/home/minis/ws_moveit2/install/panda_commander:/home/minis/ws_moveit2/install/launch_param_builder:/opt/ros/humble /usr/bin/cmake --install /home/minis/ws_moveit2/build/panda_description
[0.085s] -- Install configuration: ""
[0.085s] -- Up-to-date: /home/minis/ws_moveit2/install/panda_description/share/panda_description/launch
[0.085s] -- Up-to-date: /home/minis/ws_moveit2/install/panda_description/share/panda_description/launch/robot.launch.py
[0.085s] -- Up-to-date: /home/minis/ws_moveit2/install/panda_description/share/panda_description/meshes
[0.085s] -- Up-to-date: /home/minis/ws_moveit2/install/panda_description/share/panda_description/meshes/collision
[0.085s] -- Up-to-date: /home/minis/ws_moveit2/install/panda_description/share/panda_description/meshes/collision/link5.stl
[0.085s] -- Up-to-date: /home/minis/ws_moveit2/install/panda_description/share/panda_description/meshes/collision/link2.stl
[0.085s] -- Up-to-date: /home/minis/ws_moveit2/install/panda_description/share/panda_description/meshes/collision/camera.stl
[0.086s] -- Up-to-date: /home/minis/ws_moveit2/install/panda_description/share/panda_description/meshes/collision/finger.stl
[0.086s] -- Up-to-date: /home/minis/ws_moveit2/install/panda_description/share/panda_description/meshes/collision/link1.stl
[0.086s] -- Up-to-date: /home/minis/ws_moveit2/install/panda_description/share/panda_description/meshes/collision/link7.stl
[0.086s] -- Up-to-date: /home/minis/ws_moveit2/install/panda_description/share/panda_description/meshes/collision/link3.stl
[0.086s] -- Up-to-date: /home/minis/ws_moveit2/install/panda_description/share/panda_description/meshes/collision/finger_old.stl
[0.086s] -- Up-to-date: /home/minis/ws_moveit2/install/panda_description/share/panda_description/meshes/collision/link0.stl
[0.086s] -- Up-to-date: /home/minis/ws_moveit2/install/panda_description/share/panda_description/meshes/collision/link4.stl
[0.086s] -- Up-to-date: /home/minis/ws_moveit2/install/panda_description/share/panda_description/meshes/collision/hand.stl
[0.086s] -- Up-to-date: /home/minis/ws_moveit2/install/panda_description/share/panda_description/meshes/collision/link6.stl
[0.086s] -- Up-to-date: /home/minis/ws_moveit2/install/panda_description/share/panda_description/meshes/visual
[0.087s] -- Up-to-date: /home/minis/ws_moveit2/install/panda_description/share/panda_description/meshes/visual/camera.dae
[0.087s] -- Up-to-date: /home/minis/ws_moveit2/install/panda_description/share/panda_description/meshes/visual/hand.dae
[0.087s] -- Up-to-date: /home/minis/ws_moveit2/install/panda_description/share/panda_description/meshes/visual/link6.dae
[0.087s] -- Up-to-date: /home/minis/ws_moveit2/install/panda_description/share/panda_description/meshes/visual/link5.dae
[0.087s] -- Up-to-date: /home/minis/ws_moveit2/install/panda_description/share/panda_description/meshes/visual/link4.dae
[0.087s] -- Up-to-date: /home/minis/ws_moveit2/install/panda_description/share/panda_description/meshes/visual/link7.dae
[0.087s] -- Up-to-date: /home/minis/ws_moveit2/install/panda_description/share/panda_description/meshes/visual/link3.dae
[0.087s] -- Up-to-date: /home/minis/ws_moveit2/install/panda_description/share/panda_description/meshes/visual/link0.dae
[0.087s] -- Up-to-date: /home/minis/ws_moveit2/install/panda_description/share/panda_description/meshes/visual/finger.dae
[0.087s] -- Up-to-date: /home/minis/ws_moveit2/install/panda_description/share/panda_description/meshes/visual/finger_old.dae
[0.087s] -- Up-to-date: /home/minis/ws_moveit2/install/panda_description/share/panda_description/meshes/visual/link1.dae
[0.087s] -- Up-to-date: /home/minis/ws_moveit2/install/panda_description/share/panda_description/meshes/visual/link2.dae
[0.087s] -- Up-to-date: /home/minis/ws_moveit2/install/panda_description/share/panda_description/rviz
[0.087s] -- Up-to-date: /home/minis/ws_moveit2/install/panda_description/share/panda_description/rviz/panda_ctrl.rviz
[0.087s] -- Up-to-date: /home/minis/ws_moveit2/install/panda_description/share/panda_description/urdf
[0.087s] -- Up-to-date: /home/minis/ws_moveit2/install/panda_description/share/panda_description/urdf/panda_description_gazebo.xacro
[0.087s] -- Up-to-date: /home/minis/ws_moveit2/install/panda_description/share/panda_description/urdf/panda_description.xacro
[0.087s] -- Up-to-date: /home/minis/ws_moveit2/install/panda_description/share/panda_description/urdf/panda.urdf.xacro
[0.087s] -- Up-to-date: /home/minis/ws_moveit2/install/panda_description/share/panda_description/urdf/camera
[0.087s] -- Up-to-date: /home/minis/ws_moveit2/install/panda_description/share/panda_description/urdf/camera/camera.xacro
[0.087s] -- Up-to-date: /home/minis/ws_moveit2/install/panda_description/share/panda_description/urdf/camera/camera.gazebo
[0.087s] -- Up-to-date: /home/minis/ws_moveit2/install/panda_description/share/panda_description/urdf/panda.urdf
[0.087s] -- Up-to-date: /home/minis/ws_moveit2/install/panda_description/share/ament_index/resource_index/package_run_dependencies/panda_description
[0.087s] -- Up-to-date: /home/minis/ws_moveit2/install/panda_description/share/ament_index/resource_index/parent_prefix_path/panda_description
[0.087s] -- Up-to-date: /home/minis/ws_moveit2/install/panda_description/share/panda_description/environment/ament_prefix_path.sh
[0.087s] -- Up-to-date: /home/minis/ws_moveit2/install/panda_description/share/panda_description/environment/ament_prefix_path.dsv
[0.087s] -- Up-to-date: /home/minis/ws_moveit2/install/panda_description/share/panda_description/environment/path.sh
[0.087s] -- Up-to-date: /home/minis/ws_moveit2/install/panda_description/share/panda_description/environment/path.dsv
[0.087s] -- Up-to-date: /home/minis/ws_moveit2/install/panda_description/share/panda_description/local_setup.bash
[0.087s] -- Up-to-date: /home/minis/ws_moveit2/install/panda_description/share/panda_description/local_setup.sh
[0.087s] -- Up-to-date: /home/minis/ws_moveit2/install/panda_description/share/panda_description/local_setup.zsh
[0.087s] -- Up-to-date: /home/minis/ws_moveit2/install/panda_description/share/panda_description/local_setup.dsv
[0.087s] -- Installing: /home/minis/ws_moveit2/install/panda_description/share/panda_description/package.dsv
[0.087s] -- Up-to-date: /home/minis/ws_moveit2/install/panda_description/share/ament_index/resource_index/packages/panda_description
[0.089s] -- Up-to-date: /home/minis/ws_moveit2/install/panda_description/share/panda_description/cmake/panda_descriptionConfig.cmake
[0.089s] -- Up-to-date: /home/minis/ws_moveit2/install/panda_description/share/panda_description/cmake/panda_descriptionConfig-version.cmake
[0.089s] -- Up-to-date: /home/minis/ws_moveit2/install/panda_description/share/panda_description/package.xml
[0.090s] Invoked command in '/home/minis/ws_moveit2/build/panda_description' returned '0': CMAKE_PREFIX_PATH=${CMAKE_PREFIX_PATH}:/home/minis/ws_moveit2/install/moveit_configs_utils:/home/minis/ws_moveit2/install/panda_commander:/home/minis/ws_moveit2/install/launch_param_builder:/opt/ros/humble /usr/bin/cmake --install /home/minis/ws_moveit2/build/panda_description
