[0.013s] Invoking command in '/home/minis/ws_moveit2/build/chomp_motion_planner': AMENT_PREFIX_PATH=/home/minis/ws_moveit2/install/moveit_core:/home/minis/ws_moveit2/install/moveit_resources_panda_moveit_config:/home/minis/ws_moveit2/install/srdfdom:/home/minis/ws_moveit2/install/moveit_resources_pr2_description:/home/minis/ws_moveit2/install/moveit_resources_panda_description:/home/minis/ws_moveit2/install/moveit_common CMAKE_PREFIX_PATH=/home/minis/ws_moveit2/install/moveit_core:/home/minis/ws_moveit2/install/moveit_resources_panda_moveit_config:/home/minis/ws_moveit2/install/srdfdom:/home/minis/ws_moveit2/install/moveit_resources_pr2_description:/home/minis/ws_moveit2/install/moveit_resources_panda_description:/home/minis/ws_moveit2/install/moveit_common LD_LIBRARY_PATH=/home/minis/ws_moveit2/install/moveit_core/lib:/home/minis/ws_moveit2/install/srdfdom/lib PATH=/home/minis/ws_moveit2/install/moveit_core/bin:${PATH} PYTHONPATH=/home/minis/ws_moveit2/install/srdfdom/local/lib/python3.10/dist-packages /usr/bin/cmake --build /home/minis/ws_moveit2/build/chomp_motion_planner -- -j16 -l16
[0.048s] [35m[1mConsolidate compiler generated dependencies of target chomp_motion_planner[0m
[0.074s] [100%] Built target chomp_motion_planner
[0.101s] Invoked command in '/home/minis/ws_moveit2/build/chomp_motion_planner' returned '0': AMENT_PREFIX_PATH=/home/minis/ws_moveit2/install/moveit_core:/home/minis/ws_moveit2/install/moveit_resources_panda_moveit_config:/home/minis/ws_moveit2/install/srdfdom:/home/minis/ws_moveit2/install/moveit_resources_pr2_description:/home/minis/ws_moveit2/install/moveit_resources_panda_description:/home/minis/ws_moveit2/install/moveit_common CMAKE_PREFIX_PATH=/home/minis/ws_moveit2/install/moveit_core:/home/minis/ws_moveit2/install/moveit_resources_panda_moveit_config:/home/minis/ws_moveit2/install/srdfdom:/home/minis/ws_moveit2/install/moveit_resources_pr2_description:/home/minis/ws_moveit2/install/moveit_resources_panda_description:/home/minis/ws_moveit2/install/moveit_common LD_LIBRARY_PATH=/home/minis/ws_moveit2/install/moveit_core/lib:/home/minis/ws_moveit2/install/srdfdom/lib PATH=/home/minis/ws_moveit2/install/moveit_core/bin:${PATH} PYTHONPATH=/home/minis/ws_moveit2/install/srdfdom/local/lib/python3.10/dist-packages /usr/bin/cmake --build /home/minis/ws_moveit2/build/chomp_motion_planner -- -j16 -l16
[0.102s] Invoking command in '/home/minis/ws_moveit2/build/chomp_motion_planner': AMENT_PREFIX_PATH=/home/minis/ws_moveit2/install/moveit_core:/home/minis/ws_moveit2/install/moveit_resources_panda_moveit_config:/home/minis/ws_moveit2/install/srdfdom:/home/minis/ws_moveit2/install/moveit_resources_pr2_description:/home/minis/ws_moveit2/install/moveit_resources_panda_description:/home/minis/ws_moveit2/install/moveit_common CMAKE_PREFIX_PATH=/home/minis/ws_moveit2/install/moveit_core:/home/minis/ws_moveit2/install/moveit_resources_panda_moveit_config:/home/minis/ws_moveit2/install/srdfdom:/home/minis/ws_moveit2/install/moveit_resources_pr2_description:/home/minis/ws_moveit2/install/moveit_resources_panda_description:/home/minis/ws_moveit2/install/moveit_common LD_LIBRARY_PATH=/home/minis/ws_moveit2/install/moveit_core/lib:/home/minis/ws_moveit2/install/srdfdom/lib PATH=/home/minis/ws_moveit2/install/moveit_core/bin:${PATH} PYTHONPATH=/home/minis/ws_moveit2/install/srdfdom/local/lib/python3.10/dist-packages /usr/bin/cmake --install /home/minis/ws_moveit2/build/chomp_motion_planner
[0.110s] -- Install configuration: "Release"
[0.110s] -- Up-to-date: /home/minis/ws_moveit2/install/chomp_motion_planner/lib/libchomp_motion_planner.so.2.5.9
[0.110s] -- Up-to-date: /home/minis/ws_moveit2/install/chomp_motion_planner/lib/libchomp_motion_planner.so
[0.110s] -- Up-to-date: /home/minis/ws_moveit2/install/chomp_motion_planner/include
[0.110s] -- Up-to-date: /home/minis/ws_moveit2/install/chomp_motion_planner/include/chomp_motion_planner
[0.110s] -- Up-to-date: /home/minis/ws_moveit2/install/chomp_motion_planner/include/chomp_motion_planner/chomp_cost.h
[0.111s] -- Up-to-date: /home/minis/ws_moveit2/install/chomp_motion_planner/include/chomp_motion_planner/chomp_trajectory.h
[0.111s] -- Up-to-date: /home/minis/ws_moveit2/install/chomp_motion_planner/include/chomp_motion_planner/multivariate_gaussian.h
[0.111s] -- Up-to-date: /home/minis/ws_moveit2/install/chomp_motion_planner/include/chomp_motion_planner/chomp_optimizer.h
[0.111s] -- Up-to-date: /home/minis/ws_moveit2/install/chomp_motion_planner/include/chomp_motion_planner/chomp_utils.h
[0.111s] -- Up-to-date: /home/minis/ws_moveit2/install/chomp_motion_planner/include/chomp_motion_planner/chomp_parameters.h
[0.111s] -- Up-to-date: /home/minis/ws_moveit2/install/chomp_motion_planner/include/chomp_motion_planner/chomp_planner.h
[0.111s] -- Up-to-date: /home/minis/ws_moveit2/install/chomp_motion_planner/share/chomp_motion_planner/environment/library_path.sh
[0.111s] -- Up-to-date: /home/minis/ws_moveit2/install/chomp_motion_planner/share/chomp_motion_planner/environment/library_path.dsv
[0.111s] -- Up-to-date: /home/minis/ws_moveit2/install/chomp_motion_planner/share/ament_index/resource_index/package_run_dependencies/chomp_motion_planner
[0.111s] -- Up-to-date: /home/minis/ws_moveit2/install/chomp_motion_planner/share/ament_index/resource_index/parent_prefix_path/chomp_motion_planner
[0.111s] -- Up-to-date: /home/minis/ws_moveit2/install/chomp_motion_planner/share/chomp_motion_planner/environment/ament_prefix_path.sh
[0.112s] -- Up-to-date: /home/minis/ws_moveit2/install/chomp_motion_planner/share/chomp_motion_planner/environment/ament_prefix_path.dsv
[0.112s] -- Up-to-date: /home/minis/ws_moveit2/install/chomp_motion_planner/share/chomp_motion_planner/environment/path.sh
[0.112s] -- Up-to-date: /home/minis/ws_moveit2/install/chomp_motion_planner/share/chomp_motion_planner/environment/path.dsv
[0.112s] -- Up-to-date: /home/minis/ws_moveit2/install/chomp_motion_planner/share/chomp_motion_planner/local_setup.bash
[0.112s] -- Up-to-date: /home/minis/ws_moveit2/install/chomp_motion_planner/share/chomp_motion_planner/local_setup.sh
[0.112s] -- Up-to-date: /home/minis/ws_moveit2/install/chomp_motion_planner/share/chomp_motion_planner/local_setup.zsh
[0.112s] -- Up-to-date: /home/minis/ws_moveit2/install/chomp_motion_planner/share/chomp_motion_planner/local_setup.dsv
[0.113s] -- Installing: /home/minis/ws_moveit2/install/chomp_motion_planner/share/chomp_motion_planner/package.dsv
[0.114s] -- Up-to-date: /home/minis/ws_moveit2/install/chomp_motion_planner/share/ament_index/resource_index/packages/chomp_motion_planner
[0.114s] -- Up-to-date: /home/minis/ws_moveit2/install/chomp_motion_planner/share/chomp_motion_planner/cmake/chomp_motion_plannerTargetsExport.cmake
[0.114s] -- Up-to-date: /home/minis/ws_moveit2/install/chomp_motion_planner/share/chomp_motion_planner/cmake/chomp_motion_plannerTargetsExport-release.cmake
[0.114s] -- Up-to-date: /home/minis/ws_moveit2/install/chomp_motion_planner/share/chomp_motion_planner/cmake/ament_cmake_export_targets-extras.cmake
[0.114s] -- Up-to-date: /home/minis/ws_moveit2/install/chomp_motion_planner/share/chomp_motion_planner/cmake/chomp_motion_plannerConfig.cmake
[0.114s] -- Up-to-date: /home/minis/ws_moveit2/install/chomp_motion_planner/share/chomp_motion_planner/cmake/chomp_motion_plannerConfig-version.cmake
[0.114s] -- Up-to-date: /home/minis/ws_moveit2/install/chomp_motion_planner/share/chomp_motion_planner/package.xml
[0.116s] Invoked command in '/home/minis/ws_moveit2/build/chomp_motion_planner' returned '0': AMENT_PREFIX_PATH=/home/minis/ws_moveit2/install/moveit_core:/home/minis/ws_moveit2/install/moveit_resources_panda_moveit_config:/home/minis/ws_moveit2/install/srdfdom:/home/minis/ws_moveit2/install/moveit_resources_pr2_description:/home/minis/ws_moveit2/install/moveit_resources_panda_description:/home/minis/ws_moveit2/install/moveit_common CMAKE_PREFIX_PATH=/home/minis/ws_moveit2/install/moveit_core:/home/minis/ws_moveit2/install/moveit_resources_panda_moveit_config:/home/minis/ws_moveit2/install/srdfdom:/home/minis/ws_moveit2/install/moveit_resources_pr2_description:/home/minis/ws_moveit2/install/moveit_resources_panda_description:/home/minis/ws_moveit2/install/moveit_common LD_LIBRARY_PATH=/home/minis/ws_moveit2/install/moveit_core/lib:/home/minis/ws_moveit2/install/srdfdom/lib PATH=/home/minis/ws_moveit2/install/moveit_core/bin:${PATH} PYTHONPATH=/home/minis/ws_moveit2/install/srdfdom/local/lib/python3.10/dist-packages /usr/bin/cmake --install /home/minis/ws_moveit2/build/chomp_motion_planner
