[0.304s] Invoking command in '/home/minis/ws_moveit2/src/moveit2/moveit_configs_utils': AMENT_PREFIX_PATH=/home/minis/ws_moveit2/install/srdfdom:/home/minis/ws_moveit2/install/launch_param_builder CMAKE_PREFIX_PATH=/home/minis/ws_moveit2/install/srdfdom LD_LIBRARY_PATH=/home/minis/ws_moveit2/install/srdfdom/lib PYTHONPATH=/home/minis/ws_moveit2/build/moveit_configs_utils/prefix_override:/usr/lib/python3/dist-packages/colcon_core/task/python/colcon_distutils_commands:/home/minis/ws_moveit2/install/moveit_configs_utils/lib/python3.10/site-packages:/home/minis/ws_moveit2/install/srdfdom/local/lib/python3.10/dist-packages:/home/minis/ws_moveit2/install/launch_param_builder/lib/python3.10/site-packages /usr/bin/python3 -W ignore:setup.py install is deprecated -W ignore:easy_install command is deprecated setup.py egg_info --egg-base ../../../build/moveit_configs_utils build --build-base /home/minis/ws_moveit2/build/moveit_configs_utils/build install --record /home/minis/ws_moveit2/build/moveit_configs_utils/install.log --single-version-externally-managed install_data
[0.404s] running egg_info
[0.404s] writing ../../../build/moveit_configs_utils/moveit_configs_utils.egg-info/PKG-INFO
[0.404s] writing dependency_links to ../../../build/moveit_configs_utils/moveit_configs_utils.egg-info/dependency_links.txt
[0.405s] writing entry points to ../../../build/moveit_configs_utils/moveit_configs_utils.egg-info/entry_points.txt
[0.405s] writing requirements to ../../../build/moveit_configs_utils/moveit_configs_utils.egg-info/requires.txt
[0.405s] writing top-level names to ../../../build/moveit_configs_utils/moveit_configs_utils.egg-info/top_level.txt
[0.406s] reading manifest file '../../../build/moveit_configs_utils/moveit_configs_utils.egg-info/SOURCES.txt'
[0.407s] writing manifest file '../../../build/moveit_configs_utils/moveit_configs_utils.egg-info/SOURCES.txt'
[0.407s] running build
[0.407s] running build_py
[0.407s] running install
[0.407s] running install_lib
[0.408s] running install_data
[0.409s] running install_egg_info
[0.410s] removing '/home/minis/ws_moveit2/install/moveit_configs_utils/lib/python3.10/site-packages/moveit_configs_utils-2.5.9-py3.10.egg-info' (and everything under it)
[0.411s] Copying ../../../build/moveit_configs_utils/moveit_configs_utils.egg-info to /home/minis/ws_moveit2/install/moveit_configs_utils/lib/python3.10/site-packages/moveit_configs_utils-2.5.9-py3.10.egg-info
[0.411s] running install_scripts
[0.422s] writing list of installed files to '/home/minis/ws_moveit2/build/moveit_configs_utils/install.log'
[0.439s] Invoked command in '/home/minis/ws_moveit2/src/moveit2/moveit_configs_utils' returned '0': AMENT_PREFIX_PATH=/home/minis/ws_moveit2/install/srdfdom:/home/minis/ws_moveit2/install/launch_param_builder CMAKE_PREFIX_PATH=/home/minis/ws_moveit2/install/srdfdom LD_LIBRARY_PATH=/home/minis/ws_moveit2/install/srdfdom/lib PYTHONPATH=/home/minis/ws_moveit2/build/moveit_configs_utils/prefix_override:/usr/lib/python3/dist-packages/colcon_core/task/python/colcon_distutils_commands:/home/minis/ws_moveit2/install/moveit_configs_utils/lib/python3.10/site-packages:/home/minis/ws_moveit2/install/srdfdom/local/lib/python3.10/dist-packages:/home/minis/ws_moveit2/install/launch_param_builder/lib/python3.10/site-packages /usr/bin/python3 -W ignore:setup.py install is deprecated -W ignore:easy_install command is deprecated setup.py egg_info --egg-base ../../../build/moveit_configs_utils build --build-base /home/minis/ws_moveit2/build/moveit_configs_utils/build install --record /home/minis/ws_moveit2/build/moveit_configs_utils/install.log --single-version-externally-managed install_data
