[0.008s] Invoking command in '/home/minis/ws_moveit2/build/moveit_core': AMENT_PREFIX_PATH=/home/minis/ws_moveit2/install/moveit_resources_panda_moveit_config:/home/minis/ws_moveit2/install/srdfdom:/home/minis/ws_moveit2/install/moveit_resources_pr2_description:/home/minis/ws_moveit2/install/moveit_resources_panda_description:/home/minis/ws_moveit2/install/moveit_common:${AMENT_PREFIX_PATH} CMAKE_PREFIX_PATH=/home/minis/ws_moveit2/install/moveit_resources_panda_moveit_config:/home/minis/ws_moveit2/install/srdfdom:/home/minis/ws_moveit2/install/moveit_resources_pr2_description:/home/minis/ws_moveit2/install/moveit_resources_panda_description:/home/minis/ws_moveit2/install/moveit_common:/opt/ros/humble LD_LIBRARY_PATH=/home/minis/ws_moveit2/install/srdfdom/lib:${LD_LIBRARY_PATH} PYTHONPATH=/home/minis/ws_moveit2/install/srdfdom/local/lib/python3.10/dist-packages:${PYTHONPATH} /usr/bin/cmake /home/minis/ws_moveit2/src/moveit2/moveit_core -DCMAKE_BUILD_TYPE=Release -DCMAKE_INSTALL_PREFIX=/home/minis/ws_moveit2/install/moveit_core
[0.055s] -- The CXX compiler identification is GNU 11.4.0
[0.061s] -- Detecting CXX compiler ABI info
[0.124s] -- Detecting CXX compiler ABI info - done
[0.129s] -- Check for working CXX compiler: /usr/bin/c++ - skipped
[0.129s] -- Detecting CXX compile features
[0.130s] -- Detecting CXX compile features - done
[0.131s] -- Found moveit_common: 2.5.9 (/home/minis/ws_moveit2/install/moveit_common/share/moveit_common/cmake)
[0.133s] -- Found ament_cmake: 1.3.12 (/opt/ros/humble/share/ament_cmake/cmake)
[0.234s] -- Found Python3: /usr/bin/python3 (found version "3.10.12") found components: Interpreter 
[0.341s] -- Found angles: 1.15.0 (/opt/ros/humble/share/angles/cmake)
[0.358s] -- Found Bullet: /usr/lib/x86_64-linux-gnu/libBulletDynamics.so (Required is at least version "2.87") 
[0.360s] -- Found common_interfaces: 4.9.0 (/opt/ros/humble/share/common_interfaces/cmake)
[0.361s] -- Found eigen_stl_containers: 1.1.0 (/opt/ros/humble/share/eigen_stl_containers/cmake)
[0.369s] -- Found eigen3_cmake_module: 0.1.1 (/opt/ros/humble/share/eigen3_cmake_module/cmake)
[0.372s] -- Found Eigen3: TRUE (found version "3.4.0") 
[0.375s] -- Found generate_parameter_library: 0.6.0 (/opt/ros/humble/share/generate_parameter_library/cmake)
[0.380s] -- Found parameter_traits: 0.6.0 (/opt/ros/humble/share/parameter_traits/cmake)
[0.407s] -- Found rosidl_generator_c: 3.1.8 (/opt/ros/humble/share/rosidl_generator_c/cmake)
[0.410s] -- Found rosidl_adapter: 3.1.8 (/opt/ros/humble/share/rosidl_adapter/cmake)
[0.418s] -- Found rosidl_generator_cpp: 3.1.8 (/opt/ros/humble/share/rosidl_generator_cpp/cmake)
[0.426s] -- Using all available rosidl_typesupport_c: rosidl_typesupport_fastrtps_c;rosidl_typesupport_introspection_c
[0.437s] -- Using all available rosidl_typesupport_cpp: rosidl_typesupport_fastrtps_cpp;rosidl_typesupport_introspection_cpp
[0.467s] -- Found rmw_implementation_cmake: 6.1.2 (/opt/ros/humble/share/rmw_implementation_cmake/cmake)
[0.469s] -- Found rmw_fastrtps_cpp: 6.2.9 (/opt/ros/humble/share/rmw_fastrtps_cpp/cmake)
[0.544s] -- Found OpenSSL: /usr/lib/x86_64-linux-gnu/libcrypto.so (found version "3.0.2")  
[0.563s] -- Found FastRTPS: /opt/ros/humble/include  
[0.596s] -- Using RMW implementation 'rmw_fastrtps_cpp' as default
[0.602s] -- Looking for C++ include pthread.h
[0.683s] -- Looking for C++ include pthread.h - found
[0.683s] -- Performing Test CMAKE_HAVE_LIBC_PTHREAD
[0.766s] -- Performing Test CMAKE_HAVE_LIBC_PTHREAD - Success
[0.767s] -- Found Threads: TRUE  
[0.806s] -- Found rclcpp_lifecycle: 16.0.17 (/opt/ros/humble/share/rclcpp_lifecycle/cmake)
[0.825s] -- Found geometric_shapes: 2.3.2 (/opt/ros/humble/share/geometric_shapes/cmake)
[0.833s] -- Found Boost: /usr/lib/x86_64-linux-gnu/cmake/Boost-1.74.0/BoostConfig.cmake (found version "1.74.0") found components: filesystem 
[0.924s] -- library: /usr/lib/x86_64-linux-gnu/libcurl.so
[0.959s] -- Found kdl_parser: 2.6.4 (/opt/ros/humble/share/kdl_parser/cmake)
[0.965s] -- Ensuring Eigen3 include directory is part of orocos-kdl CMake target
[0.968s] -- Found moveit_msgs: 2.2.1 (/opt/ros/humble/share/moveit_msgs/cmake)
[1.037s] -- Found pluginlib: 5.1.3 (/opt/ros/humble/share/pluginlib/cmake)
[1.060s] -- Found srdfdom: 2.0.8 (/home/minis/ws_moveit2/install/srdfdom/share/srdfdom/cmake)
[1.070s] -- Found tf2_eigen: 0.25.18 (/opt/ros/humble/share/tf2_eigen/cmake)
[1.115s] -- Found tf2_geometry_msgs: 0.25.18 (/opt/ros/humble/share/tf2_geometry_msgs/cmake)
[1.121s] -- Found tf2_kdl: 0.25.18 (/opt/ros/humble/share/tf2_kdl/cmake)
[1.147s] -- Found Boost: /usr/lib/x86_64-linux-gnu/cmake/Boost-1.74.0/BoostConfig.cmake (found version "1.74.0") found components: chrono date_time filesystem iostreams program_options regex serialization system thread 
[1.148s] --  *** Building MoveIt 2.5.9-Alpha ***
[1.151s] -- Performing Test COMPILER_HAS_HIDDEN_VISIBILITY
[1.227s] -- Performing Test COMPILER_HAS_HIDDEN_VISIBILITY - Success
[1.227s] -- Performing Test COMPILER_HAS_HIDDEN_INLINE_VISIBILITY
[1.302s] -- Performing Test COMPILER_HAS_HIDDEN_INLINE_VISIBILITY - Success
[1.303s] -- Performing Test COMPILER_HAS_DEPRECATED_ATTR
[1.375s] -- Performing Test COMPILER_HAS_DEPRECATED_ATTR - Success
[1.378s] -- Found ament_cmake_gtest: 1.3.12 (/opt/ros/humble/share/ament_cmake_gtest/cmake)
[1.380s] -- Found gtest sources under '/opt/ros/humble/src/gtest_vendor': C++ tests using 'Google Test' will be built
[1.412s] -- The C compiler identification is GNU 11.4.0
[1.419s] -- Detecting C compiler ABI info
[1.490s] -- Detecting C compiler ABI info - done
[1.494s] -- Check for working C compiler: /usr/bin/cc - skipped
[1.494s] -- Detecting C compile features
[1.494s] -- Detecting C compile features - done
[1.501s] -- Found ament_cmake_gmock: 1.3.12 (/opt/ros/humble/share/ament_cmake_gmock/cmake)
[1.505s] -- Found gmock sources under '/opt/ros/humble/src/gmock_vendor': C++ tests using 'Google Mock' will be built
[1.507s] -- Found ament_cmake_gtest: 1.3.12 (/opt/ros/humble/share/ament_cmake_gtest/cmake)
[1.507s] -- Found gtest sources under '/opt/ros/humble/src/gtest_vendor': C++ tests using 'Google Test' will be built
[1.512s] -- Found ament_cmake_gtest: 1.3.12 (/opt/ros/humble/share/ament_cmake_gtest/cmake)
[1.513s] -- Found gtest sources under '/opt/ros/humble/src/gtest_vendor': C++ tests using 'Google Test' will be built
[1.526s] -- Found ament_cmake_gtest: 1.3.12 (/opt/ros/humble/share/ament_cmake_gtest/cmake)
[1.527s] -- Found gtest sources under '/opt/ros/humble/src/gtest_vendor': C++ tests using 'Google Test' will be built
[1.536s] -- Found ament_lint_auto: 0.12.14 (/opt/ros/humble/share/ament_lint_auto/cmake)
[1.536s] -- Found ament_cmake_gtest: 1.3.12 (/opt/ros/humble/share/ament_cmake_gtest/cmake)
[1.536s] -- Found gtest sources under '/opt/ros/humble/src/gtest_vendor': C++ tests using 'Google Test' will be built
[1.545s] -- Found ament_cmake_gtest: 1.3.12 (/opt/ros/humble/share/ament_cmake_gtest/cmake)
[1.546s] -- Found gtest sources under '/opt/ros/humble/src/gtest_vendor': C++ tests using 'Google Test' will be built
[1.551s] -- Found ament_cmake_gtest: 1.3.12 (/opt/ros/humble/share/ament_cmake_gtest/cmake)
[1.552s] -- Found gtest sources under '/opt/ros/humble/src/gtest_vendor': C++ tests using 'Google Test' will be built
[1.557s] -- Found ament_cmake_gtest: 1.3.12 (/opt/ros/humble/share/ament_cmake_gtest/cmake)
[1.557s] -- Found gmock sources under '/opt/ros/humble/src/gmock_vendor': C++ tests using 'Google Mock' will be built
[1.557s] -- Found gtest sources under '/opt/ros/humble/src/gtest_vendor': C++ tests using 'Google Test' will be built
[1.564s] -- Found gtest sources under '/opt/ros/humble/src/gtest_vendor': C++ tests using 'Google Test' will be built
[1.570s] -- Found gtest sources under '/opt/ros/humble/src/gtest_vendor': C++ tests using 'Google Test' will be built
[1.576s] -- Found ament_cmake_gtest: 1.3.12 (/opt/ros/humble/share/ament_cmake_gtest/cmake)
[1.576s] -- Found gtest sources under '/opt/ros/humble/src/gtest_vendor': C++ tests using 'Google Test' will be built
[1.586s] -- Found gtest sources under '/opt/ros/humble/src/gtest_vendor': C++ tests using 'Google Test' will be built
[1.593s] -- Found gtest sources under '/opt/ros/humble/src/gtest_vendor': C++ tests using 'Google Test' will be built
[1.599s] -- Found gtest sources under '/opt/ros/humble/src/gtest_vendor': C++ tests using 'Google Test' will be built
[1.602s] -- Found ament_lint_auto: 0.12.14 (/opt/ros/humble/share/ament_lint_auto/cmake)
[1.628s] -- Added test 'cppcheck' to perform static code analysis on C / C++ code
[1.629s] -- Configured cppcheck include dirs: /home/minis/ws_moveit2/src/moveit2/moveit_core/exceptions/include;/home/minis/ws_moveit2/src/moveit2/moveit_core/collision_detection/include;/home/minis/ws_moveit2/src/moveit2/moveit_core/collision_detection_fcl/include;/home/minis/ws_moveit2/src/moveit2/moveit_core/collision_detection_bullet/include;/home/minis/ws_moveit2/src/moveit2/moveit_core/constraint_samplers/include;/home/minis/ws_moveit2/src/moveit2/moveit_core/controller_manager/include;/home/minis/ws_moveit2/src/moveit2/moveit_core/distance_field/include;/home/minis/ws_moveit2/src/moveit2/moveit_core/collision_distance_field/include;/home/minis/ws_moveit2/src/moveit2/moveit_core/dynamics_solver/include;/home/minis/ws_moveit2/src/moveit2/moveit_core/kinematics_base/include;/home/minis/ws_moveit2/src/moveit2/moveit_core/kinematics_metrics/include;/home/minis/ws_moveit2/src/moveit2/moveit_core/robot_model/include;/home/minis/ws_moveit2/src/moveit2/moveit_core/transforms/include;/home/minis/ws_moveit2/src/moveit2/moveit_core/robot_state/include;/home/minis/ws_moveit2/src/moveit2/moveit_core/robot_trajectory/include;/home/minis/ws_moveit2/src/moveit2/moveit_core/kinematic_constraints/include;/home/minis/ws_moveit2/src/moveit2/moveit_core/macros/include;/home/minis/ws_moveit2/src/moveit2/moveit_core/online_signal_smoothing/include;/home/minis/ws_moveit2/src/moveit2/moveit_core/planning_interface/include;/home/minis/ws_moveit2/src/moveit2/moveit_core/planning_request_adapter/include;/home/minis/ws_moveit2/src/moveit2/moveit_core/planning_scene/include;/home/minis/ws_moveit2/src/moveit2/moveit_core/sensor_manager/include;/home/minis/ws_moveit2/src/moveit2/moveit_core/trajectory_processing/include;/home/minis/ws_moveit2/src/moveit2/moveit_core/utils/include
[1.629s] -- Configured cppcheck exclude dirs and/or files: 
[1.631s] -- Added test 'pep257' to check Python code against some of the docstring style conventions in PEP 257
[1.633s] -- Added test 'xmllint' to check XML markup files
[1.635s] -- Configuring done
[2.071s] -- Generating done
[2.168s] -- Build files have been written to: /home/minis/ws_moveit2/build/moveit_core
[2.203s] Invoked command in '/home/minis/ws_moveit2/build/moveit_core' returned '0': AMENT_PREFIX_PATH=/home/minis/ws_moveit2/install/moveit_resources_panda_moveit_config:/home/minis/ws_moveit2/install/srdfdom:/home/minis/ws_moveit2/install/moveit_resources_pr2_description:/home/minis/ws_moveit2/install/moveit_resources_panda_description:/home/minis/ws_moveit2/install/moveit_common:${AMENT_PREFIX_PATH} CMAKE_PREFIX_PATH=/home/minis/ws_moveit2/install/moveit_resources_panda_moveit_config:/home/minis/ws_moveit2/install/srdfdom:/home/minis/ws_moveit2/install/moveit_resources_pr2_description:/home/minis/ws_moveit2/install/moveit_resources_panda_description:/home/minis/ws_moveit2/install/moveit_common:/opt/ros/humble LD_LIBRARY_PATH=/home/minis/ws_moveit2/install/srdfdom/lib:${LD_LIBRARY_PATH} PYTHONPATH=/home/minis/ws_moveit2/install/srdfdom/local/lib/python3.10/dist-packages:${PYTHONPATH} /usr/bin/cmake /home/minis/ws_moveit2/src/moveit2/moveit_core -DCMAKE_BUILD_TYPE=Release -DCMAKE_INSTALL_PREFIX=/home/minis/ws_moveit2/install/moveit_core
[2.204s] Invoking command in '/home/minis/ws_moveit2/build/moveit_core': AMENT_PREFIX_PATH=/home/minis/ws_moveit2/install/moveit_resources_panda_moveit_config:/home/minis/ws_moveit2/install/srdfdom:/home/minis/ws_moveit2/install/moveit_resources_pr2_description:/home/minis/ws_moveit2/install/moveit_resources_panda_description:/home/minis/ws_moveit2/install/moveit_common:${AMENT_PREFIX_PATH} CMAKE_PREFIX_PATH=/home/minis/ws_moveit2/install/moveit_resources_panda_moveit_config:/home/minis/ws_moveit2/install/srdfdom:/home/minis/ws_moveit2/install/moveit_resources_pr2_description:/home/minis/ws_moveit2/install/moveit_resources_panda_description:/home/minis/ws_moveit2/install/moveit_common:/opt/ros/humble LD_LIBRARY_PATH=/home/minis/ws_moveit2/install/srdfdom/lib:${LD_LIBRARY_PATH} PYTHONPATH=/home/minis/ws_moveit2/install/srdfdom/local/lib/python3.10/dist-packages:${PYTHONPATH} /usr/bin/cmake --build /home/minis/ws_moveit2/build/moveit_core -- -j16 -l16
[2.252s] [  7%] [32mBuilding CXX object gmock/CMakeFiles/gmock_main.dir/src/gmock_main.cc.o[0m
[2.252s] [  7%] [32mBuilding CXX object gtest/CMakeFiles/gtest.dir/src/gtest-all.cc.o[0m
[2.252s] [  7%] [32mBuilding CXX object kinematics_base/CMakeFiles/moveit_kinematics_base.dir/src/kinematics_base.cpp.o[0m
[2.252s] [  7%] [32mBuilding CXX object gmock/CMakeFiles/gmock.dir/src/gmock-all.cc.o[0m
[2.252s] [  7%] [32mBuilding CXX object exceptions/CMakeFiles/moveit_exceptions.dir/src/exceptions.cpp.o[0m
[2.252s] [  7%] [32mBuilding CXX object distance_field/CMakeFiles/moveit_distance_field.dir/src/propagation_distance_field.cpp.o[0m
[2.252s] [  7%] [32mBuilding CXX object gmock/CMakeFiles/gmock.dir/opt/ros/humble/src/gtest_vendor/src/gtest-all.cc.o[0m
[2.252s] [  7%] [32mBuilding CXX object distance_field/CMakeFiles/moveit_distance_field.dir/src/distance_field.cpp.o[0m
[2.252s] [  7%] [32mBuilding CXX object gtest/CMakeFiles/gtest_main.dir/src/gtest_main.cc.o[0m
[2.252s] [  7%] [32mBuilding CXX object distance_field/CMakeFiles/moveit_distance_field.dir/src/find_internal_points.cpp.o[0m
[2.252s] [  7%] [32mBuilding CXX object transforms/CMakeFiles/moveit_transforms.dir/src/transforms.cpp.o[0m
[2.252s] [  8%] [32mBuilding CXX object utils/CMakeFiles/moveit_utils.dir/src/lexical_casts.cpp.o[0m
[2.252s] [ 10%] [34m[1mRunning `/opt/ros/humble/bin/generate_parameter_library_cpp /home/minis/ws_moveit2/build/moveit_core/online_signal_smoothing/include/moveit_core/moveit_butterworth_parameters.hpp /home/minis/ws_moveit2/src/moveit2/moveit_core/online_signal_smoothing/src/butterworth_parameters.yaml `[0m
[2.252s] [ 10%] [32mBuilding CXX object utils/CMakeFiles/moveit_utils.dir/src/message_checks.cpp.o[0m
[2.252s] [ 10%] [32mBuilding CXX object version/CMakeFiles/moveit_version.dir/version.cpp.o[0m
[2.252s] [ 10%] [32mBuilding CXX object online_signal_smoothing/CMakeFiles/moveit_smoothing_base.dir/src/smoothing_base_class.cpp.o[0m
[2.295s] [ 11%] [32m[1mLinking CXX executable moveit_version[0m
[2.371s] [ 11%] Built target moveit_version
[2.380s] [ 12%] [32mBuilding CXX object utils/CMakeFiles/moveit_utils.dir/src/rclcpp_utils.cpp.o[0m
[2.391s] [ 13%] [34m[1mCreating deprecated header file /home/minis/ws_moveit2/build/moveit_core/online_signal_smoothing/include/moveit_butterworth_parameters.hpp[0m
[2.411s] [ 13%] Built target moveit_butterworth_parameters
[2.872s] [ 13%] [32m[1mLinking CXX shared library libmoveit_exceptions.so[0m
[3.021s] [ 13%] Built target moveit_exceptions
[3.062s] [ 14%] [32m[1mLinking CXX shared library libmoveit_utils.so[0m
[3.162s] [ 14%] [32m[1mLinking CXX static library libgtest_main.a[0m
[3.198s] [ 14%] Built target gtest_main
[3.419s] [ 15%] [32m[1mLinking CXX static library libgmock_main.a[0m
[3.431s] [ 15%] Built target moveit_utils
[3.457s] [ 15%] Built target gmock_main
[4.458s] [ 15%] [32m[1mLinking CXX shared library libmoveit_smoothing_base.so[0m
[4.544s] [ 15%] Built target moveit_smoothing_base
[5.791s] [ 15%] [32m[1mLinking CXX shared library libmoveit_kinematics_base.so[0m
[5.882s] [ 15%] Built target moveit_kinematics_base
[5.902s] [ 19%] [32mBuilding CXX object robot_model/CMakeFiles/moveit_robot_model.dir/src/aabb.cpp.o[0m
[5.902s] [ 19%] [32mBuilding CXX object robot_model/CMakeFiles/moveit_robot_model.dir/src/joint_model_group.cpp.o[0m
[5.902s] [ 19%] [32mBuilding CXX object robot_model/CMakeFiles/moveit_robot_model.dir/src/fixed_joint_model.cpp.o[0m
[5.902s] [ 19%] [32mBuilding CXX object robot_model/CMakeFiles/moveit_robot_model.dir/src/joint_model.cpp.o[0m
[5.902s] [ 19%] [32mBuilding CXX object robot_model/CMakeFiles/moveit_robot_model.dir/src/floating_joint_model.cpp.o[0m
[5.902s] [ 19%] [32mBuilding CXX object robot_model/CMakeFiles/moveit_robot_model.dir/src/link_model.cpp.o[0m
[5.902s] [ 19%] [32mBuilding CXX object robot_model/CMakeFiles/moveit_robot_model.dir/src/planar_joint_model.cpp.o[0m
[5.902s] [ 19%] [32mBuilding CXX object robot_model/CMakeFiles/moveit_robot_model.dir/src/robot_model.cpp.o[0m
[5.903s] [ 19%] [32mBuilding CXX object robot_model/CMakeFiles/moveit_robot_model.dir/src/prismatic_joint_model.cpp.o[0m
[5.905s] [ 20%] [32mBuilding CXX object robot_model/CMakeFiles/moveit_robot_model.dir/src/revolute_joint_model.cpp.o[0m
[7.712s] [ 21%] [32m[1mLinking CXX static library libgtest.a[0m
[7.755s] [ 21%] Built target gtest
[7.792s] [ 21%] [32m[1mLinking CXX shared library libmoveit_transforms.so[0m
[7.964s] [ 21%] Built target moveit_transforms
[7.981s] [ 21%] [32mBuilding CXX object transforms/CMakeFiles/test_transforms.dir/test/test_transforms.cpp.o[0m
[8.004s] [ 22%] [32m[1mLinking CXX static library libgmock.a[0m
[8.048s] [ 22%] Built target gmock
[8.136s] [ 23%] [32m[1mLinking CXX shared library libmoveit_distance_field.so[0m
[8.264s] [ 23%] Built target moveit_distance_field
[8.281s] [ 24%] [32mBuilding CXX object distance_field/CMakeFiles/test_distance_field.dir/test/test_distance_field.cpp.o[0m
[8.281s] [ 25%] [32mBuilding CXX object distance_field/CMakeFiles/test_voxel_grid.dir/test/test_voxel_grid.cpp.o[0m
[10.008s] [ 26%] [32m[1mLinking CXX executable test_transforms[0m
[10.110s] [ 26%] Built target test_transforms
[11.288s] [ 26%] [32m[1mLinking CXX executable test_voxel_grid[0m
[11.400s] [ 26%] Built target test_voxel_grid
[12.285s] [ 27%] [32m[1mLinking CXX shared library libmoveit_robot_model.so[0m
[12.393s] [ 27%] Built target moveit_robot_model
[12.408s] [ 29%] [32mBuilding CXX object online_signal_smoothing/CMakeFiles/moveit_butterworth_filter.dir/src/butterworth_filter.cpp.o[0m
[12.408s] [ 29%] [32mBuilding CXX object robot_state/CMakeFiles/moveit_robot_state.dir/src/cartesian_interpolator.cpp.o[0m
[12.408s] [ 29%] [32mBuilding CXX object robot_state/CMakeFiles/moveit_robot_state.dir/src/conversions.cpp.o[0m
[12.409s] [ 29%] [32mBuilding CXX object robot_state/CMakeFiles/moveit_robot_state.dir/src/attached_body.cpp.o[0m
[12.409s] [ 30%] [32mBuilding CXX object utils/CMakeFiles/moveit_test_utils.dir/src/robot_model_test_utils.cpp.o[0m
[12.409s] [ 31%] [32mBuilding CXX object robot_state/CMakeFiles/moveit_robot_state.dir/src/robot_state.cpp.o[0m
[14.597s] [ 31%] [32m[1mLinking CXX executable test_distance_field[0m
[14.763s] [ 31%] Built target test_distance_field
[16.630s] [ 31%] [32m[1mLinking CXX shared library libmoveit_butterworth_filter.so[0m
[16.742s] [ 31%] Built target moveit_butterworth_filter
[16.761s] [ 31%] [32mBuilding CXX object online_signal_smoothing/CMakeFiles/test_butterworth_filter.dir/test/test_butterworth_filter.cpp.o[0m
[18.002s] [ 32%] [32m[1mLinking CXX shared library libmoveit_test_utils.so[0m
[18.110s] [ 32%] Built target moveit_test_utils
[18.128s] [ 33%] [32mBuilding CXX object robot_model/CMakeFiles/test_robot_model.dir/test/test.cpp.o[0m
[21.025s] [ 34%] [32m[1mLinking CXX executable test_butterworth_filter[0m
[21.125s] [ 34%] Built target test_butterworth_filter
[21.741s] [ 34%] [32m[1mLinking CXX executable test_robot_model[0m
[21.897s] [ 34%] Built target test_robot_model
[26.745s] [ 35%] [32m[1mLinking CXX shared library libmoveit_robot_state.so[0m
[26.858s] [ 35%] Built target moveit_robot_state
[26.874s] [ 41%] [32mBuilding CXX object robot_state/CMakeFiles/test_robot_state_complex.dir/test/test_kinematic_complex.cpp.o[0m
[26.874s] [ 41%] [32mBuilding CXX object collision_detection/CMakeFiles/moveit_collision_detection.dir/src/collision_common.cpp.o[0m
[26.874s] [ 41%] [32mBuilding CXX object robot_state/CMakeFiles/test_robot_state_benchmark.dir/test/robot_state_benchmark.cpp.o[0m
[26.874s] [ 41%] [32mBuilding CXX object robot_trajectory/CMakeFiles/moveit_robot_trajectory.dir/src/robot_trajectory.cpp.o[0m
[26.875s] [ 41%] [32mBuilding CXX object robot_state/CMakeFiles/test_aabb.dir/test/test_aabb.cpp.o[0m
[26.875s] [ 41%] [32mBuilding CXX object robot_state/CMakeFiles/test_cartesian_interpolator.dir/test/test_cartesian_interpolator.cpp.o[0m
[26.875s] [ 41%] [32mBuilding CXX object dynamics_solver/CMakeFiles/moveit_dynamics_solver.dir/src/dynamics_solver.cpp.o[0m
[26.875s] [ 41%] [32mBuilding CXX object collision_detection/CMakeFiles/moveit_collision_detection.dir/src/collision_matrix.cpp.o[0m
[26.875s] [ 41%] [32mBuilding CXX object collision_detection/CMakeFiles/moveit_collision_detection.dir/src/collision_tools.cpp.o[0m
[26.875s] [ 41%] [32mBuilding CXX object collision_detection/CMakeFiles/moveit_collision_detection.dir/src/world.cpp.o[0m
[26.876s] [ 41%] [32mBuilding CXX object collision_detection/CMakeFiles/moveit_collision_detection.dir/src/collision_octomap_filter.cpp.o[0m
[26.876s] [ 41%] [32mBuilding CXX object kinematics_metrics/CMakeFiles/moveit_kinematics_metrics.dir/src/kinematics_metrics.cpp.o[0m
[26.876s] [ 42%] [32mBuilding CXX object collision_detection/CMakeFiles/moveit_collision_detection.dir/src/world_diff.cpp.o[0m
[26.876s] [ 43%] [32mBuilding CXX object robot_state/CMakeFiles/test_robot_state.dir/test/robot_state_test.cpp.o[0m
[26.878s] [ 43%] [32mBuilding CXX object collision_detection/CMakeFiles/moveit_collision_detection.dir/src/allvalid/collision_env_allvalid.cpp.o[0m
[26.879s] [ 43%] [32mBuilding CXX object collision_detection/CMakeFiles/moveit_collision_detection.dir/src/collision_env.cpp.o[0m
[28.947s] [ 44%] [32mBuilding CXX object collision_detection/CMakeFiles/moveit_collision_detection.dir/src/collision_plugin_cache.cpp.o[0m
[32.845s] [ 45%] [32m[1mLinking CXX shared library libmoveit_dynamics_solver.so[0m
[32.975s] [ 45%] Built target moveit_dynamics_solver
[33.453s] [ 45%] [32m[1mLinking CXX executable test_cartesian_interpolator[0m
[33.643s] [ 46%] [32m[1mLinking CXX executable test_robot_state_benchmark[0m
[33.726s] [ 46%] Built target test_cartesian_interpolator
[33.841s] [ 46%] Built target test_robot_state_benchmark
[34.576s] [ 47%] [32m[1mLinking CXX executable test_aabb[0m
[34.760s] [ 47%] Built target test_aabb
[34.994s] [ 47%] [32m[1mLinking CXX shared library libmoveit_robot_trajectory.so[0m
[35.011s] [ 48%] [32m[1mLinking CXX executable test_robot_state_complex[0m
[35.120s] [ 48%] Built target moveit_robot_trajectory
[35.136s] [ 52%] [32mBuilding CXX object trajectory_processing/CMakeFiles/moveit_trajectory_processing.dir/src/ruckig_traj_smoothing.cpp.o[0m
[35.136s] [ 52%] [32mBuilding CXX object trajectory_processing/CMakeFiles/moveit_trajectory_processing.dir/src/time_optimal_trajectory_generation.cpp.o[0m
[35.136s] [ 52%] [32mBuilding CXX object planning_interface/CMakeFiles/moveit_planning_interface.dir/src/planning_response.cpp.o[0m
[35.136s] [ 52%] [32mBuilding CXX object trajectory_processing/CMakeFiles/moveit_trajectory_processing.dir/src/iterative_spline_parameterization.cpp.o[0m
[35.136s] [ 52%] [32mBuilding CXX object robot_trajectory/CMakeFiles/test_robot_trajectory.dir/test/test_robot_trajectory.cpp.o[0m
[35.136s] [ 52%] [32mBuilding CXX object trajectory_processing/CMakeFiles/moveit_trajectory_processing.dir/src/trajectory_tools.cpp.o[0m
[35.136s] [ 52%] [32mBuilding CXX object trajectory_processing/CMakeFiles/moveit_trajectory_processing.dir/src/iterative_time_parameterization.cpp.o[0m
[35.137s] [ 53%] [32mBuilding CXX object planning_interface/CMakeFiles/moveit_planning_interface.dir/src/planning_interface.cpp.o[0m
[35.244s] [ 53%] Built target test_robot_state_complex
[36.119s] [ 54%] [32m[1mLinking CXX executable test_robot_state[0m
[36.321s] [ 54%] Built target test_robot_state
[40.000s] [ 54%] [32m[1mLinking CXX shared library libmoveit_collision_detection.so[0m
[40.191s] [ 54%] Built target moveit_collision_detection
[40.211s] [ 55%] [32mBuilding CXX object collision_detection/CMakeFiles/test_world.dir/test/test_world.cpp.o[0m
[40.212s] [ 58%] [32mBuilding CXX object collision_detection/CMakeFiles/test_world_diff.dir/test/test_world_diff.cpp.o[0m
[40.212s] [ 58%] [32mBuilding CXX object collision_detection_fcl/CMakeFiles/moveit_collision_detection_fcl.dir/src/collision_common.cpp.o[0m
[40.212s] [ 58%] [32mBuilding CXX object collision_detection/CMakeFiles/test_all_valid.dir/test/test_all_valid.cpp.o[0m
[40.212s] [ 58%] [32mBuilding CXX object collision_detection_fcl/CMakeFiles/moveit_collision_detection_fcl.dir/src/collision_env_fcl.cpp.o[0m
[40.212s] [ 59%] [32mBuilding CXX object collision_detection_bullet/CMakeFiles/moveit_collision_detection_bullet.dir/src/bullet_integration/bullet_discrete_bvh_manager.cpp.o[0m
[40.212s] [ 60%] [32mBuilding CXX object collision_detection_bullet/CMakeFiles/moveit_collision_detection_bullet.dir/src/collision_env_bullet.cpp.o[0m
[40.212s] [ 60%] [32mBuilding CXX object collision_detection_bullet/CMakeFiles/moveit_collision_detection_bullet.dir/src/bullet_integration/bullet_cast_bvh_manager.cpp.o[0m
[40.214s] [ 61%] [32mBuilding CXX object collision_detection_bullet/CMakeFiles/moveit_collision_detection_bullet.dir/src/bullet_integration/bullet_utils.cpp.o[0m
[40.218s] [ 61%] [32mBuilding CXX object collision_detection_bullet/CMakeFiles/moveit_collision_detection_bullet.dir/src/bullet_integration/bullet_bvh_manager.cpp.o[0m
[40.609s] [ 62%] [32mBuilding CXX object collision_detection_bullet/CMakeFiles/moveit_collision_detection_bullet.dir/src/bullet_integration/contact_checker_common.cpp.o[0m
[42.210s] [ 63%] [32mBuilding CXX object collision_detection_bullet/CMakeFiles/moveit_collision_detection_bullet.dir/src/bullet_integration/ros_bullet_utils.cpp.o[0m
[42.455s] [ 63%] [32m[1mLinking CXX executable test_robot_trajectory[0m
[42.804s] [ 63%] Built target test_robot_trajectory
[43.025s] [ 63%] [32m[1mLinking CXX shared library libmoveit_planning_interface.so[0m
[43.209s] [ 63%] Built target moveit_planning_interface
[43.377s] [ 64%] [32m[1mLinking CXX shared library libmoveit_trajectory_processing.so[0m
[43.520s] [ 64%] Built target moveit_trajectory_processing
[43.544s] [ 65%] [32mBuilding CXX object trajectory_processing/CMakeFiles/test_time_parameterization.dir/test/test_time_parameterization.cpp.o[0m
[43.544s] [ 65%] [32mBuilding CXX object trajectory_processing/CMakeFiles/test_time_optimal_trajectory_generation.dir/test/test_time_optimal_trajectory_generation.cpp.o[0m
[43.544s] [ 66%] [32mBuilding CXX object trajectory_processing/CMakeFiles/test_ruckig_traj_smoothing.dir/test/test_ruckig_traj_smoothing.cpp.o[0m
[45.253s] [ 66%] [32m[1mLinking CXX shared library libmoveit_kinematics_metrics.so[0m
[45.467s] [ 66%] Built target moveit_kinematics_metrics
[46.015s] [ 67%] [32m[1mLinking CXX executable test_world_diff[0m
[46.308s] [ 67%] Built target test_world_diff
[46.800s] [ 67%] [32m[1mLinking CXX executable test_world[0m
[46.987s] [ 67%] Built target test_world
[47.134s] [ 67%] [32m[1mLinking CXX executable test_all_valid[0m
[47.411s] [ 67%] Built target test_all_valid
[47.673s] [ 67%] [32m[1mLinking CXX shared library libmoveit_collision_detection_bullet.so[0m
[47.838s] [ 67%] Built target moveit_collision_detection_bullet
[47.854s] [ 68%] [32mBuilding CXX object collision_detection_bullet/CMakeFiles/test_bullet_continuous_collision_checking.dir/test/test_bullet_continuous_collision_checking.cpp.o[0m
[47.854s] [ 68%] [32mBuilding CXX object collision_detection_bullet/CMakeFiles/test_bullet_collision_detection.dir/test/test_bullet_collision_detection_pr2.cpp.o[0m
[47.854s] [ 69%] [32mBuilding CXX object collision_detection_bullet/CMakeFiles/test_bullet_collision_detection_panda.dir/test/test_bullet_collision_detection_panda.cpp.o[0m
[48.516s] [ 70%] [32m[1mLinking CXX shared library libmoveit_collision_detection_fcl.so[0m
[48.666s] [ 70%] Built target moveit_collision_detection_fcl
[48.682s] [ 71%] [32mBuilding CXX object collision_detection_fcl/CMakeFiles/test_fcl_collision_env.dir/test/test_fcl_env.cpp.o[0m
[48.682s] [ 71%] [32mBuilding CXX object kinematic_constraints/CMakeFiles/moveit_kinematic_constraints.dir/src/kinematic_constraint.cpp.o[0m
[48.682s] [ 72%] [32mBuilding CXX object collision_detection_fcl/CMakeFiles/test_fcl_collision_detection.dir/test/test_fcl_collision_detection_pr2.cpp.o[0m
[48.684s] [ 72%] [32mBuilding CXX object kinematic_constraints/CMakeFiles/moveit_kinematic_constraints.dir/src/utils.cpp.o[0m
[48.684s] [ 73%] [32mBuilding CXX object collision_detection_fcl/CMakeFiles/test_fcl_collision_detection_panda.dir/test/test_fcl_collision_detection_panda.cpp.o[0m
[50.375s] [ 73%] [32m[1mLinking CXX executable test_ruckig_traj_smoothing[0m
[50.588s] [ 73%] Built target test_ruckig_traj_smoothing
[50.614s] [ 74%] [32m[1mLinking CXX executable test_time_parameterization[0m
[50.817s] [ 74%] Built target test_time_parameterization
[52.888s] [ 75%] [32m[1mLinking CXX executable test_time_optimal_trajectory_generation[0m
[53.211s] [ 75%] Built target test_time_optimal_trajectory_generation
[53.919s] [ 76%] [32m[1mLinking CXX executable test_bullet_collision_detection_panda[0m
[54.130s] [ 76%] Built target test_bullet_collision_detection_panda
[55.423s] [ 77%] [32m[1mLinking CXX executable test_fcl_collision_env[0m
[55.534s] [ 77%] [32m[1mLinking CXX executable test_bullet_collision_detection[0m
[55.641s] [ 77%] Built target test_fcl_collision_env
[55.761s] [ 77%] Built target test_bullet_collision_detection
[56.004s] [ 78%] [32m[1mLinking CXX executable test_bullet_continuous_collision_checking[0m
[56.217s] [ 78%] Built target test_bullet_continuous_collision_checking
[56.610s] [ 79%] [32m[1mLinking CXX executable test_fcl_collision_detection_panda[0m
[56.759s] [ 79%] [32m[1mLinking CXX executable test_fcl_collision_detection[0m
[56.805s] [ 79%] Built target test_fcl_collision_detection_panda
[56.960s] [ 79%] Built target test_fcl_collision_detection
[58.572s] [ 80%] [32m[1mLinking CXX shared library libmoveit_kinematic_constraints.so[0m
[58.696s] [ 80%] Built target moveit_kinematic_constraints
[58.712s] [ 81%] [32mBuilding CXX object planning_scene/CMakeFiles/moveit_planning_scene.dir/src/planning_scene.cpp.o[0m
[58.712s] [ 81%] [32mBuilding CXX object kinematic_constraints/CMakeFiles/test_constraints.dir/test/test_constraints.cpp.o[0m
[58.713s] [ 82%] [32mBuilding CXX object kinematic_constraints/CMakeFiles/test_orientation_constraints.dir/test/test_orientation_constraints.cpp.o[0m
[65.117s] [ 82%] [32m[1mLinking CXX executable test_orientation_constraints[0m
[65.302s] [ 82%] Built target test_orientation_constraints
[65.848s] [ 83%] [32m[1mLinking CXX executable test_constraints[0m
[66.024s] [ 83%] Built target test_constraints
[69.721s] [ 84%] [32m[1mLinking CXX shared library libmoveit_planning_scene.so[0m
[69.845s] [ 84%] Built target moveit_planning_scene
[69.866s] [ 84%] [32mBuilding CXX object collision_detection_bullet/CMakeFiles/collision_detector_bullet_plugin.dir/src/collision_detector_bullet_plugin_loader.cpp.o[0m
[69.866s] [ 89%] [32mBuilding CXX object collision_distance_field/CMakeFiles/moveit_collision_distance_field.dir/src/collision_distance_field_types.cpp.o[0m
[69.866s] [ 84%] [32mBuilding CXX object constraint_samplers/CMakeFiles/moveit_constraint_samplers.dir/src/default_constraint_samplers.cpp.o[0m
[69.866s] [ 84%] [32mBuilding CXX object collision_distance_field/CMakeFiles/moveit_collision_distance_field.dir/src/collision_env_hybrid.cpp.o[0m
[69.866s] [ 84%] [32mBuilding CXX object collision_detection_fcl/CMakeFiles/collision_detector_fcl_plugin.dir/src/collision_detector_fcl_plugin_loader.cpp.o[0m
[69.866s] [ 84%] [32mBuilding CXX object collision_distance_field/CMakeFiles/moveit_collision_distance_field.dir/src/collision_common_distance_field.cpp.o[0m
[69.866s] [ 84%] [32mBuilding CXX object constraint_samplers/CMakeFiles/moveit_constraint_samplers.dir/src/constraint_sampler_manager.cpp.o[0m
[69.866s] [ 92%] [32mBuilding CXX object planning_scene/CMakeFiles/test_multi_threaded.dir/test/test_multi_threaded.cpp.o[0m
[69.866s] [ 92%] [32mBuilding CXX object planning_scene/CMakeFiles/test_collision_objects.dir/test/test_collision_objects.cpp.o[0m
[69.866s] [ 92%] [32mBuilding CXX object constraint_samplers/CMakeFiles/moveit_constraint_samplers.dir/src/union_constraint_sampler.cpp.o[0m
[69.866s] [ 92%] [32mBuilding CXX object constraint_samplers/CMakeFiles/moveit_constraint_samplers.dir/src/constraint_sampler_tools.cpp.o[0m
[69.866s] [ 92%] [32mBuilding CXX object planning_request_adapter/CMakeFiles/moveit_planning_request_adapter.dir/src/planning_request_adapter.cpp.o[0m
[69.866s] [ 92%] [32mBuilding CXX object planning_scene/CMakeFiles/test_planning_scene.dir/test/test_planning_scene.cpp.o[0m
[69.867s] [ 92%] [32mBuilding CXX object collision_distance_field/CMakeFiles/moveit_collision_distance_field.dir/src/collision_env_distance_field.cpp.o[0m
[69.867s] [ 92%] [32mBuilding CXX object constraint_samplers/CMakeFiles/moveit_constraint_samplers.dir/src/constraint_sampler.cpp.o[0m
[77.439s] [ 92%] [32m[1mLinking CXX shared library libmoveit_planning_request_adapter.so[0m
[77.592s] [ 92%] Built target moveit_planning_request_adapter
[78.196s] [ 93%] [32m[1mLinking CXX shared library libcollision_detector_bullet_plugin.so[0m
[78.381s] [ 93%] Built target collision_detector_bullet_plugin
[78.750s] [ 94%] [32m[1mLinking CXX shared library libcollision_detector_fcl_plugin.so[0m
[78.827s] [ 95%] [32m[1mLinking CXX executable test_multi_threaded[0m
[78.865s] [ 95%] Built target collision_detector_fcl_plugin
[79.030s] [ 95%] Built target test_multi_threaded
[79.898s] [ 95%] [32m[1mLinking CXX shared library libmoveit_constraint_samplers.so[0m
[80.021s] [ 95%] Built target moveit_constraint_samplers
[80.041s] [ 97%] [32mBuilding CXX object constraint_samplers/CMakeFiles/test_constraint_samplers.dir/test/test_constraint_samplers.cpp.o[0m
[80.042s] [ 97%] [32mBuilding CXX object constraint_samplers/CMakeFiles/test_constraint_samplers.dir/test/pr2_arm_kinematics_plugin.cpp.o[0m
[80.042s] [ 97%] [32mBuilding CXX object constraint_samplers/CMakeFiles/test_constraint_samplers.dir/test/pr2_arm_ik.cpp.o[0m
[80.146s] [ 97%] [32m[1mLinking CXX executable test_collision_objects[0m
[80.335s] [ 97%] Built target test_collision_objects
[81.349s] [ 98%] [32m[1mLinking CXX shared library libmoveit_collision_distance_field.so[0m
[81.491s] [ 98%] Built target moveit_collision_distance_field
[81.511s] [ 99%] [32mBuilding CXX object collision_distance_field/CMakeFiles/test_collision_distance_field.dir/test/test_collision_distance_field.cpp.o[0m
[82.967s] [ 99%] [32m[1mLinking CXX executable test_planning_scene[0m
[83.174s] [ 99%] Built target test_planning_scene
[88.698s] [ 99%] [32m[1mLinking CXX executable test_collision_distance_field[0m
[88.886s] [ 99%] Built target test_collision_distance_field
[89.070s] [100%] [32m[1mLinking CXX executable test_constraint_samplers[0m
[89.268s] [100%] Built target test_constraint_samplers
[89.279s] Invoked command in '/home/minis/ws_moveit2/build/moveit_core' returned '0': AMENT_PREFIX_PATH=/home/minis/ws_moveit2/install/moveit_resources_panda_moveit_config:/home/minis/ws_moveit2/install/srdfdom:/home/minis/ws_moveit2/install/moveit_resources_pr2_description:/home/minis/ws_moveit2/install/moveit_resources_panda_description:/home/minis/ws_moveit2/install/moveit_common:${AMENT_PREFIX_PATH} CMAKE_PREFIX_PATH=/home/minis/ws_moveit2/install/moveit_resources_panda_moveit_config:/home/minis/ws_moveit2/install/srdfdom:/home/minis/ws_moveit2/install/moveit_resources_pr2_description:/home/minis/ws_moveit2/install/moveit_resources_panda_description:/home/minis/ws_moveit2/install/moveit_common:/opt/ros/humble LD_LIBRARY_PATH=/home/minis/ws_moveit2/install/srdfdom/lib:${LD_LIBRARY_PATH} PYTHONPATH=/home/minis/ws_moveit2/install/srdfdom/local/lib/python3.10/dist-packages:${PYTHONPATH} /usr/bin/cmake --build /home/minis/ws_moveit2/build/moveit_core -- -j16 -l16
[89.280s] Invoking command in '/home/minis/ws_moveit2/build/moveit_core': AMENT_PREFIX_PATH=/home/minis/ws_moveit2/install/moveit_resources_panda_moveit_config:/home/minis/ws_moveit2/install/srdfdom:/home/minis/ws_moveit2/install/moveit_resources_pr2_description:/home/minis/ws_moveit2/install/moveit_resources_panda_description:/home/minis/ws_moveit2/install/moveit_common:${AMENT_PREFIX_PATH} CMAKE_PREFIX_PATH=/home/minis/ws_moveit2/install/moveit_resources_panda_moveit_config:/home/minis/ws_moveit2/install/srdfdom:/home/minis/ws_moveit2/install/moveit_resources_pr2_description:/home/minis/ws_moveit2/install/moveit_resources_panda_description:/home/minis/ws_moveit2/install/moveit_common:/opt/ros/humble LD_LIBRARY_PATH=/home/minis/ws_moveit2/install/srdfdom/lib:${LD_LIBRARY_PATH} PYTHONPATH=/home/minis/ws_moveit2/install/srdfdom/local/lib/python3.10/dist-packages:${PYTHONPATH} /usr/bin/cmake --install /home/minis/ws_moveit2/build/moveit_core
[89.286s] -- Install configuration: "Release"
[89.286s] -- Installing: /home/minis/ws_moveit2/install/moveit_core/include/moveit/version.h
[89.286s] -- Up-to-date: /home/minis/ws_moveit2/install/moveit_core/include
[89.286s] -- Up-to-date: /home/minis/ws_moveit2/install/moveit_core/include/moveit
[89.286s] -- Installing: /home/minis/ws_moveit2/install/moveit_core/include/moveit/collision_distance_field
[89.286s] -- Installing: /home/minis/ws_moveit2/install/moveit_core/include/moveit/collision_distance_field/collision_common_distance_field.h
[89.286s] -- Installing: /home/minis/ws_moveit2/install/moveit_core/include/moveit/collision_distance_field/collision_distance_field_types.h
[89.287s] -- Installing: /home/minis/ws_moveit2/install/moveit_core/include/moveit/collision_distance_field/collision_env_hybrid.h
[89.287s] -- Installing: /home/minis/ws_moveit2/install/moveit_core/include/moveit/collision_distance_field/collision_detector_allocator_distance_field.h
[89.287s] -- Installing: /home/minis/ws_moveit2/install/moveit_core/include/moveit/collision_distance_field/collision_env_distance_field.h
[89.287s] -- Installing: /home/minis/ws_moveit2/install/moveit_core/include/moveit/collision_distance_field/collision_detector_allocator_hybrid.h
[89.287s] -- Installing: /home/minis/ws_moveit2/install/moveit_core/include/moveit_collision_distance_field_export.h
[89.287s] -- Up-to-date: /home/minis/ws_moveit2/install/moveit_core/include
[89.287s] -- Up-to-date: /home/minis/ws_moveit2/install/moveit_core/include/moveit
[89.287s] -- Installing: /home/minis/ws_moveit2/install/moveit_core/include/moveit/constraint_samplers
[89.287s] -- Installing: /home/minis/ws_moveit2/install/moveit_core/include/moveit/constraint_samplers/constraint_sampler.h
[89.287s] -- Installing: /home/minis/ws_moveit2/install/moveit_core/include/moveit/constraint_samplers/constraint_sampler_tools.h
[89.287s] -- Installing: /home/minis/ws_moveit2/install/moveit_core/include/moveit/constraint_samplers/constraint_sampler_allocator.h
[89.287s] -- Installing: /home/minis/ws_moveit2/install/moveit_core/include/moveit/constraint_samplers/union_constraint_sampler.h
[89.287s] -- Installing: /home/minis/ws_moveit2/install/moveit_core/include/moveit/constraint_samplers/constraint_sampler_manager.h
[89.287s] -- Installing: /home/minis/ws_moveit2/install/moveit_core/include/moveit/constraint_samplers/default_constraint_samplers.h
[89.288s] -- Up-to-date: /home/minis/ws_moveit2/install/moveit_core/include
[89.288s] -- Up-to-date: /home/minis/ws_moveit2/install/moveit_core/include/moveit
[89.288s] -- Installing: /home/minis/ws_moveit2/install/moveit_core/include/moveit/controller_manager
[89.288s] -- Installing: /home/minis/ws_moveit2/install/moveit_core/include/moveit/controller_manager/controller_manager.h
[89.288s] -- Up-to-date: /home/minis/ws_moveit2/install/moveit_core/include
[89.288s] -- Up-to-date: /home/minis/ws_moveit2/install/moveit_core/include/moveit
[89.288s] -- Installing: /home/minis/ws_moveit2/install/moveit_core/include/moveit/distance_field
[89.288s] -- Installing: /home/minis/ws_moveit2/install/moveit_core/include/moveit/distance_field/find_internal_points.h
[89.288s] -- Installing: /home/minis/ws_moveit2/install/moveit_core/include/moveit/distance_field/propagation_distance_field.h
[89.288s] -- Installing: /home/minis/ws_moveit2/install/moveit_core/include/moveit/distance_field/voxel_grid.h
[89.288s] -- Installing: /home/minis/ws_moveit2/install/moveit_core/include/moveit/distance_field/distance_field.h
[89.288s] -- Up-to-date: /home/minis/ws_moveit2/install/moveit_core/include
[89.288s] -- Up-to-date: /home/minis/ws_moveit2/install/moveit_core/include/moveit
[89.288s] -- Installing: /home/minis/ws_moveit2/install/moveit_core/include/moveit/dynamics_solver
[89.288s] -- Installing: /home/minis/ws_moveit2/install/moveit_core/include/moveit/dynamics_solver/dynamics_solver.h
[89.289s] -- Up-to-date: /home/minis/ws_moveit2/install/moveit_core/include
[89.289s] -- Up-to-date: /home/minis/ws_moveit2/install/moveit_core/include/moveit
[89.289s] -- Installing: /home/minis/ws_moveit2/install/moveit_core/include/moveit/exceptions
[89.289s] -- Installing: /home/minis/ws_moveit2/install/moveit_core/include/moveit/exceptions/exceptions.h
[89.289s] -- Up-to-date: /home/minis/ws_moveit2/install/moveit_core/include
[89.289s] -- Up-to-date: /home/minis/ws_moveit2/install/moveit_core/include/moveit
[89.289s] -- Installing: /home/minis/ws_moveit2/install/moveit_core/include/moveit/kinematics_base
[89.289s] -- Installing: /home/minis/ws_moveit2/install/moveit_core/include/moveit/kinematics_base/kinematics_base.h
[89.289s] -- Installing: /home/minis/ws_moveit2/install/moveit_core/include/moveit_kinematics_base_export.h
[89.290s] -- Up-to-date: /home/minis/ws_moveit2/install/moveit_core/include
[89.290s] -- Up-to-date: /home/minis/ws_moveit2/install/moveit_core/include/moveit
[89.290s] -- Installing: /home/minis/ws_moveit2/install/moveit_core/include/moveit/kinematic_constraints
[89.290s] -- Installing: /home/minis/ws_moveit2/install/moveit_core/include/moveit/kinematic_constraints/utils.h
[89.290s] -- Installing: /home/minis/ws_moveit2/install/moveit_core/include/moveit/kinematic_constraints/kinematic_constraint.h
[89.290s] -- Up-to-date: /home/minis/ws_moveit2/install/moveit_core/include
[89.290s] -- Up-to-date: /home/minis/ws_moveit2/install/moveit_core/include/moveit
[89.290s] -- Installing: /home/minis/ws_moveit2/install/moveit_core/include/moveit/kinematics_metrics
[89.290s] -- Installing: /home/minis/ws_moveit2/install/moveit_core/include/moveit/kinematics_metrics/kinematics_metrics.h
[89.290s] -- Up-to-date: /home/minis/ws_moveit2/install/moveit_core/include
[89.290s] -- Up-to-date: /home/minis/ws_moveit2/install/moveit_core/include/moveit
[89.290s] -- Installing: /home/minis/ws_moveit2/install/moveit_core/include/moveit/macros
[89.290s] -- Installing: /home/minis/ws_moveit2/install/moveit_core/include/moveit/macros/console_colors.h
[89.290s] -- Installing: /home/minis/ws_moveit2/install/moveit_core/include/moveit/macros/class_forward.h
[89.290s] -- Installing: /home/minis/ws_moveit2/install/moveit_core/include/moveit/macros/declare_ptr.h
[89.290s] -- Installing: /home/minis/ws_moveit2/install/moveit_core/include/moveit/macros/deprecation.h
[89.291s] -- Installing: /home/minis/ws_moveit2/install/moveit_core/include/moveit_core
[89.291s] -- Installing: /home/minis/ws_moveit2/install/moveit_core/include/moveit_core/moveit_butterworth_parameters.hpp
[89.291s] -- Up-to-date: /home/minis/ws_moveit2/install/moveit_core/include
[89.291s] -- Up-to-date: /home/minis/ws_moveit2/install/moveit_core/include/moveit
[89.291s] -- Installing: /home/minis/ws_moveit2/install/moveit_core/include/moveit/online_signal_smoothing
[89.291s] -- Installing: /home/minis/ws_moveit2/install/moveit_core/include/moveit/online_signal_smoothing/butterworth_filter.h
[89.291s] -- Installing: /home/minis/ws_moveit2/install/moveit_core/include/moveit/online_signal_smoothing/smoothing_base_class.h
[89.291s] -- Installing: /home/minis/ws_moveit2/install/moveit_core/include/moveit_smoothing_base_export.h
[89.291s] -- Installing: /home/minis/ws_moveit2/install/moveit_core/include/moveit_butterworth_filter_export.h
[89.291s] -- Up-to-date: /home/minis/ws_moveit2/install/moveit_core/include
[89.291s] -- Up-to-date: /home/minis/ws_moveit2/install/moveit_core/include/moveit
[89.291s] -- Installing: /home/minis/ws_moveit2/install/moveit_core/include/moveit/planning_interface
[89.291s] -- Installing: /home/minis/ws_moveit2/install/moveit_core/include/moveit/planning_interface/planning_request.h
[89.291s] -- Installing: /home/minis/ws_moveit2/install/moveit_core/include/moveit/planning_interface/planning_interface.h
[89.292s] -- Installing: /home/minis/ws_moveit2/install/moveit_core/include/moveit/planning_interface/planning_response.h
[89.292s] -- Up-to-date: /home/minis/ws_moveit2/install/moveit_core/include
[89.292s] -- Up-to-date: /home/minis/ws_moveit2/install/moveit_core/include/moveit
[89.292s] -- Installing: /home/minis/ws_moveit2/install/moveit_core/include/moveit/planning_request_adapter
[89.292s] -- Installing: /home/minis/ws_moveit2/install/moveit_core/include/moveit/planning_request_adapter/planning_request_adapter.h
[89.292s] -- Up-to-date: /home/minis/ws_moveit2/install/moveit_core/include
[89.292s] -- Up-to-date: /home/minis/ws_moveit2/install/moveit_core/include/moveit
[89.293s] -- Installing: /home/minis/ws_moveit2/install/moveit_core/include/moveit/planning_scene
[89.293s] -- Installing: /home/minis/ws_moveit2/install/moveit_core/include/moveit/planning_scene/planning_scene.h
[89.293s] -- Installing: /home/minis/ws_moveit2/install/moveit_core/include/moveit_planning_scene_export.h
[89.293s] -- Up-to-date: /home/minis/ws_moveit2/install/moveit_core/include
[89.293s] -- Up-to-date: /home/minis/ws_moveit2/install/moveit_core/include/moveit
[89.293s] -- Installing: /home/minis/ws_moveit2/install/moveit_core/include/moveit/robot_model
[89.293s] -- Installing: /home/minis/ws_moveit2/install/moveit_core/include/moveit/robot_model/joint_model_group.h
[89.293s] -- Installing: /home/minis/ws_moveit2/install/moveit_core/include/moveit/robot_model/floating_joint_model.h
[89.293s] -- Installing: /home/minis/ws_moveit2/install/moveit_core/include/moveit/robot_model/link_model.h
[89.293s] -- Installing: /home/minis/ws_moveit2/install/moveit_core/include/moveit/robot_model/robot_model.h
[89.293s] -- Installing: /home/minis/ws_moveit2/install/moveit_core/include/moveit/robot_model/aabb.h
[89.293s] -- Installing: /home/minis/ws_moveit2/install/moveit_core/include/moveit/robot_model/revolute_joint_model.h
[89.294s] -- Installing: /home/minis/ws_moveit2/install/moveit_core/include/moveit/robot_model/planar_joint_model.h
[89.294s] -- Installing: /home/minis/ws_moveit2/install/moveit_core/include/moveit/robot_model/prismatic_joint_model.h
[89.294s] -- Installing: /home/minis/ws_moveit2/install/moveit_core/include/moveit/robot_model/fixed_joint_model.h
[89.294s] -- Installing: /home/minis/ws_moveit2/install/moveit_core/include/moveit/robot_model/joint_model.h
[89.294s] -- Up-to-date: /home/minis/ws_moveit2/install/moveit_core/include
[89.294s] -- Up-to-date: /home/minis/ws_moveit2/install/moveit_core/include/moveit
[89.294s] -- Installing: /home/minis/ws_moveit2/install/moveit_core/include/moveit/robot_state
[89.294s] -- Installing: /home/minis/ws_moveit2/install/moveit_core/include/moveit/robot_state/robot_state.h
[89.294s] -- Installing: /home/minis/ws_moveit2/install/moveit_core/include/moveit/robot_state/cartesian_interpolator.h
[89.294s] -- Installing: /home/minis/ws_moveit2/install/moveit_core/include/moveit/robot_state/attached_body.h
[89.294s] -- Installing: /home/minis/ws_moveit2/install/moveit_core/include/moveit/robot_state/conversions.h
[89.295s] -- Up-to-date: /home/minis/ws_moveit2/install/moveit_core/include
[89.295s] -- Up-to-date: /home/minis/ws_moveit2/install/moveit_core/include/moveit
[89.295s] -- Installing: /home/minis/ws_moveit2/install/moveit_core/include/moveit/robot_trajectory
[89.295s] -- Installing: /home/minis/ws_moveit2/install/moveit_core/include/moveit/robot_trajectory/robot_trajectory.h
[89.295s] -- Up-to-date: /home/minis/ws_moveit2/install/moveit_core/include
[89.295s] -- Up-to-date: /home/minis/ws_moveit2/install/moveit_core/include/moveit
[89.295s] -- Installing: /home/minis/ws_moveit2/install/moveit_core/include/moveit/sensor_manager
[89.295s] -- Installing: /home/minis/ws_moveit2/install/moveit_core/include/moveit/sensor_manager/sensor_manager.h
[89.295s] -- Up-to-date: /home/minis/ws_moveit2/install/moveit_core/include
[89.296s] -- Up-to-date: /home/minis/ws_moveit2/install/moveit_core/include/moveit
[89.296s] -- Installing: /home/minis/ws_moveit2/install/moveit_core/include/moveit/trajectory_processing
[89.296s] -- Installing: /home/minis/ws_moveit2/install/moveit_core/include/moveit/trajectory_processing/time_parameterization.h
[89.296s] -- Installing: /home/minis/ws_moveit2/install/moveit_core/include/moveit/trajectory_processing/iterative_spline_parameterization.h
[89.296s] -- Installing: /home/minis/ws_moveit2/install/moveit_core/include/moveit/trajectory_processing/iterative_time_parameterization.h
[89.296s] -- Installing: /home/minis/ws_moveit2/install/moveit_core/include/moveit/trajectory_processing/time_optimal_trajectory_generation.h
[89.296s] -- Installing: /home/minis/ws_moveit2/install/moveit_core/include/moveit/trajectory_processing/trajectory_tools.h
[89.296s] -- Installing: /home/minis/ws_moveit2/install/moveit_core/include/moveit/trajectory_processing/ruckig_traj_smoothing.h
[89.296s] -- Up-to-date: /home/minis/ws_moveit2/install/moveit_core/include
[89.296s] -- Up-to-date: /home/minis/ws_moveit2/install/moveit_core/include/moveit
[89.296s] -- Installing: /home/minis/ws_moveit2/install/moveit_core/include/moveit/transforms
[89.296s] -- Installing: /home/minis/ws_moveit2/install/moveit_core/include/moveit/transforms/transforms.h
[89.296s] -- Up-to-date: /home/minis/ws_moveit2/install/moveit_core/include
[89.296s] -- Up-to-date: /home/minis/ws_moveit2/install/moveit_core/include/moveit
[89.296s] -- Installing: /home/minis/ws_moveit2/install/moveit_core/include/moveit/utils
[89.296s] -- Installing: /home/minis/ws_moveit2/install/moveit_core/include/moveit/utils/rclcpp_utils.h
[89.296s] -- Installing: /home/minis/ws_moveit2/install/moveit_core/include/moveit/utils/moveit_error_code.h
[89.297s] -- Installing: /home/minis/ws_moveit2/install/moveit_core/include/moveit/utils/message_checks.h
[89.297s] -- Installing: /home/minis/ws_moveit2/install/moveit_core/include/moveit/utils/robot_model_test_utils.h
[89.297s] -- Installing: /home/minis/ws_moveit2/install/moveit_core/include/moveit/utils/lexical_casts.h
[89.297s] -- Installing: /home/minis/ws_moveit2/install/moveit_core/bin/moveit_version
[89.297s] -- Up-to-date: /home/minis/ws_moveit2/install/moveit_core/include
[89.297s] -- Up-to-date: /home/minis/ws_moveit2/install/moveit_core/include/moveit
[89.297s] -- Installing: /home/minis/ws_moveit2/install/moveit_core/include/moveit/collision_detection
[89.297s] -- Installing: /home/minis/ws_moveit2/install/moveit_core/include/moveit/collision_detection/collision_tools.h
[89.297s] -- Installing: /home/minis/ws_moveit2/install/moveit_core/include/moveit/collision_detection/test_collision_common_panda.h
[89.297s] -- Installing: /home/minis/ws_moveit2/install/moveit_core/include/moveit/collision_detection/allvalid
[89.297s] -- Installing: /home/minis/ws_moveit2/install/moveit_core/include/moveit/collision_detection/allvalid/collision_env_allvalid.h
[89.297s] -- Installing: /home/minis/ws_moveit2/install/moveit_core/include/moveit/collision_detection/allvalid/collision_detector_allocator_allvalid.h
[89.297s] -- Installing: /home/minis/ws_moveit2/install/moveit_core/include/moveit/collision_detection/collision_plugin_cache.h
[89.297s] -- Installing: /home/minis/ws_moveit2/install/moveit_core/include/moveit/collision_detection/collision_octomap_filter.h
[89.298s] -- Installing: /home/minis/ws_moveit2/install/moveit_core/include/moveit/collision_detection/occupancy_map.h
[89.298s] -- Installing: /home/minis/ws_moveit2/install/moveit_core/include/moveit/collision_detection/collision_env.h
[89.298s] -- Installing: /home/minis/ws_moveit2/install/moveit_core/include/moveit/collision_detection/collision_detector_allocator.h
[89.298s] -- Installing: /home/minis/ws_moveit2/install/moveit_core/include/moveit/collision_detection/collision_common.h
[89.298s] -- Installing: /home/minis/ws_moveit2/install/moveit_core/include/moveit/collision_detection/world.h
[89.298s] -- Installing: /home/minis/ws_moveit2/install/moveit_core/include/moveit/collision_detection/collision_matrix.h
[89.298s] -- Installing: /home/minis/ws_moveit2/install/moveit_core/include/moveit/collision_detection/test_collision_common_pr2.h
[89.298s] -- Installing: /home/minis/ws_moveit2/install/moveit_core/include/moveit/collision_detection/world_diff.h
[89.298s] -- Installing: /home/minis/ws_moveit2/install/moveit_core/include/moveit/collision_detection/collision_plugin.h
[89.298s] -- Installing: /home/minis/ws_moveit2/install/moveit_core/include/moveit_collision_detection_export.h
[89.298s] -- Up-to-date: /home/minis/ws_moveit2/install/moveit_core/include
[89.298s] -- Up-to-date: /home/minis/ws_moveit2/install/moveit_core/include/moveit
[89.298s] -- Installing: /home/minis/ws_moveit2/install/moveit_core/include/moveit/collision_detection_bullet
[89.298s] -- Installing: /home/minis/ws_moveit2/install/moveit_core/include/moveit/collision_detection_bullet/collision_detector_allocator_bullet.h
[89.299s] -- Installing: /home/minis/ws_moveit2/install/moveit_core/include/moveit/collision_detection_bullet/bullet_integration
[89.299s] -- Installing: /home/minis/ws_moveit2/install/moveit_core/include/moveit/collision_detection_bullet/bullet_integration/bullet_bvh_manager.h
[89.299s] -- Installing: /home/minis/ws_moveit2/install/moveit_core/include/moveit/collision_detection_bullet/bullet_integration/bullet_utils.h
[89.299s] -- Installing: /home/minis/ws_moveit2/install/moveit_core/include/moveit/collision_detection_bullet/bullet_integration/bullet_cast_bvh_manager.h
[89.299s] -- Installing: /home/minis/ws_moveit2/install/moveit_core/include/moveit/collision_detection_bullet/bullet_integration/ros_bullet_utils.h
[89.299s] -- Installing: /home/minis/ws_moveit2/install/moveit_core/include/moveit/collision_detection_bullet/bullet_integration/contact_checker_common.h
[89.299s] -- Installing: /home/minis/ws_moveit2/install/moveit_core/include/moveit/collision_detection_bullet/bullet_integration/bullet_discrete_bvh_manager.h
[89.299s] -- Installing: /home/minis/ws_moveit2/install/moveit_core/include/moveit/collision_detection_bullet/bullet_integration/basic_types.h
[89.299s] -- Installing: /home/minis/ws_moveit2/install/moveit_core/include/moveit/collision_detection_bullet/collision_env_bullet.h
[89.299s] -- Installing: /home/minis/ws_moveit2/install/moveit_core/include/moveit/collision_detection_bullet/collision_detector_bullet_plugin_loader.h
[89.299s] -- Installing: /home/minis/ws_moveit2/install/moveit_core/include/moveit_collision_detection_bullet_export.h
[89.300s] -- Up-to-date: /home/minis/ws_moveit2/install/moveit_core/include
[89.300s] -- Up-to-date: /home/minis/ws_moveit2/install/moveit_core/include/moveit
[89.300s] -- Installing: /home/minis/ws_moveit2/install/moveit_core/include/moveit/collision_detection_fcl
[89.300s] -- Installing: /home/minis/ws_moveit2/install/moveit_core/include/moveit/collision_detection_fcl/collision_detector_fcl_plugin_loader.h
[89.300s] -- Installing: /home/minis/ws_moveit2/install/moveit_core/include/moveit/collision_detection_fcl/collision_detector_allocator_fcl.h
[89.300s] -- Installing: /home/minis/ws_moveit2/install/moveit_core/include/moveit/collision_detection_fcl/collision_common.h
[89.300s] -- Installing: /home/minis/ws_moveit2/install/moveit_core/include/moveit/collision_detection_fcl/collision_env_fcl.h
[89.300s] -- Installing: /home/minis/ws_moveit2/install/moveit_core/include/moveit/collision_detection_fcl/fcl_compat.h
[89.300s] -- Installing: /home/minis/ws_moveit2/install/moveit_core/include/moveit_collision_detection_fcl_export.h
[89.300s] -- Installing: /home/minis/ws_moveit2/install/moveit_core/lib/libcollision_detector_bullet_plugin.so.2.5.9
[89.300s] -- Set runtime path of "/home/minis/ws_moveit2/install/moveit_core/lib/libcollision_detector_bullet_plugin.so.2.5.9" to ""
[89.300s] -- Installing: /home/minis/ws_moveit2/install/moveit_core/lib/libcollision_detector_bullet_plugin.so
[89.300s] -- Installing: /home/minis/ws_moveit2/install/moveit_core/lib/libmoveit_butterworth_filter.so.2.5.9
[89.301s] -- Set runtime path of "/home/minis/ws_moveit2/install/moveit_core/lib/libmoveit_butterworth_filter.so.2.5.9" to ""
[89.301s] -- Installing: /home/minis/ws_moveit2/install/moveit_core/lib/libmoveit_butterworth_filter.so
[89.301s] -- Installing: /home/minis/ws_moveit2/install/moveit_core/lib/libmoveit_collision_distance_field.so.2.5.9
[89.301s] -- Set runtime path of "/home/minis/ws_moveit2/install/moveit_core/lib/libmoveit_collision_distance_field.so.2.5.9" to ""
[89.301s] -- Installing: /home/minis/ws_moveit2/install/moveit_core/lib/libmoveit_collision_distance_field.so
[89.301s] -- Installing: /home/minis/ws_moveit2/install/moveit_core/lib/libmoveit_collision_detection.so.2.5.9
[89.302s] -- Set runtime path of "/home/minis/ws_moveit2/install/moveit_core/lib/libmoveit_collision_detection.so.2.5.9" to ""
[89.302s] -- Installing: /home/minis/ws_moveit2/install/moveit_core/lib/libmoveit_collision_detection.so
[89.302s] -- Installing: /home/minis/ws_moveit2/install/moveit_core/lib/libmoveit_collision_detection_fcl.so.2.5.9
[89.303s] -- Set runtime path of "/home/minis/ws_moveit2/install/moveit_core/lib/libmoveit_collision_detection_fcl.so.2.5.9" to ""
[89.303s] -- Installing: /home/minis/ws_moveit2/install/moveit_core/lib/libmoveit_collision_detection_fcl.so
[89.303s] -- Installing: /home/minis/ws_moveit2/install/moveit_core/lib/libmoveit_collision_detection_bullet.so.2.5.9
[89.304s] -- Set runtime path of "/home/minis/ws_moveit2/install/moveit_core/lib/libmoveit_collision_detection_bullet.so.2.5.9" to ""
[89.304s] -- Installing: /home/minis/ws_moveit2/install/moveit_core/lib/libmoveit_collision_detection_bullet.so
[89.304s] -- Installing: /home/minis/ws_moveit2/install/moveit_core/lib/libmoveit_dynamics_solver.so.2.5.9
[89.304s] -- Set runtime path of "/home/minis/ws_moveit2/install/moveit_core/lib/libmoveit_dynamics_solver.so.2.5.9" to ""
[89.304s] -- Installing: /home/minis/ws_moveit2/install/moveit_core/lib/libmoveit_dynamics_solver.so
[89.304s] -- Installing: /home/minis/ws_moveit2/install/moveit_core/lib/libmoveit_constraint_samplers.so.2.5.9
[89.305s] -- Set runtime path of "/home/minis/ws_moveit2/install/moveit_core/lib/libmoveit_constraint_samplers.so.2.5.9" to ""
[89.305s] -- Installing: /home/minis/ws_moveit2/install/moveit_core/lib/libmoveit_constraint_samplers.so
[89.305s] -- Installing: /home/minis/ws_moveit2/install/moveit_core/lib/libmoveit_distance_field.so.2.5.9
[89.305s] -- Set runtime path of "/home/minis/ws_moveit2/install/moveit_core/lib/libmoveit_distance_field.so.2.5.9" to ""
[89.305s] -- Installing: /home/minis/ws_moveit2/install/moveit_core/lib/libmoveit_distance_field.so
[89.305s] -- Installing: /home/minis/ws_moveit2/install/moveit_core/lib/libmoveit_exceptions.so.2.5.9
[89.305s] -- Set runtime path of "/home/minis/ws_moveit2/install/moveit_core/lib/libmoveit_exceptions.so.2.5.9" to ""
[89.305s] -- Installing: /home/minis/ws_moveit2/install/moveit_core/lib/libmoveit_exceptions.so
[89.305s] -- Installing: /home/minis/ws_moveit2/install/moveit_core/lib/libmoveit_kinematics_base.so
[89.306s] -- Set runtime path of "/home/minis/ws_moveit2/install/moveit_core/lib/libmoveit_kinematics_base.so" to ""
[89.306s] -- Installing: /home/minis/ws_moveit2/install/moveit_core/lib/libmoveit_kinematic_constraints.so.2.5.9
[89.306s] -- Set runtime path of "/home/minis/ws_moveit2/install/moveit_core/lib/libmoveit_kinematic_constraints.so.2.5.9" to ""
[89.306s] -- Installing: /home/minis/ws_moveit2/install/moveit_core/lib/libmoveit_kinematic_constraints.so
[89.306s] -- Installing: /home/minis/ws_moveit2/install/moveit_core/lib/libmoveit_kinematics_metrics.so.2.5.9
[89.307s] -- Set runtime path of "/home/minis/ws_moveit2/install/moveit_core/lib/libmoveit_kinematics_metrics.so.2.5.9" to ""
[89.307s] -- Installing: /home/minis/ws_moveit2/install/moveit_core/lib/libmoveit_kinematics_metrics.so
[89.307s] -- Installing: /home/minis/ws_moveit2/install/moveit_core/lib/libmoveit_planning_interface.so.2.5.9
[89.307s] -- Set runtime path of "/home/minis/ws_moveit2/install/moveit_core/lib/libmoveit_planning_interface.so.2.5.9" to ""
[89.307s] -- Installing: /home/minis/ws_moveit2/install/moveit_core/lib/libmoveit_planning_interface.so
[89.307s] -- Installing: /home/minis/ws_moveit2/install/moveit_core/lib/libmoveit_planning_scene.so.2.5.9
[89.308s] -- Set runtime path of "/home/minis/ws_moveit2/install/moveit_core/lib/libmoveit_planning_scene.so.2.5.9" to ""
[89.308s] -- Installing: /home/minis/ws_moveit2/install/moveit_core/lib/libmoveit_planning_scene.so
[89.308s] -- Installing: /home/minis/ws_moveit2/install/moveit_core/lib/libmoveit_planning_request_adapter.so.2.5.9
[89.308s] -- Set runtime path of "/home/minis/ws_moveit2/install/moveit_core/lib/libmoveit_planning_request_adapter.so.2.5.9" to ""
[89.308s] -- Installing: /home/minis/ws_moveit2/install/moveit_core/lib/libmoveit_planning_request_adapter.so
[89.308s] -- Installing: /home/minis/ws_moveit2/install/moveit_core/lib/libmoveit_robot_model.so.2.5.9
[89.309s] -- Set runtime path of "/home/minis/ws_moveit2/install/moveit_core/lib/libmoveit_robot_model.so.2.5.9" to ""
[89.309s] -- Installing: /home/minis/ws_moveit2/install/moveit_core/lib/libmoveit_robot_model.so
[89.309s] -- Installing: /home/minis/ws_moveit2/install/moveit_core/lib/libmoveit_robot_state.so.2.5.9
[89.309s] -- Set runtime path of "/home/minis/ws_moveit2/install/moveit_core/lib/libmoveit_robot_state.so.2.5.9" to ""
[89.309s] -- Installing: /home/minis/ws_moveit2/install/moveit_core/lib/libmoveit_robot_state.so
[89.310s] -- Installing: /home/minis/ws_moveit2/install/moveit_core/lib/libmoveit_robot_trajectory.so.2.5.9
[89.310s] -- Set runtime path of "/home/minis/ws_moveit2/install/moveit_core/lib/libmoveit_robot_trajectory.so.2.5.9" to ""
[89.310s] -- Installing: /home/minis/ws_moveit2/install/moveit_core/lib/libmoveit_robot_trajectory.so
[89.310s] -- Installing: /home/minis/ws_moveit2/install/moveit_core/lib/libmoveit_smoothing_base.so.2.5.9
[89.310s] -- Set runtime path of "/home/minis/ws_moveit2/install/moveit_core/lib/libmoveit_smoothing_base.so.2.5.9" to ""
[89.310s] -- Installing: /home/minis/ws_moveit2/install/moveit_core/lib/libmoveit_smoothing_base.so
[89.310s] -- Installing: /home/minis/ws_moveit2/install/moveit_core/lib/libmoveit_test_utils.so.2.5.9
[89.310s] -- Set runtime path of "/home/minis/ws_moveit2/install/moveit_core/lib/libmoveit_test_utils.so.2.5.9" to ""
[89.311s] -- Installing: /home/minis/ws_moveit2/install/moveit_core/lib/libmoveit_test_utils.so
[89.311s] -- Installing: /home/minis/ws_moveit2/install/moveit_core/lib/libmoveit_trajectory_processing.so.2.5.9
[89.311s] -- Set runtime path of "/home/minis/ws_moveit2/install/moveit_core/lib/libmoveit_trajectory_processing.so.2.5.9" to ""
[89.311s] -- Installing: /home/minis/ws_moveit2/install/moveit_core/lib/libmoveit_trajectory_processing.so
[89.311s] -- Installing: /home/minis/ws_moveit2/install/moveit_core/lib/libmoveit_transforms.so.2.5.9
[89.311s] -- Set runtime path of "/home/minis/ws_moveit2/install/moveit_core/lib/libmoveit_transforms.so.2.5.9" to ""
[89.311s] -- Installing: /home/minis/ws_moveit2/install/moveit_core/lib/libmoveit_transforms.so
[89.311s] -- Installing: /home/minis/ws_moveit2/install/moveit_core/lib/libmoveit_utils.so.2.5.9
[89.312s] -- Set runtime path of "/home/minis/ws_moveit2/install/moveit_core/lib/libmoveit_utils.so.2.5.9" to ""
[89.312s] -- Installing: /home/minis/ws_moveit2/install/moveit_core/lib/libmoveit_utils.so
[89.312s] -- Installing: /home/minis/ws_moveit2/install/moveit_core/share/moveit_core/environment/library_path.sh
[89.312s] -- Installing: /home/minis/ws_moveit2/install/moveit_core/share/moveit_core/environment/library_path.dsv
[89.312s] -- Installing: /home/minis/ws_moveit2/install/moveit_core/share/moveit_core/collision_detector_fcl_description.xml
[89.312s] -- Installing: /home/minis/ws_moveit2/install/moveit_core/share/moveit_core/collision_detector_bullet_description.xml
[89.312s] -- Installing: /home/minis/ws_moveit2/install/moveit_core/share/moveit_core/filter_plugin_butterworth.xml
[89.312s] -- Installing: /home/minis/ws_moveit2/install/moveit_core/share/ament_index/resource_index/package_run_dependencies/moveit_core
[89.312s] -- Installing: /home/minis/ws_moveit2/install/moveit_core/share/ament_index/resource_index/parent_prefix_path/moveit_core
[89.312s] -- Installing: /home/minis/ws_moveit2/install/moveit_core/share/moveit_core/environment/ament_prefix_path.sh
[89.312s] -- Installing: /home/minis/ws_moveit2/install/moveit_core/share/moveit_core/environment/ament_prefix_path.dsv
[89.313s] -- Installing: /home/minis/ws_moveit2/install/moveit_core/share/moveit_core/environment/path.sh
[89.313s] -- Installing: /home/minis/ws_moveit2/install/moveit_core/share/moveit_core/environment/path.dsv
[89.313s] -- Installing: /home/minis/ws_moveit2/install/moveit_core/share/moveit_core/local_setup.bash
[89.313s] -- Installing: /home/minis/ws_moveit2/install/moveit_core/share/moveit_core/local_setup.sh
[89.313s] -- Installing: /home/minis/ws_moveit2/install/moveit_core/share/moveit_core/local_setup.zsh
[89.314s] -- Installing: /home/minis/ws_moveit2/install/moveit_core/share/moveit_core/local_setup.dsv
[89.314s] -- Installing: /home/minis/ws_moveit2/install/moveit_core/share/moveit_core/package.dsv
[89.315s] -- Installing: /home/minis/ws_moveit2/install/moveit_core/share/ament_index/resource_index/packages/moveit_core
[89.315s] -- Installing: /home/minis/ws_moveit2/install/moveit_core/share/ament_index/resource_index/moveit_core__pluginlib__plugin/moveit_core
[89.315s] -- Installing: /home/minis/ws_moveit2/install/moveit_core/share/moveit_core/cmake/export_moveit_coreExport.cmake
[89.315s] -- Installing: /home/minis/ws_moveit2/install/moveit_core/share/moveit_core/cmake/export_moveit_coreExport-release.cmake
[89.315s] -- Installing: /home/minis/ws_moveit2/install/moveit_core/share/moveit_core/cmake/ConfigExtras.cmake
[89.315s] -- Installing: /home/minis/ws_moveit2/install/moveit_core/share/moveit_core/cmake/ament_cmake_export_targets-extras.cmake
[89.315s] -- Installing: /home/minis/ws_moveit2/install/moveit_core/share/moveit_core/cmake/ament_cmake_export_dependencies-extras.cmake
[89.315s] -- Installing: /home/minis/ws_moveit2/install/moveit_core/share/moveit_core/cmake/moveit_coreConfig.cmake
[89.315s] -- Installing: /home/minis/ws_moveit2/install/moveit_core/share/moveit_core/cmake/moveit_coreConfig-version.cmake
[89.315s] -- Installing: /home/minis/ws_moveit2/install/moveit_core/share/moveit_core/package.xml
[89.318s] Invoked command in '/home/minis/ws_moveit2/build/moveit_core' returned '0': AMENT_PREFIX_PATH=/home/minis/ws_moveit2/install/moveit_resources_panda_moveit_config:/home/minis/ws_moveit2/install/srdfdom:/home/minis/ws_moveit2/install/moveit_resources_pr2_description:/home/minis/ws_moveit2/install/moveit_resources_panda_description:/home/minis/ws_moveit2/install/moveit_common:${AMENT_PREFIX_PATH} CMAKE_PREFIX_PATH=/home/minis/ws_moveit2/install/moveit_resources_panda_moveit_config:/home/minis/ws_moveit2/install/srdfdom:/home/minis/ws_moveit2/install/moveit_resources_pr2_description:/home/minis/ws_moveit2/install/moveit_resources_panda_description:/home/minis/ws_moveit2/install/moveit_common:/opt/ros/humble LD_LIBRARY_PATH=/home/minis/ws_moveit2/install/srdfdom/lib:${LD_LIBRARY_PATH} PYTHONPATH=/home/minis/ws_moveit2/install/srdfdom/local/lib/python3.10/dist-packages:${PYTHONPATH} /usr/bin/cmake --install /home/minis/ws_moveit2/build/moveit_core
