[0.021s] Invoking command in '/home/minis/ws_moveit2/build/srdfdom': CMAKE_PREFIX_PATH=/opt/ros/humble /usr/bin/cmake /home/minis/ws_moveit2/src/srdfdom -DCMAKE_BUILD_TYPE=Release -DCMAKE_INSTALL_PREFIX=/home/minis/ws_moveit2/install/srdfdom
[0.176s] -- The CXX compiler identification is GNU 11.4.0
[0.176s] -- Detecting CXX compiler ABI info
[0.176s] -- Detecting CXX compiler ABI info - done
[0.177s] -- Check for working CXX compiler: /usr/bin/c++ - skipped
[0.177s] -- Detecting CXX compile features
[0.178s] -- Detecting CXX compile features - done
[0.184s] -- Found Boost: /usr/lib/x86_64-linux-gnu/cmake/Boost-1.74.0/BoostConfig.cmake (found version "1.74.0")  
[0.192s] -- Found ament_cmake: 1.3.12 (/opt/ros/humble/share/ament_cmake/cmake)
[0.299s] -- Found Python3: /usr/bin/python3 (found version "3.10.12") found components: Interpreter 
[0.365s] -- Found urdf: 2.6.1 (/opt/ros/humble/share/urdf/cmake)
[0.397s] -- Found TinyXML2 via Config file: TinyXML2_DIR-NOTFOUND
[0.452s] -- Found ament_cmake_gtest: 1.3.12 (/opt/ros/humble/share/ament_cmake_gtest/cmake)
[0.454s] -- Found ament_cmake_pytest: 1.3.12 (/opt/ros/humble/share/ament_cmake_pytest/cmake)
[0.720s] -- Found gtest sources under '/opt/ros/humble/src/gtest_vendor': C++ tests using 'Google Test' will be built
[0.749s] -- The C compiler identification is GNU 11.4.0
[0.753s] -- Detecting C compiler ABI info
[0.801s] -- Detecting C compiler ABI info - done
[0.805s] -- Check for working C compiler: /usr/bin/cc - skipped
[0.806s] -- Detecting C compile features
[0.806s] -- Detecting C compile features - done
[0.807s] -- Looking for C++ include pthread.h
[0.868s] -- Looking for C++ include pthread.h - found
[0.868s] -- Performing Test CMAKE_HAVE_LIBC_PTHREAD
[0.931s] -- Performing Test CMAKE_HAVE_LIBC_PTHREAD - Success
[0.932s] -- Found Threads: TRUE  
[0.934s] -- Found ament_lint_auto: 0.12.14 (/opt/ros/humble/share/ament_lint_auto/cmake)
[0.946s] -- Configuring done
[0.955s] -- Generating done
[0.959s] -- Build files have been written to: /home/minis/ws_moveit2/build/srdfdom
[0.964s] Invoked command in '/home/minis/ws_moveit2/build/srdfdom' returned '0': CMAKE_PREFIX_PATH=/opt/ros/humble /usr/bin/cmake /home/minis/ws_moveit2/src/srdfdom -DCMAKE_BUILD_TYPE=Release -DCMAKE_INSTALL_PREFIX=/home/minis/ws_moveit2/install/srdfdom
[0.966s] Invoking command in '/home/minis/ws_moveit2/build/srdfdom': CMAKE_PREFIX_PATH=/opt/ros/humble /usr/bin/cmake --build /home/minis/ws_moveit2/build/srdfdom -- -j16 -l16
[1.002s] [  9%] [32mBuilding CXX object gtest/CMakeFiles/gtest_main.dir/src/gtest_main.cc.o[0m
[1.002s] [ 18%] [32mBuilding CXX object CMakeFiles/srdfdom.dir/src/model.cpp.o[0m
[1.003s] [ 27%] [32mBuilding CXX object gtest/CMakeFiles/gtest.dir/src/gtest-all.cc.o[0m
[1.003s] [ 36%] [32mBuilding CXX object CMakeFiles/srdfdom.dir/src/srdf_writer.cpp.o[0m
[1.010s] [ 36%] Built target ament_cmake_python_copy_srdfdom
[1.161s] running egg_info
[1.162s] creating srdfdom.egg-info
[1.162s] writing srdfdom.egg-info/PKG-INFO
[1.162s] writing dependency_links to srdfdom.egg-info/dependency_links.txt
[1.162s] writing top-level names to srdfdom.egg-info/top_level.txt
[1.162s] writing manifest file 'srdfdom.egg-info/SOURCES.txt'
[1.163s] reading manifest file 'srdfdom.egg-info/SOURCES.txt'
[1.164s] writing manifest file 'srdfdom.egg-info/SOURCES.txt'
[1.192s] [ 36%] Built target ament_cmake_python_build_srdfdom_egg
[1.706s] [ 45%] [32m[1mLinking CXX static library libgtest_main.a[0m
[1.743s] [ 45%] Built target gtest_main
[3.395s] [ 54%] [32m[1mLinking CXX shared library libsrdfdom.so[0m
[3.524s] [ 54%] Built target srdfdom
[6.845s] [ 63%] [32m[1mLinking CXX static library libgtest.a[0m
[6.878s] [ 63%] Built target gtest
[6.894s] [ 81%] [32mBuilding CXX object CMakeFiles/test_cpp_nl_NL.UTF-8.dir/test/test_parser.cpp.o[0m
[6.894s] [ 81%] [32mBuilding CXX object CMakeFiles/test_cpp_C.dir/test/test_parser.cpp.o[0m
[8.559s] [ 90%] [32m[1mLinking CXX executable test_cpp_nl_NL.UTF-8[0m
[8.599s] [100%] [32m[1mLinking CXX executable test_cpp_C[0m
[8.630s] [100%] Built target test_cpp_nl_NL.UTF-8
[8.671s] [100%] Built target test_cpp_C
[8.682s] Invoked command in '/home/minis/ws_moveit2/build/srdfdom' returned '0': CMAKE_PREFIX_PATH=/opt/ros/humble /usr/bin/cmake --build /home/minis/ws_moveit2/build/srdfdom -- -j16 -l16
[8.683s] Invoking command in '/home/minis/ws_moveit2/build/srdfdom': CMAKE_PREFIX_PATH=/opt/ros/humble /usr/bin/cmake --install /home/minis/ws_moveit2/build/srdfdom
[8.689s] -- Install configuration: "Release"
[8.689s] -- Installing: /home/minis/ws_moveit2/install/srdfdom/lib/libsrdfdom.so.2.0.8
[8.690s] -- Set runtime path of "/home/minis/ws_moveit2/install/srdfdom/lib/libsrdfdom.so.2.0.8" to ""
[8.690s] -- Installing: /home/minis/ws_moveit2/install/srdfdom/lib/libsrdfdom.so
[8.690s] -- Installing: /home/minis/ws_moveit2/install/srdfdom/include/srdfdom
[8.690s] -- Installing: /home/minis/ws_moveit2/install/srdfdom/include/srdfdom/srdfdom
[8.690s] -- Installing: /home/minis/ws_moveit2/install/srdfdom/include/srdfdom/srdfdom/visibility_control.h
[8.690s] -- Installing: /home/minis/ws_moveit2/install/srdfdom/include/srdfdom/srdfdom/model.h
[8.690s] -- Installing: /home/minis/ws_moveit2/install/srdfdom/include/srdfdom/srdfdom/srdf_writer.h
[8.690s] -- Installing: /home/minis/ws_moveit2/install/srdfdom/lib/srdfdom/display_srdf
[8.690s] -- Installing: /home/minis/ws_moveit2/install/srdfdom/share/srdfdom/environment/pythonpath.sh
[8.691s] -- Installing: /home/minis/ws_moveit2/install/srdfdom/share/srdfdom/environment/pythonpath.dsv
[8.691s] -- Installing: /home/minis/ws_moveit2/install/srdfdom/local/lib/python3.10/dist-packages/srdfdom-2.0.8-py3.10.egg-info
[8.691s] -- Installing: /home/minis/ws_moveit2/install/srdfdom/local/lib/python3.10/dist-packages/srdfdom-2.0.8-py3.10.egg-info/dependency_links.txt
[8.691s] -- Installing: /home/minis/ws_moveit2/install/srdfdom/local/lib/python3.10/dist-packages/srdfdom-2.0.8-py3.10.egg-info/top_level.txt
[8.691s] -- Installing: /home/minis/ws_moveit2/install/srdfdom/local/lib/python3.10/dist-packages/srdfdom-2.0.8-py3.10.egg-info/SOURCES.txt
[8.691s] -- Installing: /home/minis/ws_moveit2/install/srdfdom/local/lib/python3.10/dist-packages/srdfdom-2.0.8-py3.10.egg-info/PKG-INFO
[8.691s] -- Installing: /home/minis/ws_moveit2/install/srdfdom/local/lib/python3.10/dist-packages/srdfdom
[8.691s] -- Installing: /home/minis/ws_moveit2/install/srdfdom/local/lib/python3.10/dist-packages/srdfdom/srdf.py
[8.691s] -- Installing: /home/minis/ws_moveit2/install/srdfdom/local/lib/python3.10/dist-packages/srdfdom/__init__.py
[8.712s] Listing '/home/minis/ws_moveit2/install/srdfdom/local/lib/python3.10/dist-packages/srdfdom'...
[8.713s] Compiling '/home/minis/ws_moveit2/install/srdfdom/local/lib/python3.10/dist-packages/srdfdom/__init__.py'...
[8.713s] Compiling '/home/minis/ws_moveit2/install/srdfdom/local/lib/python3.10/dist-packages/srdfdom/srdf.py'...
[8.716s] -- Installing: /home/minis/ws_moveit2/install/srdfdom/share/srdfdom/environment/library_path.sh
[8.716s] -- Installing: /home/minis/ws_moveit2/install/srdfdom/share/srdfdom/environment/library_path.dsv
[8.716s] -- Installing: /home/minis/ws_moveit2/install/srdfdom/share/ament_index/resource_index/package_run_dependencies/srdfdom
[8.717s] -- Installing: /home/minis/ws_moveit2/install/srdfdom/share/ament_index/resource_index/parent_prefix_path/srdfdom
[8.717s] -- Installing: /home/minis/ws_moveit2/install/srdfdom/share/srdfdom/environment/ament_prefix_path.sh
[8.717s] -- Installing: /home/minis/ws_moveit2/install/srdfdom/share/srdfdom/environment/ament_prefix_path.dsv
[8.717s] -- Installing: /home/minis/ws_moveit2/install/srdfdom/share/srdfdom/environment/path.sh
[8.717s] -- Installing: /home/minis/ws_moveit2/install/srdfdom/share/srdfdom/environment/path.dsv
[8.717s] -- Installing: /home/minis/ws_moveit2/install/srdfdom/share/srdfdom/local_setup.bash
[8.717s] -- Installing: /home/minis/ws_moveit2/install/srdfdom/share/srdfdom/local_setup.sh
[8.718s] -- Installing: /home/minis/ws_moveit2/install/srdfdom/share/srdfdom/local_setup.zsh
[8.718s] -- Installing: /home/minis/ws_moveit2/install/srdfdom/share/srdfdom/local_setup.dsv
[8.718s] -- Installing: /home/minis/ws_moveit2/install/srdfdom/share/srdfdom/package.dsv
[8.718s] -- Installing: /home/minis/ws_moveit2/install/srdfdom/share/ament_index/resource_index/packages/srdfdom
[8.718s] -- Installing: /home/minis/ws_moveit2/install/srdfdom/share/srdfdom/cmake/srdfdomTargetsExport.cmake
[8.718s] -- Installing: /home/minis/ws_moveit2/install/srdfdom/share/srdfdom/cmake/srdfdomTargetsExport-release.cmake
[8.718s] -- Installing: /home/minis/ws_moveit2/install/srdfdom/share/srdfdom/cmake/ament_cmake_export_targets-extras.cmake
[8.718s] -- Installing: /home/minis/ws_moveit2/install/srdfdom/share/srdfdom/cmake/ament_cmake_export_dependencies-extras.cmake
[8.718s] -- Installing: /home/minis/ws_moveit2/install/srdfdom/share/srdfdom/cmake/srdfdomConfig.cmake
[8.719s] -- Installing: /home/minis/ws_moveit2/install/srdfdom/share/srdfdom/cmake/srdfdomConfig-version.cmake
[8.719s] -- Installing: /home/minis/ws_moveit2/install/srdfdom/share/srdfdom/package.xml
[8.721s] Invoked command in '/home/minis/ws_moveit2/build/srdfdom' returned '0': CMAKE_PREFIX_PATH=/opt/ros/humble /usr/bin/cmake --install /home/minis/ws_moveit2/build/srdfdom
