[0.015s] Invoking command in '/home/minis/ws_moveit2/build/moveit_ros_planning': AMENT_PREFIX_PATH=/home/minis/ws_moveit2/install/moveit_ros_occupancy_map_monitor:/home/minis/ws_moveit2/install/moveit_core:/home/minis/ws_moveit2/install/moveit_resources_panda_moveit_config:/home/minis/ws_moveit2/install/moveit_configs_utils:/home/minis/ws_moveit2/install/srdfdom:/home/minis/ws_moveit2/install/moveit_resources_pr2_description:/home/minis/ws_moveit2/install/moveit_resources_panda_description:/home/minis/ws_moveit2/install/moveit_common:/home/minis/ws_moveit2/install/launch_param_builder:${AMENT_PREFIX_PATH} CMAKE_PREFIX_PATH=/home/minis/ws_moveit2/install/moveit_ros_occupancy_map_monitor:/home/minis/ws_moveit2/install/moveit_core:/home/minis/ws_moveit2/install/moveit_resources_panda_moveit_config:/home/minis/ws_moveit2/install/srdfdom:/home/minis/ws_moveit2/install/moveit_resources_pr2_description:/home/minis/ws_moveit2/install/moveit_resources_panda_description:/home/minis/ws_moveit2/install/moveit_common:/opt/ros/humble LD_LIBRARY_PATH=/home/minis/ws_moveit2/install/moveit_ros_occupancy_map_monitor/lib:/home/minis/ws_moveit2/install/moveit_core/lib:/home/minis/ws_moveit2/install/srdfdom/lib:${LD_LIBRARY_PATH} PATH=/home/minis/ws_moveit2/install/moveit_core/bin:${PATH} PYTHONPATH=/home/minis/ws_moveit2/install/moveit_configs_utils/lib/python3.10/site-packages:/home/minis/ws_moveit2/install/srdfdom/local/lib/python3.10/dist-packages:/home/minis/ws_moveit2/install/launch_param_builder/lib/python3.10/site-packages:${PYTHONPATH} /usr/bin/cmake /home/minis/ws_moveit2/src/moveit2/moveit_ros/planning -DCMAKE_BUILD_TYPE=Release -DCMAKE_INSTALL_PREFIX=/home/minis/ws_moveit2/install/moveit_ros_planning
[0.058s] -- The C compiler identification is GNU 11.4.0
[0.097s] -- The CXX compiler identification is GNU 11.4.0
[0.103s] -- Detecting C compiler ABI info
[0.161s] -- Detecting C compiler ABI info - done
[0.165s] -- Check for working C compiler: /usr/bin/cc - skipped
[0.165s] -- Detecting C compile features
[0.165s] -- Detecting C compile features - done
[0.167s] -- Detecting CXX compiler ABI info
[0.228s] -- Detecting CXX compiler ABI info - done
[0.233s] -- Check for working CXX compiler: /usr/bin/c++ - skipped
[0.233s] -- Detecting CXX compile features
[0.233s] -- Detecting CXX compile features - done
[0.234s] -- Found moveit_common: 2.5.9 (/home/minis/ws_moveit2/install/moveit_common/share/moveit_common/cmake)
[0.236s] -- Found ament_cmake: 1.3.12 (/opt/ros/humble/share/ament_cmake/cmake)
[0.345s] -- Found Python3: /usr/bin/python3 (found version "3.10.12") found components: Interpreter 
[0.456s] -- Found moveit_msgs: 2.2.1 (/opt/ros/humble/share/moveit_msgs/cmake)
[0.485s] -- Found rosidl_generator_c: 3.1.8 (/opt/ros/humble/share/rosidl_generator_c/cmake)
[0.489s] -- Found rosidl_adapter: 3.1.8 (/opt/ros/humble/share/rosidl_adapter/cmake)
[0.496s] -- Found rosidl_generator_cpp: 3.1.8 (/opt/ros/humble/share/rosidl_generator_cpp/cmake)
[0.504s] -- Using all available rosidl_typesupport_c: rosidl_typesupport_fastrtps_c;rosidl_typesupport_introspection_c
[0.517s] -- Using all available rosidl_typesupport_cpp: rosidl_typesupport_fastrtps_cpp;rosidl_typesupport_introspection_cpp
[0.634s] -- Found pluginlib: 5.1.3 (/opt/ros/humble/share/pluginlib/cmake)
[0.658s] -- Found rclcpp: 16.0.17 (/opt/ros/humble/share/rclcpp/cmake)
[0.686s] -- Found rmw_implementation_cmake: 6.1.2 (/opt/ros/humble/share/rmw_implementation_cmake/cmake)
[0.688s] -- Found rmw_fastrtps_cpp: 6.2.9 (/opt/ros/humble/share/rmw_fastrtps_cpp/cmake)
[0.707s] -- Found TinyXML2 via Config file: TinyXML2_DIR-NOTFOUND
[0.763s] -- Found OpenSSL: /usr/lib/x86_64-linux-gnu/libcrypto.so (found version "3.0.2")  
[0.765s] -- Found TinyXML2 via Config file: TinyXML2_DIR-NOTFOUND
[0.778s] -- Found FastRTPS: /opt/ros/humble/include  
[0.779s] -- Found TinyXML2 via Config file: TinyXML2_DIR-NOTFOUND
[0.785s] -- Found TinyXML2 via Config file: TinyXML2_DIR-NOTFOUND
[0.794s] -- Using RMW implementation 'rmw_fastrtps_cpp' as default
[0.802s] -- Looking for pthread.h
[0.878s] -- Looking for pthread.h - found
[0.878s] -- Performing Test CMAKE_HAVE_LIBC_PTHREAD
[0.956s] -- Performing Test CMAKE_HAVE_LIBC_PTHREAD - Success
[0.956s] -- Found Threads: TRUE  
[0.983s] -- Found message_filters: 4.3.11 (/opt/ros/humble/share/message_filters/cmake)
[0.985s] -- Found srdfdom: 2.0.8 (/home/minis/ws_moveit2/install/srdfdom/share/srdfdom/cmake)
[0.996s] -- Found tf2: 0.25.18 (/opt/ros/humble/share/tf2/cmake)
[0.999s] -- Found tf2_geometry_msgs: 0.25.18 (/opt/ros/humble/share/tf2_geometry_msgs/cmake)
[1.012s] -- Found eigen3_cmake_module: 0.1.1 (/opt/ros/humble/share/eigen3_cmake_module/cmake)
[1.013s] -- Found Eigen3: TRUE (found version "3.4.0") 
[1.013s] -- Ensuring Eigen3 include directory is part of orocos-kdl CMake target
[1.057s] -- Found tf2_eigen: 0.25.18 (/opt/ros/humble/share/tf2_eigen/cmake)
[1.059s] -- Found moveit_core: 2.5.9 (/home/minis/ws_moveit2/install/moveit_core/share/moveit_core/cmake)
[1.089s] -- Found Boost: /usr/lib/x86_64-linux-gnu/cmake/Boost-1.74.0/BoostConfig.cmake (found version "1.74.0") found components: chrono date_time filesystem iostreams program_options regex serialization system thread 
[1.118s] -- Found parameter_traits: 0.6.0 (/opt/ros/humble/share/parameter_traits/cmake)
[1.128s] -- Found rclcpp_lifecycle: 16.0.17 (/opt/ros/humble/share/rclcpp_lifecycle/cmake)
[1.145s] -- Found Boost: /usr/lib/x86_64-linux-gnu/cmake/Boost-1.74.0/BoostConfig.cmake (found version "1.74.0") found components: filesystem 
[1.222s] -- library: /usr/lib/x86_64-linux-gnu/libcurl.so
[1.257s] -- Found moveit_ros_occupancy_map_monitor: 2.5.9 (/home/minis/ws_moveit2/install/moveit_ros_occupancy_map_monitor/share/moveit_ros_occupancy_map_monitor/cmake)
[1.266s] -- Found Boost: /usr/lib/x86_64-linux-gnu/cmake/Boost-1.74.0/BoostConfig.cmake (found version "1.74.0") found components: system filesystem date_time program_options thread chrono 
[1.288s] -- Performing Test COMPILER_HAS_HIDDEN_VISIBILITY
[1.372s] -- Performing Test COMPILER_HAS_HIDDEN_VISIBILITY - Success
[1.372s] -- Performing Test COMPILER_HAS_HIDDEN_INLINE_VISIBILITY
[1.456s] -- Performing Test COMPILER_HAS_HIDDEN_INLINE_VISIBILITY - Success
[1.456s] -- Performing Test COMPILER_HAS_DEPRECATED_ATTR
[1.540s] -- Performing Test COMPILER_HAS_DEPRECATED_ATTR - Success
[1.562s] -- Found ament_cmake_gtest: 1.3.12 (/opt/ros/humble/share/ament_cmake_gtest/cmake)
[1.564s] -- Found ament_cmake_gmock: 1.3.12 (/opt/ros/humble/share/ament_cmake_gmock/cmake)
[1.566s] -- Found ros_testing: 0.4.0 (/opt/ros/humble/share/ros_testing/cmake)
[1.567s] -- Found launch_testing_ament_cmake: 1.0.13 (/opt/ros/humble/share/launch_testing_ament_cmake/cmake)
[1.569s] -- Found python_cmake_module: 0.10.0 (/opt/ros/humble/share/python_cmake_module/cmake)
[1.585s] -- Found PythonInterp: /usr/bin/python3 (found suitable version "3.10.12", minimum required is "3.6") 
[1.589s] -- Found PythonLibs: /usr/lib/x86_64-linux-gnu/libpython3.10.so (found suitable version "3.10.12", minimum required is "3.5") 
[1.589s] -- Using PYTHON_EXECUTABLE: /usr/bin/python3
[1.589s] -- Using PYTHON_INCLUDE_DIRS: /usr/include/python3.10
[1.589s] -- Using PYTHON_LIBRARIES: /usr/lib/x86_64-linux-gnu/libpython3.10.so
[1.604s] -- Found PythonExtra: .so  
[1.606s] -- Found gmock sources under '/opt/ros/humble/src/gmock_vendor': C++ tests using 'Google Mock' will be built
[1.610s] -- Found gtest sources under '/opt/ros/humble/src/gtest_vendor': C++ tests using 'Google Test' will be built
[1.636s] -- Found ament_lint_auto: 0.12.14 (/opt/ros/humble/share/ament_lint_auto/cmake)
[1.655s] -- Found launch_testing_ament_cmake: 1.0.13 (/opt/ros/humble/share/launch_testing_ament_cmake/cmake)
[1.655s] -- Found python_cmake_module: 0.10.0 (/opt/ros/humble/share/python_cmake_module/cmake)
[1.672s] -- Using PYTHON_EXECUTABLE: /usr/bin/python3
[1.672s] -- Using PYTHON_INCLUDE_DIRS: /usr/include/python3.10
[1.672s] -- Using PYTHON_LIBRARIES: /usr/lib/x86_64-linux-gnu/libpython3.10.so
[1.682s] -- Added test 'cppcheck' to perform static code analysis on C / C++ code
[1.682s] -- Configured cppcheck include dirs: /home/minis/ws_moveit2/src/moveit2/moveit_ros/planning/rdf_loader/include;/home/minis/ws_moveit2/src/moveit2/moveit_ros/planning/kinematics_plugin_loader/include;/home/minis/ws_moveit2/src/moveit2/moveit_ros/planning/robot_model_loader/include;/home/minis/ws_moveit2/src/moveit2/moveit_ros/planning/constraint_sampler_manager_loader/include;/home/minis/ws_moveit2/src/moveit2/moveit_ros/planning/planning_pipeline/include;/home/minis/ws_moveit2/src/moveit2/moveit_ros/planning/planning_scene_monitor/include;/home/minis/ws_moveit2/src/moveit2/moveit_ros/planning/trajectory_execution_manager/include;/home/minis/ws_moveit2/src/moveit2/moveit_ros/planning/plan_execution/include;/home/minis/ws_moveit2/src/moveit2/moveit_ros/planning/collision_plugin_loader/include;/home/minis/ws_moveit2/src/moveit2/moveit_ros/planning/moveit_cpp/include
[1.682s] -- Configured cppcheck exclude dirs and/or files: 
[1.684s] -- Added test 'lint_cmake' to check CMake code style
[1.686s] -- Added test 'pep257' to check Python code against some of the docstring style conventions in PEP 257
[1.687s] -- Added test 'xmllint' to check XML markup files
[1.688s] -- Configuring done
[1.931s] -- Generating done
[1.989s] -- Build files have been written to: /home/minis/ws_moveit2/build/moveit_ros_planning
[2.011s] Invoked command in '/home/minis/ws_moveit2/build/moveit_ros_planning' returned '0': AMENT_PREFIX_PATH=/home/minis/ws_moveit2/install/moveit_ros_occupancy_map_monitor:/home/minis/ws_moveit2/install/moveit_core:/home/minis/ws_moveit2/install/moveit_resources_panda_moveit_config:/home/minis/ws_moveit2/install/moveit_configs_utils:/home/minis/ws_moveit2/install/srdfdom:/home/minis/ws_moveit2/install/moveit_resources_pr2_description:/home/minis/ws_moveit2/install/moveit_resources_panda_description:/home/minis/ws_moveit2/install/moveit_common:/home/minis/ws_moveit2/install/launch_param_builder:${AMENT_PREFIX_PATH} CMAKE_PREFIX_PATH=/home/minis/ws_moveit2/install/moveit_ros_occupancy_map_monitor:/home/minis/ws_moveit2/install/moveit_core:/home/minis/ws_moveit2/install/moveit_resources_panda_moveit_config:/home/minis/ws_moveit2/install/srdfdom:/home/minis/ws_moveit2/install/moveit_resources_pr2_description:/home/minis/ws_moveit2/install/moveit_resources_panda_description:/home/minis/ws_moveit2/install/moveit_common:/opt/ros/humble LD_LIBRARY_PATH=/home/minis/ws_moveit2/install/moveit_ros_occupancy_map_monitor/lib:/home/minis/ws_moveit2/install/moveit_core/lib:/home/minis/ws_moveit2/install/srdfdom/lib:${LD_LIBRARY_PATH} PATH=/home/minis/ws_moveit2/install/moveit_core/bin:${PATH} PYTHONPATH=/home/minis/ws_moveit2/install/moveit_configs_utils/lib/python3.10/site-packages:/home/minis/ws_moveit2/install/srdfdom/local/lib/python3.10/dist-packages:/home/minis/ws_moveit2/install/launch_param_builder/lib/python3.10/site-packages:${PYTHONPATH} /usr/bin/cmake /home/minis/ws_moveit2/src/moveit2/moveit_ros/planning -DCMAKE_BUILD_TYPE=Release -DCMAKE_INSTALL_PREFIX=/home/minis/ws_moveit2/install/moveit_ros_planning
[2.012s] Invoking command in '/home/minis/ws_moveit2/build/moveit_ros_planning': AMENT_PREFIX_PATH=/home/minis/ws_moveit2/install/moveit_ros_occupancy_map_monitor:/home/minis/ws_moveit2/install/moveit_core:/home/minis/ws_moveit2/install/moveit_resources_panda_moveit_config:/home/minis/ws_moveit2/install/moveit_configs_utils:/home/minis/ws_moveit2/install/srdfdom:/home/minis/ws_moveit2/install/moveit_resources_pr2_description:/home/minis/ws_moveit2/install/moveit_resources_panda_description:/home/minis/ws_moveit2/install/moveit_common:/home/minis/ws_moveit2/install/launch_param_builder:${AMENT_PREFIX_PATH} CMAKE_PREFIX_PATH=/home/minis/ws_moveit2/install/moveit_ros_occupancy_map_monitor:/home/minis/ws_moveit2/install/moveit_core:/home/minis/ws_moveit2/install/moveit_resources_panda_moveit_config:/home/minis/ws_moveit2/install/srdfdom:/home/minis/ws_moveit2/install/moveit_resources_pr2_description:/home/minis/ws_moveit2/install/moveit_resources_panda_description:/home/minis/ws_moveit2/install/moveit_common:/opt/ros/humble LD_LIBRARY_PATH=/home/minis/ws_moveit2/install/moveit_ros_occupancy_map_monitor/lib:/home/minis/ws_moveit2/install/moveit_core/lib:/home/minis/ws_moveit2/install/srdfdom/lib:${LD_LIBRARY_PATH} PATH=/home/minis/ws_moveit2/install/moveit_core/bin:${PATH} PYTHONPATH=/home/minis/ws_moveit2/install/moveit_configs_utils/lib/python3.10/site-packages:/home/minis/ws_moveit2/install/srdfdom/local/lib/python3.10/dist-packages:/home/minis/ws_moveit2/install/launch_param_builder/lib/python3.10/site-packages:${PYTHONPATH} /usr/bin/cmake --build /home/minis/ws_moveit2/build/moveit_ros_planning -- -j16 -l16
[2.060s] [  8%] [32mBuilding CXX object rdf_loader/CMakeFiles/moveit_rdf_loader.dir/src/rdf_loader.cpp.o[0m
[2.060s] [  8%] [32mBuilding CXX object gmock/CMakeFiles/gmock.dir/opt/ros/humble/src/gtest_vendor/src/gtest-all.cc.o[0m
[2.060s] [  8%] [32mBuilding CXX object gtest/CMakeFiles/gtest.dir/src/gtest-all.cc.o[0m
[2.060s] [  8%] [32mBuilding CXX object planning_request_adapter_plugins/CMakeFiles/moveit_default_planning_request_adapter_plugins.dir/src/empty.cpp.o[0m
[2.060s] [  8%] [32mBuilding CXX object collision_plugin_loader/CMakeFiles/moveit_collision_plugin_loader.dir/src/collision_plugin_loader.cpp.o[0m
[2.060s] [  8%] [32mBuilding CXX object planning_request_adapter_plugins/CMakeFiles/moveit_list_request_adapter_plugins.dir/src/list.cpp.o[0m
[2.061s] [ 13%] [32mBuilding CXX object planning_pipeline/CMakeFiles/moveit_planning_pipeline.dir/src/planning_pipeline.cpp.o[0m
[2.061s] [ 14%] [32mBuilding CXX object planning_request_adapter_plugins/CMakeFiles/moveit_default_planning_request_adapter_plugins.dir/src/fix_start_state_bounds.cpp.o[0m
[2.061s] [ 16%] [32mBuilding CXX object rdf_loader/CMakeFiles/moveit_rdf_loader.dir/src/synchronized_string_parameter.cpp.o[0m
[2.061s] [ 17%] [32mBuilding CXX object planning_request_adapter_plugins/CMakeFiles/moveit_default_planning_request_adapter_plugins.dir/src/fix_start_state_collision.cpp.o[0m
[2.061s] [ 19%] [32mBuilding CXX object gmock/CMakeFiles/gmock.dir/src/gmock-all.cc.o[0m
[2.062s] [ 19%] [32mBuilding CXX object gmock/CMakeFiles/gmock_main.dir/src/gmock_main.cc.o[0m
[2.063s] [ 16%] [32mBuilding CXX object gtest/CMakeFiles/gtest_main.dir/src/gtest_main.cc.o[0m
[2.065s] [ 20%] [32mBuilding CXX object planning_request_adapter_plugins/CMakeFiles/moveit_default_planning_request_adapter_plugins.dir/src/fix_start_state_path_constraints.cpp.o[0m
[2.066s] [ 22%] [32mBuilding CXX object planning_request_adapter_plugins/CMakeFiles/moveit_default_planning_request_adapter_plugins.dir/src/add_time_parameterization.cpp.o[0m
[2.069s] [ 23%] [32mBuilding CXX object planning_request_adapter_plugins/CMakeFiles/moveit_default_planning_request_adapter_plugins.dir/src/fix_workspace_bounds.cpp.o[0m
[3.043s] [ 25%] [32m[1mLinking CXX static library libgtest_main.a[0m
[3.118s] [ 25%] Built target gtest_main
[3.143s] [ 26%] [32mBuilding CXX object planning_request_adapter_plugins/CMakeFiles/moveit_default_planning_request_adapter_plugins.dir/src/add_ruckig_traj_smoothing.cpp.o[0m
[3.270s] [ 27%] [32m[1mLinking CXX static library libgmock_main.a[0m
[3.348s] [ 27%] Built target gmock_main
[3.375s] [ 29%] [32mBuilding CXX object planning_request_adapter_plugins/CMakeFiles/moveit_default_planning_request_adapter_plugins.dir/src/add_iterative_spline_parameterization.cpp.o[0m
[6.545s] [ 30%] [32mBuilding CXX object planning_request_adapter_plugins/CMakeFiles/moveit_default_planning_request_adapter_plugins.dir/src/add_time_optimal_parameterization.cpp.o[0m
[7.938s] [ 32%] [32mBuilding CXX object planning_request_adapter_plugins/CMakeFiles/moveit_default_planning_request_adapter_plugins.dir/src/resolve_constraint_frames.cpp.o[0m
[9.989s] [ 33%] [32m[1mLinking CXX static library libgmock.a[0m
[10.084s] [ 33%] Built target gmock
[10.677s] [ 35%] [32m[1mLinking CXX static library libgtest.a[0m
[10.742s] [ 35%] Built target gtest
[11.704s] [ 36%] [32m[1mLinking CXX shared library libmoveit_collision_plugin_loader.so[0m
[11.926s] [ 36%] Built target moveit_collision_plugin_loader
[15.181s] [ 38%] [32m[1mLinking CXX shared library libmoveit_rdf_loader.so[0m
[15.336s] [ 38%] Built target moveit_rdf_loader
[15.345s] [ 39%] [32m[1mLinking CXX executable moveit_list_request_adapter_plugins[0m
[15.352s] [ 41%] [32mBuilding CXX object kinematics_plugin_loader/CMakeFiles/moveit_kinematics_plugin_loader.dir/src/kinematics_plugin_loader.cpp.o[0m
[15.353s] [ 42%] [32mBuilding CXX object constraint_sampler_manager_loader/CMakeFiles/moveit_constraint_sampler_manager_loader.dir/src/constraint_sampler_manager_loader.cpp.o[0m
[15.465s] [ 42%] Built target moveit_list_request_adapter_plugins
[15.503s] [ 44%] [32m[1mLinking CXX shared library libmoveit_default_planning_request_adapter_plugins.so[0m
[15.644s] [ 44%] Built target moveit_default_planning_request_adapter_plugins
[19.888s] [ 45%] [32m[1mLinking CXX shared library libmoveit_planning_pipeline.so[0m
[20.038s] [ 45%] Built target moveit_planning_pipeline
[22.723s] [ 47%] [32m[1mLinking CXX shared library libmoveit_kinematics_plugin_loader.so[0m
[22.854s] [ 47%] Built target moveit_kinematics_plugin_loader
[22.873s] [ 48%] [32mBuilding CXX object robot_model_loader/CMakeFiles/moveit_robot_model_loader.dir/src/robot_model_loader.cpp.o[0m
[23.223s] [ 50%] [32m[1mLinking CXX shared library libmoveit_constraint_sampler_manager_loader.so[0m
[23.377s] [ 50%] Built target moveit_constraint_sampler_manager_loader
[26.716s] [ 51%] [32m[1mLinking CXX shared library libmoveit_robot_model_loader.so[0m
[26.841s] [ 51%] Built target moveit_robot_model_loader
[26.860s] [ 60%] [32mBuilding CXX object planning_scene_monitor/CMakeFiles/moveit_planning_scene_monitor.dir/src/trajectory_monitor_middleware_handle.cpp.o[0m
[26.860s] [ 60%] [32mBuilding CXX object planning_components_tools/CMakeFiles/moveit_print_planning_model_info.dir/src/print_planning_model_info.cpp.o[0m
[26.860s] [ 60%] [32mBuilding CXX object planning_scene_monitor/CMakeFiles/moveit_planning_scene_monitor.dir/src/current_state_monitor.cpp.o[0m
[26.860s] [ 60%] [32mBuilding CXX object planning_scene_monitor/CMakeFiles/moveit_planning_scene_monitor.dir/src/trajectory_monitor.cpp.o[0m
[26.860s] [ 60%] [32mBuilding CXX object planning_scene_monitor/CMakeFiles/moveit_planning_scene_monitor.dir/src/current_state_monitor_middleware_handle.cpp.o[0m
[26.860s] [ 60%] [32mBuilding CXX object planning_scene_monitor/CMakeFiles/moveit_planning_scene_monitor.dir/src/planning_scene_monitor.cpp.o[0m
[30.600s] [ 61%] [32m[1mLinking CXX executable moveit_print_planning_model_info[0m
[30.784s] [ 61%] Built target moveit_print_planning_model_info
[46.937s] [ 63%] [32m[1mLinking CXX shared library libmoveit_planning_scene_monitor.so[0m
[47.192s] [ 63%] Built target moveit_planning_scene_monitor
[47.208s] [ 69%] [32mBuilding CXX object planning_components_tools/CMakeFiles/moveit_print_planning_scene_info.dir/src/print_planning_scene_info.cpp.o[0m
[47.208s] [ 69%] [32mBuilding CXX object planning_scene_monitor/CMakeFiles/trajectory_monitor_tests.dir/test/trajectory_monitor_tests.cpp.o[0m
[47.208s] [ 72%] [32mBuilding CXX object planning_components_tools/CMakeFiles/moveit_visualize_robot_collision_volume.dir/src/visualize_robot_collision_volume.cpp.o[0m
[47.208s] [ 72%] [32mBuilding CXX object planning_components_tools/CMakeFiles/moveit_display_random_state.dir/src/display_random_state.cpp.o[0m
[47.208s] [ 72%] [32mBuilding CXX object planning_scene_monitor/CMakeFiles/demo_scene.dir/demos/demo_scene.cpp.o[0m
[47.208s] [ 72%] [32mBuilding CXX object planning_scene_monitor/CMakeFiles/planning_scene_monitor_test.dir/test/planning_scene_monitor_test.cpp.o[0m
[47.208s] [ 73%] [32mBuilding CXX object planning_scene_monitor/CMakeFiles/current_state_monitor_tests.dir/test/current_state_monitor_tests.cpp.o[0m
[47.208s] [ 75%] [32mBuilding CXX object trajectory_execution_manager/CMakeFiles/moveit_trajectory_execution_manager.dir/src/trajectory_execution_manager.cpp.o[0m
[47.208s] [ 76%] [32mBuilding CXX object planning_components_tools/CMakeFiles/moveit_publish_scene_from_text.dir/src/publish_scene_from_text.cpp.o[0m
[47.209s] [ 77%] [32mBuilding CXX object planning_components_tools/CMakeFiles/moveit_evaluate_collision_checking_speed.dir/src/evaluate_collision_checking_speed.cpp.o[0m
[54.500s] [ 79%] [32m[1mLinking CXX executable moveit_print_planning_scene_info[0m
[54.752s] [ 79%] Built target moveit_print_planning_scene_info
[56.335s] [ 80%] [32m[1mLinking CXX executable current_state_monitor_tests[0m
[56.448s] [ 82%] [32m[1mLinking CXX executable demo_scene[0m
[56.473s] [ 83%] [32m[1mLinking CXX executable moveit_display_random_state[0m
[56.606s] [ 83%] Built target demo_scene
[56.683s] [ 83%] Built target current_state_monitor_tests
[56.687s] [ 85%] [32m[1mLinking CXX executable moveit_visualize_robot_collision_volume[0m
[56.771s] [ 85%] Built target moveit_display_random_state
[56.839s] [ 86%] [32m[1mLinking CXX executable moveit_publish_scene_from_text[0m
[56.944s] [ 86%] Built target moveit_visualize_robot_collision_volume
[57.091s] [ 86%] Built target moveit_publish_scene_from_text
[57.536s] [ 88%] [32m[1mLinking CXX executable moveit_evaluate_collision_checking_speed[0m
[57.758s] [ 88%] Built target moveit_evaluate_collision_checking_speed
[58.020s] [ 89%] [32m[1mLinking CXX executable planning_scene_monitor_test[0m
[58.228s] [ 89%] Built target planning_scene_monitor_test
[58.357s] [ 91%] [32m[1mLinking CXX executable trajectory_monitor_tests[0m
[58.603s] [ 91%] Built target trajectory_monitor_tests
[66.187s] [ 92%] [32m[1mLinking CXX shared library libmoveit_trajectory_execution_manager.so[0m
[66.372s] [ 92%] Built target moveit_trajectory_execution_manager
[66.391s] [ 95%] [32mBuilding CXX object moveit_cpp/CMakeFiles/moveit_cpp.dir/src/planning_component.cpp.o[0m
[66.391s] [ 95%] [32mBuilding CXX object moveit_cpp/CMakeFiles/moveit_cpp.dir/src/moveit_cpp.cpp.o[0m
[66.391s] [ 97%] [32mBuilding CXX object plan_execution/CMakeFiles/moveit_plan_execution.dir/src/plan_execution.cpp.o[0m
[73.426s] [ 98%] [32m[1mLinking CXX shared library libmoveit_plan_execution.so[0m
[73.578s] [ 98%] Built target moveit_plan_execution
[76.056s] [100%] [32m[1mLinking CXX shared library libmoveit_cpp.so[0m
[76.237s] [100%] Built target moveit_cpp
[76.249s] Invoked command in '/home/minis/ws_moveit2/build/moveit_ros_planning' returned '0': AMENT_PREFIX_PATH=/home/minis/ws_moveit2/install/moveit_ros_occupancy_map_monitor:/home/minis/ws_moveit2/install/moveit_core:/home/minis/ws_moveit2/install/moveit_resources_panda_moveit_config:/home/minis/ws_moveit2/install/moveit_configs_utils:/home/minis/ws_moveit2/install/srdfdom:/home/minis/ws_moveit2/install/moveit_resources_pr2_description:/home/minis/ws_moveit2/install/moveit_resources_panda_description:/home/minis/ws_moveit2/install/moveit_common:/home/minis/ws_moveit2/install/launch_param_builder:${AMENT_PREFIX_PATH} CMAKE_PREFIX_PATH=/home/minis/ws_moveit2/install/moveit_ros_occupancy_map_monitor:/home/minis/ws_moveit2/install/moveit_core:/home/minis/ws_moveit2/install/moveit_resources_panda_moveit_config:/home/minis/ws_moveit2/install/srdfdom:/home/minis/ws_moveit2/install/moveit_resources_pr2_description:/home/minis/ws_moveit2/install/moveit_resources_panda_description:/home/minis/ws_moveit2/install/moveit_common:/opt/ros/humble LD_LIBRARY_PATH=/home/minis/ws_moveit2/install/moveit_ros_occupancy_map_monitor/lib:/home/minis/ws_moveit2/install/moveit_core/lib:/home/minis/ws_moveit2/install/srdfdom/lib:${LD_LIBRARY_PATH} PATH=/home/minis/ws_moveit2/install/moveit_core/bin:${PATH} PYTHONPATH=/home/minis/ws_moveit2/install/moveit_configs_utils/lib/python3.10/site-packages:/home/minis/ws_moveit2/install/srdfdom/local/lib/python3.10/dist-packages:/home/minis/ws_moveit2/install/launch_param_builder/lib/python3.10/site-packages:${PYTHONPATH} /usr/bin/cmake --build /home/minis/ws_moveit2/build/moveit_ros_planning -- -j16 -l16
[76.251s] Invoking command in '/home/minis/ws_moveit2/build/moveit_ros_planning': AMENT_PREFIX_PATH=/home/minis/ws_moveit2/install/moveit_ros_occupancy_map_monitor:/home/minis/ws_moveit2/install/moveit_core:/home/minis/ws_moveit2/install/moveit_resources_panda_moveit_config:/home/minis/ws_moveit2/install/moveit_configs_utils:/home/minis/ws_moveit2/install/srdfdom:/home/minis/ws_moveit2/install/moveit_resources_pr2_description:/home/minis/ws_moveit2/install/moveit_resources_panda_description:/home/minis/ws_moveit2/install/moveit_common:/home/minis/ws_moveit2/install/launch_param_builder:${AMENT_PREFIX_PATH} CMAKE_PREFIX_PATH=/home/minis/ws_moveit2/install/moveit_ros_occupancy_map_monitor:/home/minis/ws_moveit2/install/moveit_core:/home/minis/ws_moveit2/install/moveit_resources_panda_moveit_config:/home/minis/ws_moveit2/install/srdfdom:/home/minis/ws_moveit2/install/moveit_resources_pr2_description:/home/minis/ws_moveit2/install/moveit_resources_panda_description:/home/minis/ws_moveit2/install/moveit_common:/opt/ros/humble LD_LIBRARY_PATH=/home/minis/ws_moveit2/install/moveit_ros_occupancy_map_monitor/lib:/home/minis/ws_moveit2/install/moveit_core/lib:/home/minis/ws_moveit2/install/srdfdom/lib:${LD_LIBRARY_PATH} PATH=/home/minis/ws_moveit2/install/moveit_core/bin:${PATH} PYTHONPATH=/home/minis/ws_moveit2/install/moveit_configs_utils/lib/python3.10/site-packages:/home/minis/ws_moveit2/install/srdfdom/local/lib/python3.10/dist-packages:/home/minis/ws_moveit2/install/launch_param_builder/lib/python3.10/site-packages:${PYTHONPATH} /usr/bin/cmake --install /home/minis/ws_moveit2/build/moveit_ros_planning
[76.256s] -- Install configuration: "Release"
[76.256s] -- Installing: /home/minis/ws_moveit2/install/moveit_ros_planning/include
[76.256s] -- Installing: /home/minis/ws_moveit2/install/moveit_ros_planning/include/moveit
[76.256s] -- Installing: /home/minis/ws_moveit2/install/moveit_ros_planning/include/moveit/rdf_loader
[76.256s] -- Installing: /home/minis/ws_moveit2/install/moveit_ros_planning/include/moveit/rdf_loader/rdf_loader.h
[76.256s] -- Installing: /home/minis/ws_moveit2/install/moveit_ros_planning/include/moveit/rdf_loader/synchronized_string_parameter.h
[76.256s] -- Installing: /home/minis/ws_moveit2/install/moveit_ros_planning/share/moveit_ros_planning/rdf_loader/test/data
[76.256s] -- Installing: /home/minis/ws_moveit2/install/moveit_ros_planning/share/moveit_ros_planning/rdf_loader/test/data/kermit.urdf
[76.256s] -- Installing: /home/minis/ws_moveit2/install/moveit_ros_planning/share/moveit_ros_planning/rdf_loader/test/data/gonzo.urdf
[76.256s] -- Installing: /home/minis/ws_moveit2/install/moveit_ros_planning/share/moveit_ros_planning/rdf_loader/test/data/kermit.srdf
[76.256s] -- Installing: /home/minis/ws_moveit2/install/moveit_ros_planning/share/moveit_ros_planning/rdf_loader/test/data/robin.srdf.xacro
[76.256s] -- Installing: /home/minis/ws_moveit2/install/moveit_ros_planning/share/moveit_ros_planning/rdf_loader/test/data/gonzo.srdf
[76.256s] -- Installing: /home/minis/ws_moveit2/install/moveit_ros_planning/share/moveit_ros_planning/rdf_loader/test/launch
[76.257s] -- Installing: /home/minis/ws_moveit2/install/moveit_ros_planning/share/moveit_ros_planning/rdf_loader/test/launch/test_rdf_integration.test.py
[76.257s] -- Up-to-date: /home/minis/ws_moveit2/install/moveit_ros_planning/include
[76.257s] -- Up-to-date: /home/minis/ws_moveit2/install/moveit_ros_planning/include/moveit
[76.257s] -- Installing: /home/minis/ws_moveit2/install/moveit_ros_planning/include/moveit/collision_plugin_loader
[76.257s] -- Installing: /home/minis/ws_moveit2/install/moveit_ros_planning/include/moveit/collision_plugin_loader/collision_plugin_loader.h
[76.257s] -- Up-to-date: /home/minis/ws_moveit2/install/moveit_ros_planning/include
[76.257s] -- Up-to-date: /home/minis/ws_moveit2/install/moveit_ros_planning/include/moveit
[76.257s] -- Installing: /home/minis/ws_moveit2/install/moveit_ros_planning/include/moveit/kinematics_plugin_loader
[76.257s] -- Installing: /home/minis/ws_moveit2/install/moveit_ros_planning/include/moveit/kinematics_plugin_loader/kinematics_plugin_loader.h
[76.257s] -- Up-to-date: /home/minis/ws_moveit2/install/moveit_ros_planning/include
[76.257s] -- Up-to-date: /home/minis/ws_moveit2/install/moveit_ros_planning/include/moveit
[76.257s] -- Installing: /home/minis/ws_moveit2/install/moveit_ros_planning/include/moveit/robot_model_loader
[76.258s] -- Installing: /home/minis/ws_moveit2/install/moveit_ros_planning/include/moveit/robot_model_loader/robot_model_loader.h
[76.258s] -- Up-to-date: /home/minis/ws_moveit2/install/moveit_ros_planning/include
[76.258s] -- Up-to-date: /home/minis/ws_moveit2/install/moveit_ros_planning/include/moveit
[76.258s] -- Installing: /home/minis/ws_moveit2/install/moveit_ros_planning/include/moveit/constraint_sampler_manager_loader
[76.258s] -- Installing: /home/minis/ws_moveit2/install/moveit_ros_planning/include/moveit/constraint_sampler_manager_loader/constraint_sampler_manager_loader.h
[76.258s] -- Up-to-date: /home/minis/ws_moveit2/install/moveit_ros_planning/include
[76.258s] -- Up-to-date: /home/minis/ws_moveit2/install/moveit_ros_planning/include/moveit
[76.258s] -- Installing: /home/minis/ws_moveit2/install/moveit_ros_planning/include/moveit/planning_pipeline
[76.258s] -- Installing: /home/minis/ws_moveit2/install/moveit_ros_planning/include/moveit/planning_pipeline/planning_pipeline.h
[76.258s] -- Installing: /home/minis/ws_moveit2/install/moveit_ros_planning/include/moveit_planning_pipeline_export.h
[76.258s] -- Installing: /home/minis/ws_moveit2/install/moveit_ros_planning/lib/moveit_ros_planning/moveit_list_request_adapter_plugins
[76.259s] -- Set runtime path of "/home/minis/ws_moveit2/install/moveit_ros_planning/lib/moveit_ros_planning/moveit_list_request_adapter_plugins" to ""
[76.259s] -- Installing: /home/minis/ws_moveit2/install/moveit_ros_planning/lib/moveit_ros_planning/demo_scene
[76.259s] -- Set runtime path of "/home/minis/ws_moveit2/install/moveit_ros_planning/lib/moveit_ros_planning/demo_scene" to ""
[76.259s] -- Up-to-date: /home/minis/ws_moveit2/install/moveit_ros_planning/include
[76.259s] -- Up-to-date: /home/minis/ws_moveit2/install/moveit_ros_planning/include/moveit
[76.259s] -- Installing: /home/minis/ws_moveit2/install/moveit_ros_planning/include/moveit/planning_scene_monitor
[76.260s] -- Installing: /home/minis/ws_moveit2/install/moveit_ros_planning/include/moveit/planning_scene_monitor/trajectory_monitor_middleware_handle.hpp
[76.260s] -- Installing: /home/minis/ws_moveit2/install/moveit_ros_planning/include/moveit/planning_scene_monitor/current_state_monitor_middleware_handle.hpp
[76.260s] -- Installing: /home/minis/ws_moveit2/install/moveit_ros_planning/include/moveit/planning_scene_monitor/trajectory_monitor.h
[76.260s] -- Installing: /home/minis/ws_moveit2/install/moveit_ros_planning/include/moveit/planning_scene_monitor/current_state_monitor.h
[76.260s] -- Installing: /home/minis/ws_moveit2/install/moveit_ros_planning/include/moveit/planning_scene_monitor/planning_scene_monitor.h
[76.260s] -- Installing: /home/minis/ws_moveit2/install/moveit_ros_planning/include/moveit_planning_scene_monitor_export.h
[76.260s] -- Installing: /home/minis/ws_moveit2/install/moveit_ros_planning/lib/moveit_ros_planning/moveit_print_planning_model_info
[76.260s] -- Set runtime path of "/home/minis/ws_moveit2/install/moveit_ros_planning/lib/moveit_ros_planning/moveit_print_planning_model_info" to ""
[76.260s] -- Installing: /home/minis/ws_moveit2/install/moveit_ros_planning/lib/moveit_ros_planning/moveit_print_planning_scene_info
[76.261s] -- Set runtime path of "/home/minis/ws_moveit2/install/moveit_ros_planning/lib/moveit_ros_planning/moveit_print_planning_scene_info" to ""
[76.261s] -- Installing: /home/minis/ws_moveit2/install/moveit_ros_planning/lib/moveit_ros_planning/moveit_display_random_state
[76.261s] -- Set runtime path of "/home/minis/ws_moveit2/install/moveit_ros_planning/lib/moveit_ros_planning/moveit_display_random_state" to ""
[76.261s] -- Installing: /home/minis/ws_moveit2/install/moveit_ros_planning/lib/moveit_ros_planning/moveit_visualize_robot_collision_volume
[76.262s] -- Set runtime path of "/home/minis/ws_moveit2/install/moveit_ros_planning/lib/moveit_ros_planning/moveit_visualize_robot_collision_volume" to ""
[76.262s] -- Installing: /home/minis/ws_moveit2/install/moveit_ros_planning/lib/moveit_ros_planning/moveit_evaluate_collision_checking_speed
[76.262s] -- Set runtime path of "/home/minis/ws_moveit2/install/moveit_ros_planning/lib/moveit_ros_planning/moveit_evaluate_collision_checking_speed" to ""
[76.262s] -- Installing: /home/minis/ws_moveit2/install/moveit_ros_planning/lib/moveit_ros_planning/moveit_publish_scene_from_text
[76.262s] -- Set runtime path of "/home/minis/ws_moveit2/install/moveit_ros_planning/lib/moveit_ros_planning/moveit_publish_scene_from_text" to ""
[76.262s] -- Up-to-date: /home/minis/ws_moveit2/install/moveit_ros_planning/include
[76.262s] -- Up-to-date: /home/minis/ws_moveit2/install/moveit_ros_planning/include/moveit
[76.263s] -- Installing: /home/minis/ws_moveit2/install/moveit_ros_planning/include/moveit/trajectory_execution_manager
[76.263s] -- Installing: /home/minis/ws_moveit2/install/moveit_ros_planning/include/moveit/trajectory_execution_manager/trajectory_execution_manager.h
[76.263s] -- Installing: /home/minis/ws_moveit2/install/moveit_ros_planning/include/moveit_trajectory_execution_manager_export.h
[76.263s] -- Up-to-date: /home/minis/ws_moveit2/install/moveit_ros_planning/include
[76.263s] -- Up-to-date: /home/minis/ws_moveit2/install/moveit_ros_planning/include/moveit
[76.263s] -- Installing: /home/minis/ws_moveit2/install/moveit_ros_planning/include/moveit/plan_execution
[76.263s] -- Installing: /home/minis/ws_moveit2/install/moveit_ros_planning/include/moveit/plan_execution/plan_execution.h
[76.263s] -- Installing: /home/minis/ws_moveit2/install/moveit_ros_planning/include/moveit/plan_execution/plan_representation.h
[76.263s] -- Up-to-date: /home/minis/ws_moveit2/install/moveit_ros_planning/include
[76.263s] -- Up-to-date: /home/minis/ws_moveit2/install/moveit_ros_planning/include/moveit
[76.263s] -- Installing: /home/minis/ws_moveit2/install/moveit_ros_planning/include/moveit/moveit_cpp
[76.263s] -- Installing: /home/minis/ws_moveit2/install/moveit_ros_planning/include/moveit/moveit_cpp/planning_component.h
[76.264s] -- Installing: /home/minis/ws_moveit2/install/moveit_ros_planning/include/moveit/moveit_cpp/moveit_cpp.h
[76.264s] -- Installing: /home/minis/ws_moveit2/install/moveit_ros_planning/lib/libmoveit_rdf_loader.so.2.5.9
[76.264s] -- Set runtime path of "/home/minis/ws_moveit2/install/moveit_ros_planning/lib/libmoveit_rdf_loader.so.2.5.9" to ""
[76.264s] -- Installing: /home/minis/ws_moveit2/install/moveit_ros_planning/lib/libmoveit_rdf_loader.so
[76.264s] -- Installing: /home/minis/ws_moveit2/install/moveit_ros_planning/lib/libmoveit_kinematics_plugin_loader.so.2.5.9
[76.265s] -- Set runtime path of "/home/minis/ws_moveit2/install/moveit_ros_planning/lib/libmoveit_kinematics_plugin_loader.so.2.5.9" to ""
[76.265s] -- Installing: /home/minis/ws_moveit2/install/moveit_ros_planning/lib/libmoveit_kinematics_plugin_loader.so
[76.265s] -- Installing: /home/minis/ws_moveit2/install/moveit_ros_planning/lib/libmoveit_robot_model_loader.so.2.5.9
[76.265s] -- Set runtime path of "/home/minis/ws_moveit2/install/moveit_ros_planning/lib/libmoveit_robot_model_loader.so.2.5.9" to ""
[76.265s] -- Installing: /home/minis/ws_moveit2/install/moveit_ros_planning/lib/libmoveit_robot_model_loader.so
[76.265s] -- Installing: /home/minis/ws_moveit2/install/moveit_ros_planning/lib/libmoveit_constraint_sampler_manager_loader.so.2.5.9
[76.266s] -- Set runtime path of "/home/minis/ws_moveit2/install/moveit_ros_planning/lib/libmoveit_constraint_sampler_manager_loader.so.2.5.9" to ""
[76.266s] -- Installing: /home/minis/ws_moveit2/install/moveit_ros_planning/lib/libmoveit_constraint_sampler_manager_loader.so
[76.266s] -- Installing: /home/minis/ws_moveit2/install/moveit_ros_planning/lib/libmoveit_planning_pipeline.so.2.5.9
[76.267s] -- Set runtime path of "/home/minis/ws_moveit2/install/moveit_ros_planning/lib/libmoveit_planning_pipeline.so.2.5.9" to ""
[76.267s] -- Installing: /home/minis/ws_moveit2/install/moveit_ros_planning/lib/libmoveit_planning_pipeline.so
[76.267s] -- Installing: /home/minis/ws_moveit2/install/moveit_ros_planning/lib/libmoveit_trajectory_execution_manager.so.2.5.9
[76.268s] -- Set runtime path of "/home/minis/ws_moveit2/install/moveit_ros_planning/lib/libmoveit_trajectory_execution_manager.so.2.5.9" to ""
[76.268s] -- Installing: /home/minis/ws_moveit2/install/moveit_ros_planning/lib/libmoveit_trajectory_execution_manager.so
[76.268s] -- Installing: /home/minis/ws_moveit2/install/moveit_ros_planning/lib/libmoveit_plan_execution.so.2.5.9
[76.269s] -- Set runtime path of "/home/minis/ws_moveit2/install/moveit_ros_planning/lib/libmoveit_plan_execution.so.2.5.9" to ""
[76.269s] -- Installing: /home/minis/ws_moveit2/install/moveit_ros_planning/lib/libmoveit_plan_execution.so
[76.269s] -- Installing: /home/minis/ws_moveit2/install/moveit_ros_planning/lib/libmoveit_planning_scene_monitor.so.2.5.9
[76.272s] -- Set runtime path of "/home/minis/ws_moveit2/install/moveit_ros_planning/lib/libmoveit_planning_scene_monitor.so.2.5.9" to ""
[76.272s] -- Installing: /home/minis/ws_moveit2/install/moveit_ros_planning/lib/libmoveit_planning_scene_monitor.so
[76.272s] -- Installing: /home/minis/ws_moveit2/install/moveit_ros_planning/lib/libmoveit_collision_plugin_loader.so.2.5.9
[76.272s] -- Set runtime path of "/home/minis/ws_moveit2/install/moveit_ros_planning/lib/libmoveit_collision_plugin_loader.so.2.5.9" to ""
[76.272s] -- Installing: /home/minis/ws_moveit2/install/moveit_ros_planning/lib/libmoveit_collision_plugin_loader.so
[76.272s] -- Installing: /home/minis/ws_moveit2/install/moveit_ros_planning/lib/libmoveit_default_planning_request_adapter_plugins.so.2.5.9
[76.272s] -- Set runtime path of "/home/minis/ws_moveit2/install/moveit_ros_planning/lib/libmoveit_default_planning_request_adapter_plugins.so.2.5.9" to ""
[76.272s] -- Installing: /home/minis/ws_moveit2/install/moveit_ros_planning/lib/libmoveit_default_planning_request_adapter_plugins.so
[76.272s] -- Installing: /home/minis/ws_moveit2/install/moveit_ros_planning/lib/libmoveit_cpp.so.2.5.9
[76.273s] -- Set runtime path of "/home/minis/ws_moveit2/install/moveit_ros_planning/lib/libmoveit_cpp.so.2.5.9" to ""
[76.273s] -- Installing: /home/minis/ws_moveit2/install/moveit_ros_planning/lib/libmoveit_cpp.so
[76.273s] -- Installing: /home/minis/ws_moveit2/install/moveit_ros_planning/share/moveit_ros_planning/environment/library_path.sh
[76.273s] -- Installing: /home/minis/ws_moveit2/install/moveit_ros_planning/share/moveit_ros_planning/environment/library_path.dsv
[76.273s] -- Installing: /home/minis/ws_moveit2/install/moveit_ros_planning/share/moveit_ros_planning/planning_request_adapters_plugin_description.xml
[76.274s] -- Installing: /home/minis/ws_moveit2/install/moveit_ros_planning/share/ament_index/resource_index/package_run_dependencies/moveit_ros_planning
[76.274s] -- Installing: /home/minis/ws_moveit2/install/moveit_ros_planning/share/ament_index/resource_index/parent_prefix_path/moveit_ros_planning
[76.274s] -- Installing: /home/minis/ws_moveit2/install/moveit_ros_planning/share/moveit_ros_planning/environment/ament_prefix_path.sh
[76.274s] -- Installing: /home/minis/ws_moveit2/install/moveit_ros_planning/share/moveit_ros_planning/environment/ament_prefix_path.dsv
[76.274s] -- Installing: /home/minis/ws_moveit2/install/moveit_ros_planning/share/moveit_ros_planning/environment/path.sh
[76.274s] -- Installing: /home/minis/ws_moveit2/install/moveit_ros_planning/share/moveit_ros_planning/environment/path.dsv
[76.274s] -- Installing: /home/minis/ws_moveit2/install/moveit_ros_planning/share/moveit_ros_planning/local_setup.bash
[76.274s] -- Installing: /home/minis/ws_moveit2/install/moveit_ros_planning/share/moveit_ros_planning/local_setup.sh
[76.274s] -- Installing: /home/minis/ws_moveit2/install/moveit_ros_planning/share/moveit_ros_planning/local_setup.zsh
[76.274s] -- Installing: /home/minis/ws_moveit2/install/moveit_ros_planning/share/moveit_ros_planning/local_setup.dsv
[76.274s] -- Installing: /home/minis/ws_moveit2/install/moveit_ros_planning/share/moveit_ros_planning/package.dsv
[76.274s] -- Installing: /home/minis/ws_moveit2/install/moveit_ros_planning/share/ament_index/resource_index/packages/moveit_ros_planning
[76.275s] -- Installing: /home/minis/ws_moveit2/install/moveit_ros_planning/share/ament_index/resource_index/moveit_core__pluginlib__plugin/moveit_ros_planning
[76.275s] -- Installing: /home/minis/ws_moveit2/install/moveit_ros_planning/share/moveit_ros_planning/cmake/export_moveit_ros_planningExport.cmake
[76.275s] -- Installing: /home/minis/ws_moveit2/install/moveit_ros_planning/share/moveit_ros_planning/cmake/export_moveit_ros_planningExport-release.cmake
[76.275s] -- Installing: /home/minis/ws_moveit2/install/moveit_ros_planning/share/moveit_ros_planning/cmake/ConfigExtras.cmake
[76.275s] -- Installing: /home/minis/ws_moveit2/install/moveit_ros_planning/share/moveit_ros_planning/cmake/ament_cmake_export_targets-extras.cmake
[76.275s] -- Installing: /home/minis/ws_moveit2/install/moveit_ros_planning/share/moveit_ros_planning/cmake/ament_cmake_export_dependencies-extras.cmake
[76.275s] -- Installing: /home/minis/ws_moveit2/install/moveit_ros_planning/share/moveit_ros_planning/cmake/moveit_ros_planningConfig.cmake
[76.275s] -- Installing: /home/minis/ws_moveit2/install/moveit_ros_planning/share/moveit_ros_planning/cmake/moveit_ros_planningConfig-version.cmake
[76.275s] -- Installing: /home/minis/ws_moveit2/install/moveit_ros_planning/share/moveit_ros_planning/package.xml
[76.279s] Invoked command in '/home/minis/ws_moveit2/build/moveit_ros_planning' returned '0': AMENT_PREFIX_PATH=/home/minis/ws_moveit2/install/moveit_ros_occupancy_map_monitor:/home/minis/ws_moveit2/install/moveit_core:/home/minis/ws_moveit2/install/moveit_resources_panda_moveit_config:/home/minis/ws_moveit2/install/moveit_configs_utils:/home/minis/ws_moveit2/install/srdfdom:/home/minis/ws_moveit2/install/moveit_resources_pr2_description:/home/minis/ws_moveit2/install/moveit_resources_panda_description:/home/minis/ws_moveit2/install/moveit_common:/home/minis/ws_moveit2/install/launch_param_builder:${AMENT_PREFIX_PATH} CMAKE_PREFIX_PATH=/home/minis/ws_moveit2/install/moveit_ros_occupancy_map_monitor:/home/minis/ws_moveit2/install/moveit_core:/home/minis/ws_moveit2/install/moveit_resources_panda_moveit_config:/home/minis/ws_moveit2/install/srdfdom:/home/minis/ws_moveit2/install/moveit_resources_pr2_description:/home/minis/ws_moveit2/install/moveit_resources_panda_description:/home/minis/ws_moveit2/install/moveit_common:/opt/ros/humble LD_LIBRARY_PATH=/home/minis/ws_moveit2/install/moveit_ros_occupancy_map_monitor/lib:/home/minis/ws_moveit2/install/moveit_core/lib:/home/minis/ws_moveit2/install/srdfdom/lib:${LD_LIBRARY_PATH} PATH=/home/minis/ws_moveit2/install/moveit_core/bin:${PATH} PYTHONPATH=/home/minis/ws_moveit2/install/moveit_configs_utils/lib/python3.10/site-packages:/home/minis/ws_moveit2/install/srdfdom/local/lib/python3.10/dist-packages:/home/minis/ws_moveit2/install/launch_param_builder/lib/python3.10/site-packages:${PYTHONPATH} /usr/bin/cmake --install /home/minis/ws_moveit2/build/moveit_ros_planning
