[0.182s] Invoking command in '/home/minis/ws_moveit2/build/control_pkg': CMAKE_PREFIX_PATH=${CMAKE_PREFIX_PATH}:/home/minis/ws_moveit2/install/panda_commander:/home/minis/ws_moveit2/install/moveit_configs_utils:/home/minis/ws_moveit2/install/launch_param_builder:/opt/ros/humble /usr/bin/cmake /home/minis/ws_moveit2/src/control_pkg -DCMAKE_INSTALL_PREFIX=/home/minis/ws_moveit2/install/control_pkg
[0.352s] -- The C compiler identification is GNU 11.4.0
[0.352s] -- The CXX compiler identification is GNU 11.4.0
[0.352s] -- Detecting C compiler ABI info
[0.355s] -- Detecting C compiler ABI info - done
[0.360s] -- Check for working C compiler: /usr/bin/cc - skipped
[0.361s] -- Detecting C compile features
[0.361s] -- Detecting C compile features - done
[0.363s] -- Detecting CXX compiler ABI info
[0.443s] -- Detecting CXX compiler ABI info - done
[0.447s] -- Check for working CXX compiler: /usr/bin/c++ - skipped
[0.448s] -- Detecting CXX compile features
[0.448s] -- Detecting CXX compile features - done
[0.455s] -- Found ament_cmake: 1.3.12 (/opt/ros/humble/share/ament_cmake/cmake)
[0.578s] -- Found Python3: /usr/bin/python3 (found version "3.10.12") found components: Interpreter 
[0.725s] -- Found rclpy: 3.3.19 (/opt/ros/humble/share/rclpy/cmake)
[0.725s] [31mCMake Error at CMakeLists.txt:16 (install):
[0.725s]   install does not recognize sub-command PROGRAM
[0.725s] 
[0.725s] [0m
[0.731s] -- Found ament_lint_auto: 0.12.14 (/opt/ros/humble/share/ament_lint_auto/cmake)
[0.838s] -- Added test 'flake8' to check Python code syntax and style conventions
[0.839s] -- Added test 'lint_cmake' to check CMake code style
[0.841s] -- Added test 'pep257' to check Python code against some of the docstring style conventions in PEP 257
[0.842s] -- Added test 'xmllint' to check XML markup files
[0.844s] -- Configuring incomplete, errors occurred!
[0.844s] See also "/home/minis/ws_moveit2/build/control_pkg/CMakeFiles/CMakeOutput.log".
[0.849s] Invoked command in '/home/minis/ws_moveit2/build/control_pkg' returned '1': CMAKE_PREFIX_PATH=${CMAKE_PREFIX_PATH}:/home/minis/ws_moveit2/install/panda_commander:/home/minis/ws_moveit2/install/moveit_configs_utils:/home/minis/ws_moveit2/install/launch_param_builder:/opt/ros/humble /usr/bin/cmake /home/minis/ws_moveit2/src/control_pkg -DCMAKE_INSTALL_PREFIX=/home/minis/ws_moveit2/install/control_pkg
