[0.020s] Invoking command in '/home/minis/ws_moveit2/build/moveit_visual_tools': AMENT_PREFIX_PATH=/home/minis/ws_moveit2/install/moveit_ros_planning:/home/minis/ws_moveit2/install/moveit_ros_occupancy_map_monitor:/home/minis/ws_moveit2/install/moveit_core:/home/minis/ws_moveit2/install/moveit_resources_panda_moveit_config:/home/minis/ws_moveit2/install/moveit_configs_utils:/home/minis/ws_moveit2/install/srdfdom:/home/minis/ws_moveit2/install/moveit_resources_pr2_description:/home/minis/ws_moveit2/install/moveit_resources_panda_description:/home/minis/ws_moveit2/install/moveit_common:/home/minis/ws_moveit2/install/launch_param_builder CMAKE_PREFIX_PATH=/home/minis/ws_moveit2/install/moveit_ros_planning:/home/minis/ws_moveit2/install/moveit_ros_occupancy_map_monitor:/home/minis/ws_moveit2/install/moveit_core:/home/minis/ws_moveit2/install/moveit_resources_panda_moveit_config:/home/minis/ws_moveit2/install/srdfdom:/home/minis/ws_moveit2/install/moveit_resources_pr2_description:/home/minis/ws_moveit2/install/moveit_resources_panda_description:/home/minis/ws_moveit2/install/moveit_common LD_LIBRARY_PATH=/home/minis/ws_moveit2/install/moveit_ros_planning/lib:/home/minis/ws_moveit2/install/moveit_ros_occupancy_map_monitor/lib:/home/minis/ws_moveit2/install/moveit_core/lib:/home/minis/ws_moveit2/install/srdfdom/lib PATH=/home/minis/ws_moveit2/install/moveit_core/bin:${PATH} PYTHONPATH=/home/minis/ws_moveit2/install/moveit_configs_utils/lib/python3.10/site-packages:/home/minis/ws_moveit2/install/srdfdom/local/lib/python3.10/dist-packages:/home/minis/ws_moveit2/install/launch_param_builder/lib/python3.10/site-packages /usr/bin/cmake --build /home/minis/ws_moveit2/build/moveit_visual_tools -- -j16 -l16
[0.066s] [35m[1mConsolidate compiler generated dependencies of target moveit_visual_tools[0m
[0.099s] [ 66%] Built target moveit_visual_tools
[0.110s] [35m[1mConsolidate compiler generated dependencies of target moveit_visual_tools_demo[0m
[0.131s] [100%] Built target moveit_visual_tools_demo
[0.165s] Invoked command in '/home/minis/ws_moveit2/build/moveit_visual_tools' returned '0': AMENT_PREFIX_PATH=/home/minis/ws_moveit2/install/moveit_ros_planning:/home/minis/ws_moveit2/install/moveit_ros_occupancy_map_monitor:/home/minis/ws_moveit2/install/moveit_core:/home/minis/ws_moveit2/install/moveit_resources_panda_moveit_config:/home/minis/ws_moveit2/install/moveit_configs_utils:/home/minis/ws_moveit2/install/srdfdom:/home/minis/ws_moveit2/install/moveit_resources_pr2_description:/home/minis/ws_moveit2/install/moveit_resources_panda_description:/home/minis/ws_moveit2/install/moveit_common:/home/minis/ws_moveit2/install/launch_param_builder CMAKE_PREFIX_PATH=/home/minis/ws_moveit2/install/moveit_ros_planning:/home/minis/ws_moveit2/install/moveit_ros_occupancy_map_monitor:/home/minis/ws_moveit2/install/moveit_core:/home/minis/ws_moveit2/install/moveit_resources_panda_moveit_config:/home/minis/ws_moveit2/install/srdfdom:/home/minis/ws_moveit2/install/moveit_resources_pr2_description:/home/minis/ws_moveit2/install/moveit_resources_panda_description:/home/minis/ws_moveit2/install/moveit_common LD_LIBRARY_PATH=/home/minis/ws_moveit2/install/moveit_ros_planning/lib:/home/minis/ws_moveit2/install/moveit_ros_occupancy_map_monitor/lib:/home/minis/ws_moveit2/install/moveit_core/lib:/home/minis/ws_moveit2/install/srdfdom/lib PATH=/home/minis/ws_moveit2/install/moveit_core/bin:${PATH} PYTHONPATH=/home/minis/ws_moveit2/install/moveit_configs_utils/lib/python3.10/site-packages:/home/minis/ws_moveit2/install/srdfdom/local/lib/python3.10/dist-packages:/home/minis/ws_moveit2/install/launch_param_builder/lib/python3.10/site-packages /usr/bin/cmake --build /home/minis/ws_moveit2/build/moveit_visual_tools -- -j16 -l16
[0.167s] Invoking command in '/home/minis/ws_moveit2/build/moveit_visual_tools': AMENT_PREFIX_PATH=/home/minis/ws_moveit2/install/moveit_ros_planning:/home/minis/ws_moveit2/install/moveit_ros_occupancy_map_monitor:/home/minis/ws_moveit2/install/moveit_core:/home/minis/ws_moveit2/install/moveit_resources_panda_moveit_config:/home/minis/ws_moveit2/install/moveit_configs_utils:/home/minis/ws_moveit2/install/srdfdom:/home/minis/ws_moveit2/install/moveit_resources_pr2_description:/home/minis/ws_moveit2/install/moveit_resources_panda_description:/home/minis/ws_moveit2/install/moveit_common:/home/minis/ws_moveit2/install/launch_param_builder CMAKE_PREFIX_PATH=/home/minis/ws_moveit2/install/moveit_ros_planning:/home/minis/ws_moveit2/install/moveit_ros_occupancy_map_monitor:/home/minis/ws_moveit2/install/moveit_core:/home/minis/ws_moveit2/install/moveit_resources_panda_moveit_config:/home/minis/ws_moveit2/install/srdfdom:/home/minis/ws_moveit2/install/moveit_resources_pr2_description:/home/minis/ws_moveit2/install/moveit_resources_panda_description:/home/minis/ws_moveit2/install/moveit_common LD_LIBRARY_PATH=/home/minis/ws_moveit2/install/moveit_ros_planning/lib:/home/minis/ws_moveit2/install/moveit_ros_occupancy_map_monitor/lib:/home/minis/ws_moveit2/install/moveit_core/lib:/home/minis/ws_moveit2/install/srdfdom/lib PATH=/home/minis/ws_moveit2/install/moveit_core/bin:${PATH} PYTHONPATH=/home/minis/ws_moveit2/install/moveit_configs_utils/lib/python3.10/site-packages:/home/minis/ws_moveit2/install/srdfdom/local/lib/python3.10/dist-packages:/home/minis/ws_moveit2/install/launch_param_builder/lib/python3.10/site-packages /usr/bin/cmake --install /home/minis/ws_moveit2/build/moveit_visual_tools
[0.173s] -- Install configuration: "Release"
[0.173s] -- Up-to-date: /home/minis/ws_moveit2/install/moveit_visual_tools/share/moveit_visual_tools/environment/library_path.sh
[0.173s] -- Up-to-date: /home/minis/ws_moveit2/install/moveit_visual_tools/share/moveit_visual_tools/environment/library_path.dsv
[0.174s] -- Up-to-date: /home/minis/ws_moveit2/install/moveit_visual_tools/lib/libmoveit_visual_tools.so
[0.176s] -- Up-to-date: /home/minis/ws_moveit2/install/moveit_visual_tools/lib/moveit_visual_tools/moveit_visual_tools_demo
[0.176s] -- Up-to-date: /home/minis/ws_moveit2/install/moveit_visual_tools/include
[0.176s] -- Up-to-date: /home/minis/ws_moveit2/install/moveit_visual_tools/include/moveit_visual_tools
[0.176s] -- Up-to-date: /home/minis/ws_moveit2/install/moveit_visual_tools/include/moveit_visual_tools/imarker_robot_state.h
[0.176s] -- Up-to-date: /home/minis/ws_moveit2/install/moveit_visual_tools/include/moveit_visual_tools/moveit_visual_tools.h
[0.176s] -- Up-to-date: /home/minis/ws_moveit2/install/moveit_visual_tools/include/moveit_visual_tools/imarker_end_effector.h
[0.176s] -- Up-to-date: /home/minis/ws_moveit2/install/moveit_visual_tools/share/moveit_visual_tools/launch
[0.176s] -- Up-to-date: /home/minis/ws_moveit2/install/moveit_visual_tools/share/moveit_visual_tools/launch/demo_rviz.launch.py
[0.176s] -- Up-to-date: /home/minis/ws_moveit2/install/moveit_visual_tools/share/moveit_visual_tools/launch/demo.rviz
[0.176s] -- Up-to-date: /home/minis/ws_moveit2/install/moveit_visual_tools/share/moveit_visual_tools/resources
[0.176s] -- Up-to-date: /home/minis/ws_moveit2/install/moveit_visual_tools/share/moveit_visual_tools/resources/demo_mesh.stl
[0.176s] -- Up-to-date: /home/minis/ws_moveit2/install/moveit_visual_tools/share/moveit_visual_tools/resources/rrbot.urdf
[0.176s] -- Up-to-date: /home/minis/ws_moveit2/install/moveit_visual_tools/share/moveit_visual_tools/resources/screenshot.png
[0.176s] -- Up-to-date: /home/minis/ws_moveit2/install/moveit_visual_tools/share/moveit_visual_tools/resources/demo.png
[0.177s] -- Up-to-date: /home/minis/ws_moveit2/install/moveit_visual_tools/share/moveit_visual_tools/resources/rrbot.srdf
[0.177s] -- Up-to-date: /home/minis/ws_moveit2/install/moveit_visual_tools/share/ament_index/resource_index/package_run_dependencies/moveit_visual_tools
[0.177s] -- Up-to-date: /home/minis/ws_moveit2/install/moveit_visual_tools/share/ament_index/resource_index/parent_prefix_path/moveit_visual_tools
[0.177s] -- Up-to-date: /home/minis/ws_moveit2/install/moveit_visual_tools/share/moveit_visual_tools/environment/ament_prefix_path.sh
[0.177s] -- Up-to-date: /home/minis/ws_moveit2/install/moveit_visual_tools/share/moveit_visual_tools/environment/ament_prefix_path.dsv
[0.177s] -- Up-to-date: /home/minis/ws_moveit2/install/moveit_visual_tools/share/moveit_visual_tools/environment/path.sh
[0.177s] -- Up-to-date: /home/minis/ws_moveit2/install/moveit_visual_tools/share/moveit_visual_tools/environment/path.dsv
[0.177s] -- Up-to-date: /home/minis/ws_moveit2/install/moveit_visual_tools/share/moveit_visual_tools/local_setup.bash
[0.177s] -- Up-to-date: /home/minis/ws_moveit2/install/moveit_visual_tools/share/moveit_visual_tools/local_setup.sh
[0.177s] -- Up-to-date: /home/minis/ws_moveit2/install/moveit_visual_tools/share/moveit_visual_tools/local_setup.zsh
[0.177s] -- Up-to-date: /home/minis/ws_moveit2/install/moveit_visual_tools/share/moveit_visual_tools/local_setup.dsv
[0.177s] -- Installing: /home/minis/ws_moveit2/install/moveit_visual_tools/share/moveit_visual_tools/package.dsv
[0.177s] -- Up-to-date: /home/minis/ws_moveit2/install/moveit_visual_tools/share/ament_index/resource_index/packages/moveit_visual_tools
[0.178s] -- Up-to-date: /home/minis/ws_moveit2/install/moveit_visual_tools/share/moveit_visual_tools/cmake/export_moveit_visual_toolsExport.cmake
[0.178s] -- Up-to-date: /home/minis/ws_moveit2/install/moveit_visual_tools/share/moveit_visual_tools/cmake/export_moveit_visual_toolsExport-release.cmake
[0.178s] -- Up-to-date: /home/minis/ws_moveit2/install/moveit_visual_tools/share/moveit_visual_tools/cmake/ament_cmake_export_targets-extras.cmake
[0.178s] -- Up-to-date: /home/minis/ws_moveit2/install/moveit_visual_tools/share/moveit_visual_tools/cmake/ament_cmake_export_dependencies-extras.cmake
[0.178s] -- Up-to-date: /home/minis/ws_moveit2/install/moveit_visual_tools/share/moveit_visual_tools/cmake/moveit_visual_toolsConfig.cmake
[0.178s] -- Up-to-date: /home/minis/ws_moveit2/install/moveit_visual_tools/share/moveit_visual_tools/cmake/moveit_visual_toolsConfig-version.cmake
[0.178s] -- Up-to-date: /home/minis/ws_moveit2/install/moveit_visual_tools/share/moveit_visual_tools/package.xml
[0.180s] Invoked command in '/home/minis/ws_moveit2/build/moveit_visual_tools' returned '0': AMENT_PREFIX_PATH=/home/minis/ws_moveit2/install/moveit_ros_planning:/home/minis/ws_moveit2/install/moveit_ros_occupancy_map_monitor:/home/minis/ws_moveit2/install/moveit_core:/home/minis/ws_moveit2/install/moveit_resources_panda_moveit_config:/home/minis/ws_moveit2/install/moveit_configs_utils:/home/minis/ws_moveit2/install/srdfdom:/home/minis/ws_moveit2/install/moveit_resources_pr2_description:/home/minis/ws_moveit2/install/moveit_resources_panda_description:/home/minis/ws_moveit2/install/moveit_common:/home/minis/ws_moveit2/install/launch_param_builder CMAKE_PREFIX_PATH=/home/minis/ws_moveit2/install/moveit_ros_planning:/home/minis/ws_moveit2/install/moveit_ros_occupancy_map_monitor:/home/minis/ws_moveit2/install/moveit_core:/home/minis/ws_moveit2/install/moveit_resources_panda_moveit_config:/home/minis/ws_moveit2/install/srdfdom:/home/minis/ws_moveit2/install/moveit_resources_pr2_description:/home/minis/ws_moveit2/install/moveit_resources_panda_description:/home/minis/ws_moveit2/install/moveit_common LD_LIBRARY_PATH=/home/minis/ws_moveit2/install/moveit_ros_planning/lib:/home/minis/ws_moveit2/install/moveit_ros_occupancy_map_monitor/lib:/home/minis/ws_moveit2/install/moveit_core/lib:/home/minis/ws_moveit2/install/srdfdom/lib PATH=/home/minis/ws_moveit2/install/moveit_core/bin:${PATH} PYTHONPATH=/home/minis/ws_moveit2/install/moveit_configs_utils/lib/python3.10/site-packages:/home/minis/ws_moveit2/install/srdfdom/local/lib/python3.10/dist-packages:/home/minis/ws_moveit2/install/launch_param_builder/lib/python3.10/site-packages /usr/bin/cmake --install /home/minis/ws_moveit2/build/moveit_visual_tools
