-- Install configuration: ""
-- Up-to-date: /home/minis/ws_moveit2/install/panda_moveit/share/panda_moveit/config
-- Up-to-date: /home/minis/ws_moveit2/install/panda_moveit/share/panda_moveit/config/panda_hand.gazebo_ros2_control.xacro
-- Up-to-date: /home/minis/ws_moveit2/install/panda_moveit/share/panda_moveit/config/gripper_moveit_controllers.yaml
-- Up-to-date: /home/minis/ws_moveit2/install/panda_moveit/share/panda_moveit/config/sensors_kinect_pointcloud.yaml
-- Up-to-date: /home/minis/ws_moveit2/install/panda_moveit/share/panda_moveit/config/motion_planning.rviz
-- Up-to-date: /home/minis/ws_moveit2/install/panda_moveit/share/panda_moveit/config/trajopt_planning.yaml
-- Up-to-date: /home/minis/ws_moveit2/install/panda_moveit/share/panda_moveit/config/sensors_kinect_depthmap.yaml
-- Up-to-date: /home/minis/ws_moveit2/install/panda_moveit/share/panda_moveit/config/pilz_cartesian_limits.yaml
-- Up-to-date: /home/minis/ws_moveit2/install/panda_moveit/share/panda_moveit/config/panda.urdf.xacro
-- Up-to-date: /home/minis/ws_moveit2/install/panda_moveit/share/panda_moveit/config/ros2_controllers.yaml
-- Up-to-date: /home/minis/ws_moveit2/install/panda_moveit/share/panda_moveit/config/lerp_planning.yaml
-- Up-to-date: /home/minis/ws_moveit2/install/panda_moveit/share/panda_moveit/config/panda.srdf
-- Up-to-date: /home/minis/ws_moveit2/install/panda_moveit/share/panda_moveit/config/joint_limits.yaml
-- Up-to-date: /home/minis/ws_moveit2/install/panda_moveit/share/panda_moveit/config/ompl_planning.yaml
-- Up-to-date: /home/minis/ws_moveit2/install/panda_moveit/share/panda_moveit/config/panda_arm.srdf.xacro
-- Up-to-date: /home/minis/ws_moveit2/install/panda_moveit/share/panda_moveit/config/kinematics.yaml
-- Up-to-date: /home/minis/ws_moveit2/install/panda_moveit/share/panda_moveit/config/panda_arm.xacro
-- Up-to-date: /home/minis/ws_moveit2/install/panda_moveit/share/panda_moveit/config/chomp_planning.yaml
-- Up-to-date: /home/minis/ws_moveit2/install/panda_moveit/share/panda_moveit/config/hand.xacro
-- Up-to-date: /home/minis/ws_moveit2/install/panda_moveit/share/panda_moveit/config/panda_arm_hand.srdf.xacro
-- Up-to-date: /home/minis/ws_moveit2/install/panda_moveit/share/panda_moveit/config/controller_setting.yaml
-- Up-to-date: /home/minis/ws_moveit2/install/panda_moveit/share/panda_moveit/config/moveit_controllers.yaml
-- Up-to-date: /home/minis/ws_moveit2/install/panda_moveit/share/panda_moveit/config/initial_positions.yaml
-- Up-to-date: /home/minis/ws_moveit2/install/panda_moveit/share/panda_moveit/config/panda.gazebo_ros2_control.xacro
-- Up-to-date: /home/minis/ws_moveit2/install/panda_moveit/share/panda_moveit/include
-- Up-to-date: /home/minis/ws_moveit2/install/panda_moveit/share/panda_moveit/include/panda_moveit
-- Up-to-date: /home/minis/ws_moveit2/install/panda_moveit/share/panda_moveit/launch
-- Up-to-date: /home/minis/ws_moveit2/install/panda_moveit/share/panda_moveit/launch/panda_moveit.launch.py
-- Up-to-date: /home/minis/ws_moveit2/install/panda_moveit/share/panda_moveit/src
-- Up-to-date: /home/minis/ws_moveit2/install/panda_moveit/lib/panda_moveit/arm_control_from_UI.py
-- Up-to-date: /home/minis/ws_moveit2/install/panda_moveit/share/ament_index/resource_index/package_run_dependencies/panda_moveit
-- Up-to-date: /home/minis/ws_moveit2/install/panda_moveit/share/ament_index/resource_index/parent_prefix_path/panda_moveit
-- Up-to-date: /home/minis/ws_moveit2/install/panda_moveit/share/panda_moveit/environment/ament_prefix_path.sh
-- Up-to-date: /home/minis/ws_moveit2/install/panda_moveit/share/panda_moveit/environment/ament_prefix_path.dsv
-- Up-to-date: /home/minis/ws_moveit2/install/panda_moveit/share/panda_moveit/environment/path.sh
-- Up-to-date: /home/minis/ws_moveit2/install/panda_moveit/share/panda_moveit/environment/path.dsv
-- Up-to-date: /home/minis/ws_moveit2/install/panda_moveit/share/panda_moveit/local_setup.bash
-- Up-to-date: /home/minis/ws_moveit2/install/panda_moveit/share/panda_moveit/local_setup.sh
-- Up-to-date: /home/minis/ws_moveit2/install/panda_moveit/share/panda_moveit/local_setup.zsh
-- Up-to-date: /home/minis/ws_moveit2/install/panda_moveit/share/panda_moveit/local_setup.dsv
-- Installing: /home/minis/ws_moveit2/install/panda_moveit/share/panda_moveit/package.dsv
-- Up-to-date: /home/minis/ws_moveit2/install/panda_moveit/share/ament_index/resource_index/packages/panda_moveit
-- Up-to-date: /home/minis/ws_moveit2/install/panda_moveit/share/panda_moveit/cmake/panda_moveitConfig.cmake
-- Up-to-date: /home/minis/ws_moveit2/install/panda_moveit/share/panda_moveit/cmake/panda_moveitConfig-version.cmake
-- Up-to-date: /home/minis/ws_moveit2/install/panda_moveit/share/panda_moveit/package.xml
