[0.014s] Invoking command in '/home/minis/ws_moveit2/build/moveit_planners_chomp': AMENT_PREFIX_PATH=/home/minis/ws_moveit2/install/chomp_motion_planner:/home/minis/ws_moveit2/install/moveit_core:/home/minis/ws_moveit2/install/moveit_resources_panda_moveit_config:/home/minis/ws_moveit2/install/srdfdom:/home/minis/ws_moveit2/install/moveit_resources_pr2_description:/home/minis/ws_moveit2/install/moveit_resources_panda_description:/home/minis/ws_moveit2/install/moveit_common:${AMENT_PREFIX_PATH} CMAKE_PREFIX_PATH=/home/minis/ws_moveit2/install/chomp_motion_planner:/home/minis/ws_moveit2/install/moveit_core:/home/minis/ws_moveit2/install/moveit_resources_panda_moveit_config:/home/minis/ws_moveit2/install/srdfdom:/home/minis/ws_moveit2/install/moveit_resources_pr2_description:/home/minis/ws_moveit2/install/moveit_resources_panda_description:/home/minis/ws_moveit2/install/moveit_common:/home/minis/panda_humble/install/panda_moveit:/home/minis/panda_humble/install/panda_gazebo:/home/minis/panda_humble/install/panda_description:/opt/ros/humble LD_LIBRARY_PATH=/home/minis/ws_moveit2/install/chomp_motion_planner/lib:/home/minis/ws_moveit2/install/moveit_core/lib:/home/minis/ws_moveit2/install/srdfdom/lib:${LD_LIBRARY_PATH} PATH=/home/minis/ws_moveit2/install/moveit_core/bin:${PATH} PYTHONPATH=/home/minis/ws_moveit2/install/srdfdom/local/lib/python3.10/dist-packages:${PYTHONPATH} /usr/bin/cmake --build /home/minis/ws_moveit2/build/moveit_planners_chomp -- -j16 -l16
[0.067s] [ 60%] Built target moveit_chomp_interface
[0.096s] [100%] Built target moveit_chomp_planner_plugin
[0.103s] Invoked command in '/home/minis/ws_moveit2/build/moveit_planners_chomp' returned '0': AMENT_PREFIX_PATH=/home/minis/ws_moveit2/install/chomp_motion_planner:/home/minis/ws_moveit2/install/moveit_core:/home/minis/ws_moveit2/install/moveit_resources_panda_moveit_config:/home/minis/ws_moveit2/install/srdfdom:/home/minis/ws_moveit2/install/moveit_resources_pr2_description:/home/minis/ws_moveit2/install/moveit_resources_panda_description:/home/minis/ws_moveit2/install/moveit_common:${AMENT_PREFIX_PATH} CMAKE_PREFIX_PATH=/home/minis/ws_moveit2/install/chomp_motion_planner:/home/minis/ws_moveit2/install/moveit_core:/home/minis/ws_moveit2/install/moveit_resources_panda_moveit_config:/home/minis/ws_moveit2/install/srdfdom:/home/minis/ws_moveit2/install/moveit_resources_pr2_description:/home/minis/ws_moveit2/install/moveit_resources_panda_description:/home/minis/ws_moveit2/install/moveit_common:/home/minis/panda_humble/install/panda_moveit:/home/minis/panda_humble/install/panda_gazebo:/home/minis/panda_humble/install/panda_description:/opt/ros/humble LD_LIBRARY_PATH=/home/minis/ws_moveit2/install/chomp_motion_planner/lib:/home/minis/ws_moveit2/install/moveit_core/lib:/home/minis/ws_moveit2/install/srdfdom/lib:${LD_LIBRARY_PATH} PATH=/home/minis/ws_moveit2/install/moveit_core/bin:${PATH} PYTHONPATH=/home/minis/ws_moveit2/install/srdfdom/local/lib/python3.10/dist-packages:${PYTHONPATH} /usr/bin/cmake --build /home/minis/ws_moveit2/build/moveit_planners_chomp -- -j16 -l16
[0.105s] Invoking command in '/home/minis/ws_moveit2/build/moveit_planners_chomp': AMENT_PREFIX_PATH=/home/minis/ws_moveit2/install/chomp_motion_planner:/home/minis/ws_moveit2/install/moveit_core:/home/minis/ws_moveit2/install/moveit_resources_panda_moveit_config:/home/minis/ws_moveit2/install/srdfdom:/home/minis/ws_moveit2/install/moveit_resources_pr2_description:/home/minis/ws_moveit2/install/moveit_resources_panda_description:/home/minis/ws_moveit2/install/moveit_common:${AMENT_PREFIX_PATH} CMAKE_PREFIX_PATH=/home/minis/ws_moveit2/install/chomp_motion_planner:/home/minis/ws_moveit2/install/moveit_core:/home/minis/ws_moveit2/install/moveit_resources_panda_moveit_config:/home/minis/ws_moveit2/install/srdfdom:/home/minis/ws_moveit2/install/moveit_resources_pr2_description:/home/minis/ws_moveit2/install/moveit_resources_panda_description:/home/minis/ws_moveit2/install/moveit_common:/home/minis/panda_humble/install/panda_moveit:/home/minis/panda_humble/install/panda_gazebo:/home/minis/panda_humble/install/panda_description:/opt/ros/humble LD_LIBRARY_PATH=/home/minis/ws_moveit2/install/chomp_motion_planner/lib:/home/minis/ws_moveit2/install/moveit_core/lib:/home/minis/ws_moveit2/install/srdfdom/lib:${LD_LIBRARY_PATH} PATH=/home/minis/ws_moveit2/install/moveit_core/bin:${PATH} PYTHONPATH=/home/minis/ws_moveit2/install/srdfdom/local/lib/python3.10/dist-packages:${PYTHONPATH} /usr/bin/cmake --install /home/minis/ws_moveit2/build/moveit_planners_chomp
[0.111s] -- Install configuration: "Release"
[0.111s] -- Up-to-date: /home/minis/ws_moveit2/install/moveit_planners_chomp/lib/libmoveit_chomp_interface.so.2.5.9
[0.111s] -- Up-to-date: /home/minis/ws_moveit2/install/moveit_planners_chomp/lib/libmoveit_chomp_interface.so
[0.112s] -- Up-to-date: /home/minis/ws_moveit2/install/moveit_planners_chomp/lib/libmoveit_chomp_planner_plugin.so
[0.112s] -- Up-to-date: /home/minis/ws_moveit2/install/moveit_planners_chomp/share/moveit_planners_chomp/environment/library_path.sh
[0.112s] -- Up-to-date: /home/minis/ws_moveit2/install/moveit_planners_chomp/share/moveit_planners_chomp/environment/library_path.dsv
[0.112s] -- Up-to-date: /home/minis/ws_moveit2/install/moveit_planners_chomp/share/moveit_planners_chomp/chomp_interface_plugin_description.xml
[0.112s] -- Up-to-date: /home/minis/ws_moveit2/install/moveit_planners_chomp/share/ament_index/resource_index/package_run_dependencies/moveit_planners_chomp
[0.112s] -- Up-to-date: /home/minis/ws_moveit2/install/moveit_planners_chomp/share/ament_index/resource_index/parent_prefix_path/moveit_planners_chomp
[0.112s] -- Up-to-date: /home/minis/ws_moveit2/install/moveit_planners_chomp/share/moveit_planners_chomp/environment/ament_prefix_path.sh
[0.112s] -- Up-to-date: /home/minis/ws_moveit2/install/moveit_planners_chomp/share/moveit_planners_chomp/environment/ament_prefix_path.dsv
[0.112s] -- Up-to-date: /home/minis/ws_moveit2/install/moveit_planners_chomp/share/moveit_planners_chomp/environment/path.sh
[0.112s] -- Up-to-date: /home/minis/ws_moveit2/install/moveit_planners_chomp/share/moveit_planners_chomp/environment/path.dsv
[0.113s] -- Up-to-date: /home/minis/ws_moveit2/install/moveit_planners_chomp/share/moveit_planners_chomp/local_setup.bash
[0.113s] -- Up-to-date: /home/minis/ws_moveit2/install/moveit_planners_chomp/share/moveit_planners_chomp/local_setup.sh
[0.113s] -- Up-to-date: /home/minis/ws_moveit2/install/moveit_planners_chomp/share/moveit_planners_chomp/local_setup.zsh
[0.113s] -- Up-to-date: /home/minis/ws_moveit2/install/moveit_planners_chomp/share/moveit_planners_chomp/local_setup.dsv
[0.113s] -- Installing: /home/minis/ws_moveit2/install/moveit_planners_chomp/share/moveit_planners_chomp/package.dsv
[0.113s] -- Up-to-date: /home/minis/ws_moveit2/install/moveit_planners_chomp/share/ament_index/resource_index/packages/moveit_planners_chomp
[0.113s] -- Up-to-date: /home/minis/ws_moveit2/install/moveit_planners_chomp/share/ament_index/resource_index/moveit_core__pluginlib__plugin/moveit_planners_chomp
[0.113s] -- Up-to-date: /home/minis/ws_moveit2/install/moveit_planners_chomp/share/moveit_planners_chomp/cmake/moveit_planners_chompTargetsExport.cmake
[0.113s] -- Up-to-date: /home/minis/ws_moveit2/install/moveit_planners_chomp/share/moveit_planners_chomp/cmake/moveit_planners_chompTargetsExport-release.cmake
[0.113s] -- Up-to-date: /home/minis/ws_moveit2/install/moveit_planners_chomp/share/moveit_planners_chomp/cmake/ament_cmake_export_targets-extras.cmake
[0.113s] -- Up-to-date: /home/minis/ws_moveit2/install/moveit_planners_chomp/share/moveit_planners_chomp/cmake/ament_cmake_export_dependencies-extras.cmake
[0.113s] -- Up-to-date: /home/minis/ws_moveit2/install/moveit_planners_chomp/share/moveit_planners_chomp/cmake/moveit_planners_chompConfig.cmake
[0.113s] -- Up-to-date: /home/minis/ws_moveit2/install/moveit_planners_chomp/share/moveit_planners_chomp/cmake/moveit_planners_chompConfig-version.cmake
[0.113s] -- Up-to-date: /home/minis/ws_moveit2/install/moveit_planners_chomp/share/moveit_planners_chomp/package.xml
[0.115s] Invoked command in '/home/minis/ws_moveit2/build/moveit_planners_chomp' returned '0': AMENT_PREFIX_PATH=/home/minis/ws_moveit2/install/chomp_motion_planner:/home/minis/ws_moveit2/install/moveit_core:/home/minis/ws_moveit2/install/moveit_resources_panda_moveit_config:/home/minis/ws_moveit2/install/srdfdom:/home/minis/ws_moveit2/install/moveit_resources_pr2_description:/home/minis/ws_moveit2/install/moveit_resources_panda_description:/home/minis/ws_moveit2/install/moveit_common:${AMENT_PREFIX_PATH} CMAKE_PREFIX_PATH=/home/minis/ws_moveit2/install/chomp_motion_planner:/home/minis/ws_moveit2/install/moveit_core:/home/minis/ws_moveit2/install/moveit_resources_panda_moveit_config:/home/minis/ws_moveit2/install/srdfdom:/home/minis/ws_moveit2/install/moveit_resources_pr2_description:/home/minis/ws_moveit2/install/moveit_resources_panda_description:/home/minis/ws_moveit2/install/moveit_common:/home/minis/panda_humble/install/panda_moveit:/home/minis/panda_humble/install/panda_gazebo:/home/minis/panda_humble/install/panda_description:/opt/ros/humble LD_LIBRARY_PATH=/home/minis/ws_moveit2/install/chomp_motion_planner/lib:/home/minis/ws_moveit2/install/moveit_core/lib:/home/minis/ws_moveit2/install/srdfdom/lib:${LD_LIBRARY_PATH} PATH=/home/minis/ws_moveit2/install/moveit_core/bin:${PATH} PYTHONPATH=/home/minis/ws_moveit2/install/srdfdom/local/lib/python3.10/dist-packages:${PYTHONPATH} /usr/bin/cmake --install /home/minis/ws_moveit2/build/moveit_planners_chomp
