[35m[1mConsolidate compiler generated dependencies of target use_moveit[0m
[ 50%] [32mBuilding CXX object CMakeFiles/use_moveit.dir/src/use_moveit.cpp.o[0m
[100%] [32m[1mLinking CXX executable use_moveit[0m
[100%] Built target use_moveit
-- Install configuration: ""
-- Installing: /home/minis/ws_moveit2/install/use_moveit/lib/use_moveit/use_moveit
-- Set runtime path of "/home/minis/ws_moveit2/install/use_moveit/lib/use_moveit/use_moveit" to ""
-- Up-to-date: /home/minis/ws_moveit2/install/use_moveit/share/ament_index/resource_index/package_run_dependencies/use_moveit
-- Up-to-date: /home/minis/ws_moveit2/install/use_moveit/share/ament_index/resource_index/parent_prefix_path/use_moveit
-- Up-to-date: /home/minis/ws_moveit2/install/use_moveit/share/use_moveit/environment/ament_prefix_path.sh
-- Up-to-date: /home/minis/ws_moveit2/install/use_moveit/share/use_moveit/environment/ament_prefix_path.dsv
-- Up-to-date: /home/minis/ws_moveit2/install/use_moveit/share/use_moveit/environment/path.sh
-- Up-to-date: /home/minis/ws_moveit2/install/use_moveit/share/use_moveit/environment/path.dsv
-- Up-to-date: /home/minis/ws_moveit2/install/use_moveit/share/use_moveit/local_setup.bash
-- Up-to-date: /home/minis/ws_moveit2/install/use_moveit/share/use_moveit/local_setup.sh
-- Up-to-date: /home/minis/ws_moveit2/install/use_moveit/share/use_moveit/local_setup.zsh
-- Up-to-date: /home/minis/ws_moveit2/install/use_moveit/share/use_moveit/local_setup.dsv
-- Installing: /home/minis/ws_moveit2/install/use_moveit/share/use_moveit/package.dsv
-- Up-to-date: /home/minis/ws_moveit2/install/use_moveit/share/ament_index/resource_index/packages/use_moveit
-- Up-to-date: /home/minis/ws_moveit2/install/use_moveit/share/use_moveit/cmake/use_moveitConfig.cmake
-- Up-to-date: /home/minis/ws_moveit2/install/use_moveit/share/use_moveit/cmake/use_moveitConfig-version.cmake
-- Up-to-date: /home/minis/ws_moveit2/install/use_moveit/share/use_moveit/package.xml
