[0.054s] Invoking command in '/home/minis/ws_moveit2/build/moveit_common': CMAKE_PREFIX_PATH=${CMAKE_PREFIX_PATH}:/home/minis/ws_moveit2/install/moveit_configs_utils:/home/minis/ws_moveit2/install/launch_param_builder:/opt/ros/humble /usr/bin/cmake /home/minis/ws_moveit2/src/moveit2/moveit_common -DCMAKE_INSTALL_PREFIX=/home/minis/ws_moveit2/install/moveit_common
[0.215s] -- Found ament_cmake: 1.3.12 (/opt/ros/humble/share/ament_cmake/cmake)
[0.215s] -- Found ament_lint_auto: 0.12.14 (/opt/ros/humble/share/ament_lint_auto/cmake)
[0.215s] -- Added test 'copyright' to check source files copyright and LICENSE
[0.215s] -- Added test 'lint_cmake' to check CMake code style
[0.215s] -- Added test 'xmllint' to check XML markup files
[0.215s] -- Configuring done
[0.215s] -- Generating done
[0.215s] -- Build files have been written to: /home/minis/ws_moveit2/build/moveit_common
[0.225s] Invoked command in '/home/minis/ws_moveit2/build/moveit_common' returned '0': CMAKE_PREFIX_PATH=${CMAKE_PREFIX_PATH}:/home/minis/ws_moveit2/install/moveit_configs_utils:/home/minis/ws_moveit2/install/launch_param_builder:/opt/ros/humble /usr/bin/cmake /home/minis/ws_moveit2/src/moveit2/moveit_common -DCMAKE_INSTALL_PREFIX=/home/minis/ws_moveit2/install/moveit_common
[0.226s] Invoking command in '/home/minis/ws_moveit2/build/moveit_common': CMAKE_PREFIX_PATH=${CMAKE_PREFIX_PATH}:/home/minis/ws_moveit2/install/moveit_configs_utils:/home/minis/ws_moveit2/install/launch_param_builder:/opt/ros/humble /usr/bin/cmake --build /home/minis/ws_moveit2/build/moveit_common -- -j16 -l16
[0.275s] Invoked command in '/home/minis/ws_moveit2/build/moveit_common' returned '0': CMAKE_PREFIX_PATH=${CMAKE_PREFIX_PATH}:/home/minis/ws_moveit2/install/moveit_configs_utils:/home/minis/ws_moveit2/install/launch_param_builder:/opt/ros/humble /usr/bin/cmake --build /home/minis/ws_moveit2/build/moveit_common -- -j16 -l16
[0.276s] Invoking command in '/home/minis/ws_moveit2/build/moveit_common': CMAKE_PREFIX_PATH=${CMAKE_PREFIX_PATH}:/home/minis/ws_moveit2/install/moveit_configs_utils:/home/minis/ws_moveit2/install/launch_param_builder:/opt/ros/humble /usr/bin/cmake --install /home/minis/ws_moveit2/build/moveit_common
[0.303s] -- Install configuration: "Release"
[0.303s] -- Up-to-date: /home/minis/ws_moveit2/install/moveit_common/share/ament_index/resource_index/package_run_dependencies/moveit_common
[0.303s] -- Installing: /home/minis/ws_moveit2/install/moveit_common/share/ament_index/resource_index/parent_prefix_path/moveit_common
[0.304s] -- Up-to-date: /home/minis/ws_moveit2/install/moveit_common/share/moveit_common/environment/ament_prefix_path.sh
[0.304s] -- Installing: /home/minis/ws_moveit2/install/moveit_common/share/moveit_common/environment/ament_prefix_path.dsv
[0.304s] -- Up-to-date: /home/minis/ws_moveit2/install/moveit_common/share/moveit_common/environment/path.sh
[0.306s] -- Installing: /home/minis/ws_moveit2/install/moveit_common/share/moveit_common/environment/path.dsv
[0.306s] -- Up-to-date: /home/minis/ws_moveit2/install/moveit_common/share/moveit_common/local_setup.bash
[0.306s] -- Up-to-date: /home/minis/ws_moveit2/install/moveit_common/share/moveit_common/local_setup.sh
[0.306s] -- Up-to-date: /home/minis/ws_moveit2/install/moveit_common/share/moveit_common/local_setup.zsh
[0.306s] -- Installing: /home/minis/ws_moveit2/install/moveit_common/share/moveit_common/local_setup.dsv
[0.306s] -- Installing: /home/minis/ws_moveit2/install/moveit_common/share/moveit_common/package.dsv
[0.306s] -- Up-to-date: /home/minis/ws_moveit2/install/moveit_common/share/ament_index/resource_index/packages/moveit_common
[0.310s] -- Up-to-date: /home/minis/ws_moveit2/install/moveit_common/share/moveit_common/cmake/moveit_common-extras.cmake
[0.310s] -- Up-to-date: /home/minis/ws_moveit2/install/moveit_common/share/moveit_common/cmake/moveit_commonConfig.cmake
[0.310s] -- Up-to-date: /home/minis/ws_moveit2/install/moveit_common/share/moveit_common/cmake/moveit_commonConfig-version.cmake
[0.310s] -- Up-to-date: /home/minis/ws_moveit2/install/moveit_common/share/moveit_common/package.xml
[0.310s] -- Up-to-date: /home/minis/ws_moveit2/install/moveit_common/share/moveit_common/cmake
[0.310s] -- Up-to-date: /home/minis/ws_moveit2/install/moveit_common/share/moveit_common/cmake/moveit_package.cmake
[0.334s] Invoked command in '/home/minis/ws_moveit2/build/moveit_common' returned '0': CMAKE_PREFIX_PATH=${CMAKE_PREFIX_PATH}:/home/minis/ws_moveit2/install/moveit_configs_utils:/home/minis/ws_moveit2/install/launch_param_builder:/opt/ros/humble /usr/bin/cmake --install /home/minis/ws_moveit2/build/moveit_common
