[0.014s] Invoking command in '/home/minis/ws_moveit2/build/panda_description': CMAKE_PREFIX_PATH=${CMAKE_PREFIX_PATH}:/opt/ros/humble /usr/bin/cmake /home/minis/ws_moveit2/src/panda_description -DCMAKE_INSTALL_PREFIX=/home/minis/ws_moveit2/install/panda_description
[0.054s] -- The C compiler identification is GNU 11.4.0
[0.090s] -- The CXX compiler identification is GNU 11.4.0
[0.095s] -- Detecting C compiler ABI info
[0.145s] -- Detecting C compiler ABI info - done
[0.148s] -- Check for working C compiler: /usr/bin/cc - skipped
[0.149s] -- Detecting C compile features
[0.149s] -- Detecting C compile features - done
[0.151s] -- Detecting CXX compiler ABI info
[0.204s] -- Detecting CXX compiler ABI info - done
[0.209s] -- Check for working CXX compiler: /usr/bin/c++ - skipped
[0.209s] -- Detecting CXX compile features
[0.209s] -- Detecting CXX compile features - done
[0.211s] -- Found ament_cmake: 1.3.12 (/opt/ros/humble/share/ament_cmake/cmake)
[0.307s] -- Found Python3: /usr/bin/python3 (found version "3.10.12") found components: Interpreter 
[0.362s] -- Found ament_lint_auto: 0.12.14 (/opt/ros/humble/share/ament_lint_auto/cmake)
[0.409s] -- Added test 'flake8' to check Python code syntax and style conventions
[0.410s] -- Added test 'lint_cmake' to check CMake code style
[0.410s] -- Added test 'pep257' to check Python code against some of the docstring style conventions in PEP 257
[0.412s] -- Added test 'xmllint' to check XML markup files
[0.412s] -- Configuring done
[0.414s] -- Generating done
[0.415s] -- Build files have been written to: /home/minis/ws_moveit2/build/panda_description
[0.419s] Invoked command in '/home/minis/ws_moveit2/build/panda_description' returned '0': CMAKE_PREFIX_PATH=${CMAKE_PREFIX_PATH}:/opt/ros/humble /usr/bin/cmake /home/minis/ws_moveit2/src/panda_description -DCMAKE_INSTALL_PREFIX=/home/minis/ws_moveit2/install/panda_description
[0.421s] Invoking command in '/home/minis/ws_moveit2/build/panda_description': CMAKE_PREFIX_PATH=${CMAKE_PREFIX_PATH}:/opt/ros/humble /usr/bin/cmake --build /home/minis/ws_moveit2/build/panda_description -- -j16 -l16
[0.451s] Invoked command in '/home/minis/ws_moveit2/build/panda_description' returned '0': CMAKE_PREFIX_PATH=${CMAKE_PREFIX_PATH}:/opt/ros/humble /usr/bin/cmake --build /home/minis/ws_moveit2/build/panda_description -- -j16 -l16
[0.460s] Invoking command in '/home/minis/ws_moveit2/build/panda_description': CMAKE_PREFIX_PATH=${CMAKE_PREFIX_PATH}:/opt/ros/humble /usr/bin/cmake --install /home/minis/ws_moveit2/build/panda_description
[0.465s] -- Install configuration: ""
[0.465s] -- Installing: /home/minis/ws_moveit2/install/panda_description/share/panda_description/launch
[0.465s] -- Installing: /home/minis/ws_moveit2/install/panda_description/share/panda_description/launch/robot.launch.py
[0.465s] -- Installing: /home/minis/ws_moveit2/install/panda_description/share/panda_description/meshes
[0.465s] -- Installing: /home/minis/ws_moveit2/install/panda_description/share/panda_description/meshes/collision
[0.465s] -- Installing: /home/minis/ws_moveit2/install/panda_description/share/panda_description/meshes/collision/link5.stl
[0.465s] -- Installing: /home/minis/ws_moveit2/install/panda_description/share/panda_description/meshes/collision/link2.stl
[0.465s] -- Installing: /home/minis/ws_moveit2/install/panda_description/share/panda_description/meshes/collision/camera.stl
[0.465s] -- Installing: /home/minis/ws_moveit2/install/panda_description/share/panda_description/meshes/collision/finger.stl
[0.465s] -- Installing: /home/minis/ws_moveit2/install/panda_description/share/panda_description/meshes/collision/link1.stl
[0.465s] -- Installing: /home/minis/ws_moveit2/install/panda_description/share/panda_description/meshes/collision/link7.stl
[0.465s] -- Installing: /home/minis/ws_moveit2/install/panda_description/share/panda_description/meshes/collision/link3.stl
[0.465s] -- Installing: /home/minis/ws_moveit2/install/panda_description/share/panda_description/meshes/collision/finger_old.stl
[0.466s] -- Installing: /home/minis/ws_moveit2/install/panda_description/share/panda_description/meshes/collision/link0.stl
[0.466s] -- Installing: /home/minis/ws_moveit2/install/panda_description/share/panda_description/meshes/collision/link4.stl
[0.466s] -- Installing: /home/minis/ws_moveit2/install/panda_description/share/panda_description/meshes/collision/hand.stl
[0.466s] -- Installing: /home/minis/ws_moveit2/install/panda_description/share/panda_description/meshes/collision/link6.stl
[0.466s] -- Installing: /home/minis/ws_moveit2/install/panda_description/share/panda_description/meshes/visual
[0.466s] -- Installing: /home/minis/ws_moveit2/install/panda_description/share/panda_description/meshes/visual/camera.dae
[0.466s] -- Installing: /home/minis/ws_moveit2/install/panda_description/share/panda_description/meshes/visual/hand.dae
[0.467s] -- Installing: /home/minis/ws_moveit2/install/panda_description/share/panda_description/meshes/visual/link6.dae
[0.468s] -- Installing: /home/minis/ws_moveit2/install/panda_description/share/panda_description/meshes/visual/link5.dae
[0.469s] -- Installing: /home/minis/ws_moveit2/install/panda_description/share/panda_description/meshes/visual/link4.dae
[0.471s] -- Installing: /home/minis/ws_moveit2/install/panda_description/share/panda_description/meshes/visual/link7.dae
[0.471s] -- Installing: /home/minis/ws_moveit2/install/panda_description/share/panda_description/meshes/visual/link3.dae
[0.472s] -- Installing: /home/minis/ws_moveit2/install/panda_description/share/panda_description/meshes/visual/link0.dae
[0.474s] -- Installing: /home/minis/ws_moveit2/install/panda_description/share/panda_description/meshes/visual/finger.dae
[0.474s] -- Installing: /home/minis/ws_moveit2/install/panda_description/share/panda_description/meshes/visual/finger_old.dae
[0.474s] -- Installing: /home/minis/ws_moveit2/install/panda_description/share/panda_description/meshes/visual/link1.dae
[0.474s] -- Installing: /home/minis/ws_moveit2/install/panda_description/share/panda_description/meshes/visual/link2.dae
[0.475s] -- Installing: /home/minis/ws_moveit2/install/panda_description/share/panda_description/rviz
[0.475s] -- Installing: /home/minis/ws_moveit2/install/panda_description/share/panda_description/rviz/panda_ctrl.rviz
[0.475s] -- Installing: /home/minis/ws_moveit2/install/panda_description/share/panda_description/urdf
[0.475s] -- Installing: /home/minis/ws_moveit2/install/panda_description/share/panda_description/urdf/panda_description_gazebo.xacro
[0.475s] -- Installing: /home/minis/ws_moveit2/install/panda_description/share/panda_description/urdf/panda_description.xacro
[0.475s] -- Installing: /home/minis/ws_moveit2/install/panda_description/share/panda_description/urdf/camera
[0.476s] -- Installing: /home/minis/ws_moveit2/install/panda_description/share/panda_description/urdf/camera/camera.xacro
[0.476s] -- Installing: /home/minis/ws_moveit2/install/panda_description/share/panda_description/urdf/camera/camera.gazebo
[0.476s] -- Installing: /home/minis/ws_moveit2/install/panda_description/share/panda_description/urdf/panda.urdf
[0.476s] -- Installing: /home/minis/ws_moveit2/install/panda_description/share/ament_index/resource_index/package_run_dependencies/panda_description
[0.476s] -- Installing: /home/minis/ws_moveit2/install/panda_description/share/ament_index/resource_index/parent_prefix_path/panda_description
[0.476s] -- Installing: /home/minis/ws_moveit2/install/panda_description/share/panda_description/environment/ament_prefix_path.sh
[0.476s] -- Installing: /home/minis/ws_moveit2/install/panda_description/share/panda_description/environment/ament_prefix_path.dsv
[0.476s] -- Installing: /home/minis/ws_moveit2/install/panda_description/share/panda_description/environment/path.sh
[0.476s] -- Installing: /home/minis/ws_moveit2/install/panda_description/share/panda_description/environment/path.dsv
[0.476s] -- Installing: /home/minis/ws_moveit2/install/panda_description/share/panda_description/local_setup.bash
[0.476s] -- Installing: /home/minis/ws_moveit2/install/panda_description/share/panda_description/local_setup.sh
[0.477s] -- Installing: /home/minis/ws_moveit2/install/panda_description/share/panda_description/local_setup.zsh
[0.477s] -- Installing: /home/minis/ws_moveit2/install/panda_description/share/panda_description/local_setup.dsv
[0.477s] -- Installing: /home/minis/ws_moveit2/install/panda_description/share/panda_description/package.dsv
[0.477s] -- Installing: /home/minis/ws_moveit2/install/panda_description/share/ament_index/resource_index/packages/panda_description
[0.477s] -- Installing: /home/minis/ws_moveit2/install/panda_description/share/panda_description/cmake/panda_descriptionConfig.cmake
[0.477s] -- Installing: /home/minis/ws_moveit2/install/panda_description/share/panda_description/cmake/panda_descriptionConfig-version.cmake
[0.477s] -- Installing: /home/minis/ws_moveit2/install/panda_description/share/panda_description/package.xml
[0.479s] Invoked command in '/home/minis/ws_moveit2/build/panda_description' returned '0': CMAKE_PREFIX_PATH=${CMAKE_PREFIX_PATH}:/opt/ros/humble /usr/bin/cmake --install /home/minis/ws_moveit2/build/panda_description
