[0.181s] Invoking command in '/home/minis/ws_moveit2/build/moveit_resources_fanuc_description': CMAKE_PREFIX_PATH=${CMAKE_PREFIX_PATH}:/home/minis/ws_moveit2/install/moveit_configs_utils:/home/minis/ws_moveit2/install/launch_param_builder:/opt/ros/humble /usr/bin/cmake --build /home/minis/ws_moveit2/build/moveit_resources_fanuc_description -- -j16 -l16
[0.272s] Invoked command in '/home/minis/ws_moveit2/build/moveit_resources_fanuc_description' returned '0': CMAKE_PREFIX_PATH=${CMAKE_PREFIX_PATH}:/home/minis/ws_moveit2/install/moveit_configs_utils:/home/minis/ws_moveit2/install/launch_param_builder:/opt/ros/humble /usr/bin/cmake --build /home/minis/ws_moveit2/build/moveit_resources_fanuc_description -- -j16 -l16
[0.273s] Invoking command in '/home/minis/ws_moveit2/build/moveit_resources_fanuc_description': CMAKE_PREFIX_PATH=${CMAKE_PREFIX_PATH}:/home/minis/ws_moveit2/install/moveit_configs_utils:/home/minis/ws_moveit2/install/launch_param_builder:/opt/ros/humble /usr/bin/cmake --install /home/minis/ws_moveit2/build/moveit_resources_fanuc_description
[0.293s] -- Install configuration: "Release"
[0.293s] -- Up-to-date: /home/minis/ws_moveit2/install/moveit_resources_fanuc_description/share/ament_index/resource_index/package_run_dependencies/moveit_resources_fanuc_description
[0.293s] -- Up-to-date: /home/minis/ws_moveit2/install/moveit_resources_fanuc_description/share/ament_index/resource_index/parent_prefix_path/moveit_resources_fanuc_description
[0.293s] -- Up-to-date: /home/minis/ws_moveit2/install/moveit_resources_fanuc_description/share/moveit_resources_fanuc_description/environment/ament_prefix_path.sh
[0.293s] -- Up-to-date: /home/minis/ws_moveit2/install/moveit_resources_fanuc_description/share/moveit_resources_fanuc_description/environment/ament_prefix_path.dsv
[0.293s] -- Up-to-date: /home/minis/ws_moveit2/install/moveit_resources_fanuc_description/share/moveit_resources_fanuc_description/environment/path.sh
[0.293s] -- Up-to-date: /home/minis/ws_moveit2/install/moveit_resources_fanuc_description/share/moveit_resources_fanuc_description/environment/path.dsv
[0.293s] -- Up-to-date: /home/minis/ws_moveit2/install/moveit_resources_fanuc_description/share/moveit_resources_fanuc_description/local_setup.bash
[0.293s] -- Up-to-date: /home/minis/ws_moveit2/install/moveit_resources_fanuc_description/share/moveit_resources_fanuc_description/local_setup.sh
[0.293s] -- Up-to-date: /home/minis/ws_moveit2/install/moveit_resources_fanuc_description/share/moveit_resources_fanuc_description/local_setup.zsh
[0.293s] -- Up-to-date: /home/minis/ws_moveit2/install/moveit_resources_fanuc_description/share/moveit_resources_fanuc_description/local_setup.dsv
[0.293s] -- Installing: /home/minis/ws_moveit2/install/moveit_resources_fanuc_description/share/moveit_resources_fanuc_description/package.dsv
[0.293s] -- Up-to-date: /home/minis/ws_moveit2/install/moveit_resources_fanuc_description/share/ament_index/resource_index/packages/moveit_resources_fanuc_description
[0.293s] -- Up-to-date: /home/minis/ws_moveit2/install/moveit_resources_fanuc_description/share/moveit_resources_fanuc_description/cmake/moveit_resources_fanuc_descriptionConfig.cmake
[0.293s] -- Up-to-date: /home/minis/ws_moveit2/install/moveit_resources_fanuc_description/share/moveit_resources_fanuc_description/cmake/moveit_resources_fanuc_descriptionConfig-version.cmake
[0.293s] -- Up-to-date: /home/minis/ws_moveit2/install/moveit_resources_fanuc_description/share/moveit_resources_fanuc_description/package.xml
[0.294s] -- Up-to-date: /home/minis/ws_moveit2/install/moveit_resources_fanuc_description/share/moveit_resources_fanuc_description/meshes
[0.294s] -- Up-to-date: /home/minis/ws_moveit2/install/moveit_resources_fanuc_description/share/moveit_resources_fanuc_description/meshes/collision
[0.294s] -- Up-to-date: /home/minis/ws_moveit2/install/moveit_resources_fanuc_description/share/moveit_resources_fanuc_description/meshes/collision/link_6.stl
[0.294s] -- Up-to-date: /home/minis/ws_moveit2/install/moveit_resources_fanuc_description/share/moveit_resources_fanuc_description/meshes/collision/link_4.stl
[0.294s] -- Up-to-date: /home/minis/ws_moveit2/install/moveit_resources_fanuc_description/share/moveit_resources_fanuc_description/meshes/collision/link_5.stl
[0.294s] -- Up-to-date: /home/minis/ws_moveit2/install/moveit_resources_fanuc_description/share/moveit_resources_fanuc_description/meshes/collision/link_3.stl
[0.294s] -- Up-to-date: /home/minis/ws_moveit2/install/moveit_resources_fanuc_description/share/moveit_resources_fanuc_description/meshes/collision/base_link.stl
[0.294s] -- Up-to-date: /home/minis/ws_moveit2/install/moveit_resources_fanuc_description/share/moveit_resources_fanuc_description/meshes/collision/link_2.stl
[0.295s] -- Up-to-date: /home/minis/ws_moveit2/install/moveit_resources_fanuc_description/share/moveit_resources_fanuc_description/meshes/collision/link_1.stl
[0.296s] -- Up-to-date: /home/minis/ws_moveit2/install/moveit_resources_fanuc_description/share/moveit_resources_fanuc_description/meshes/visual
[0.296s] -- Up-to-date: /home/minis/ws_moveit2/install/moveit_resources_fanuc_description/share/moveit_resources_fanuc_description/meshes/visual/link_6.stl
[0.296s] -- Up-to-date: /home/minis/ws_moveit2/install/moveit_resources_fanuc_description/share/moveit_resources_fanuc_description/meshes/visual/link_4.stl
[0.296s] -- Up-to-date: /home/minis/ws_moveit2/install/moveit_resources_fanuc_description/share/moveit_resources_fanuc_description/meshes/visual/link_5.stl
[0.296s] -- Up-to-date: /home/minis/ws_moveit2/install/moveit_resources_fanuc_description/share/moveit_resources_fanuc_description/meshes/visual/link_3.stl
[0.296s] -- Up-to-date: /home/minis/ws_moveit2/install/moveit_resources_fanuc_description/share/moveit_resources_fanuc_description/meshes/visual/base_link.stl
[0.297s] -- Up-to-date: /home/minis/ws_moveit2/install/moveit_resources_fanuc_description/share/moveit_resources_fanuc_description/meshes/visual/link_2.stl
[0.297s] -- Up-to-date: /home/minis/ws_moveit2/install/moveit_resources_fanuc_description/share/moveit_resources_fanuc_description/meshes/visual/link_1.stl
[0.297s] -- Up-to-date: /home/minis/ws_moveit2/install/moveit_resources_fanuc_description/share/moveit_resources_fanuc_description/urdf
[0.297s] -- Up-to-date: /home/minis/ws_moveit2/install/moveit_resources_fanuc_description/share/moveit_resources_fanuc_description/urdf/fanuc.urdf
[0.313s] Invoked command in '/home/minis/ws_moveit2/build/moveit_resources_fanuc_description' returned '0': CMAKE_PREFIX_PATH=${CMAKE_PREFIX_PATH}:/home/minis/ws_moveit2/install/moveit_configs_utils:/home/minis/ws_moveit2/install/launch_param_builder:/opt/ros/humble /usr/bin/cmake --install /home/minis/ws_moveit2/build/moveit_resources_fanuc_description
