-- Found ament_cmake: 1.3.12 (/opt/ros/humble/share/ament_cmake/cmake)
-- Found Python3: /usr/bin/python3 (found version "3.10.12") found components: Interpreter 
-- Found rclcpp: 16.0.17 (/opt/ros/humble/share/rclcpp/cmake)
-- Found rosidl_generator_c: 3.1.8 (/opt/ros/humble/share/rosidl_generator_c/cmake)
-- Found rosidl_adapter: 3.1.8 (/opt/ros/humble/share/rosidl_adapter/cmake)
-- Found rosidl_generator_cpp: 3.1.8 (/opt/ros/humble/share/rosidl_generator_cpp/cmake)
-- Using all available rosidl_typesupport_c: rosidl_typesupport_fastrtps_c;rosidl_typesupport_introspection_c
-- Using all available rosidl_typesupport_cpp: rosidl_typesupport_fastrtps_cpp;rosidl_typesupport_introspection_cpp
-- Found rmw_implementation_cmake: 6.1.2 (/opt/ros/humble/share/rmw_implementation_cmake/cmake)
-- Found rmw_fastrtps_cpp: 6.2.9 (/opt/ros/humble/share/rmw_fastrtps_cpp/cmake)
-- Using RMW implementation 'rmw_fastrtps_cpp' as default
-- Found rclpy: 3.3.19 (/opt/ros/humble/share/rclpy/cmake)
-- Found geometry_msgs: 4.9.0 (/opt/ros/humble/share/geometry_msgs/cmake)
-- Found moveit_ros_planning: 2.5.9 (/home/minis/ws_moveit2/install/moveit_ros_planning/share/moveit_ros_planning/cmake)
-- Found Boost: /usr/lib/x86_64-linux-gnu/cmake/Boost-1.74.0/BoostConfig.cmake (found version "1.74.0") found components: system filesystem date_time program_options thread chrono 
-- Found Boost: /usr/lib/x86_64-linux-gnu/cmake/Boost-1.74.0/BoostConfig.cmake (found version "1.74.0") found components: chrono date_time filesystem iostreams program_options regex serialization system thread 
-- Found parameter_traits: 0.6.0 (/opt/ros/humble/share/parameter_traits/cmake)
-- Found rclcpp_lifecycle: 16.0.17 (/opt/ros/humble/share/rclcpp_lifecycle/cmake)
-- Found Boost: /usr/lib/x86_64-linux-gnu/cmake/Boost-1.74.0/BoostConfig.cmake (found version "1.74.0") found components: filesystem 
-- library: /usr/lib/x86_64-linux-gnu/libcurl.so
-- Ensuring Eigen3 include directory is part of orocos-kdl CMake target
-- Found moveit_ros_planning_interface: 2.5.9 (/home/minis/ws_moveit2/install/moveit_ros_planning_interface/share/moveit_ros_planning_interface/cmake)
-- Found Boost: /usr/lib/x86_64-linux-gnu/cmake/Boost-1.74.0/BoostConfig.cmake (found version "1.74.0") found components: date_time filesystem program_options system thread 
-- Found Boost: /usr/lib/x86_64-linux-gnu/cmake/Boost-1.74.0/BoostConfig.cmake (found version "1.74.0") found components: thread system filesystem regex date_time program_options 
-- Found Boost: /usr/lib/x86_64-linux-gnu/cmake/Boost-1.74.0/BoostConfig.cmake (found version "1.74.0") found components: system filesystem date_time program_options thread 
-- Found Python3: /usr/bin/python3 (found version "3.10.12") found components: Interpreter Development Development.Module Development.Embed 
-- Found pybind11_vendor: 2.4.2 (/opt/ros/humble/share/pybind11_vendor/cmake)
-- Found pybind11: /usr/include (found version "2.9.1")
-- Found ament_cmake_pytest: 1.3.12 (/opt/ros/humble/share/ament_cmake_pytest/cmake)
-- Configuring done
-- Generating done
-- Build files have been written to: /home/minis/ws_moveit2/build/moveit_py
[35m[1mConsolidate compiler generated dependencies of target moveit_py_utils[0m
[  4%] Built target ament_cmake_python_copy_moveit
[ 12%] Built target moveit_py_utils
[35m[1mConsolidate compiler generated dependencies of target planning[0m
[35m[1mConsolidate compiler generated dependencies of target core[0m
[ 37%] Built target planning
[100%] Built target core
running egg_info
writing moveit.egg-info/PKG-INFO
writing dependency_links to moveit.egg-info/dependency_links.txt
writing top-level names to moveit.egg-info/top_level.txt
reading manifest file 'moveit.egg-info/SOURCES.txt'
writing manifest file 'moveit.egg-info/SOURCES.txt'
[100%] Built target ament_cmake_python_build_moveit_egg
-- Install configuration: "Release"
-- Up-to-date: /home/minis/ws_moveit2/install/moveit_py/lib/libmoveit_py_utils.so.
-- Up-to-date: /home/minis/ws_moveit2/install/moveit_py/lib/libmoveit_py_utils.so
-- Up-to-date: /home/minis/ws_moveit2/install/moveit_py/include/moveit_py
-- Up-to-date: /home/minis/ws_moveit2/install/moveit_py/include/moveit_py/moveit_py
-- Up-to-date: /home/minis/ws_moveit2/install/moveit_py/include/moveit_py/moveit_py/moveit_py_utils
-- Up-to-date: /home/minis/ws_moveit2/install/moveit_py/include/moveit_py/moveit_py/moveit_py_utils/copy_ros_msg.h
-- Up-to-date: /home/minis/ws_moveit2/install/moveit_py/include/moveit_py/moveit_py/moveit_py_utils/ros_msg_typecasters.hpp
-- Up-to-date: /home/minis/ws_moveit2/install/moveit_py/include/moveit_py/moveit_py/moveit_py_utils/ros_msg_typecasters.h
-- Up-to-date: /home/minis/ws_moveit2/install/moveit_py/include/moveit_py/moveit_py/moveit_py_utils/rclpy_time_typecaster.hpp
-- Up-to-date: /home/minis/ws_moveit2/install/moveit_py/include/moveit_py/moveit_py/moveit_py_utils/copy_ros_msg.hpp
-- Up-to-date: /home/minis/ws_moveit2/install/moveit_py/share/moveit_py/environment/pythonpath.sh
-- Installing: /home/minis/ws_moveit2/install/moveit_py/share/moveit_py/environment/pythonpath.dsv
-- Up-to-date: /home/minis/ws_moveit2/install/moveit_py/local/lib/python3.10/dist-packages/moveit-2.5.9-py3.10.egg-info
-- Installing: /home/minis/ws_moveit2/install/moveit_py/local/lib/python3.10/dist-packages/moveit-2.5.9-py3.10.egg-info/dependency_links.txt
-- Installing: /home/minis/ws_moveit2/install/moveit_py/local/lib/python3.10/dist-packages/moveit-2.5.9-py3.10.egg-info/top_level.txt
-- Installing: /home/minis/ws_moveit2/install/moveit_py/local/lib/python3.10/dist-packages/moveit-2.5.9-py3.10.egg-info/SOURCES.txt
-- Installing: /home/minis/ws_moveit2/install/moveit_py/local/lib/python3.10/dist-packages/moveit-2.5.9-py3.10.egg-info/PKG-INFO
-- Up-to-date: /home/minis/ws_moveit2/install/moveit_py/local/lib/python3.10/dist-packages/moveit
-- Up-to-date: /home/minis/ws_moveit2/install/moveit_py/local/lib/python3.10/dist-packages/moveit/core
-- Up-to-date: /home/minis/ws_moveit2/install/moveit_py/local/lib/python3.10/dist-packages/moveit/core/robot_state.pyi
-- Up-to-date: /home/minis/ws_moveit2/install/moveit_py/local/lib/python3.10/dist-packages/moveit/core/controller_manager.pyi
-- Up-to-date: /home/minis/ws_moveit2/install/moveit_py/local/lib/python3.10/dist-packages/moveit/core/collision_detection.pyi
-- Up-to-date: /home/minis/ws_moveit2/install/moveit_py/local/lib/python3.10/dist-packages/moveit/core/robot_model.pyi
-- Up-to-date: /home/minis/ws_moveit2/install/moveit_py/local/lib/python3.10/dist-packages/moveit/core/__init__.pyi
-- Up-to-date: /home/minis/ws_moveit2/install/moveit_py/local/lib/python3.10/dist-packages/moveit/core/planning_scene.pyi
-- Up-to-date: /home/minis/ws_moveit2/install/moveit_py/local/lib/python3.10/dist-packages/moveit/core/planning_interface.pyi
-- Up-to-date: /home/minis/ws_moveit2/install/moveit_py/local/lib/python3.10/dist-packages/moveit/core/robot_trajectory.pyi
-- Up-to-date: /home/minis/ws_moveit2/install/moveit_py/local/lib/python3.10/dist-packages/moveit/core/kinematic_constraints.pyi
-- Up-to-date: /home/minis/ws_moveit2/install/moveit_py/local/lib/python3.10/dist-packages/moveit/README.md
-- Up-to-date: /home/minis/ws_moveit2/install/moveit_py/local/lib/python3.10/dist-packages/moveit/__init__.py
-- Up-to-date: /home/minis/ws_moveit2/install/moveit_py/local/lib/python3.10/dist-packages/moveit/planning.pyi
-- Up-to-date: /home/minis/ws_moveit2/install/moveit_py/local/lib/python3.10/dist-packages/moveit/utils.py
-- Up-to-date: /home/minis/ws_moveit2/install/moveit_py/local/lib/python3.10/dist-packages/moveit/utils.pyi
Listing '/home/minis/ws_moveit2/install/moveit_py/local/lib/python3.10/dist-packages/moveit'...
Listing '/home/minis/ws_moveit2/install/moveit_py/local/lib/python3.10/dist-packages/moveit/core'...
-- Up-to-date: /home/minis/ws_moveit2/install/moveit_py/local/lib/python3.10/dist-packages/moveit/core.cpython-310-x86_64-linux-gnu.so
-- Up-to-date: /home/minis/ws_moveit2/install/moveit_py/local/lib/python3.10/dist-packages/moveit/planning.cpython-310-x86_64-linux-gnu.so
-- Up-to-date: /home/minis/ws_moveit2/install/moveit_py/share/moveit_py/environment/library_path.sh
-- Installing: /home/minis/ws_moveit2/install/moveit_py/share/moveit_py/environment/library_path.dsv
-- Up-to-date: /home/minis/ws_moveit2/install/moveit_py/share/ament_index/resource_index/package_run_dependencies/moveit_py
-- Installing: /home/minis/ws_moveit2/install/moveit_py/share/ament_index/resource_index/parent_prefix_path/moveit_py
-- Up-to-date: /home/minis/ws_moveit2/install/moveit_py/share/moveit_py/environment/ament_prefix_path.sh
-- Installing: /home/minis/ws_moveit2/install/moveit_py/share/moveit_py/environment/ament_prefix_path.dsv
-- Up-to-date: /home/minis/ws_moveit2/install/moveit_py/share/moveit_py/environment/path.sh
-- Installing: /home/minis/ws_moveit2/install/moveit_py/share/moveit_py/environment/path.dsv
-- Up-to-date: /home/minis/ws_moveit2/install/moveit_py/share/moveit_py/local_setup.bash
-- Up-to-date: /home/minis/ws_moveit2/install/moveit_py/share/moveit_py/local_setup.sh
-- Up-to-date: /home/minis/ws_moveit2/install/moveit_py/share/moveit_py/local_setup.zsh
-- Installing: /home/minis/ws_moveit2/install/moveit_py/share/moveit_py/local_setup.dsv
-- Installing: /home/minis/ws_moveit2/install/moveit_py/share/moveit_py/package.dsv
-- Up-to-date: /home/minis/ws_moveit2/install/moveit_py/share/ament_index/resource_index/packages/moveit_py
-- Up-to-date: /home/minis/ws_moveit2/install/moveit_py/share/moveit_py/cmake/moveit_py_utilsTargetsExport.cmake
-- Up-to-date: /home/minis/ws_moveit2/install/moveit_py/share/moveit_py/cmake/moveit_py_utilsTargetsExport-release.cmake
-- Up-to-date: /home/minis/ws_moveit2/install/moveit_py/share/moveit_py/cmake/ament_cmake_export_targets-extras.cmake
-- Up-to-date: /home/minis/ws_moveit2/install/moveit_py/share/moveit_py/cmake/ament_cmake_export_dependencies-extras.cmake
-- Up-to-date: /home/minis/ws_moveit2/install/moveit_py/share/moveit_py/cmake/moveit_pyConfig.cmake
-- Up-to-date: /home/minis/ws_moveit2/install/moveit_py/share/moveit_py/cmake/moveit_pyConfig-version.cmake
-- Up-to-date: /home/minis/ws_moveit2/install/moveit_py/share/moveit_py/package.xml
