[0.014s] Invoking command in '/home/minis/ws_moveit2/build/moveit_planners_ompl': AMENT_PREFIX_PATH=/home/minis/ws_moveit2/install/moveit_ros_planning:/home/minis/ws_moveit2/install/moveit_ros_occupancy_map_monitor:/home/minis/ws_moveit2/install/moveit_core:/home/minis/ws_moveit2/install/moveit_resources_panda_moveit_config:/home/minis/ws_moveit2/install/moveit_resources_fanuc_moveit_config:/home/minis/ws_moveit2/install/moveit_configs_utils:/home/minis/ws_moveit2/install/srdfdom:/home/minis/ws_moveit2/install/moveit_resources_pr2_description:/home/minis/ws_moveit2/install/moveit_resources_panda_description:/home/minis/ws_moveit2/install/moveit_resources_fanuc_description:/home/minis/ws_moveit2/install/moveit_common:/home/minis/ws_moveit2/install/launch_param_builder:${AMENT_PREFIX_PATH} CMAKE_PREFIX_PATH=/home/minis/ws_moveit2/install/moveit_ros_planning:/home/minis/ws_moveit2/install/moveit_ros_occupancy_map_monitor:/home/minis/ws_moveit2/install/moveit_core:/home/minis/ws_moveit2/install/moveit_resources_panda_moveit_config:/home/minis/ws_moveit2/install/moveit_resources_fanuc_moveit_config:/home/minis/ws_moveit2/install/srdfdom:/home/minis/ws_moveit2/install/moveit_resources_pr2_description:/home/minis/ws_moveit2/install/moveit_resources_panda_description:/home/minis/ws_moveit2/install/moveit_resources_fanuc_description:/home/minis/ws_moveit2/install/moveit_common:/opt/ros/humble LD_LIBRARY_PATH=/home/minis/ws_moveit2/install/moveit_ros_planning/lib:/home/minis/ws_moveit2/install/moveit_ros_occupancy_map_monitor/lib:/home/minis/ws_moveit2/install/moveit_core/lib:/home/minis/ws_moveit2/install/srdfdom/lib:${LD_LIBRARY_PATH} PATH=/home/minis/ws_moveit2/install/moveit_core/bin:${PATH} PYTHONPATH=/home/minis/ws_moveit2/install/moveit_configs_utils/lib/python3.10/site-packages:/home/minis/ws_moveit2/install/srdfdom/local/lib/python3.10/dist-packages:/home/minis/ws_moveit2/install/launch_param_builder/lib/python3.10/site-packages:${PYTHONPATH} /usr/bin/cmake /home/minis/ws_moveit2/src/moveit2/moveit_planners/ompl -DCMAKE_BUILD_TYPE=Release -DCMAKE_INSTALL_PREFIX=/home/minis/ws_moveit2/install/moveit_planners_ompl
[0.050s] -- The C compiler identification is GNU 11.4.0
[0.086s] -- The CXX compiler identification is GNU 11.4.0
[0.091s] -- Detecting C compiler ABI info
[0.142s] -- Detecting C compiler ABI info - done
[0.145s] -- Check for working C compiler: /usr/bin/cc - skipped
[0.146s] -- Detecting C compile features
[0.146s] -- Detecting C compile features - done
[0.147s] -- Detecting CXX compiler ABI info
[0.203s] -- Detecting CXX compiler ABI info - done
[0.208s] -- Check for working CXX compiler: /usr/bin/c++ - skipped
[0.208s] -- Detecting CXX compile features
[0.208s] -- Detecting CXX compile features - done
[0.209s] -- Found moveit_common: 2.5.9 (/home/minis/ws_moveit2/install/moveit_common/share/moveit_common/cmake)
[0.212s] -- Found ament_cmake: 1.3.12 (/opt/ros/humble/share/ament_cmake/cmake)
[0.312s] -- Found Python3: /usr/bin/python3 (found version "3.10.12") found components: Interpreter 
[0.588s] -- Found Boost: /usr/lib/x86_64-linux-gnu/cmake/Boost-1.74.0/BoostConfig.cmake (found version "1.74.0") found components: system filesystem date_time thread serialization 
[0.589s] -- Found moveit_core: 2.5.9 (/home/minis/ws_moveit2/install/moveit_core/share/moveit_core/cmake)
[0.602s] -- Found Boost: /usr/lib/x86_64-linux-gnu/cmake/Boost-1.74.0/BoostConfig.cmake (found version "1.74.0") found components: chrono date_time filesystem iostreams program_options regex serialization system thread 
[0.648s] -- Found parameter_traits: 0.6.0 (/opt/ros/humble/share/parameter_traits/cmake)
[0.682s] -- Found rosidl_generator_c: 3.1.8 (/opt/ros/humble/share/rosidl_generator_c/cmake)
[0.687s] -- Found rosidl_adapter: 3.1.8 (/opt/ros/humble/share/rosidl_adapter/cmake)
[0.694s] -- Found rosidl_generator_cpp: 3.1.8 (/opt/ros/humble/share/rosidl_generator_cpp/cmake)
[0.703s] -- Using all available rosidl_typesupport_c: rosidl_typesupport_fastrtps_c;rosidl_typesupport_introspection_c
[0.715s] -- Using all available rosidl_typesupport_cpp: rosidl_typesupport_fastrtps_cpp;rosidl_typesupport_introspection_cpp
[0.750s] -- Found rmw_implementation_cmake: 6.1.2 (/opt/ros/humble/share/rmw_implementation_cmake/cmake)
[0.753s] -- Found rmw_fastrtps_cpp: 6.2.9 (/opt/ros/humble/share/rmw_fastrtps_cpp/cmake)
[0.822s] -- Found OpenSSL: /usr/lib/x86_64-linux-gnu/libcrypto.so (found version "3.0.2")  
[0.842s] -- Found FastRTPS: /opt/ros/humble/include  
[0.876s] -- Using RMW implementation 'rmw_fastrtps_cpp' as default
[0.886s] -- Found Threads: TRUE  
[0.925s] -- Found rclcpp_lifecycle: 16.0.17 (/opt/ros/humble/share/rclcpp_lifecycle/cmake)
[0.942s] -- Found Boost: /usr/lib/x86_64-linux-gnu/cmake/Boost-1.74.0/BoostConfig.cmake (found version "1.74.0") found components: filesystem 
[1.020s] -- library: /usr/lib/x86_64-linux-gnu/libcurl.so
[1.063s] -- Found Eigen3: TRUE (found version "3.4.0") 
[1.063s] -- Ensuring Eigen3 include directory is part of orocos-kdl CMake target
[1.224s] -- Found moveit_ros_planning: 2.5.9 (/home/minis/ws_moveit2/install/moveit_ros_planning/share/moveit_ros_planning/cmake)
[1.227s] -- Found Boost: /usr/lib/x86_64-linux-gnu/cmake/Boost-1.74.0/BoostConfig.cmake (found version "1.74.0") found components: system filesystem date_time program_options thread chrono 
[1.247s] -- Found Boost: /usr/lib/x86_64-linux-gnu/cmake/Boost-1.74.0/BoostConfig.cmake (found version "1.74.0") found components: serialization filesystem system 
[1.249s] -- Found ompl: /opt/ros/humble/include/ompl-1.7;/usr/include;/usr/include/eigen3  
[1.494s] -- Found OpenMP_C: -fopenmp (found version "4.5") 
[1.588s] -- Found OpenMP_CXX: -fopenmp (found version "4.5") 
[1.590s] -- Found OpenMP: TRUE (found version "4.5")  
[1.604s] -- Found ament_cmake_gtest: 1.3.12 (/opt/ros/humble/share/ament_cmake_gtest/cmake)
[1.611s] -- Found gtest sources under '/opt/ros/humble/src/gtest_vendor': C++ tests using 'Google Test' will be built
[1.654s] -- Found ament_lint_auto: 0.12.14 (/opt/ros/humble/share/ament_lint_auto/cmake)
[1.707s] -- Added test 'cppcheck' to perform static code analysis on C / C++ code
[1.707s] -- Configured cppcheck include dirs: /home/minis/ws_moveit2/src/moveit2/moveit_planners/ompl/ompl_interface/include
[1.707s] -- Configured cppcheck exclude dirs and/or files: 
[1.709s] -- Added test 'lint_cmake' to check CMake code style
[1.711s] -- Added test 'xmllint' to check XML markup files
[1.713s] -- Configuring done
[1.876s] -- Generating done
[1.934s] -- Build files have been written to: /home/minis/ws_moveit2/build/moveit_planners_ompl
[1.987s] Invoked command in '/home/minis/ws_moveit2/build/moveit_planners_ompl' returned '0': AMENT_PREFIX_PATH=/home/minis/ws_moveit2/install/moveit_ros_planning:/home/minis/ws_moveit2/install/moveit_ros_occupancy_map_monitor:/home/minis/ws_moveit2/install/moveit_core:/home/minis/ws_moveit2/install/moveit_resources_panda_moveit_config:/home/minis/ws_moveit2/install/moveit_resources_fanuc_moveit_config:/home/minis/ws_moveit2/install/moveit_configs_utils:/home/minis/ws_moveit2/install/srdfdom:/home/minis/ws_moveit2/install/moveit_resources_pr2_description:/home/minis/ws_moveit2/install/moveit_resources_panda_description:/home/minis/ws_moveit2/install/moveit_resources_fanuc_description:/home/minis/ws_moveit2/install/moveit_common:/home/minis/ws_moveit2/install/launch_param_builder:${AMENT_PREFIX_PATH} CMAKE_PREFIX_PATH=/home/minis/ws_moveit2/install/moveit_ros_planning:/home/minis/ws_moveit2/install/moveit_ros_occupancy_map_monitor:/home/minis/ws_moveit2/install/moveit_core:/home/minis/ws_moveit2/install/moveit_resources_panda_moveit_config:/home/minis/ws_moveit2/install/moveit_resources_fanuc_moveit_config:/home/minis/ws_moveit2/install/srdfdom:/home/minis/ws_moveit2/install/moveit_resources_pr2_description:/home/minis/ws_moveit2/install/moveit_resources_panda_description:/home/minis/ws_moveit2/install/moveit_resources_fanuc_description:/home/minis/ws_moveit2/install/moveit_common:/opt/ros/humble LD_LIBRARY_PATH=/home/minis/ws_moveit2/install/moveit_ros_planning/lib:/home/minis/ws_moveit2/install/moveit_ros_occupancy_map_monitor/lib:/home/minis/ws_moveit2/install/moveit_core/lib:/home/minis/ws_moveit2/install/srdfdom/lib:${LD_LIBRARY_PATH} PATH=/home/minis/ws_moveit2/install/moveit_core/bin:${PATH} PYTHONPATH=/home/minis/ws_moveit2/install/moveit_configs_utils/lib/python3.10/site-packages:/home/minis/ws_moveit2/install/srdfdom/local/lib/python3.10/dist-packages:/home/minis/ws_moveit2/install/launch_param_builder/lib/python3.10/site-packages:${PYTHONPATH} /usr/bin/cmake /home/minis/ws_moveit2/src/moveit2/moveit_planners/ompl -DCMAKE_BUILD_TYPE=Release -DCMAKE_INSTALL_PREFIX=/home/minis/ws_moveit2/install/moveit_planners_ompl
[1.989s] Invoking command in '/home/minis/ws_moveit2/build/moveit_planners_ompl': AMENT_PREFIX_PATH=/home/minis/ws_moveit2/install/moveit_ros_planning:/home/minis/ws_moveit2/install/moveit_ros_occupancy_map_monitor:/home/minis/ws_moveit2/install/moveit_core:/home/minis/ws_moveit2/install/moveit_resources_panda_moveit_config:/home/minis/ws_moveit2/install/moveit_resources_fanuc_moveit_config:/home/minis/ws_moveit2/install/moveit_configs_utils:/home/minis/ws_moveit2/install/srdfdom:/home/minis/ws_moveit2/install/moveit_resources_pr2_description:/home/minis/ws_moveit2/install/moveit_resources_panda_description:/home/minis/ws_moveit2/install/moveit_resources_fanuc_description:/home/minis/ws_moveit2/install/moveit_common:/home/minis/ws_moveit2/install/launch_param_builder:${AMENT_PREFIX_PATH} CMAKE_PREFIX_PATH=/home/minis/ws_moveit2/install/moveit_ros_planning:/home/minis/ws_moveit2/install/moveit_ros_occupancy_map_monitor:/home/minis/ws_moveit2/install/moveit_core:/home/minis/ws_moveit2/install/moveit_resources_panda_moveit_config:/home/minis/ws_moveit2/install/moveit_resources_fanuc_moveit_config:/home/minis/ws_moveit2/install/srdfdom:/home/minis/ws_moveit2/install/moveit_resources_pr2_description:/home/minis/ws_moveit2/install/moveit_resources_panda_description:/home/minis/ws_moveit2/install/moveit_resources_fanuc_description:/home/minis/ws_moveit2/install/moveit_common:/opt/ros/humble LD_LIBRARY_PATH=/home/minis/ws_moveit2/install/moveit_ros_planning/lib:/home/minis/ws_moveit2/install/moveit_ros_occupancy_map_monitor/lib:/home/minis/ws_moveit2/install/moveit_core/lib:/home/minis/ws_moveit2/install/srdfdom/lib:${LD_LIBRARY_PATH} PATH=/home/minis/ws_moveit2/install/moveit_core/bin:${PATH} PYTHONPATH=/home/minis/ws_moveit2/install/moveit_configs_utils/lib/python3.10/site-packages:/home/minis/ws_moveit2/install/srdfdom/local/lib/python3.10/dist-packages:/home/minis/ws_moveit2/install/launch_param_builder/lib/python3.10/site-packages:${PYTHONPATH} /usr/bin/cmake --build /home/minis/ws_moveit2/build/moveit_planners_ompl -- -j16 -l16
[2.112s] [  2%] [32mBuilding CXX object gtest/CMakeFiles/gtest.dir/src/gtest-all.cc.o[0m
[2.116s] [  4%] [32mBuilding CXX object gtest/CMakeFiles/gtest_main.dir/src/gtest_main.cc.o[0m
[2.128s] [  7%] [32mBuilding CXX object ompl_interface/CMakeFiles/moveit_ompl_interface.dir/src/ompl_interface.cpp.o[0m
[2.135s] [  9%] [32mBuilding CXX object ompl_interface/CMakeFiles/moveit_ompl_interface.dir/src/planning_context_manager.cpp.o[0m
[2.142s] [ 12%] [32mBuilding CXX object ompl_interface/CMakeFiles/moveit_ompl_interface.dir/src/model_based_planning_context.cpp.o[0m
[2.144s] [ 14%] [32mBuilding CXX object ompl_interface/CMakeFiles/moveit_ompl_interface.dir/src/parameterization/model_based_state_space.cpp.o[0m
[2.151s] [ 17%] [32mBuilding CXX object ompl_interface/CMakeFiles/moveit_ompl_interface.dir/src/parameterization/joint_space/constrained_planning_state_space.cpp.o[0m
[2.151s] [ 19%] [32mBuilding CXX object ompl_interface/CMakeFiles/moveit_ompl_interface.dir/src/parameterization/joint_space/constrained_planning_state_space_factory.cpp.o[0m
[2.152s] [ 21%] [32mBuilding CXX object ompl_interface/CMakeFiles/moveit_ompl_interface.dir/src/parameterization/model_based_state_space_factory.cpp.o[0m
[2.167s] [ 24%] [32mBuilding CXX object ompl_interface/CMakeFiles/moveit_ompl_interface.dir/src/parameterization/joint_space/joint_model_state_space.cpp.o[0m
[2.213s] [ 26%] [32mBuilding CXX object ompl_interface/CMakeFiles/moveit_ompl_interface.dir/src/parameterization/work_space/pose_model_state_space.cpp.o[0m
[2.213s] [ 29%] [32mBuilding CXX object ompl_interface/CMakeFiles/moveit_ompl_interface.dir/src/parameterization/joint_space/joint_model_state_space_factory.cpp.o[0m
[2.213s] [ 31%] [32mBuilding CXX object ompl_interface/CMakeFiles/moveit_ompl_interface.dir/src/detail/ompl_constraints.cpp.o[0m
[2.213s] [ 34%] [32mBuilding CXX object ompl_interface/CMakeFiles/moveit_ompl_interface.dir/src/detail/threadsafe_state_storage.cpp.o[0m
[2.213s] [ 36%] [32mBuilding CXX object ompl_interface/CMakeFiles/moveit_ompl_interface.dir/src/parameterization/work_space/pose_model_state_space_factory.cpp.o[0m
[2.225s] [ 39%] [32mBuilding CXX object ompl_interface/CMakeFiles/moveit_ompl_interface.dir/src/detail/state_validity_checker.cpp.o[0m
[5.165s] [ 41%] [32m[1mLinking CXX static library libgtest_main.a[0m
[5.227s] [ 41%] Built target gtest_main
[5.254s] [ 43%] [32mBuilding CXX object ompl_interface/CMakeFiles/moveit_ompl_interface.dir/src/detail/projection_evaluators.cpp.o[0m
[18.702s] [ 46%] [32mBuilding CXX object ompl_interface/CMakeFiles/moveit_ompl_interface.dir/src/detail/goal_union.cpp.o[0m
[21.628s] [ 48%] [32mBuilding CXX object ompl_interface/CMakeFiles/moveit_ompl_interface.dir/src/detail/constraints_library.cpp.o[0m
[24.036s] [ 51%] [32m[1mLinking CXX static library libgtest.a[0m
[24.139s] [ 51%] Built target gtest
[35.575s] [ 53%] [32mBuilding CXX object ompl_interface/CMakeFiles/moveit_ompl_interface.dir/src/detail/constrained_goal_sampler.cpp.o[0m
[41.891s] [ 58%] [32mBuilding CXX object ompl_interface/CMakeFiles/moveit_ompl_interface.dir/src/detail/constrained_sampler.cpp.o[0m
[41.891s] [ 58%] [32mBuilding CXX object ompl_interface/CMakeFiles/moveit_ompl_interface.dir/src/detail/constrained_valid_state_sampler.cpp.o[0m
[48.408s] [ 60%] [32m[1mLinking CXX shared library libmoveit_ompl_interface.so[0m
[48.748s] [ 60%] Built target moveit_ompl_interface
[48.766s] [ 70%] [32mBuilding CXX object ompl_interface/CMakeFiles/test_constrained_planning_state_space.dir/test/test_constrained_planning_state_space.cpp.o[0m
[48.766s] [ 70%] [32mBuilding CXX object ompl_interface/CMakeFiles/test_threadsafe_state_storage.dir/test/test_threadsafe_state_storage.cpp.o[0m
[48.766s] [ 70%] [32mBuilding CXX object ompl_interface/CMakeFiles/test_planning_context_manager.dir/test/test_planning_context_manager.cpp.o[0m
[48.766s] [ 70%] [32mBuilding CXX object ompl_interface/CMakeFiles/moveit_generate_state_database.dir/scripts/generate_state_database.cpp.o[0m
[48.767s] [ 73%] [32mBuilding CXX object ompl_interface/CMakeFiles/test_state_space.dir/test/test_state_space.cpp.o[0m
[48.768s] [ 78%] [32mBuilding CXX object ompl_interface/CMakeFiles/test_state_validity_checker.dir/test/test_state_validity_checker.cpp.o[0m
[48.768s] [ 78%] [32mBuilding CXX object ompl_interface/CMakeFiles/moveit_ompl_planner_plugin.dir/src/ompl_planner_manager.cpp.o[0m
[48.772s] [ 80%] [32mBuilding CXX object ompl_interface/CMakeFiles/test_constrained_state_validity_checker.dir/test/test_constrained_state_validity_checker.cpp.o[0m
[54.508s] [ 82%] [32m[1mLinking CXX executable test_threadsafe_state_storage[0m
[54.991s] [ 82%] Built target test_threadsafe_state_storage
[58.993s] [ 85%] [32m[1mLinking CXX executable test_state_space[0m
[59.072s] [ 87%] [32m[1mLinking CXX executable test_state_validity_checker[0m
[59.378s] [ 90%] [32m[1mLinking CXX shared library libmoveit_ompl_planner_plugin.so[0m
[59.578s] [ 90%] Built target test_state_space
[59.588s] [ 90%] Built target test_state_validity_checker
[59.714s] [ 90%] Built target moveit_ompl_planner_plugin
[59.804s] [ 92%] [32m[1mLinking CXX executable test_constrained_state_validity_checker[0m
[59.828s] [ 95%] [32m[1mLinking CXX executable test_constrained_planning_state_space[0m
[60.230s] [ 95%] Built target test_constrained_planning_state_space
[60.236s] [ 95%] Built target test_constrained_state_validity_checker
[60.314s] [ 97%] [32m[1mLinking CXX executable test_planning_context_manager[0m
[60.619s] [ 97%] Built target test_planning_context_manager
[61.586s] [100%] [32m[1mLinking CXX executable generate_state_database[0m
[61.863s] [100%] Built target moveit_generate_state_database
[61.874s] Invoked command in '/home/minis/ws_moveit2/build/moveit_planners_ompl' returned '0': AMENT_PREFIX_PATH=/home/minis/ws_moveit2/install/moveit_ros_planning:/home/minis/ws_moveit2/install/moveit_ros_occupancy_map_monitor:/home/minis/ws_moveit2/install/moveit_core:/home/minis/ws_moveit2/install/moveit_resources_panda_moveit_config:/home/minis/ws_moveit2/install/moveit_resources_fanuc_moveit_config:/home/minis/ws_moveit2/install/moveit_configs_utils:/home/minis/ws_moveit2/install/srdfdom:/home/minis/ws_moveit2/install/moveit_resources_pr2_description:/home/minis/ws_moveit2/install/moveit_resources_panda_description:/home/minis/ws_moveit2/install/moveit_resources_fanuc_description:/home/minis/ws_moveit2/install/moveit_common:/home/minis/ws_moveit2/install/launch_param_builder:${AMENT_PREFIX_PATH} CMAKE_PREFIX_PATH=/home/minis/ws_moveit2/install/moveit_ros_planning:/home/minis/ws_moveit2/install/moveit_ros_occupancy_map_monitor:/home/minis/ws_moveit2/install/moveit_core:/home/minis/ws_moveit2/install/moveit_resources_panda_moveit_config:/home/minis/ws_moveit2/install/moveit_resources_fanuc_moveit_config:/home/minis/ws_moveit2/install/srdfdom:/home/minis/ws_moveit2/install/moveit_resources_pr2_description:/home/minis/ws_moveit2/install/moveit_resources_panda_description:/home/minis/ws_moveit2/install/moveit_resources_fanuc_description:/home/minis/ws_moveit2/install/moveit_common:/opt/ros/humble LD_LIBRARY_PATH=/home/minis/ws_moveit2/install/moveit_ros_planning/lib:/home/minis/ws_moveit2/install/moveit_ros_occupancy_map_monitor/lib:/home/minis/ws_moveit2/install/moveit_core/lib:/home/minis/ws_moveit2/install/srdfdom/lib:${LD_LIBRARY_PATH} PATH=/home/minis/ws_moveit2/install/moveit_core/bin:${PATH} PYTHONPATH=/home/minis/ws_moveit2/install/moveit_configs_utils/lib/python3.10/site-packages:/home/minis/ws_moveit2/install/srdfdom/local/lib/python3.10/dist-packages:/home/minis/ws_moveit2/install/launch_param_builder/lib/python3.10/site-packages:${PYTHONPATH} /usr/bin/cmake --build /home/minis/ws_moveit2/build/moveit_planners_ompl -- -j16 -l16
[61.875s] Invoking command in '/home/minis/ws_moveit2/build/moveit_planners_ompl': AMENT_PREFIX_PATH=/home/minis/ws_moveit2/install/moveit_ros_planning:/home/minis/ws_moveit2/install/moveit_ros_occupancy_map_monitor:/home/minis/ws_moveit2/install/moveit_core:/home/minis/ws_moveit2/install/moveit_resources_panda_moveit_config:/home/minis/ws_moveit2/install/moveit_resources_fanuc_moveit_config:/home/minis/ws_moveit2/install/moveit_configs_utils:/home/minis/ws_moveit2/install/srdfdom:/home/minis/ws_moveit2/install/moveit_resources_pr2_description:/home/minis/ws_moveit2/install/moveit_resources_panda_description:/home/minis/ws_moveit2/install/moveit_resources_fanuc_description:/home/minis/ws_moveit2/install/moveit_common:/home/minis/ws_moveit2/install/launch_param_builder:${AMENT_PREFIX_PATH} CMAKE_PREFIX_PATH=/home/minis/ws_moveit2/install/moveit_ros_planning:/home/minis/ws_moveit2/install/moveit_ros_occupancy_map_monitor:/home/minis/ws_moveit2/install/moveit_core:/home/minis/ws_moveit2/install/moveit_resources_panda_moveit_config:/home/minis/ws_moveit2/install/moveit_resources_fanuc_moveit_config:/home/minis/ws_moveit2/install/srdfdom:/home/minis/ws_moveit2/install/moveit_resources_pr2_description:/home/minis/ws_moveit2/install/moveit_resources_panda_description:/home/minis/ws_moveit2/install/moveit_resources_fanuc_description:/home/minis/ws_moveit2/install/moveit_common:/opt/ros/humble LD_LIBRARY_PATH=/home/minis/ws_moveit2/install/moveit_ros_planning/lib:/home/minis/ws_moveit2/install/moveit_ros_occupancy_map_monitor/lib:/home/minis/ws_moveit2/install/moveit_core/lib:/home/minis/ws_moveit2/install/srdfdom/lib:${LD_LIBRARY_PATH} PATH=/home/minis/ws_moveit2/install/moveit_core/bin:${PATH} PYTHONPATH=/home/minis/ws_moveit2/install/moveit_configs_utils/lib/python3.10/site-packages:/home/minis/ws_moveit2/install/srdfdom/local/lib/python3.10/dist-packages:/home/minis/ws_moveit2/install/launch_param_builder/lib/python3.10/site-packages:${PYTHONPATH} /usr/bin/cmake --install /home/minis/ws_moveit2/build/moveit_planners_ompl
[61.882s] -- Install configuration: "Release"
[61.882s] -- Installing: /home/minis/ws_moveit2/install/moveit_planners_ompl/lib/moveit_planners_ompl/generate_state_database
[61.883s] -- Set runtime path of "/home/minis/ws_moveit2/install/moveit_planners_ompl/lib/moveit_planners_ompl/generate_state_database" to ""
[61.883s] -- Installing: /home/minis/ws_moveit2/install/moveit_planners_ompl/include
[61.883s] -- Installing: /home/minis/ws_moveit2/install/moveit_planners_ompl/include/moveit
[61.883s] -- Installing: /home/minis/ws_moveit2/install/moveit_planners_ompl/include/moveit/ompl_interface
[61.883s] -- Installing: /home/minis/ws_moveit2/install/moveit_planners_ompl/include/moveit/ompl_interface/detail
[61.883s] -- Installing: /home/minis/ws_moveit2/install/moveit_planners_ompl/include/moveit/ompl_interface/detail/constraints_library.h
[61.883s] -- Installing: /home/minis/ws_moveit2/install/moveit_planners_ompl/include/moveit/ompl_interface/detail/goal_union.h
[61.883s] -- Installing: /home/minis/ws_moveit2/install/moveit_planners_ompl/include/moveit/ompl_interface/detail/constraint_approximations.h
[61.883s] -- Installing: /home/minis/ws_moveit2/install/moveit_planners_ompl/include/moveit/ompl_interface/detail/constrained_goal_sampler.h
[61.883s] -- Installing: /home/minis/ws_moveit2/install/moveit_planners_ompl/include/moveit/ompl_interface/detail/constrained_sampler.h
[61.883s] -- Installing: /home/minis/ws_moveit2/install/moveit_planners_ompl/include/moveit/ompl_interface/detail/ompl_constraints.h
[61.883s] -- Installing: /home/minis/ws_moveit2/install/moveit_planners_ompl/include/moveit/ompl_interface/detail/state_validity_checker.h
[61.883s] -- Installing: /home/minis/ws_moveit2/install/moveit_planners_ompl/include/moveit/ompl_interface/detail/threadsafe_state_storage.h
[61.884s] -- Installing: /home/minis/ws_moveit2/install/moveit_planners_ompl/include/moveit/ompl_interface/detail/projection_evaluators.h
[61.884s] -- Installing: /home/minis/ws_moveit2/install/moveit_planners_ompl/include/moveit/ompl_interface/detail/constrained_valid_state_sampler.h
[61.884s] -- Installing: /home/minis/ws_moveit2/install/moveit_planners_ompl/include/moveit/ompl_interface/ompl_interface.h
[61.884s] -- Installing: /home/minis/ws_moveit2/install/moveit_planners_ompl/include/moveit/ompl_interface/planning_context_manager.h
[61.884s] -- Installing: /home/minis/ws_moveit2/install/moveit_planners_ompl/include/moveit/ompl_interface/model_based_planning_context.h
[61.884s] -- Installing: /home/minis/ws_moveit2/install/moveit_planners_ompl/include/moveit/ompl_interface/parameterization
[61.884s] -- Installing: /home/minis/ws_moveit2/install/moveit_planners_ompl/include/moveit/ompl_interface/parameterization/model_based_state_space_factory.h
[61.884s] -- Installing: /home/minis/ws_moveit2/install/moveit_planners_ompl/include/moveit/ompl_interface/parameterization/joint_space
[61.884s] -- Installing: /home/minis/ws_moveit2/install/moveit_planners_ompl/include/moveit/ompl_interface/parameterization/joint_space/constrained_planning_state_space.h
[61.884s] -- Installing: /home/minis/ws_moveit2/install/moveit_planners_ompl/include/moveit/ompl_interface/parameterization/joint_space/joint_model_state_space_factory.h
[61.884s] -- Installing: /home/minis/ws_moveit2/install/moveit_planners_ompl/include/moveit/ompl_interface/parameterization/joint_space/joint_model_state_space.h
[61.884s] -- Installing: /home/minis/ws_moveit2/install/moveit_planners_ompl/include/moveit/ompl_interface/parameterization/joint_space/constrained_planning_state_space_factory.h
[61.885s] -- Installing: /home/minis/ws_moveit2/install/moveit_planners_ompl/include/moveit/ompl_interface/parameterization/model_based_state_space.h
[61.885s] -- Installing: /home/minis/ws_moveit2/install/moveit_planners_ompl/include/moveit/ompl_interface/parameterization/work_space
[61.885s] -- Installing: /home/minis/ws_moveit2/install/moveit_planners_ompl/include/moveit/ompl_interface/parameterization/work_space/pose_model_state_space.h
[61.885s] -- Installing: /home/minis/ws_moveit2/install/moveit_planners_ompl/include/moveit/ompl_interface/parameterization/work_space/pose_model_state_space_factory.h
[61.885s] -- Installing: /home/minis/ws_moveit2/install/moveit_planners_ompl/lib/libmoveit_ompl_interface.so.2.5.9
[61.887s] -- Set runtime path of "/home/minis/ws_moveit2/install/moveit_planners_ompl/lib/libmoveit_ompl_interface.so.2.5.9" to ""
[61.887s] -- Installing: /home/minis/ws_moveit2/install/moveit_planners_ompl/lib/libmoveit_ompl_interface.so
[61.887s] -- Installing: /home/minis/ws_moveit2/install/moveit_planners_ompl/lib/libmoveit_ompl_planner_plugin.so.2.5.9
[61.887s] -- Set runtime path of "/home/minis/ws_moveit2/install/moveit_planners_ompl/lib/libmoveit_ompl_planner_plugin.so.2.5.9" to ""
[61.888s] -- Installing: /home/minis/ws_moveit2/install/moveit_planners_ompl/lib/libmoveit_ompl_planner_plugin.so
[61.888s] -- Installing: /home/minis/ws_moveit2/install/moveit_planners_ompl/share/moveit_planners_ompl/environment/library_path.sh
[61.888s] -- Installing: /home/minis/ws_moveit2/install/moveit_planners_ompl/share/moveit_planners_ompl/environment/library_path.dsv
[61.888s] -- Installing: /home/minis/ws_moveit2/install/moveit_planners_ompl/share/moveit_planners_ompl/ompl_interface_plugin_description.xml
[61.888s] -- Installing: /home/minis/ws_moveit2/install/moveit_planners_ompl/share/ament_index/resource_index/package_run_dependencies/moveit_planners_ompl
[61.888s] -- Installing: /home/minis/ws_moveit2/install/moveit_planners_ompl/share/ament_index/resource_index/parent_prefix_path/moveit_planners_ompl
[61.889s] -- Installing: /home/minis/ws_moveit2/install/moveit_planners_ompl/share/moveit_planners_ompl/environment/ament_prefix_path.sh
[61.889s] -- Installing: /home/minis/ws_moveit2/install/moveit_planners_ompl/share/moveit_planners_ompl/environment/ament_prefix_path.dsv
[61.889s] -- Installing: /home/minis/ws_moveit2/install/moveit_planners_ompl/share/moveit_planners_ompl/environment/path.sh
[61.889s] -- Installing: /home/minis/ws_moveit2/install/moveit_planners_ompl/share/moveit_planners_ompl/environment/path.dsv
[61.889s] -- Installing: /home/minis/ws_moveit2/install/moveit_planners_ompl/share/moveit_planners_ompl/local_setup.bash
[61.889s] -- Installing: /home/minis/ws_moveit2/install/moveit_planners_ompl/share/moveit_planners_ompl/local_setup.sh
[61.889s] -- Installing: /home/minis/ws_moveit2/install/moveit_planners_ompl/share/moveit_planners_ompl/local_setup.zsh
[61.890s] -- Installing: /home/minis/ws_moveit2/install/moveit_planners_ompl/share/moveit_planners_ompl/local_setup.dsv
[61.890s] -- Installing: /home/minis/ws_moveit2/install/moveit_planners_ompl/share/moveit_planners_ompl/package.dsv
[61.890s] -- Installing: /home/minis/ws_moveit2/install/moveit_planners_ompl/share/ament_index/resource_index/packages/moveit_planners_ompl
[61.890s] -- Installing: /home/minis/ws_moveit2/install/moveit_planners_ompl/share/ament_index/resource_index/moveit_core__pluginlib__plugin/moveit_planners_ompl
[61.890s] -- Installing: /home/minis/ws_moveit2/install/moveit_planners_ompl/share/moveit_planners_ompl/cmake/export_moveit_planners_omplExport.cmake
[61.890s] -- Installing: /home/minis/ws_moveit2/install/moveit_planners_ompl/share/moveit_planners_ompl/cmake/export_moveit_planners_omplExport-release.cmake
[61.890s] -- Installing: /home/minis/ws_moveit2/install/moveit_planners_ompl/share/moveit_planners_ompl/cmake/ament_cmake_export_targets-extras.cmake
[61.890s] -- Installing: /home/minis/ws_moveit2/install/moveit_planners_ompl/share/moveit_planners_ompl/cmake/ament_cmake_export_dependencies-extras.cmake
[61.891s] -- Installing: /home/minis/ws_moveit2/install/moveit_planners_ompl/share/moveit_planners_ompl/cmake/moveit_planners_omplConfig.cmake
[61.891s] -- Installing: /home/minis/ws_moveit2/install/moveit_planners_ompl/share/moveit_planners_ompl/cmake/moveit_planners_omplConfig-version.cmake
[61.891s] -- Installing: /home/minis/ws_moveit2/install/moveit_planners_ompl/share/moveit_planners_ompl/package.xml
[61.893s] Invoked command in '/home/minis/ws_moveit2/build/moveit_planners_ompl' returned '0': AMENT_PREFIX_PATH=/home/minis/ws_moveit2/install/moveit_ros_planning:/home/minis/ws_moveit2/install/moveit_ros_occupancy_map_monitor:/home/minis/ws_moveit2/install/moveit_core:/home/minis/ws_moveit2/install/moveit_resources_panda_moveit_config:/home/minis/ws_moveit2/install/moveit_resources_fanuc_moveit_config:/home/minis/ws_moveit2/install/moveit_configs_utils:/home/minis/ws_moveit2/install/srdfdom:/home/minis/ws_moveit2/install/moveit_resources_pr2_description:/home/minis/ws_moveit2/install/moveit_resources_panda_description:/home/minis/ws_moveit2/install/moveit_resources_fanuc_description:/home/minis/ws_moveit2/install/moveit_common:/home/minis/ws_moveit2/install/launch_param_builder:${AMENT_PREFIX_PATH} CMAKE_PREFIX_PATH=/home/minis/ws_moveit2/install/moveit_ros_planning:/home/minis/ws_moveit2/install/moveit_ros_occupancy_map_monitor:/home/minis/ws_moveit2/install/moveit_core:/home/minis/ws_moveit2/install/moveit_resources_panda_moveit_config:/home/minis/ws_moveit2/install/moveit_resources_fanuc_moveit_config:/home/minis/ws_moveit2/install/srdfdom:/home/minis/ws_moveit2/install/moveit_resources_pr2_description:/home/minis/ws_moveit2/install/moveit_resources_panda_description:/home/minis/ws_moveit2/install/moveit_resources_fanuc_description:/home/minis/ws_moveit2/install/moveit_common:/opt/ros/humble LD_LIBRARY_PATH=/home/minis/ws_moveit2/install/moveit_ros_planning/lib:/home/minis/ws_moveit2/install/moveit_ros_occupancy_map_monitor/lib:/home/minis/ws_moveit2/install/moveit_core/lib:/home/minis/ws_moveit2/install/srdfdom/lib:${LD_LIBRARY_PATH} PATH=/home/minis/ws_moveit2/install/moveit_core/bin:${PATH} PYTHONPATH=/home/minis/ws_moveit2/install/moveit_configs_utils/lib/python3.10/site-packages:/home/minis/ws_moveit2/install/srdfdom/local/lib/python3.10/dist-packages:/home/minis/ws_moveit2/install/launch_param_builder/lib/python3.10/site-packages:${PYTHONPATH} /usr/bin/cmake --install /home/minis/ws_moveit2/build/moveit_planners_ompl
