[0.027s] Invoking command in '/home/minis/ws_moveit2/build/moveit_setup_core_plugins': AMENT_PREFIX_PATH=/home/minis/ws_moveit2/install/moveit_setup_framework:/home/minis/ws_moveit2/install/moveit_ros_visualization:/home/minis/ws_moveit2/install/moveit_ros_planning_interface:/home/minis/ws_moveit2/install/moveit_ros_move_group:/home/minis/ws_moveit2/install/moveit_ros_warehouse:/home/minis/ws_moveit2/install/moveit_ros_robot_interaction:/home/minis/ws_moveit2/install/moveit_planners_ompl:/home/minis/ws_moveit2/install/moveit_kinematics:/home/minis/ws_moveit2/install/moveit_ros_planning:/home/minis/ws_moveit2/install/moveit_simple_controller_manager:/home/minis/ws_moveit2/install/moveit_ros_occupancy_map_monitor:/home/minis/ws_moveit2/install/moveit_core:/home/minis/ws_moveit2/install/moveit_resources_panda_moveit_config:/home/minis/ws_moveit2/install/moveit_resources_fanuc_moveit_config:/home/minis/ws_moveit2/install/moveit_configs_utils:/home/minis/ws_moveit2/install/srdfdom:/home/minis/ws_moveit2/install/moveit_resources_pr2_description:/home/minis/ws_moveit2/install/moveit_resources_panda_description:/home/minis/ws_moveit2/install/moveit_resources_fanuc_description:/home/minis/ws_moveit2/install/moveit_common:/home/minis/ws_moveit2/install/launch_param_builder:${AMENT_PREFIX_PATH} CMAKE_PREFIX_PATH=/home/minis/ws_moveit2/install/moveit_setup_framework:/home/minis/ws_moveit2/install/moveit_ros_visualization:/home/minis/ws_moveit2/install/moveit_ros_planning_interface:/home/minis/ws_moveit2/install/moveit_ros_move_group:/home/minis/ws_moveit2/install/moveit_ros_warehouse:/home/minis/ws_moveit2/install/moveit_ros_robot_interaction:/home/minis/ws_moveit2/install/moveit_planners_ompl:/home/minis/ws_moveit2/install/moveit_kinematics:/home/minis/ws_moveit2/install/moveit_ros_planning:/home/minis/ws_moveit2/install/moveit_simple_controller_manager:/home/minis/ws_moveit2/install/moveit_ros_occupancy_map_monitor:/home/minis/ws_moveit2/install/moveit_core:/home/minis/ws_moveit2/install/moveit_resources_panda_moveit_config:/home/minis/ws_moveit2/install/moveit_resources_fanuc_moveit_config:/home/minis/ws_moveit2/install/srdfdom:/home/minis/ws_moveit2/install/moveit_resources_pr2_description:/home/minis/ws_moveit2/install/moveit_resources_panda_description:/home/minis/ws_moveit2/install/moveit_resources_fanuc_description:/home/minis/ws_moveit2/install/moveit_common:/opt/ros/humble LD_LIBRARY_PATH=/home/minis/ws_moveit2/install/moveit_setup_framework/lib:/home/minis/ws_moveit2/install/moveit_ros_visualization/lib:/home/minis/ws_moveit2/install/moveit_ros_planning_interface/lib:/home/minis/ws_moveit2/install/moveit_ros_move_group/lib:/home/minis/ws_moveit2/install/moveit_ros_warehouse/lib:/home/minis/ws_moveit2/install/moveit_ros_robot_interaction/lib:/home/minis/ws_moveit2/install/moveit_planners_ompl/lib:/home/minis/ws_moveit2/install/moveit_kinematics/lib:/home/minis/ws_moveit2/install/moveit_ros_planning/lib:/home/minis/ws_moveit2/install/moveit_simple_controller_manager/lib:/home/minis/ws_moveit2/install/moveit_ros_occupancy_map_monitor/lib:/home/minis/ws_moveit2/install/moveit_core/lib:/home/minis/ws_moveit2/install/srdfdom/lib:${LD_LIBRARY_PATH} PATH=/home/minis/ws_moveit2/install/moveit_core/bin:${PATH} PYTHONPATH=/home/minis/ws_moveit2/install/moveit_configs_utils/lib/python3.10/site-packages:/home/minis/ws_moveit2/install/srdfdom/local/lib/python3.10/dist-packages:/home/minis/ws_moveit2/install/launch_param_builder/lib/python3.10/site-packages:${PYTHONPATH} /usr/bin/cmake /home/minis/ws_moveit2/src/moveit2/moveit_setup_assistant/moveit_setup_core_plugins -DCMAKE_BUILD_TYPE=Release -DCMAKE_INSTALL_PREFIX=/home/minis/ws_moveit2/install/moveit_setup_core_plugins
[0.064s] -- The C compiler identification is GNU 11.4.0
[0.099s] -- The CXX compiler identification is GNU 11.4.0
[0.103s] -- Detecting C compiler ABI info
[0.154s] -- Detecting C compiler ABI info - done
[0.158s] -- Check for working C compiler: /usr/bin/cc - skipped
[0.159s] -- Detecting C compile features
[0.159s] -- Detecting C compile features - done
[0.161s] -- Detecting CXX compiler ABI info
[0.217s] -- Detecting CXX compiler ABI info - done
[0.223s] -- Check for working CXX compiler: /usr/bin/c++ - skipped
[0.223s] -- Detecting CXX compile features
[0.223s] -- Detecting CXX compile features - done
[0.225s] -- Found moveit_common: 2.5.9 (/home/minis/ws_moveit2/install/moveit_common/share/moveit_common/cmake)
[0.228s] -- Found ament_cmake: 1.3.12 (/opt/ros/humble/share/ament_cmake/cmake)
[0.327s] -- Found Python3: /usr/bin/python3 (found version "3.10.12") found components: Interpreter 
[0.450s] -- Found ament_cmake_ros: 0.10.0 (/opt/ros/humble/share/ament_cmake_ros/cmake)
[0.460s] -- Found ament_index_cpp: 1.4.0 (/opt/ros/humble/share/ament_index_cpp/cmake)
[0.461s] -- Found moveit_ros_visualization: 2.5.9 (/home/minis/ws_moveit2/install/moveit_ros_visualization/share/moveit_ros_visualization/cmake)
[0.646s] -- Found Boost: /usr/lib/x86_64-linux-gnu/cmake/Boost-1.74.0/BoostConfig.cmake (found version "1.74.0") found components: thread date_time system filesystem 
[0.674s] -- Found Boost: /usr/lib/x86_64-linux-gnu/cmake/Boost-1.74.0/BoostConfig.cmake (found version "1.74.0") found components: filesystem 
[0.722s] -- Found rosidl_generator_c: 3.1.8 (/opt/ros/humble/share/rosidl_generator_c/cmake)
[0.728s] -- Found rosidl_adapter: 3.1.8 (/opt/ros/humble/share/rosidl_adapter/cmake)
[0.736s] -- Found rosidl_generator_cpp: 3.1.8 (/opt/ros/humble/share/rosidl_generator_cpp/cmake)
[0.747s] -- Using all available rosidl_typesupport_c: rosidl_typesupport_fastrtps_c;rosidl_typesupport_introspection_c
[0.757s] -- Using all available rosidl_typesupport_cpp: rosidl_typesupport_fastrtps_cpp;rosidl_typesupport_introspection_cpp
[0.827s] -- Found rmw_implementation_cmake: 6.1.2 (/opt/ros/humble/share/rmw_implementation_cmake/cmake)
[0.829s] -- Found rmw_fastrtps_cpp: 6.2.9 (/opt/ros/humble/share/rmw_fastrtps_cpp/cmake)
[0.907s] -- Found OpenSSL: /usr/lib/x86_64-linux-gnu/libcrypto.so (found version "3.0.2")  
[0.930s] -- Found FastRTPS: /opt/ros/humble/include  
[0.963s] -- Using RMW implementation 'rmw_fastrtps_cpp' as default
[0.973s] -- Found Threads: TRUE  
[1.067s] -- library: /usr/lib/x86_64-linux-gnu/libcurl.so
[1.122s] -- Found Boost: /usr/lib/x86_64-linux-gnu/cmake/Boost-1.74.0/BoostConfig.cmake (found version "1.74.0") found components: system filesystem date_time program_options thread chrono 
[1.234s] -- Found Boost: /usr/lib/x86_64-linux-gnu/cmake/Boost-1.74.0/BoostConfig.cmake (found version "1.74.0") found components: chrono date_time filesystem iostreams program_options regex serialization system thread 
[1.263s] -- Found parameter_traits: 0.6.0 (/opt/ros/humble/share/parameter_traits/cmake)
[1.276s] -- Found rclcpp_lifecycle: 16.0.17 (/opt/ros/humble/share/rclcpp_lifecycle/cmake)
[1.300s] -- Found Eigen3: TRUE (found version "3.4.0") 
[1.300s] -- Ensuring Eigen3 include directory is part of orocos-kdl CMake target
[1.390s] -- Found Boost: /usr/lib/x86_64-linux-gnu/cmake/Boost-1.74.0/BoostConfig.cmake (found version "1.74.0") found components: date_time filesystem program_options system thread 
[1.398s] -- Found Boost: /usr/lib/x86_64-linux-gnu/cmake/Boost-1.74.0/BoostConfig.cmake (found version "1.74.0") found components: thread system filesystem regex date_time program_options 
[1.412s] -- Found Boost: /usr/lib/x86_64-linux-gnu/cmake/Boost-1.74.0/BoostConfig.cmake (found version "1.74.0") found components: system filesystem date_time program_options thread 
[1.451s] -- Setting OGRE_DIR to: '/opt/ros/humble/share/rviz_ogre_vendor/cmake/../../../opt/rviz_ogre_vendor/lib/OGRE/cmake'
[1.451s] -- Found OGRE
[1.451s] --   static     : OFF
[1.451s] --   components : HLMS;MeshLodGenerator;Overlay;Paging;Property;RTShaderSystem;Terrain;Volume
[1.451s] --   plugins    : Plugin_BSPSceneManager;Plugin_OctreeSceneManager;Plugin_PCZSceneManager;Plugin_ParticleFX;RenderSystem_GL;RenderSystem_GL3Plus;Codec_STBI
[1.451s] --   media      : /opt/ros/humble/opt/rviz_ogre_vendor/share/OGRE/Media
[1.451s] -- OGRE_LIBRARIES: OgreHLMS;OgreMeshLodGenerator;OgreOverlay;OgrePaging;OgreProperty;OgreRTShaderSystem;OgreTerrain;OgreVolume;OgreMain
[1.452s] -- OGRE_LIBRARY_DIRS: /opt/ros/humble/opt/rviz_ogre_vendor/lib
[1.452s] -- OGRE_PLUGINS: Plugin_BSPSceneManager;Plugin_OctreeSceneManager;Plugin_PCZSceneManager;Plugin_ParticleFX;RenderSystem_GL;RenderSystem_GL3Plus;Codec_STBI
[1.452s] -- OGRE_PLUGIN_DIR: /opt/ros/humble/opt/rviz_ogre_vendor/lib/OGRE
[1.452s] -- rviz_ogre_vendor::OgreOverlay for IMPORTED_LOCATION_RELEASE: /opt/ros/humble/opt/rviz_ogre_vendor/lib/libOgreOverlay.so
[1.452s] -- rviz_ogre_vendor::OgreOverlay for IMPORTED_LOCATION_DEBUG: /opt/ros/humble/opt/rviz_ogre_vendor/lib/libOgreOverlay.so
[1.452s] -- rviz_ogre_vendor::OgreMain for IMPORTED_LOCATION_RELEASE: /opt/ros/humble/opt/rviz_ogre_vendor/lib/libOgreMain.so
[1.452s] -- rviz_ogre_vendor::OgreMain for IMPORTED_LOCATION_DEBUG: /opt/ros/humble/opt/rviz_ogre_vendor/lib/libOgreMain.so
[1.467s] -- Found ZLIB: /usr/lib/x86_64-linux-gnu/libz.so (found version "1.2.11") 
[1.470s] -- Found OpenGL: /usr/lib/x86_64-linux-gnu/libOpenGL.so   
[1.546s] -- Found X11: /usr/include   
[1.546s] -- Looking for XOpenDisplay in /usr/lib/x86_64-linux-gnu/libX11.so;/usr/lib/x86_64-linux-gnu/libXext.so
[1.620s] -- Looking for XOpenDisplay in /usr/lib/x86_64-linux-gnu/libX11.so;/usr/lib/x86_64-linux-gnu/libXext.so - found
[1.620s] -- Looking for gethostbyname
[1.692s] -- Looking for gethostbyname - found
[1.692s] -- Looking for connect
[1.763s] -- Looking for connect - found
[1.763s] -- Looking for remove
[1.834s] -- Looking for remove - found
[1.834s] -- Looking for shmat
[1.905s] -- Looking for shmat - found
[1.905s] -- Looking for IceConnectionNumber in ICE
[1.980s] -- Looking for IceConnectionNumber in ICE - found
[2.000s] -- Setting assimp_DIR to: '/opt/ros/humble/share/rviz_assimp_vendor/cmake/../../../opt/rviz_assimp_vendor/lib/cmake/assimp-4.1'
[2.061s] -- Found moveit_setup_framework: 2.5.9 (/home/minis/ws_moveit2/install/moveit_setup_framework/share/moveit_setup_framework/cmake)
[2.073s] -- Found ament_lint_auto: 0.12.14 (/opt/ros/humble/share/ament_lint_auto/cmake)
[2.094s] -- Added test 'lint_cmake' to check CMake code style
[2.095s] -- Added test 'xmllint' to check XML markup files
[2.097s] -- Configuring done
[2.139s] -- Generating done
[2.145s] -- Build files have been written to: /home/minis/ws_moveit2/build/moveit_setup_core_plugins
[2.158s] Invoked command in '/home/minis/ws_moveit2/build/moveit_setup_core_plugins' returned '0': AMENT_PREFIX_PATH=/home/minis/ws_moveit2/install/moveit_setup_framework:/home/minis/ws_moveit2/install/moveit_ros_visualization:/home/minis/ws_moveit2/install/moveit_ros_planning_interface:/home/minis/ws_moveit2/install/moveit_ros_move_group:/home/minis/ws_moveit2/install/moveit_ros_warehouse:/home/minis/ws_moveit2/install/moveit_ros_robot_interaction:/home/minis/ws_moveit2/install/moveit_planners_ompl:/home/minis/ws_moveit2/install/moveit_kinematics:/home/minis/ws_moveit2/install/moveit_ros_planning:/home/minis/ws_moveit2/install/moveit_simple_controller_manager:/home/minis/ws_moveit2/install/moveit_ros_occupancy_map_monitor:/home/minis/ws_moveit2/install/moveit_core:/home/minis/ws_moveit2/install/moveit_resources_panda_moveit_config:/home/minis/ws_moveit2/install/moveit_resources_fanuc_moveit_config:/home/minis/ws_moveit2/install/moveit_configs_utils:/home/minis/ws_moveit2/install/srdfdom:/home/minis/ws_moveit2/install/moveit_resources_pr2_description:/home/minis/ws_moveit2/install/moveit_resources_panda_description:/home/minis/ws_moveit2/install/moveit_resources_fanuc_description:/home/minis/ws_moveit2/install/moveit_common:/home/minis/ws_moveit2/install/launch_param_builder:${AMENT_PREFIX_PATH} CMAKE_PREFIX_PATH=/home/minis/ws_moveit2/install/moveit_setup_framework:/home/minis/ws_moveit2/install/moveit_ros_visualization:/home/minis/ws_moveit2/install/moveit_ros_planning_interface:/home/minis/ws_moveit2/install/moveit_ros_move_group:/home/minis/ws_moveit2/install/moveit_ros_warehouse:/home/minis/ws_moveit2/install/moveit_ros_robot_interaction:/home/minis/ws_moveit2/install/moveit_planners_ompl:/home/minis/ws_moveit2/install/moveit_kinematics:/home/minis/ws_moveit2/install/moveit_ros_planning:/home/minis/ws_moveit2/install/moveit_simple_controller_manager:/home/minis/ws_moveit2/install/moveit_ros_occupancy_map_monitor:/home/minis/ws_moveit2/install/moveit_core:/home/minis/ws_moveit2/install/moveit_resources_panda_moveit_config:/home/minis/ws_moveit2/install/moveit_resources_fanuc_moveit_config:/home/minis/ws_moveit2/install/srdfdom:/home/minis/ws_moveit2/install/moveit_resources_pr2_description:/home/minis/ws_moveit2/install/moveit_resources_panda_description:/home/minis/ws_moveit2/install/moveit_resources_fanuc_description:/home/minis/ws_moveit2/install/moveit_common:/opt/ros/humble LD_LIBRARY_PATH=/home/minis/ws_moveit2/install/moveit_setup_framework/lib:/home/minis/ws_moveit2/install/moveit_ros_visualization/lib:/home/minis/ws_moveit2/install/moveit_ros_planning_interface/lib:/home/minis/ws_moveit2/install/moveit_ros_move_group/lib:/home/minis/ws_moveit2/install/moveit_ros_warehouse/lib:/home/minis/ws_moveit2/install/moveit_ros_robot_interaction/lib:/home/minis/ws_moveit2/install/moveit_planners_ompl/lib:/home/minis/ws_moveit2/install/moveit_kinematics/lib:/home/minis/ws_moveit2/install/moveit_ros_planning/lib:/home/minis/ws_moveit2/install/moveit_simple_controller_manager/lib:/home/minis/ws_moveit2/install/moveit_ros_occupancy_map_monitor/lib:/home/minis/ws_moveit2/install/moveit_core/lib:/home/minis/ws_moveit2/install/srdfdom/lib:${LD_LIBRARY_PATH} PATH=/home/minis/ws_moveit2/install/moveit_core/bin:${PATH} PYTHONPATH=/home/minis/ws_moveit2/install/moveit_configs_utils/lib/python3.10/site-packages:/home/minis/ws_moveit2/install/srdfdom/local/lib/python3.10/dist-packages:/home/minis/ws_moveit2/install/launch_param_builder/lib/python3.10/site-packages:${PYTHONPATH} /usr/bin/cmake /home/minis/ws_moveit2/src/moveit2/moveit_setup_assistant/moveit_setup_core_plugins -DCMAKE_BUILD_TYPE=Release -DCMAKE_INSTALL_PREFIX=/home/minis/ws_moveit2/install/moveit_setup_core_plugins
[2.160s] Invoking command in '/home/minis/ws_moveit2/build/moveit_setup_core_plugins': AMENT_PREFIX_PATH=/home/minis/ws_moveit2/install/moveit_setup_framework:/home/minis/ws_moveit2/install/moveit_ros_visualization:/home/minis/ws_moveit2/install/moveit_ros_planning_interface:/home/minis/ws_moveit2/install/moveit_ros_move_group:/home/minis/ws_moveit2/install/moveit_ros_warehouse:/home/minis/ws_moveit2/install/moveit_ros_robot_interaction:/home/minis/ws_moveit2/install/moveit_planners_ompl:/home/minis/ws_moveit2/install/moveit_kinematics:/home/minis/ws_moveit2/install/moveit_ros_planning:/home/minis/ws_moveit2/install/moveit_simple_controller_manager:/home/minis/ws_moveit2/install/moveit_ros_occupancy_map_monitor:/home/minis/ws_moveit2/install/moveit_core:/home/minis/ws_moveit2/install/moveit_resources_panda_moveit_config:/home/minis/ws_moveit2/install/moveit_resources_fanuc_moveit_config:/home/minis/ws_moveit2/install/moveit_configs_utils:/home/minis/ws_moveit2/install/srdfdom:/home/minis/ws_moveit2/install/moveit_resources_pr2_description:/home/minis/ws_moveit2/install/moveit_resources_panda_description:/home/minis/ws_moveit2/install/moveit_resources_fanuc_description:/home/minis/ws_moveit2/install/moveit_common:/home/minis/ws_moveit2/install/launch_param_builder:${AMENT_PREFIX_PATH} CMAKE_PREFIX_PATH=/home/minis/ws_moveit2/install/moveit_setup_framework:/home/minis/ws_moveit2/install/moveit_ros_visualization:/home/minis/ws_moveit2/install/moveit_ros_planning_interface:/home/minis/ws_moveit2/install/moveit_ros_move_group:/home/minis/ws_moveit2/install/moveit_ros_warehouse:/home/minis/ws_moveit2/install/moveit_ros_robot_interaction:/home/minis/ws_moveit2/install/moveit_planners_ompl:/home/minis/ws_moveit2/install/moveit_kinematics:/home/minis/ws_moveit2/install/moveit_ros_planning:/home/minis/ws_moveit2/install/moveit_simple_controller_manager:/home/minis/ws_moveit2/install/moveit_ros_occupancy_map_monitor:/home/minis/ws_moveit2/install/moveit_core:/home/minis/ws_moveit2/install/moveit_resources_panda_moveit_config:/home/minis/ws_moveit2/install/moveit_resources_fanuc_moveit_config:/home/minis/ws_moveit2/install/srdfdom:/home/minis/ws_moveit2/install/moveit_resources_pr2_description:/home/minis/ws_moveit2/install/moveit_resources_panda_description:/home/minis/ws_moveit2/install/moveit_resources_fanuc_description:/home/minis/ws_moveit2/install/moveit_common:/opt/ros/humble LD_LIBRARY_PATH=/home/minis/ws_moveit2/install/moveit_setup_framework/lib:/home/minis/ws_moveit2/install/moveit_ros_visualization/lib:/home/minis/ws_moveit2/install/moveit_ros_planning_interface/lib:/home/minis/ws_moveit2/install/moveit_ros_move_group/lib:/home/minis/ws_moveit2/install/moveit_ros_warehouse/lib:/home/minis/ws_moveit2/install/moveit_ros_robot_interaction/lib:/home/minis/ws_moveit2/install/moveit_planners_ompl/lib:/home/minis/ws_moveit2/install/moveit_kinematics/lib:/home/minis/ws_moveit2/install/moveit_ros_planning/lib:/home/minis/ws_moveit2/install/moveit_simple_controller_manager/lib:/home/minis/ws_moveit2/install/moveit_ros_occupancy_map_monitor/lib:/home/minis/ws_moveit2/install/moveit_core/lib:/home/minis/ws_moveit2/install/srdfdom/lib:${LD_LIBRARY_PATH} PATH=/home/minis/ws_moveit2/install/moveit_core/bin:${PATH} PYTHONPATH=/home/minis/ws_moveit2/install/moveit_configs_utils/lib/python3.10/site-packages:/home/minis/ws_moveit2/install/srdfdom/local/lib/python3.10/dist-packages:/home/minis/ws_moveit2/install/launch_param_builder/lib/python3.10/site-packages:${PYTHONPATH} /usr/bin/cmake --build /home/minis/ws_moveit2/build/moveit_setup_core_plugins -- -j16 -l16
[2.206s] [  6%] [34m[1mAutomatic MOC for target moveit_setup_core_plugins[0m
[2.233s] [  6%] Built target moveit_setup_core_plugins_autogen
[2.243s] [ 13%] [34m[1mGenerating include/moveit_setup_core_plugins/moc_configuration_files_widget.cpp[0m
[2.243s] [ 20%] [34m[1mGenerating include/moveit_setup_core_plugins/moc_start_screen_widget.cpp[0m
[2.244s] [ 26%] [34m[1mGenerating include/moveit_setup_core_plugins/moc_author_information_widget.cpp[0m
[2.269s] [ 33%] [32mBuilding CXX object CMakeFiles/moveit_setup_core_plugins.dir/moveit_setup_core_plugins_autogen/mocs_compilation.cpp.o[0m
[2.270s] [ 40%] [32mBuilding CXX object CMakeFiles/moveit_setup_core_plugins.dir/src/start_screen_widget.cpp.o[0m
[2.273s] [ 46%] [32mBuilding CXX object CMakeFiles/moveit_setup_core_plugins.dir/src/start_screen.cpp.o[0m
[2.276s] [ 53%] [32mBuilding CXX object CMakeFiles/moveit_setup_core_plugins.dir/src/configuration_files.cpp.o[0m
[2.283s] [ 66%] [32mBuilding CXX object CMakeFiles/moveit_setup_core_plugins.dir/src/configuration_files_widget.cpp.o[0m
[2.283s] [ 66%] [32mBuilding CXX object CMakeFiles/moveit_setup_core_plugins.dir/src/author_information.cpp.o[0m
[2.290s] [ 73%] [32mBuilding CXX object CMakeFiles/moveit_setup_core_plugins.dir/src/author_information_widget.cpp.o[0m
[2.304s] [ 80%] [32mBuilding CXX object CMakeFiles/moveit_setup_core_plugins.dir/include/moveit_setup_core_plugins/moc_start_screen_widget.cpp.o[0m
[2.304s] [ 86%] [32mBuilding CXX object CMakeFiles/moveit_setup_core_plugins.dir/include/moveit_setup_core_plugins/moc_configuration_files_widget.cpp.o[0m
[2.305s] [ 93%] [32mBuilding CXX object CMakeFiles/moveit_setup_core_plugins.dir/include/moveit_setup_core_plugins/moc_author_information_widget.cpp.o[0m
