-- Install configuration: ""
-- Up-to-date: /home/minis/ws_moveit2/install/panda_moveit_config/share/panda_moveit_config/config
-- Up-to-date: /home/minis/ws_moveit2/install/panda_moveit_config/share/panda_moveit_config/config/panda_hand.gazebo_ros2_control.xacro
-- Up-to-date: /home/minis/ws_moveit2/install/panda_moveit_config/share/panda_moveit_config/config/gripper_moveit_controllers.yaml
-- Up-to-date: /home/minis/ws_moveit2/install/panda_moveit_config/share/panda_moveit_config/config/sensors_kinect_pointcloud.yaml
-- Up-to-date: /home/minis/ws_moveit2/install/panda_moveit_config/share/panda_moveit_config/config/motion_planning.rviz
-- Up-to-date: /home/minis/ws_moveit2/install/panda_moveit_config/share/panda_moveit_config/config/trajopt_planning.yaml
-- Up-to-date: /home/minis/ws_moveit2/install/panda_moveit_config/share/panda_moveit_config/config/sensors_kinect_depthmap.yaml
-- Up-to-date: /home/minis/ws_moveit2/install/panda_moveit_config/share/panda_moveit_config/config/pilz_cartesian_limits.yaml
-- Up-to-date: /home/minis/ws_moveit2/install/panda_moveit_config/share/panda_moveit_config/config/panda.urdf.xacro
-- Up-to-date: /home/minis/ws_moveit2/install/panda_moveit_config/share/panda_moveit_config/config/ros2_controllers.yaml
-- Up-to-date: /home/minis/ws_moveit2/install/panda_moveit_config/share/panda_moveit_config/config/lerp_planning.yaml
-- Up-to-date: /home/minis/ws_moveit2/install/panda_moveit_config/share/panda_moveit_config/config/panda.srdf
-- Up-to-date: /home/minis/ws_moveit2/install/panda_moveit_config/share/panda_moveit_config/config/joint_limits.yaml
-- Up-to-date: /home/minis/ws_moveit2/install/panda_moveit_config/share/panda_moveit_config/config/ompl_planning.yaml
-- Up-to-date: /home/minis/ws_moveit2/install/panda_moveit_config/share/panda_moveit_config/config/panda_arm.srdf.xacro
-- Up-to-date: /home/minis/ws_moveit2/install/panda_moveit_config/share/panda_moveit_config/config/kinematics.yaml
-- Up-to-date: /home/minis/ws_moveit2/install/panda_moveit_config/share/panda_moveit_config/config/panda_arm.xacro
-- Up-to-date: /home/minis/ws_moveit2/install/panda_moveit_config/share/panda_moveit_config/config/chomp_planning.yaml
-- Up-to-date: /home/minis/ws_moveit2/install/panda_moveit_config/share/panda_moveit_config/config/hand.xacro
-- Up-to-date: /home/minis/ws_moveit2/install/panda_moveit_config/share/panda_moveit_config/config/panda_arm_hand.srdf.xacro
-- Up-to-date: /home/minis/ws_moveit2/install/panda_moveit_config/share/panda_moveit_config/config/controller_setting.yaml
-- Up-to-date: /home/minis/ws_moveit2/install/panda_moveit_config/share/panda_moveit_config/config/moveit_controllers.yaml
-- Up-to-date: /home/minis/ws_moveit2/install/panda_moveit_config/share/panda_moveit_config/config/initial_positions.yaml
-- Up-to-date: /home/minis/ws_moveit2/install/panda_moveit_config/share/panda_moveit_config/config/panda.gazebo_ros2_control.xacro
-- Up-to-date: /home/minis/ws_moveit2/install/panda_moveit_config/share/panda_moveit_config/include
-- Up-to-date: /home/minis/ws_moveit2/install/panda_moveit_config/share/panda_moveit_config/include/panda_moveit
-- Up-to-date: /home/minis/ws_moveit2/install/panda_moveit_config/share/panda_moveit_config/launch
-- Installing: /home/minis/ws_moveit2/install/panda_moveit_config/share/panda_moveit_config/launch/moveit.rviz
-- Installing: /home/minis/ws_moveit2/install/panda_moveit_config/share/panda_moveit_config/launch/demo.launch.py
-- Up-to-date: /home/minis/ws_moveit2/install/panda_moveit_config/share/panda_moveit_config/launch/panda_moveit.launch.py
-- Up-to-date: /home/minis/ws_moveit2/install/panda_moveit_config/share/panda_moveit_config/src
-- Up-to-date: /home/minis/ws_moveit2/install/panda_moveit_config/lib/panda_moveit_config/arm_control_from_UI.py
-- Up-to-date: /home/minis/ws_moveit2/install/panda_moveit_config/share/ament_index/resource_index/package_run_dependencies/panda_moveit_config
-- Up-to-date: /home/minis/ws_moveit2/install/panda_moveit_config/share/ament_index/resource_index/parent_prefix_path/panda_moveit_config
-- Up-to-date: /home/minis/ws_moveit2/install/panda_moveit_config/share/panda_moveit_config/environment/ament_prefix_path.sh
-- Up-to-date: /home/minis/ws_moveit2/install/panda_moveit_config/share/panda_moveit_config/environment/ament_prefix_path.dsv
-- Up-to-date: /home/minis/ws_moveit2/install/panda_moveit_config/share/panda_moveit_config/environment/path.sh
-- Up-to-date: /home/minis/ws_moveit2/install/panda_moveit_config/share/panda_moveit_config/environment/path.dsv
-- Up-to-date: /home/minis/ws_moveit2/install/panda_moveit_config/share/panda_moveit_config/local_setup.bash
-- Up-to-date: /home/minis/ws_moveit2/install/panda_moveit_config/share/panda_moveit_config/local_setup.sh
-- Up-to-date: /home/minis/ws_moveit2/install/panda_moveit_config/share/panda_moveit_config/local_setup.zsh
-- Up-to-date: /home/minis/ws_moveit2/install/panda_moveit_config/share/panda_moveit_config/local_setup.dsv
-- Installing: /home/minis/ws_moveit2/install/panda_moveit_config/share/panda_moveit_config/package.dsv
-- Up-to-date: /home/minis/ws_moveit2/install/panda_moveit_config/share/ament_index/resource_index/packages/panda_moveit_config
-- Up-to-date: /home/minis/ws_moveit2/install/panda_moveit_config/share/panda_moveit_config/cmake/panda_moveit_configConfig.cmake
-- Up-to-date: /home/minis/ws_moveit2/install/panda_moveit_config/share/panda_moveit_config/cmake/panda_moveit_configConfig-version.cmake
-- Up-to-date: /home/minis/ws_moveit2/install/panda_moveit_config/share/panda_moveit_config/package.xml
