-- Install configuration: ""
-- Up-to-date: /home/minis/ws_moveit2/install/panda_gazebo/share/panda_gazebo/config
-- Up-to-date: /home/minis/ws_moveit2/install/panda_gazebo/share/panda_gazebo/config/ros2_controllers.yaml
-- Up-to-date: /home/minis/ws_moveit2/install/panda_gazebo/share/panda_gazebo/include
-- Up-to-date: /home/minis/ws_moveit2/install/panda_gazebo/share/panda_gazebo/include/panda_gazebo
-- Up-to-date: /home/minis/ws_moveit2/install/panda_gazebo/share/panda_gazebo/launch
-- Up-to-date: /home/minis/ws_moveit2/install/panda_gazebo/share/panda_gazebo/launch/panda_gazebo.launch.py
-- Up-to-date: /home/minis/ws_moveit2/install/panda_gazebo/share/panda_gazebo/launch/panda_gazebo_moveit.launch.py
-- Up-to-date: /home/minis/ws_moveit2/install/panda_gazebo/share/panda_gazebo/src
-- Up-to-date: /home/minis/ws_moveit2/install/panda_gazebo/share/panda_gazebo/worlds
-- Up-to-date: /home/minis/ws_moveit2/install/panda_gazebo/share/panda_gazebo/worlds/arm_on_the_table.world
-- Up-to-date: /home/minis/ws_moveit2/install/panda_gazebo/share/panda_gazebo/worlds/pnp_table.world
-- Up-to-date: /home/minis/ws_moveit2/install/panda_gazebo/share/panda_gazebo/worlds/test_world.world
-- Up-to-date: /home/minis/ws_moveit2/install/panda_gazebo/share/panda_gazebo/worlds/arm_on_the_table.sdf
-- Installing: /home/minis/ws_moveit2/install/panda_gazebo/share/panda_gazebo/worlds/on_the_table.world
-- Up-to-date: /home/minis/ws_moveit2/install/panda_gazebo/share/panda_gazebo/worlds/sun
-- Up-to-date: /home/minis/ws_moveit2/install/panda_gazebo/share/panda_gazebo/worlds/sun/model-1_2.sdf
-- Up-to-date: /home/minis/ws_moveit2/install/panda_gazebo/share/panda_gazebo/worlds/sun/model.config
-- Up-to-date: /home/minis/ws_moveit2/install/panda_gazebo/share/panda_gazebo/worlds/sun/model-1_3.sdf
-- Up-to-date: /home/minis/ws_moveit2/install/panda_gazebo/share/panda_gazebo/worlds/sun/model-1_4.sdf
-- Up-to-date: /home/minis/ws_moveit2/install/panda_gazebo/share/panda_gazebo/worlds/sun/model.sdf
-- Installing: /home/minis/ws_moveit2/install/panda_gazebo/share/panda_gazebo/worlds/new_arm_table.world
-- Up-to-date: /home/minis/ws_moveit2/install/panda_gazebo/share/panda_gazebo/worlds/ground_plane
-- Up-to-date: /home/minis/ws_moveit2/install/panda_gazebo/share/panda_gazebo/worlds/ground_plane/model-1_2.sdf
-- Up-to-date: /home/minis/ws_moveit2/install/panda_gazebo/share/panda_gazebo/worlds/ground_plane/model.config
-- Up-to-date: /home/minis/ws_moveit2/install/panda_gazebo/share/panda_gazebo/worlds/ground_plane/model-1_3.sdf
-- Up-to-date: /home/minis/ws_moveit2/install/panda_gazebo/share/panda_gazebo/worlds/ground_plane/model-1_4.sdf
-- Up-to-date: /home/minis/ws_moveit2/install/panda_gazebo/share/panda_gazebo/worlds/ground_plane/model.sdf
-- Up-to-date: /home/minis/ws_moveit2/install/panda_gazebo/share/panda_gazebo/worlds/bolt
-- Up-to-date: /home/minis/ws_moveit2/install/panda_gazebo/share/panda_gazebo/worlds/bolt/meshes
-- Up-to-date: /home/minis/ws_moveit2/install/panda_gazebo/share/panda_gazebo/worlds/bolt/meshes/bolt.dae
-- Up-to-date: /home/minis/ws_moveit2/install/panda_gazebo/share/panda_gazebo/worlds/bolt/meshes/bolt.stl
-- Up-to-date: /home/minis/ws_moveit2/install/panda_gazebo/share/panda_gazebo/worlds/bolt/model.config
-- Up-to-date: /home/minis/ws_moveit2/install/panda_gazebo/share/panda_gazebo/worlds/bolt/materials
-- Up-to-date: /home/minis/ws_moveit2/install/panda_gazebo/share/panda_gazebo/worlds/bolt/model.sdf
-- Up-to-date: /home/minis/ws_moveit2/install/panda_gazebo/share/panda_gazebo/worlds/table
-- Up-to-date: /home/minis/ws_moveit2/install/panda_gazebo/share/panda_gazebo/worlds/table/model-1_2.sdf
-- Up-to-date: /home/minis/ws_moveit2/install/panda_gazebo/share/panda_gazebo/worlds/table/model.config
-- Up-to-date: /home/minis/ws_moveit2/install/panda_gazebo/share/panda_gazebo/worlds/table/model-1_3.sdf
-- Up-to-date: /home/minis/ws_moveit2/install/panda_gazebo/share/panda_gazebo/worlds/table/model-1_4.sdf
-- Up-to-date: /home/minis/ws_moveit2/install/panda_gazebo/share/panda_gazebo/worlds/table/model.sdf
-- Up-to-date: /home/minis/ws_moveit2/install/panda_gazebo/share/ament_index/resource_index/package_run_dependencies/panda_gazebo
-- Up-to-date: /home/minis/ws_moveit2/install/panda_gazebo/share/ament_index/resource_index/parent_prefix_path/panda_gazebo
-- Up-to-date: /home/minis/ws_moveit2/install/panda_gazebo/share/panda_gazebo/environment/ament_prefix_path.sh
-- Up-to-date: /home/minis/ws_moveit2/install/panda_gazebo/share/panda_gazebo/environment/ament_prefix_path.dsv
-- Up-to-date: /home/minis/ws_moveit2/install/panda_gazebo/share/panda_gazebo/environment/path.sh
-- Up-to-date: /home/minis/ws_moveit2/install/panda_gazebo/share/panda_gazebo/environment/path.dsv
-- Up-to-date: /home/minis/ws_moveit2/install/panda_gazebo/share/panda_gazebo/local_setup.bash
-- Up-to-date: /home/minis/ws_moveit2/install/panda_gazebo/share/panda_gazebo/local_setup.sh
-- Up-to-date: /home/minis/ws_moveit2/install/panda_gazebo/share/panda_gazebo/local_setup.zsh
-- Up-to-date: /home/minis/ws_moveit2/install/panda_gazebo/share/panda_gazebo/local_setup.dsv
-- Installing: /home/minis/ws_moveit2/install/panda_gazebo/share/panda_gazebo/package.dsv
-- Up-to-date: /home/minis/ws_moveit2/install/panda_gazebo/share/ament_index/resource_index/packages/panda_gazebo
-- Up-to-date: /home/minis/ws_moveit2/install/panda_gazebo/share/panda_gazebo/cmake/panda_gazeboConfig.cmake
-- Up-to-date: /home/minis/ws_moveit2/install/panda_gazebo/share/panda_gazebo/cmake/panda_gazeboConfig-version.cmake
-- Up-to-date: /home/minis/ws_moveit2/install/panda_gazebo/share/panda_gazebo/package.xml
