[0.167s] Invoking command in '/home/minis/ws_moveit2/build/rosparam_shortcuts': CMAKE_PREFIX_PATH=/opt/ros/humble /usr/bin/cmake /home/minis/ws_moveit2/src/rosparam_shortcuts -DCMAKE_BUILD_TYPE=Release -DCMAKE_INSTALL_PREFIX=/home/minis/ws_moveit2/install/rosparam_shortcuts
[0.204s] -- The C compiler identification is GNU 11.4.0
[0.243s] -- The CXX compiler identification is GNU 11.4.0
[0.248s] -- Detecting C compiler ABI info
[0.297s] -- Detecting C compiler ABI info - done
[0.303s] -- Check for working C compiler: /usr/bin/cc - skipped
[0.303s] -- Detecting C compile features
[0.303s] -- Detecting C compile features - done
[0.305s] -- Detecting CXX compiler ABI info
[0.367s] -- Detecting CXX compiler ABI info - done
[0.372s] -- Check for working CXX compiler: /usr/bin/c++ - skipped
[0.372s] -- Detecting CXX compile features
[0.372s] -- Detecting CXX compile features - done
[0.374s] -- Found ament_cmake: 1.3.12 (/opt/ros/humble/share/ament_cmake/cmake)
[0.477s] -- Found Python3: /usr/bin/python3 (found version "3.10.12") found components: Interpreter 
[0.547s] -- Found eigen3_cmake_module: 0.1.1 (/opt/ros/humble/share/eigen3_cmake_module/cmake)
[0.554s] -- Found Eigen3: TRUE (found version "3.4.0") 
[0.555s] -- Found geometry_msgs: 4.9.0 (/opt/ros/humble/share/geometry_msgs/cmake)
[0.587s] -- Found rosidl_generator_c: 3.1.8 (/opt/ros/humble/share/rosidl_generator_c/cmake)
[0.590s] -- Found rosidl_adapter: 3.1.8 (/opt/ros/humble/share/rosidl_adapter/cmake)
[0.596s] -- Found rosidl_generator_cpp: 3.1.8 (/opt/ros/humble/share/rosidl_generator_cpp/cmake)
[0.604s] -- Using all available rosidl_typesupport_c: rosidl_typesupport_fastrtps_c;rosidl_typesupport_introspection_c
[0.615s] -- Using all available rosidl_typesupport_cpp: rosidl_typesupport_fastrtps_cpp;rosidl_typesupport_introspection_cpp
[0.641s] -- Found rclcpp: 16.0.17 (/opt/ros/humble/share/rclcpp/cmake)
[0.667s] -- Found rmw_implementation_cmake: 6.1.2 (/opt/ros/humble/share/rmw_implementation_cmake/cmake)
[0.669s] -- Found rmw_fastrtps_cpp: 6.2.9 (/opt/ros/humble/share/rmw_fastrtps_cpp/cmake)
[0.738s] -- Found OpenSSL: /usr/lib/x86_64-linux-gnu/libcrypto.so (found version "3.0.2")  
[0.760s] -- Found FastRTPS: /opt/ros/humble/include  
[0.793s] -- Using RMW implementation 'rmw_fastrtps_cpp' as default
[0.799s] -- Looking for pthread.h
[0.850s] -- Looking for pthread.h - found
[0.850s] -- Performing Test CMAKE_HAVE_LIBC_PTHREAD
[0.905s] -- Performing Test CMAKE_HAVE_LIBC_PTHREAD - Success
[0.906s] -- Found Threads: TRUE  
[0.930s] -- Found tf2_eigen: 0.25.18 (/opt/ros/humble/share/tf2_eigen/cmake)
[1.002s] -- Found ament_lint_auto: 0.12.14 (/opt/ros/humble/share/ament_lint_auto/cmake)
[1.003s] -- Found ament_cmake_gtest: 1.3.12 (/opt/ros/humble/share/ament_cmake_gtest/cmake)
[1.004s] -- Found ros_testing: 0.4.0 (/opt/ros/humble/share/ros_testing/cmake)
[1.005s] -- Found launch_testing_ament_cmake: 1.0.13 (/opt/ros/humble/share/launch_testing_ament_cmake/cmake)
[1.007s] -- Found python_cmake_module: 0.10.0 (/opt/ros/humble/share/python_cmake_module/cmake)
[1.022s] -- Found PythonInterp: /usr/bin/python3 (found suitable version "3.10.12", minimum required is "3.6") 
[1.028s] -- Found PythonLibs: /usr/lib/x86_64-linux-gnu/libpython3.10.so (found suitable version "3.10.12", minimum required is "3.5") 
[1.028s] -- Using PYTHON_EXECUTABLE: /usr/bin/python3
[1.028s] -- Using PYTHON_INCLUDE_DIRS: /usr/include/python3.10
[1.028s] -- Using PYTHON_LIBRARIES: /usr/lib/x86_64-linux-gnu/libpython3.10.so
[1.042s] -- Found PythonExtra: .so  
[1.094s] -- Found gtest sources under '/opt/ros/humble/src/gtest_vendor': C++ tests using 'Google Test' will be built
[1.101s] -- Added test 'copyright' to check source files copyright and LICENSE
[1.102s] -- Added test 'lint_cmake' to check CMake code style
[1.102s] -- Added test 'pep257' to check Python code against some of the docstring style conventions in PEP 257
[1.103s] -- Added test 'xmllint' to check XML markup files
[1.105s] -- Configuring done
[1.123s] -- Generating done
[1.130s] -- Build files have been written to: /home/minis/ws_moveit2/build/rosparam_shortcuts
[1.147s] Invoked command in '/home/minis/ws_moveit2/build/rosparam_shortcuts' returned '0': CMAKE_PREFIX_PATH=/opt/ros/humble /usr/bin/cmake /home/minis/ws_moveit2/src/rosparam_shortcuts -DCMAKE_BUILD_TYPE=Release -DCMAKE_INSTALL_PREFIX=/home/minis/ws_moveit2/install/rosparam_shortcuts
[1.148s] Invoking command in '/home/minis/ws_moveit2/build/rosparam_shortcuts': CMAKE_PREFIX_PATH=/opt/ros/humble /usr/bin/cmake --build /home/minis/ws_moveit2/build/rosparam_shortcuts -- -j16 -l16
[1.188s] [  7%] [32mBuilding CXX object gtest/CMakeFiles/gtest_main.dir/src/gtest_main.cc.o[0m
[1.188s] [ 23%] [32mBuilding CXX object CMakeFiles/rosparam_shortcuts.dir/src/node_parameters.cpp.o[0m
[1.189s] [ 23%] [32mBuilding CXX object gtest/CMakeFiles/gtest.dir/src/gtest-all.cc.o[0m
[1.189s] [ 30%] [32mBuilding CXX object CMakeFiles/rosparam_shortcuts.dir/src/rosparam_shortcuts.cpp.o[0m
[1.825s] [ 38%] [32m[1mLinking CXX static library libgtest_main.a[0m
[1.852s] [ 38%] Built target gtest_main
[7.133s] [ 46%] [32m[1mLinking CXX shared library librosparam_shortcuts.so[0m
[7.147s] [ 53%] [32m[1mLinking CXX static library libgtest.a[0m
[7.178s] [ 53%] Built target gtest
[7.209s] [ 53%] Built target rosparam_shortcuts
[7.224s] [ 76%] [32mBuilding CXX object CMakeFiles/test_node_parameters.dir/test/test_node_parameters.cpp.o[0m
[7.224s] [ 76%] [32mBuilding CXX object CMakeFiles/rosparam_shortcuts_example.dir/src/example.cpp.o[0m
[7.224s] [ 76%] [32mBuilding CXX object CMakeFiles/rosparam_shortcuts_node_parameters_example.dir/src/node_parameters_example.cpp.o[0m
[9.808s] [ 84%] [32m[1mLinking CXX executable example[0m
[9.831s] [ 92%] [32m[1mLinking CXX executable node_parameters_example[0m
[9.889s] [ 92%] Built target rosparam_shortcuts_example
[9.911s] [ 92%] Built target rosparam_shortcuts_node_parameters_example
[10.760s] [100%] [32m[1mLinking CXX executable test_node_parameters[0m
[10.843s] [100%] Built target test_node_parameters
[10.852s] Invoked command in '/home/minis/ws_moveit2/build/rosparam_shortcuts' returned '0': CMAKE_PREFIX_PATH=/opt/ros/humble /usr/bin/cmake --build /home/minis/ws_moveit2/build/rosparam_shortcuts -- -j16 -l16
[10.853s] Invoking command in '/home/minis/ws_moveit2/build/rosparam_shortcuts': CMAKE_PREFIX_PATH=/opt/ros/humble /usr/bin/cmake --install /home/minis/ws_moveit2/build/rosparam_shortcuts
[10.860s] -- Install configuration: "Release"
[10.860s] -- Installing: /home/minis/ws_moveit2/install/rosparam_shortcuts/lib/librosparam_shortcuts.so
[10.860s] -- Set runtime path of "/home/minis/ws_moveit2/install/rosparam_shortcuts/lib/librosparam_shortcuts.so" to ""
[10.860s] -- Installing: /home/minis/ws_moveit2/install/rosparam_shortcuts/lib/rosparam_shortcuts/example
[10.861s] -- Set runtime path of "/home/minis/ws_moveit2/install/rosparam_shortcuts/lib/rosparam_shortcuts/example" to ""
[10.861s] -- Installing: /home/minis/ws_moveit2/install/rosparam_shortcuts/lib/rosparam_shortcuts/node_parameters_example
[10.861s] -- Set runtime path of "/home/minis/ws_moveit2/install/rosparam_shortcuts/lib/rosparam_shortcuts/node_parameters_example" to ""
[10.861s] -- Installing: /home/minis/ws_moveit2/install/rosparam_shortcuts/include
[10.861s] -- Installing: /home/minis/ws_moveit2/install/rosparam_shortcuts/include/rosparam_shortcuts
[10.861s] -- Installing: /home/minis/ws_moveit2/install/rosparam_shortcuts/include/rosparam_shortcuts/node_parameters.h
[10.861s] -- Installing: /home/minis/ws_moveit2/install/rosparam_shortcuts/include/rosparam_shortcuts/rosparam_shortcuts.h
[10.861s] -- Installing: /home/minis/ws_moveit2/install/rosparam_shortcuts/share/rosparam_shortcuts/launch
[10.861s] -- Installing: /home/minis/ws_moveit2/install/rosparam_shortcuts/share/rosparam_shortcuts/launch/example.launch.py
[10.861s] -- Installing: /home/minis/ws_moveit2/install/rosparam_shortcuts/share/rosparam_shortcuts/config
[10.861s] -- Installing: /home/minis/ws_moveit2/install/rosparam_shortcuts/share/rosparam_shortcuts/config/example.yaml
[10.861s] -- Installing: /home/minis/ws_moveit2/install/rosparam_shortcuts/share/rosparam_shortcuts/environment/library_path.sh
[10.861s] -- Installing: /home/minis/ws_moveit2/install/rosparam_shortcuts/share/rosparam_shortcuts/environment/library_path.dsv
[10.862s] -- Installing: /home/minis/ws_moveit2/install/rosparam_shortcuts/share/ament_index/resource_index/package_run_dependencies/rosparam_shortcuts
[10.862s] -- Installing: /home/minis/ws_moveit2/install/rosparam_shortcuts/share/ament_index/resource_index/parent_prefix_path/rosparam_shortcuts
[10.862s] -- Installing: /home/minis/ws_moveit2/install/rosparam_shortcuts/share/rosparam_shortcuts/environment/ament_prefix_path.sh
[10.862s] -- Installing: /home/minis/ws_moveit2/install/rosparam_shortcuts/share/rosparam_shortcuts/environment/ament_prefix_path.dsv
[10.862s] -- Installing: /home/minis/ws_moveit2/install/rosparam_shortcuts/share/rosparam_shortcuts/environment/path.sh
[10.862s] -- Installing: /home/minis/ws_moveit2/install/rosparam_shortcuts/share/rosparam_shortcuts/environment/path.dsv
[10.862s] -- Installing: /home/minis/ws_moveit2/install/rosparam_shortcuts/share/rosparam_shortcuts/local_setup.bash
[10.862s] -- Installing: /home/minis/ws_moveit2/install/rosparam_shortcuts/share/rosparam_shortcuts/local_setup.sh
[10.862s] -- Installing: /home/minis/ws_moveit2/install/rosparam_shortcuts/share/rosparam_shortcuts/local_setup.zsh
[10.862s] -- Installing: /home/minis/ws_moveit2/install/rosparam_shortcuts/share/rosparam_shortcuts/local_setup.dsv
[10.862s] -- Installing: /home/minis/ws_moveit2/install/rosparam_shortcuts/share/rosparam_shortcuts/package.dsv
[10.863s] -- Installing: /home/minis/ws_moveit2/install/rosparam_shortcuts/share/ament_index/resource_index/packages/rosparam_shortcuts
[10.863s] -- Installing: /home/minis/ws_moveit2/install/rosparam_shortcuts/share/rosparam_shortcuts/cmake/export_rosparam_shortcutsExport.cmake
[10.863s] -- Installing: /home/minis/ws_moveit2/install/rosparam_shortcuts/share/rosparam_shortcuts/cmake/export_rosparam_shortcutsExport-release.cmake
[10.863s] -- Installing: /home/minis/ws_moveit2/install/rosparam_shortcuts/share/rosparam_shortcuts/cmake/ament_cmake_export_targets-extras.cmake
[10.863s] -- Installing: /home/minis/ws_moveit2/install/rosparam_shortcuts/share/rosparam_shortcuts/cmake/ament_cmake_export_dependencies-extras.cmake
[10.863s] -- Installing: /home/minis/ws_moveit2/install/rosparam_shortcuts/share/rosparam_shortcuts/cmake/rosparam_shortcutsConfig.cmake
[10.863s] -- Installing: /home/minis/ws_moveit2/install/rosparam_shortcuts/share/rosparam_shortcuts/cmake/rosparam_shortcutsConfig-version.cmake
[10.863s] -- Installing: /home/minis/ws_moveit2/install/rosparam_shortcuts/share/rosparam_shortcuts/package.xml
[10.865s] Invoked command in '/home/minis/ws_moveit2/build/rosparam_shortcuts' returned '0': CMAKE_PREFIX_PATH=/opt/ros/humble /usr/bin/cmake --install /home/minis/ws_moveit2/build/rosparam_shortcuts
