[0.005s] Invoking command in '/home/minis/ws_moveit2/build/rviz_marker_tools': AMENT_PREFIX_PATH=/home/minis/ws_moveit2/install/moveit_common:${AMENT_PREFIX_PATH} CMAKE_PREFIX_PATH=/home/minis/ws_moveit2/install/moveit_common:/opt/ros/humble /usr/bin/cmake /home/minis/ws_moveit2/src/moveit_task_constructor/rviz_marker_tools -DCMAKE_BUILD_TYPE=Release -DCMAKE_INSTALL_PREFIX=/home/minis/ws_moveit2/install/rviz_marker_tools
[0.042s] -- The C compiler identification is GNU 11.4.0
[0.082s] -- The CXX compiler identification is GNU 11.4.0
[0.087s] -- Detecting C compiler ABI info
[0.137s] -- Detecting C compiler ABI info - done
[0.142s] -- Check for working C compiler: /usr/bin/cc - skipped
[0.143s] -- Detecting C compile features
[0.143s] -- Detecting C compile features - done
[0.145s] -- Detecting CXX compiler ABI info
[0.212s] -- Detecting CXX compiler ABI info - done
[0.215s] -- Check for working CXX compiler: /usr/bin/c++ - skipped
[0.216s] -- Detecting CXX compile features
[0.216s] -- Detecting CXX compile features - done
[0.218s] -- Found ament_cmake: 1.3.12 (/opt/ros/humble/share/ament_cmake/cmake)
[0.327s] -- Found Python3: /usr/bin/python3 (found version "3.10.12") found components: Interpreter 
[0.387s] -- Found moveit_common: 2.5.9 (/home/minis/ws_moveit2/install/moveit_common/share/moveit_common/cmake)
[0.431s] -- Found eigen3_cmake_module: 0.1.1 (/opt/ros/humble/share/eigen3_cmake_module/cmake)
[0.437s] -- Found Eigen3: TRUE (found version "3.4.0") 
[0.438s] -- Found geometry_msgs: 4.9.0 (/opt/ros/humble/share/geometry_msgs/cmake)
[0.463s] -- Found rosidl_generator_c: 3.1.8 (/opt/ros/humble/share/rosidl_generator_c/cmake)
[0.467s] -- Found rosidl_adapter: 3.1.8 (/opt/ros/humble/share/rosidl_adapter/cmake)
[0.473s] -- Found rosidl_generator_cpp: 3.1.8 (/opt/ros/humble/share/rosidl_generator_cpp/cmake)
[0.480s] -- Using all available rosidl_typesupport_c: rosidl_typesupport_fastrtps_c;rosidl_typesupport_introspection_c
[0.491s] -- Using all available rosidl_typesupport_cpp: rosidl_typesupport_fastrtps_cpp;rosidl_typesupport_introspection_cpp
[0.514s] -- Found rclcpp: 16.0.17 (/opt/ros/humble/share/rclcpp/cmake)
[0.540s] -- Found rmw_implementation_cmake: 6.1.2 (/opt/ros/humble/share/rmw_implementation_cmake/cmake)
[0.542s] -- Found rmw_fastrtps_cpp: 6.2.9 (/opt/ros/humble/share/rmw_fastrtps_cpp/cmake)
[0.607s] -- Found OpenSSL: /usr/lib/x86_64-linux-gnu/libcrypto.so (found version "3.0.2")  
[0.628s] -- Found FastRTPS: /opt/ros/humble/include  
[0.663s] -- Using RMW implementation 'rmw_fastrtps_cpp' as default
[0.670s] -- Looking for pthread.h
[0.757s] -- Looking for pthread.h - found
[0.757s] -- Performing Test CMAKE_HAVE_LIBC_PTHREAD
[0.853s] -- Performing Test CMAKE_HAVE_LIBC_PTHREAD - Success
[0.854s] -- Found Threads: TRUE  
[0.889s] -- Found tf2_eigen: 0.25.18 (/opt/ros/humble/share/tf2_eigen/cmake)
[0.968s] -- Found visualization_msgs: 4.9.0 (/opt/ros/humble/share/visualization_msgs/cmake)
[0.996s] -- Configuring done
[1.005s] -- Generating done
[1.008s] -- Build files have been written to: /home/minis/ws_moveit2/build/rviz_marker_tools
[1.019s] Invoked command in '/home/minis/ws_moveit2/build/rviz_marker_tools' returned '0': AMENT_PREFIX_PATH=/home/minis/ws_moveit2/install/moveit_common:${AMENT_PREFIX_PATH} CMAKE_PREFIX_PATH=/home/minis/ws_moveit2/install/moveit_common:/opt/ros/humble /usr/bin/cmake /home/minis/ws_moveit2/src/moveit_task_constructor/rviz_marker_tools -DCMAKE_BUILD_TYPE=Release -DCMAKE_INSTALL_PREFIX=/home/minis/ws_moveit2/install/rviz_marker_tools
[1.021s] Invoking command in '/home/minis/ws_moveit2/build/rviz_marker_tools': AMENT_PREFIX_PATH=/home/minis/ws_moveit2/install/moveit_common:${AMENT_PREFIX_PATH} CMAKE_PREFIX_PATH=/home/minis/ws_moveit2/install/moveit_common:/opt/ros/humble /usr/bin/cmake --build /home/minis/ws_moveit2/build/rviz_marker_tools -- -j16 -l16
[1.064s] [ 50%] [32mBuilding CXX object CMakeFiles/rviz_marker_tools.dir/src/marker_creation.cpp.o[0m
[6.049s] [100%] [32m[1mLinking CXX shared library librviz_marker_tools.so[0m
[6.138s] [100%] Built target rviz_marker_tools
[6.148s] Invoked command in '/home/minis/ws_moveit2/build/rviz_marker_tools' returned '0': AMENT_PREFIX_PATH=/home/minis/ws_moveit2/install/moveit_common:${AMENT_PREFIX_PATH} CMAKE_PREFIX_PATH=/home/minis/ws_moveit2/install/moveit_common:/opt/ros/humble /usr/bin/cmake --build /home/minis/ws_moveit2/build/rviz_marker_tools -- -j16 -l16
[6.150s] Invoking command in '/home/minis/ws_moveit2/build/rviz_marker_tools': AMENT_PREFIX_PATH=/home/minis/ws_moveit2/install/moveit_common:${AMENT_PREFIX_PATH} CMAKE_PREFIX_PATH=/home/minis/ws_moveit2/install/moveit_common:/opt/ros/humble /usr/bin/cmake --install /home/minis/ws_moveit2/build/rviz_marker_tools
[6.156s] -- Install configuration: "Release"
[6.156s] -- Installing: /home/minis/ws_moveit2/install/rviz_marker_tools/include
[6.156s] -- Installing: /home/minis/ws_moveit2/install/rviz_marker_tools/include/rviz_marker_tools
[6.156s] -- Installing: /home/minis/ws_moveit2/install/rviz_marker_tools/include/rviz_marker_tools/marker_creation.h
[6.156s] -- Installing: /home/minis/ws_moveit2/install/rviz_marker_tools/lib/librviz_marker_tools.so
[6.156s] -- Set runtime path of "/home/minis/ws_moveit2/install/rviz_marker_tools/lib/librviz_marker_tools.so" to ""
[6.156s] -- Installing: /home/minis/ws_moveit2/install/rviz_marker_tools/share/rviz_marker_tools/environment/library_path.sh
[6.156s] -- Installing: /home/minis/ws_moveit2/install/rviz_marker_tools/share/rviz_marker_tools/environment/library_path.dsv
[6.156s] -- Installing: /home/minis/ws_moveit2/install/rviz_marker_tools/share/ament_index/resource_index/package_run_dependencies/rviz_marker_tools
[6.157s] -- Installing: /home/minis/ws_moveit2/install/rviz_marker_tools/share/ament_index/resource_index/parent_prefix_path/rviz_marker_tools
[6.157s] -- Installing: /home/minis/ws_moveit2/install/rviz_marker_tools/share/rviz_marker_tools/environment/ament_prefix_path.sh
[6.157s] -- Installing: /home/minis/ws_moveit2/install/rviz_marker_tools/share/rviz_marker_tools/environment/ament_prefix_path.dsv
[6.157s] -- Installing: /home/minis/ws_moveit2/install/rviz_marker_tools/share/rviz_marker_tools/environment/path.sh
[6.157s] -- Installing: /home/minis/ws_moveit2/install/rviz_marker_tools/share/rviz_marker_tools/environment/path.dsv
[6.157s] -- Installing: /home/minis/ws_moveit2/install/rviz_marker_tools/share/rviz_marker_tools/local_setup.bash
[6.157s] -- Installing: /home/minis/ws_moveit2/install/rviz_marker_tools/share/rviz_marker_tools/local_setup.sh
[6.157s] -- Installing: /home/minis/ws_moveit2/install/rviz_marker_tools/share/rviz_marker_tools/local_setup.zsh
[6.157s] -- Installing: /home/minis/ws_moveit2/install/rviz_marker_tools/share/rviz_marker_tools/local_setup.dsv
[6.157s] -- Installing: /home/minis/ws_moveit2/install/rviz_marker_tools/share/rviz_marker_tools/package.dsv
[6.157s] -- Installing: /home/minis/ws_moveit2/install/rviz_marker_tools/share/ament_index/resource_index/packages/rviz_marker_tools
[6.158s] -- Installing: /home/minis/ws_moveit2/install/rviz_marker_tools/share/rviz_marker_tools/cmake/rviz_marker_toolsTargetsExport.cmake
[6.158s] -- Installing: /home/minis/ws_moveit2/install/rviz_marker_tools/share/rviz_marker_tools/cmake/rviz_marker_toolsTargetsExport-release.cmake
[6.158s] -- Installing: /home/minis/ws_moveit2/install/rviz_marker_tools/share/rviz_marker_tools/cmake/ament_cmake_export_targets-extras.cmake
[6.158s] -- Installing: /home/minis/ws_moveit2/install/rviz_marker_tools/share/rviz_marker_tools/cmake/ament_cmake_export_dependencies-extras.cmake
[6.158s] -- Installing: /home/minis/ws_moveit2/install/rviz_marker_tools/share/rviz_marker_tools/cmake/rviz_marker_toolsConfig.cmake
[6.158s] -- Installing: /home/minis/ws_moveit2/install/rviz_marker_tools/share/rviz_marker_tools/cmake/rviz_marker_toolsConfig-version.cmake
[6.158s] -- Installing: /home/minis/ws_moveit2/install/rviz_marker_tools/share/rviz_marker_tools/package.xml
[6.160s] Invoked command in '/home/minis/ws_moveit2/build/rviz_marker_tools' returned '0': AMENT_PREFIX_PATH=/home/minis/ws_moveit2/install/moveit_common:${AMENT_PREFIX_PATH} CMAKE_PREFIX_PATH=/home/minis/ws_moveit2/install/moveit_common:/opt/ros/humble /usr/bin/cmake --install /home/minis/ws_moveit2/build/rviz_marker_tools
