[0.028s] Invoking command in '/home/minis/ws_moveit2/build/moveit_planners_chomp': AMENT_PREFIX_PATH=/home/minis/ws_moveit2/install/chomp_motion_planner:/home/minis/ws_moveit2/install/moveit_core:/home/minis/ws_moveit2/install/moveit_resources_panda_moveit_config:/home/minis/ws_moveit2/install/srdfdom:/home/minis/ws_moveit2/install/moveit_resources_pr2_description:/home/minis/ws_moveit2/install/moveit_resources_panda_description:/home/minis/ws_moveit2/install/moveit_common CMAKE_PREFIX_PATH=/home/minis/ws_moveit2/install/chomp_motion_planner:/home/minis/ws_moveit2/install/moveit_core:/home/minis/ws_moveit2/install/moveit_resources_panda_moveit_config:/home/minis/ws_moveit2/install/srdfdom:/home/minis/ws_moveit2/install/moveit_resources_pr2_description:/home/minis/ws_moveit2/install/moveit_resources_panda_description:/home/minis/ws_moveit2/install/moveit_common LD_LIBRARY_PATH=/home/minis/ws_moveit2/install/chomp_motion_planner/lib:/home/minis/ws_moveit2/install/moveit_core/lib:/home/minis/ws_moveit2/install/srdfdom/lib PATH=/home/minis/ws_moveit2/install/moveit_core/bin:${PATH} PYTHONPATH=/home/minis/ws_moveit2/install/srdfdom/local/lib/python3.10/dist-packages /usr/bin/cmake --build /home/minis/ws_moveit2/build/moveit_planners_chomp -- -j16 -l16
[0.062s] [35m[1mConsolidate compiler generated dependencies of target moveit_chomp_interface[0m
[0.079s] [ 60%] Built target moveit_chomp_interface
[0.090s] [35m[1mConsolidate compiler generated dependencies of target moveit_chomp_planner_plugin[0m
[0.108s] [100%] Built target moveit_chomp_planner_plugin
[0.117s] Invoked command in '/home/minis/ws_moveit2/build/moveit_planners_chomp' returned '0': AMENT_PREFIX_PATH=/home/minis/ws_moveit2/install/chomp_motion_planner:/home/minis/ws_moveit2/install/moveit_core:/home/minis/ws_moveit2/install/moveit_resources_panda_moveit_config:/home/minis/ws_moveit2/install/srdfdom:/home/minis/ws_moveit2/install/moveit_resources_pr2_description:/home/minis/ws_moveit2/install/moveit_resources_panda_description:/home/minis/ws_moveit2/install/moveit_common CMAKE_PREFIX_PATH=/home/minis/ws_moveit2/install/chomp_motion_planner:/home/minis/ws_moveit2/install/moveit_core:/home/minis/ws_moveit2/install/moveit_resources_panda_moveit_config:/home/minis/ws_moveit2/install/srdfdom:/home/minis/ws_moveit2/install/moveit_resources_pr2_description:/home/minis/ws_moveit2/install/moveit_resources_panda_description:/home/minis/ws_moveit2/install/moveit_common LD_LIBRARY_PATH=/home/minis/ws_moveit2/install/chomp_motion_planner/lib:/home/minis/ws_moveit2/install/moveit_core/lib:/home/minis/ws_moveit2/install/srdfdom/lib PATH=/home/minis/ws_moveit2/install/moveit_core/bin:${PATH} PYTHONPATH=/home/minis/ws_moveit2/install/srdfdom/local/lib/python3.10/dist-packages /usr/bin/cmake --build /home/minis/ws_moveit2/build/moveit_planners_chomp -- -j16 -l16
[0.119s] Invoking command in '/home/minis/ws_moveit2/build/moveit_planners_chomp': AMENT_PREFIX_PATH=/home/minis/ws_moveit2/install/chomp_motion_planner:/home/minis/ws_moveit2/install/moveit_core:/home/minis/ws_moveit2/install/moveit_resources_panda_moveit_config:/home/minis/ws_moveit2/install/srdfdom:/home/minis/ws_moveit2/install/moveit_resources_pr2_description:/home/minis/ws_moveit2/install/moveit_resources_panda_description:/home/minis/ws_moveit2/install/moveit_common CMAKE_PREFIX_PATH=/home/minis/ws_moveit2/install/chomp_motion_planner:/home/minis/ws_moveit2/install/moveit_core:/home/minis/ws_moveit2/install/moveit_resources_panda_moveit_config:/home/minis/ws_moveit2/install/srdfdom:/home/minis/ws_moveit2/install/moveit_resources_pr2_description:/home/minis/ws_moveit2/install/moveit_resources_panda_description:/home/minis/ws_moveit2/install/moveit_common LD_LIBRARY_PATH=/home/minis/ws_moveit2/install/chomp_motion_planner/lib:/home/minis/ws_moveit2/install/moveit_core/lib:/home/minis/ws_moveit2/install/srdfdom/lib PATH=/home/minis/ws_moveit2/install/moveit_core/bin:${PATH} PYTHONPATH=/home/minis/ws_moveit2/install/srdfdom/local/lib/python3.10/dist-packages /usr/bin/cmake --install /home/minis/ws_moveit2/build/moveit_planners_chomp
[0.125s] -- Install configuration: "Release"
[0.125s] -- Up-to-date: /home/minis/ws_moveit2/install/moveit_planners_chomp/lib/libmoveit_chomp_interface.so.2.5.9
[0.125s] -- Up-to-date: /home/minis/ws_moveit2/install/moveit_planners_chomp/lib/libmoveit_chomp_interface.so
[0.126s] -- Up-to-date: /home/minis/ws_moveit2/install/moveit_planners_chomp/lib/libmoveit_chomp_planner_plugin.so
[0.126s] -- Up-to-date: /home/minis/ws_moveit2/install/moveit_planners_chomp/share/moveit_planners_chomp/environment/library_path.sh
[0.126s] -- Up-to-date: /home/minis/ws_moveit2/install/moveit_planners_chomp/share/moveit_planners_chomp/environment/library_path.dsv
[0.126s] -- Up-to-date: /home/minis/ws_moveit2/install/moveit_planners_chomp/share/moveit_planners_chomp/chomp_interface_plugin_description.xml
[0.126s] -- Up-to-date: /home/minis/ws_moveit2/install/moveit_planners_chomp/share/ament_index/resource_index/package_run_dependencies/moveit_planners_chomp
[0.126s] -- Up-to-date: /home/minis/ws_moveit2/install/moveit_planners_chomp/share/ament_index/resource_index/parent_prefix_path/moveit_planners_chomp
[0.126s] -- Up-to-date: /home/minis/ws_moveit2/install/moveit_planners_chomp/share/moveit_planners_chomp/environment/ament_prefix_path.sh
[0.126s] -- Up-to-date: /home/minis/ws_moveit2/install/moveit_planners_chomp/share/moveit_planners_chomp/environment/ament_prefix_path.dsv
[0.126s] -- Up-to-date: /home/minis/ws_moveit2/install/moveit_planners_chomp/share/moveit_planners_chomp/environment/path.sh
[0.126s] -- Up-to-date: /home/minis/ws_moveit2/install/moveit_planners_chomp/share/moveit_planners_chomp/environment/path.dsv
[0.126s] -- Up-to-date: /home/minis/ws_moveit2/install/moveit_planners_chomp/share/moveit_planners_chomp/local_setup.bash
[0.126s] -- Up-to-date: /home/minis/ws_moveit2/install/moveit_planners_chomp/share/moveit_planners_chomp/local_setup.sh
[0.126s] -- Up-to-date: /home/minis/ws_moveit2/install/moveit_planners_chomp/share/moveit_planners_chomp/local_setup.zsh
[0.127s] -- Up-to-date: /home/minis/ws_moveit2/install/moveit_planners_chomp/share/moveit_planners_chomp/local_setup.dsv
[0.127s] -- Installing: /home/minis/ws_moveit2/install/moveit_planners_chomp/share/moveit_planners_chomp/package.dsv
[0.127s] -- Up-to-date: /home/minis/ws_moveit2/install/moveit_planners_chomp/share/ament_index/resource_index/packages/moveit_planners_chomp
[0.127s] -- Up-to-date: /home/minis/ws_moveit2/install/moveit_planners_chomp/share/ament_index/resource_index/moveit_core__pluginlib__plugin/moveit_planners_chomp
[0.127s] -- Up-to-date: /home/minis/ws_moveit2/install/moveit_planners_chomp/share/moveit_planners_chomp/cmake/moveit_planners_chompTargetsExport.cmake
[0.127s] -- Up-to-date: /home/minis/ws_moveit2/install/moveit_planners_chomp/share/moveit_planners_chomp/cmake/moveit_planners_chompTargetsExport-release.cmake
[0.127s] -- Up-to-date: /home/minis/ws_moveit2/install/moveit_planners_chomp/share/moveit_planners_chomp/cmake/ament_cmake_export_targets-extras.cmake
[0.127s] -- Up-to-date: /home/minis/ws_moveit2/install/moveit_planners_chomp/share/moveit_planners_chomp/cmake/ament_cmake_export_dependencies-extras.cmake
[0.127s] -- Up-to-date: /home/minis/ws_moveit2/install/moveit_planners_chomp/share/moveit_planners_chomp/cmake/moveit_planners_chompConfig.cmake
[0.127s] -- Up-to-date: /home/minis/ws_moveit2/install/moveit_planners_chomp/share/moveit_planners_chomp/cmake/moveit_planners_chompConfig-version.cmake
[0.127s] -- Up-to-date: /home/minis/ws_moveit2/install/moveit_planners_chomp/share/moveit_planners_chomp/package.xml
[0.129s] Invoked command in '/home/minis/ws_moveit2/build/moveit_planners_chomp' returned '0': AMENT_PREFIX_PATH=/home/minis/ws_moveit2/install/chomp_motion_planner:/home/minis/ws_moveit2/install/moveit_core:/home/minis/ws_moveit2/install/moveit_resources_panda_moveit_config:/home/minis/ws_moveit2/install/srdfdom:/home/minis/ws_moveit2/install/moveit_resources_pr2_description:/home/minis/ws_moveit2/install/moveit_resources_panda_description:/home/minis/ws_moveit2/install/moveit_common CMAKE_PREFIX_PATH=/home/minis/ws_moveit2/install/chomp_motion_planner:/home/minis/ws_moveit2/install/moveit_core:/home/minis/ws_moveit2/install/moveit_resources_panda_moveit_config:/home/minis/ws_moveit2/install/srdfdom:/home/minis/ws_moveit2/install/moveit_resources_pr2_description:/home/minis/ws_moveit2/install/moveit_resources_panda_description:/home/minis/ws_moveit2/install/moveit_common LD_LIBRARY_PATH=/home/minis/ws_moveit2/install/chomp_motion_planner/lib:/home/minis/ws_moveit2/install/moveit_core/lib:/home/minis/ws_moveit2/install/srdfdom/lib PATH=/home/minis/ws_moveit2/install/moveit_core/bin:${PATH} PYTHONPATH=/home/minis/ws_moveit2/install/srdfdom/local/lib/python3.10/dist-packages /usr/bin/cmake --install /home/minis/ws_moveit2/build/moveit_planners_chomp
